[ 2017-04-27T10:46:30+08:00 ] ::1 /test/Hospitalsrms/
INFO: [ app_init ] --START--
INFO: Run Behavior\BuildLiteBehavior [ RunTime:0.000029s ]
INFO: [ app_init ] --END-- [ RunTime:0.020737s ]
INFO: [ app_begin ] --START--
INFO: Run Behavior\ReadHtmlCacheBehavior [ RunTime:0.001110s ]
INFO: [ app_begin ] --END-- [ RunTime:0.001200s ]
SQL: SHOW COLUMNS FROM `srms_news` [ RunTime:0.0161s ]
SQL: SELECT `title`,`content` FROM `srms_news` ORDER BY id desc LIMIT 6   [ RunTime:0.0019s ]
INFO: [ view_parse ] --START--
INFO: [ template_filter ] --START--
INFO: Run Behavior\ContentReplaceBehavior [ RunTime:0.021656s ]
INFO: [ template_filter ] --END-- [ RunTime:0.021829s ]
NOTIC: [8] Undefined index: user_id F:\phpStudy\WWW\test\Hospitalsrms\Application\Runtime\Cache\Home\2a94b8bda04ff446dcedd42276fc99ee.php 第 40 行.
INFO: Run Behavior\ParseTemplateBehavior [ RunTime:0.184055s ]
INFO: [ view_parse ] --END-- [ RunTime:0.184229s ]
INFO: [ view_filter ] --START--
INFO: Run Behavior\WriteHtmlCacheBehavior [ RunTime:0.002030s ]
INFO: [ view_filter ] --END-- [ RunTime:0.002155s ]
INFO: [ app_end ] --START--
INFO: Run Behavior\ShowPageTraceBehavior [ RunTime:0.002905s ]
INFO: [ app_end ] --END-- [ RunTime:0.003098s ]

[ 2017-04-27T10:46:36+08:00 ] ::1 /test/Hospitalsrms/index.php
INFO: [ app_init ] --START--
INFO: Run Behavior\BuildLiteBehavior [ RunTime:0.000023s ]
INFO: [ app_init ] --END-- [ RunTime:0.000788s ]
INFO: [ app_begin ] --START--
INFO: Run Behavior\ReadHtmlCacheBehavior [ RunTime:0.001243s ]
INFO: [ app_begin ] --END-- [ RunTime:0.001343s ]
SQL: SHOW COLUMNS FROM `srms_news` [ RunTime:0.0129s ]
SQL: SELECT `title`,`content` FROM `srms_news` ORDER BY id desc LIMIT 6   [ RunTime:0.0015s ]
INFO: [ view_parse ] --START--
INFO: [ template_filter ] --START--
INFO: Run Behavior\ContentReplaceBehavior [ RunTime:0.000282s ]
INFO: [ template_filter ] --END-- [ RunTime:0.000501s ]
NOTIC: [8] Undefined index: user_id F:\phpStudy\WWW\test\Hospitalsrms\Application\Runtime\Cache\Home\2a94b8bda04ff446dcedd42276fc99ee.php 第 40 行.
INFO: Run Behavior\ParseTemplateBehavior [ RunTime:0.037278s ]
INFO: [ view_parse ] --END-- [ RunTime:0.037402s ]
INFO: [ view_filter ] --START--
INFO: Run Behavior\WriteHtmlCacheBehavior [ RunTime:0.000880s ]
INFO: [ view_filter ] --END-- [ RunTime:0.000967s ]
INFO: [ app_end ] --START--
INFO: Run Behavior\ShowPageTraceBehavior [ RunTime:0.002248s ]
INFO: [ app_end ] --END-- [ RunTime:0.002383s ]

[ 2017-04-27T11:24:07+08:00 ] ::1 /test/Hospitalsrms/
INFO: [ app_init ] --START--
INFO: Run Behavior\BuildLiteBehavior [ RunTime:0.000033s ]
INFO: [ app_init ] --END-- [ RunTime:0.000927s ]
INFO: [ app_begin ] --START--
INFO: Run Behavior\ReadHtmlCacheBehavior [ RunTime:0.000888s ]
INFO: [ app_begin ] --END-- [ RunTime:0.000944s ]
SQL: SHOW COLUMNS FROM `srms_news` [ RunTime:0.0142s ]
SQL: SELECT `title`,`content` FROM `srms_news` ORDER BY id desc LIMIT 6   [ RunTime:0.0010s ]
INFO: [ view_parse ] --START--
INFO: [ template_filter ] --START--
INFO: Run Behavior\ContentReplaceBehavior [ RunTime:0.000387s ]
INFO: [ template_filter ] --END-- [ RunTime:0.000471s ]
NOTIC: [8] Undefined index: user_id F:\phpStudy\WWW\test\Hospitalsrms\Application\Runtime\Cache\Home\2a94b8bda04ff446dcedd42276fc99ee.php 第 40 行.
INFO: Run Behavior\ParseTemplateBehavior [ RunTime:0.021074s ]
INFO: [ view_parse ] --END-- [ RunTime:0.021148s ]
INFO: [ view_filter ] --START--
INFO: Run Behavior\WriteHtmlCacheBehavior [ RunTime:0.000742s ]
INFO: [ view_filter ] --END-- [ RunTime:0.000804s ]
INFO: [ app_end ] --START--
INFO: Run Behavior\ShowPageTraceBehavior [ RunTime:0.001190s ]
INFO: [ app_end ] --END-- [ RunTime:0.001294s ]

[ 2017-04-27T13:43:44+08:00 ] ::1 /test/Hospitalsrms/index.php/Home/Kytj/index.html
INFO: [ app_init ] --START--
INFO: Run Behavior\BuildLiteBehavior [ RunTime:0.000040s ]
INFO: [ app_init ] --END-- [ RunTime:0.000904s ]
INFO: [ app_begin ] --START--
INFO: Run Behavior\ReadHtmlCacheBehavior [ RunTime:0.001892s ]
INFO: [ app_begin ] --END-- [ RunTime:0.002021s ]
INFO: [ view_parse ] --START--
INFO: [ template_filter ] --START--
INFO: Run Behavior\ContentReplaceBehavior [ RunTime:0.000170s ]
INFO: [ template_filter ] --END-- [ RunTime:0.000234s ]
INFO: Run Behavior\ParseTemplateBehavior [ RunTime:0.018709s ]
INFO: [ view_parse ] --END-- [ RunTime:0.018812s ]
INFO: [ view_filter ] --START--
INFO: Run Behavior\WriteHtmlCacheBehavior [ RunTime:0.000688s ]
INFO: [ view_filter ] --END-- [ RunTime:0.000739s ]

[ 2017-04-27T13:43:47+08:00 ] ::1 /test/Hospitalsrms/index.php/Home/Login/index.html
INFO: [ app_init ] --START--
INFO: Run Behavior\BuildLiteBehavior [ RunTime:0.000024s ]
INFO: [ app_init ] --END-- [ RunTime:0.000941s ]
INFO: [ app_begin ] --START--
INFO: Run Behavior\ReadHtmlCacheBehavior [ RunTime:0.001281s ]
INFO: [ app_begin ] --END-- [ RunTime:0.001388s ]
INFO: [ view_parse ] --START--
INFO: [ template_filter ] --START--
INFO: Run Behavior\ContentReplaceBehavior [ RunTime:0.000091s ]
INFO: [ template_filter ] --END-- [ RunTime:0.000215s ]
INFO: Run Behavior\ParseTemplateBehavior [ RunTime:0.019159s ]
INFO: [ view_parse ] --END-- [ RunTime:0.019253s ]
INFO: [ view_filter ] --START--
INFO: Run Behavior\WriteHtmlCacheBehavior [ RunTime:0.000684s ]
INFO: [ view_filter ] --END-- [ RunTime:0.000759s ]
INFO: [ app_end ] --START--
INFO: Run Behavior\ShowPageTraceBehavior [ RunTime:0.001273s ]
INFO: [ app_end ] --END-- [ RunTime:0.001341s ]

[ 2017-04-27T13:43:47+08:00 ] ::1 /test/Hospitalsrms/index.php/Home/Login/css/font-awesome.min.css
INFO: [ app_init ] --START--
INFO: Run Behavior\BuildLiteBehavior [ RunTime:0.000025s ]
INFO: [ app_init ] --END-- [ RunTime:0.000656s ]
INFO: [ app_begin ] --START--
INFO: Run Behavior\ReadHtmlCacheBehavior [ RunTime:0.001436s ]
INFO: [ app_begin ] --END-- [ RunTime:0.001529s ]
ERR: 非法操作:css

[ 2017-04-27T13:43:47+08:00 ] ::1 /test/Hospitalsrms/index.php/Home/Login/css/bootstrap-theme.min.css
INFO: [ app_init ] --START--
INFO: Run Behavior\BuildLiteBehavior [ RunTime:0.000021s ]
INFO: [ app_init ] --END-- [ RunTime:0.000888s ]
INFO: [ app_begin ] --START--
INFO: Run Behavior\ReadHtmlCacheBehavior [ RunTime:0.000842s ]
INFO: [ app_begin ] --END-- [ RunTime:0.000904s ]
ERR: 非法操作:css

[ 2017-04-27T13:43:47+08:00 ] ::1 /test/Hospitalsrms/index.php/Home/Login/css/templatemo_style.css
INFO: [ app_init ] --START--
INFO: Run Behavior\BuildLiteBehavior [ RunTime:0.000015s ]
INFO: [ app_init ] --END-- [ RunTime:0.000710s ]
INFO: [ app_begin ] --START--
INFO: Run Behavior\ReadHtmlCacheBehavior [ RunTime:0.000886s ]
INFO: [ app_begin ] --END-- [ RunTime:0.000945s ]
ERR: 非法操作:css

[ 2017-04-27T13:43:51+08:00 ] ::1 /test/Hospitalsrms/index.php/Home/Login/login
INFO: [ app_init ] --START--
INFO: Run Behavior\BuildLiteBehavior [ RunTime:0.000026s ]
INFO: [ app_init ] --END-- [ RunTime:0.001779s ]
INFO: [ app_begin ] --START--
INFO: Run Behavior\ReadHtmlCacheBehavior [ RunTime:0.000839s ]
INFO: [ app_begin ] --END-- [ RunTime:0.000916s ]
SQL: SHOW COLUMNS FROM `srms_user` [ RunTime:0.0164s ]
SQL: SELECT * FROM `srms_user` WHERE `user_name` = 'admin'  [ RunTime:0.0022s ]
SQL: UPDATE `srms_user` SET `last_time`='1493271831' WHERE `user_name` = 'admin' AND `id` = 1 [ RunTime:0.0859s ]
INFO: [ app_end ] --START--
INFO: Run Behavior\ShowPageTraceBehavior [ RunTime:0.002286s ]
INFO: [ app_end ] --END-- [ RunTime:0.002430s ]

[ 2017-04-27T13:43:52+08:00 ] ::1 /test/Hospitalsrms/index.php/Home/Index/index
INFO: [ app_init ] --START--
INFO: Run Behavior\BuildLiteBehavior [ RunTime:0.000026s ]
INFO: [ app_init ] --END-- [ RunTime:0.000659s ]
INFO: [ app_begin ] --START--
INFO: Run Behavior\ReadHtmlCacheBehavior [ RunTime:0.000767s ]
INFO: [ app_begin ] --END-- [ RunTime:0.000832s ]
SQL: SHOW COLUMNS FROM `srms_news` [ RunTime:0.0110s ]
SQL: SELECT `title`,`content` FROM `srms_news` ORDER BY id desc LIMIT 6   [ RunTime:0.0016s ]
INFO: [ view_parse ] --START--
INFO: [ template_filter ] --START--
INFO: Run Behavior\ContentReplaceBehavior [ RunTime:0.000185s ]
INFO: [ template_filter ] --END-- [ RunTime:0.000250s ]
INFO: Run Behavior\ParseTemplateBehavior [ RunTime:0.020678s ]
INFO: [ view_parse ] --END-- [ RunTime:0.020788s ]
INFO: [ view_filter ] --START--
INFO: Run Behavior\WriteHtmlCacheBehavior [ RunTime:0.000772s ]
INFO: [ view_filter ] --END-- [ RunTime:0.000906s ]
INFO: [ app_end ] --START--
INFO: Run Behavior\ShowPageTraceBehavior [ RunTime:0.000925s ]
INFO: [ app_end ] --END-- [ RunTime:0.000996s ]

[ 2017-04-27T13:43:52+08:00 ] ::1 /test/Hospitalsrms/index.php/Home/Index/css/swipebox.css
INFO: [ app_init ] --START--
INFO: Run Behavior\BuildLiteBehavior [ RunTime:0.000060s ]
INFO: [ app_init ] --END-- [ RunTime:0.000547s ]
INFO: [ app_begin ] --START--
INFO: Run Behavior\ReadHtmlCacheBehavior [ RunTime:0.001067s ]
INFO: [ app_begin ] --END-- [ RunTime:0.001163s ]
ERR: 非法操作:css

[ 2017-04-27T13:43:52+08:00 ] ::1 /test/Hospitalsrms/index.php/Home/Index/css/swipebox.css
INFO: [ app_init ] --START--
INFO: Run Behavior\BuildLiteBehavior [ RunTime:0.000116s ]
INFO: [ app_init ] --END-- [ RunTime:0.001302s ]
INFO: [ app_begin ] --START--
INFO: Run Behavior\ReadHtmlCacheBehavior [ RunTime:0.000766s ]
INFO: [ app_begin ] --END-- [ RunTime:0.000843s ]
ERR: 非法操作:css

[ 2017-04-27T13:43:55+08:00 ] ::1 /test/Hospitalsrms/index.php/Home/Kytj/index.html
INFO: [ app_init ] --START--
INFO: Run Behavior\BuildLiteBehavior [ RunTime:0.000034s ]
INFO: [ app_init ] --END-- [ RunTime:0.000844s ]
INFO: [ app_begin ] --START--
INFO: Run Behavior\ReadHtmlCacheBehavior [ RunTime:0.000743s ]
INFO: [ app_begin ] --END-- [ RunTime:0.000815s ]
SQL: SHOW COLUMNS FROM `srms_year` [ RunTime:0.0153s ]
SQL: SELECT * FROM `srms_year`  [ RunTime:0.0011s ]
INFO: [ view_parse ] --START--
INFO: [ template_filter ] --START--
INFO: Run Behavior\ContentReplaceBehavior [ RunTime:0.000219s ]
INFO: [ template_filter ] --END-- [ RunTime:0.000306s ]
INFO: Run Behavior\ParseTemplateBehavior [ RunTime:0.078049s ]
INFO: [ view_parse ] --END-- [ RunTime:0.078201s ]
INFO: [ view_filter ] --START--
INFO: Run Behavior\WriteHtmlCacheBehavior [ RunTime:0.000778s ]
INFO: [ view_filter ] --END-- [ RunTime:0.000851s ]
INFO: [ app_end ] --START--
INFO: Run Behavior\ShowPageTraceBehavior [ RunTime:0.001586s ]
INFO: [ app_end ] --END-- [ RunTime:0.001698s ]

[ 2017-04-27T13:44:42+08:00 ] ::1 /test/Hospitalsrms/index.php/Home/Xmsb/index.html
INFO: [ app_init ] --START--
INFO: Run Behavior\BuildLiteBehavior [ RunTime:0.000014s ]
INFO: [ app_init ] --END-- [ RunTime:0.000542s ]
INFO: [ app_begin ] --START--
INFO: Run Behavior\ReadHtmlCacheBehavior [ RunTime:0.000660s ]
INFO: [ app_begin ] --END-- [ RunTime:0.000710s ]
SQL: SHOW COLUMNS FROM `srms_xm_subject` [ RunTime:0.0136s ]
SQL: SHOW COLUMNS FROM `srms_year` [ RunTime:0.0123s ]
SQL: SELECT * FROM `srms_year`  [ RunTime:0.0009s ]
INFO: [ view_parse ] --START--
INFO: [ template_filter ] --START--
INFO: Run Behavior\ContentReplaceBehavior [ RunTime:0.000346s ]
INFO: [ template_filter ] --END-- [ RunTime:0.000494s ]
INFO: Run Behavior\ParseTemplateBehavior [ RunTime:0.106185s ]
INFO: [ view_parse ] --END-- [ RunTime:0.106400s ]
INFO: [ view_filter ] --START--
INFO: Run Behavior\WriteHtmlCacheBehavior [ RunTime:0.001512s ]
INFO: [ view_filter ] --END-- [ RunTime:0.001704s ]
INFO: [ app_end ] --START--
INFO: Run Behavior\ShowPageTraceBehavior [ RunTime:0.002477s ]
INFO: [ app_end ] --END-- [ RunTime:0.002662s ]

[ 2017-04-27T14:05:00+08:00 ] ::1 /test/Hospitalsrms/index.php/Home/Xmsb/scanPurchase.html
INFO: [ app_init ] --START--
INFO: Run Behavior\BuildLiteBehavior [ RunTime:0.000017s ]
INFO: [ app_init ] --END-- [ RunTime:0.000644s ]
INFO: [ app_begin ] --START--
INFO: Run Behavior\ReadHtmlCacheBehavior [ RunTime:0.001408s ]
INFO: [ app_begin ] --END-- [ RunTime:0.001530s ]
SQL: SHOW COLUMNS FROM `srms_xm_purchase` [ RunTime:0.0126s ]
SQL: SELECT COUNT(*) AS tp_count FROM `srms_xm_purchase` WHERE `uid` = 1 LIMIT 1   [ RunTime:0.0451s ]
SQL: SELECT * FROM `srms_xm_purchase` WHERE `uid` = 1 ORDER BY id LIMIT 0,10   [ RunTime:0.0008s ]
SQL: SHOW COLUMNS FROM `srms_year` [ RunTime:0.0106s ]
SQL: SELECT * FROM `srms_year`  [ RunTime:0.0009s ]
INFO: [ view_parse ] --START--
INFO: [ template_filter ] --START--
INFO: Run Behavior\ContentReplaceBehavior [ RunTime:0.000485s ]
INFO: [ template_filter ] --END-- [ RunTime:0.000631s ]
NOTIC: [8] Undefined variable: col F:\phpStudy\WWW\test\Hospitalsrms\Application\Runtime\Cache\Home\10238801093a56ed15cd9c21019f5521.php 第 287 行.
INFO: Run Behavior\ParseTemplateBehavior [ RunTime:0.082392s ]
INFO: [ view_parse ] --END-- [ RunTime:0.082498s ]
INFO: [ view_filter ] --START--
INFO: Run Behavior\WriteHtmlCacheBehavior [ RunTime:0.000752s ]
INFO: [ view_filter ] --END-- [ RunTime:0.000813s ]
INFO: [ app_end ] --START--
INFO: Run Behavior\ShowPageTraceBehavior [ RunTime:0.001424s ]
INFO: [ app_end ] --END-- [ RunTime:0.001517s ]

[ 2017-04-27T14:05:06+08:00 ] ::1 /test/Hospitalsrms/index.php/Home/Kyjf/index.html
INFO: [ app_init ] --START--
INFO: Run Behavior\BuildLiteBehavior [ RunTime:0.000014s ]
INFO: [ app_init ] --END-- [ RunTime:0.000463s ]
INFO: [ app_begin ] --START--
INFO: Run Behavior\ReadHtmlCacheBehavior [ RunTime:0.000639s ]
INFO: [ app_begin ] --END-- [ RunTime:0.000688s ]
SQL: SHOW COLUMNS FROM `srms_jf_expense` [ RunTime:0.0307s ]
INFO: [ view_parse ] --START--
INFO: [ template_filter ] --START--
INFO: Run Behavior\ContentReplaceBehavior [ RunTime:0.000323s ]
INFO: [ template_filter ] --END-- [ RunTime:0.000484s ]
INFO: Run Behavior\ParseTemplateBehavior [ RunTime:0.068665s ]
INFO: [ view_parse ] --END-- [ RunTime:0.068816s ]
INFO: [ view_filter ] --START--
INFO: Run Behavior\WriteHtmlCacheBehavior [ RunTime:0.001188s ]
INFO: [ view_filter ] --END-- [ RunTime:0.001309s ]
INFO: [ app_end ] --START--
INFO: Run Behavior\ShowPageTraceBehavior [ RunTime:0.003087s ]
INFO: [ app_end ] --END-- [ RunTime:0.003277s ]

[ 2017-04-27T14:05:08+08:00 ] ::1 /test/Hospitalsrms/index.php/Home/Kyjf/scanIndex.html
INFO: [ app_init ] --START--
INFO: Run Behavior\BuildLiteBehavior [ RunTime:0.000016s ]
INFO: [ app_init ] --END-- [ RunTime:0.000605s ]
INFO: [ app_begin ] --START--
INFO: Run Behavior\ReadHtmlCacheBehavior [ RunTime:0.000778s ]
INFO: [ app_begin ] --END-- [ RunTime:0.000836s ]
SQL: SHOW COLUMNS FROM `srms_jf_expense` [ RunTime:0.0692s ]
SQL: SELECT COUNT(*) AS tp_count FROM `srms_jf_expense` WHERE `uid` = 1 LIMIT 1   [ RunTime:0.0010s ]
SQL: SELECT * FROM `srms_jf_expense` WHERE `uid` = 1 ORDER BY id LIMIT 0,10   [ RunTime:0.0017s ]
SQL: SHOW COLUMNS FROM `srms_year` [ RunTime:0.0144s ]
SQL: SELECT * FROM `srms_year`  [ RunTime:0.0011s ]
INFO: [ view_parse ] --START--
INFO: [ template_filter ] --START--
INFO: Run Behavior\ContentReplaceBehavior [ RunTime:0.000214s ]
INFO: [ template_filter ] --END-- [ RunTime:0.000281s ]
INFO: Run Behavior\ParseTemplateBehavior [ RunTime:0.045733s ]
INFO: [ view_parse ] --END-- [ RunTime:0.045842s ]
INFO: [ view_filter ] --START--
INFO: Run Behavior\WriteHtmlCacheBehavior [ RunTime:0.000586s ]
INFO: [ view_filter ] --END-- [ RunTime:0.000648s ]
INFO: [ app_end ] --START--
INFO: Run Behavior\ShowPageTraceBehavior [ RunTime:0.001079s ]
INFO: [ app_end ] --END-- [ RunTime:0.001167s ]

[ 2017-04-27T14:06:23+08:00 ] ::1 /test/Hospitalsrms/index.php/Home/Kytj/index.html
INFO: [ app_init ] --START--
INFO: Run Behavior\BuildLiteBehavior [ RunTime:0.000036s ]
INFO: [ app_init ] --END-- [ RunTime:0.000735s ]
INFO: [ app_begin ] --START--
INFO: Run Behavior\ReadHtmlCacheBehavior [ RunTime:0.001203s ]
INFO: [ app_begin ] --END-- [ RunTime:0.001576s ]
SQL: SHOW COLUMNS FROM `srms_year` [ RunTime:0.0122s ]
SQL: SELECT * FROM `srms_year`  [ RunTime:0.0012s ]
INFO: [ view_parse ] --START--
INFO: [ template_filter ] --START--
INFO: Run Behavior\ContentReplaceBehavior [ RunTime:0.000370s ]
INFO: [ template_filter ] --END-- [ RunTime:0.000520s ]
INFO: Run Behavior\ParseTemplateBehavior [ RunTime:0.037988s ]
INFO: [ view_parse ] --END-- [ RunTime:0.038178s ]
INFO: [ view_filter ] --START--
INFO: Run Behavior\WriteHtmlCacheBehavior [ RunTime:0.001303s ]
INFO: [ view_filter ] --END-- [ RunTime:0.001451s ]
INFO: [ app_end ] --START--
INFO: Run Behavior\ShowPageTraceBehavior [ RunTime:0.002527s ]
INFO: [ app_end ] --END-- [ RunTime:0.002701s ]

[ 2017-04-27T14:06:27+08:00 ] ::1 /test/Hospitalsrms/index.php/Home/Kytj/logList.html
INFO: [ app_init ] --START--
INFO: Run Behavior\BuildLiteBehavior [ RunTime:0.000016s ]
INFO: [ app_init ] --END-- [ RunTime:0.000599s ]
INFO: [ app_begin ] --START--
INFO: Run Behavior\ReadHtmlCacheBehavior [ RunTime:0.000712s ]
INFO: [ app_begin ] --END-- [ RunTime:0.000764s ]
SQL: SHOW COLUMNS FROM `srms_log` [ RunTime:0.0120s ]
SQL: SELECT * FROM `srms_log`  [ RunTime:0.0009s ]
NOTIC: [2] Missing argument 1 for Think\Controller::assign(), called in F:\phpStudy\WWW\test\Hospitalsrms\Application\Home\Controller\KytjController.class.php on line 410 and defined F:\phpStudy\WWW\test\Hospitalsrms\ThinkPHP\Library\Think\Controller.class.php 第 121 行.
NOTIC: [8] Undefined variable: name F:\phpStudy\WWW\test\Hospitalsrms\ThinkPHP\Library\Think\Controller.class.php 第 122 行.
INFO: [ view_parse ] --START--
INFO: [ template_filter ] --START--
INFO: Run Behavior\ContentReplaceBehavior [ RunTime:0.000483s ]
INFO: [ template_filter ] --END-- [ RunTime:0.000737s ]
NOTIC: [8] Undefined index: ctime F:\phpStudy\WWW\test\Hospitalsrms\Application\Runtime\Cache\Home\ba6258d6b551f0075a2ddd8e17fb5368.php 第 167 行.
NOTIC: [8] Undefined index: ctime F:\phpStudy\WWW\test\Hospitalsrms\Application\Runtime\Cache\Home\ba6258d6b551f0075a2ddd8e17fb5368.php 第 167 行.
NOTIC: [8] Undefined variable: year F:\phpStudy\WWW\test\Hospitalsrms\Application\Runtime\Cache\Home\ba6258d6b551f0075a2ddd8e17fb5368.php 第 168 行.
NOTIC: [2] Invalid argument supplied for foreach() F:\phpStudy\WWW\test\Hospitalsrms\Application\Runtime\Cache\Home\ba6258d6b551f0075a2ddd8e17fb5368.php 第 168 行.
NOTIC: [8] Undefined variable: thesesList F:\phpStudy\WWW\test\Hospitalsrms\Application\Runtime\Cache\Home\ba6258d6b551f0075a2ddd8e17fb5368.php 第 205 行.
NOTIC: [8] Undefined variable: page F:\phpStudy\WWW\test\Hospitalsrms\Application\Runtime\Cache\Home\ba6258d6b551f0075a2ddd8e17fb5368.php 第 225 行.
INFO: Run Behavior\ParseTemplateBehavior [ RunTime:0.064707s ]
INFO: [ view_parse ] --END-- [ RunTime:0.064869s ]
INFO: [ view_filter ] --START--
INFO: Run Behavior\WriteHtmlCacheBehavior [ RunTime:0.001220s ]
INFO: [ view_filter ] --END-- [ RunTime:0.001351s ]
INFO: [ app_end ] --START--
INFO: Run Behavior\ShowPageTraceBehavior [ RunTime:0.003069s ]
INFO: [ app_end ] --END-- [ RunTime:0.003219s ]

[ 2017-04-27T14:21:16+08:00 ] ::1 /test/Hospitalsrms/index.php/Home/Kytj/logList.html
INFO: [ app_init ] --START--
INFO: Run Behavior\BuildLiteBehavior [ RunTime:0.000016s ]
INFO: [ app_init ] --END-- [ RunTime:0.000639s ]
INFO: [ app_begin ] --START--
INFO: Run Behavior\ReadHtmlCacheBehavior [ RunTime:0.000866s ]
INFO: [ app_begin ] --END-- [ RunTime:0.000920s ]
SQL: SHOW COLUMNS FROM `srms_log` [ RunTime:0.0157s ]
SQL: SELECT * FROM `srms_log`  [ RunTime:0.0005s ]
NOTIC: [2] Missing argument 1 for Think\Controller::assign(), called in F:\phpStudy\WWW\test\Hospitalsrms\Application\Home\Controller\KytjController.class.php on line 410 and defined F:\phpStudy\WWW\test\Hospitalsrms\ThinkPHP\Library\Think\Controller.class.php 第 121 行.
NOTIC: [8] Undefined variable: name F:\phpStudy\WWW\test\Hospitalsrms\ThinkPHP\Library\Think\Controller.class.php 第 122 行.
INFO: [ view_parse ] --START--
INFO: [ template_filter ] --START--
INFO: Run Behavior\ContentReplaceBehavior [ RunTime:0.000113s ]
INFO: [ template_filter ] --END-- [ RunTime:0.000165s ]
NOTIC: [8] Undefined index: ctime F:\phpStudy\WWW\test\Hospitalsrms\Application\Runtime\Cache\Home\ba6258d6b551f0075a2ddd8e17fb5368.php 第 167 行.
NOTIC: [8] Undefined index: ctime F:\phpStudy\WWW\test\Hospitalsrms\Application\Runtime\Cache\Home\ba6258d6b551f0075a2ddd8e17fb5368.php 第 167 行.
NOTIC: [8] Undefined variable: year F:\phpStudy\WWW\test\Hospitalsrms\Application\Runtime\Cache\Home\ba6258d6b551f0075a2ddd8e17fb5368.php 第 168 行.
NOTIC: [2] Invalid argument supplied for foreach() F:\phpStudy\WWW\test\Hospitalsrms\Application\Runtime\Cache\Home\ba6258d6b551f0075a2ddd8e17fb5368.php 第 168 行.
NOTIC: [8] Undefined variable: thesesList F:\phpStudy\WWW\test\Hospitalsrms\Application\Runtime\Cache\Home\ba6258d6b551f0075a2ddd8e17fb5368.php 第 205 行.
NOTIC: [8] Undefined variable: page F:\phpStudy\WWW\test\Hospitalsrms\Application\Runtime\Cache\Home\ba6258d6b551f0075a2ddd8e17fb5368.php 第 225 行.
INFO: Run Behavior\ParseTemplateBehavior [ RunTime:0.016877s ]
INFO: [ view_parse ] --END-- [ RunTime:0.016954s ]
INFO: [ view_filter ] --START--
INFO: Run Behavior\WriteHtmlCacheBehavior [ RunTime:0.000544s ]
INFO: [ view_filter ] --END-- [ RunTime:0.000582s ]
INFO: [ app_end ] --START--
INFO: Run Behavior\ShowPageTraceBehavior [ RunTime:0.000940s ]
INFO: [ app_end ] --END-- [ RunTime:0.000992s ]

[ 2017-04-27T14:21:23+08:00 ] ::1 /test/Hospitalsrms/index.php/Home/Kytj/index.html
INFO: [ app_init ] --START--
INFO: Run Behavior\BuildLiteBehavior [ RunTime:0.000018s ]
INFO: [ app_init ] --END-- [ RunTime:0.000478s ]
INFO: [ app_begin ] --START--
INFO: Run Behavior\ReadHtmlCacheBehavior [ RunTime:0.000771s ]
INFO: [ app_begin ] --END-- [ RunTime:0.000824s ]
SQL: SHOW COLUMNS FROM `srms_year` [ RunTime:0.0120s ]
SQL: SELECT * FROM `srms_year`  [ RunTime:0.0009s ]
INFO: [ view_parse ] --START--
INFO: [ template_filter ] --START--
INFO: Run Behavior\ContentReplaceBehavior [ RunTime:0.000366s ]
INFO: [ template_filter ] --END-- [ RunTime:0.000533s ]
INFO: Run Behavior\ParseTemplateBehavior [ RunTime:0.036645s ]
INFO: [ view_parse ] --END-- [ RunTime:0.036801s ]
INFO: [ view_filter ] --START--
INFO: Run Behavior\WriteHtmlCacheBehavior [ RunTime:0.001274s ]
INFO: [ view_filter ] --END-- [ RunTime:0.001400s ]
INFO: [ app_end ] --START--
INFO: Run Behavior\ShowPageTraceBehavior [ RunTime:0.007974s ]
INFO: [ app_end ] --END-- [ RunTime:0.008241s ]

[ 2017-04-27T14:21:30+08:00 ] ::1 /test/Hospitalsrms/index.php/Home/Kytj/scanAchievement.html
INFO: [ app_init ] --START--
INFO: Run Behavior\BuildLiteBehavior [ RunTime:0.000015s ]
INFO: [ app_init ] --END-- [ RunTime:0.000569s ]
INFO: [ app_begin ] --START--
INFO: Run Behavior\ReadHtmlCacheBehavior [ RunTime:0.000693s ]
INFO: [ app_begin ] --END-- [ RunTime:0.000741s ]
SQL: SHOW COLUMNS FROM `srms_tj_achievement` [ RunTime:0.0119s ]
SQL: SELECT COUNT(*) AS tp_count FROM `srms_tj_achievement` WHERE `uid` = 1 LIMIT 1   [ RunTime:0.0011s ]
SQL: SELECT * FROM `srms_tj_achievement` WHERE `uid` = 1 ORDER BY id LIMIT 0,8   [ RunTime:0.0012s ]
SQL: SHOW COLUMNS FROM `srms_year` [ RunTime:0.0117s ]
SQL: SELECT * FROM `srms_year`  [ RunTime:0.0012s ]
INFO: [ view_parse ] --START--
INFO: [ template_filter ] --START--
INFO: Run Behavior\ContentReplaceBehavior [ RunTime:0.000218s ]
INFO: [ template_filter ] --END-- [ RunTime:0.000308s ]
NOTIC: [8] Undefined variable: col F:\phpStudy\WWW\test\Hospitalsrms\Application\Runtime\Cache\Home\be13df572f53662b9dcbca7cd522b0c8.php 第 191 行.
INFO: Run Behavior\ParseTemplateBehavior [ RunTime:0.025785s ]
INFO: [ view_parse ] --END-- [ RunTime:0.025912s ]
INFO: [ view_filter ] --START--
INFO: Run Behavior\WriteHtmlCacheBehavior [ RunTime:0.000760s ]
INFO: [ view_filter ] --END-- [ RunTime:0.000831s ]
INFO: [ app_end ] --START--
INFO: Run Behavior\ShowPageTraceBehavior [ RunTime:0.001466s ]
INFO: [ app_end ] --END-- [ RunTime:0.001568s ]

[ 2017-04-27T15:05:02+08:00 ] ::1 /test/Hospitalsrms/index.php/Home/Kytj/addEquipment.html
INFO: [ app_init ] --START--
INFO: Run Behavior\BuildLiteBehavior [ RunTime:0.000015s ]
INFO: [ app_init ] --END-- [ RunTime:0.000595s ]
INFO: [ app_begin ] --START--
INFO: Run Behavior\ReadHtmlCacheBehavior [ RunTime:0.000835s ]
INFO: [ app_begin ] --END-- [ RunTime:0.000901s ]
SQL: SHOW COLUMNS FROM `srms_tj_equipment` [ RunTime:0.0135s ]
NOTIC: [8] Undefined variable: data F:\phpStudy\WWW\test\Hospitalsrms\Application\Home\Controller\KytjController.class.php 第 258 行.
SQL: SHOW COLUMNS FROM `srms_year` [ RunTime:0.0123s ]
SQL: SELECT * FROM `srms_year`  [ RunTime:0.0015s ]
INFO: [ view_parse ] --START--
INFO: [ template_filter ] --START--
INFO: Run Behavior\ContentReplaceBehavior [ RunTime:0.000224s ]
INFO: [ template_filter ] --END-- [ RunTime:0.000341s ]
INFO: Run Behavior\ParseTemplateBehavior [ RunTime:0.023091s ]
INFO: [ view_parse ] --END-- [ RunTime:0.023238s ]
INFO: [ view_filter ] --START--
INFO: Run Behavior\WriteHtmlCacheBehavior [ RunTime:0.000988s ]
INFO: [ view_filter ] --END-- [ RunTime:0.001164s ]
INFO: [ app_end ] --START--
INFO: Run Behavior\ShowPageTraceBehavior [ RunTime:0.001922s ]
INFO: [ app_end ] --END-- [ RunTime:0.002051s ]

[ 2017-04-27T15:05:07+08:00 ] ::1 /test/Hospitalsrms/index.php/Home/Kytj/scanEquipment.html
INFO: [ app_init ] --START--
INFO: Run Behavior\BuildLiteBehavior [ RunTime:0.000023s ]
INFO: [ app_init ] --END-- [ RunTime:0.000743s ]
INFO: [ app_begin ] --START--
INFO: Run Behavior\ReadHtmlCacheBehavior [ RunTime:0.001018s ]
INFO: [ app_begin ] --END-- [ RunTime:0.001104s ]
SQL: SHOW COLUMNS FROM `srms_tj_equipment` [ RunTime:0.0125s ]
SQL: SELECT COUNT(*) AS tp_count FROM `srms_tj_equipment` WHERE `uid` = '1' LIMIT 1   [ RunTime:0.0013s ]
SQL: SELECT * FROM `srms_tj_equipment` WHERE `uid` = '1' ORDER BY id LIMIT 0,8   [ RunTime:0.0012s ]
SQL: SHOW COLUMNS FROM `srms_year` [ RunTime:0.0116s ]
SQL: SELECT * FROM `srms_year`  [ RunTime:0.0011s ]
INFO: [ view_parse ] --START--
INFO: [ template_filter ] --START--
INFO: Run Behavior\ContentReplaceBehavior [ RunTime:0.000531s ]
INFO: [ template_filter ] --END-- [ RunTime:0.000745s ]
NOTIC: [8] Undefined variable: col F:\phpStudy\WWW\test\Hospitalsrms\Application\Runtime\Cache\Home\cf4b94563ecf256ca32189b2797c5ed6.php 第 195 行.
INFO: Run Behavior\ParseTemplateBehavior [ RunTime:0.036938s ]
INFO: [ view_parse ] --END-- [ RunTime:0.037099s ]
INFO: [ view_filter ] --START--
INFO: Run Behavior\WriteHtmlCacheBehavior [ RunTime:0.001218s ]
INFO: [ view_filter ] --END-- [ RunTime:0.001342s ]
INFO: [ app_end ] --START--
INFO: Run Behavior\ShowPageTraceBehavior [ RunTime:0.003403s ]
INFO: [ app_end ] --END-- [ RunTime:0.003561s ]

[ 2017-04-27T15:22:33+08:00 ] ::1 /test/Hospitalsrms/index.php/Home/Xmsb/index.html
INFO: [ app_init ] --START--
INFO: Run Behavior\BuildLiteBehavior [ RunTime:0.000027s ]
INFO: [ app_init ] --END-- [ RunTime:0.000810s ]
INFO: [ app_begin ] --START--
INFO: Run Behavior\ReadHtmlCacheBehavior [ RunTime:0.001013s ]
INFO: [ app_begin ] --END-- [ RunTime:0.001102s ]
SQL: SHOW COLUMNS FROM `srms_xm_subject` [ RunTime:0.0149s ]
SQL: SHOW COLUMNS FROM `srms_year` [ RunTime:0.0073s ]
SQL: SELECT * FROM `srms_year`  [ RunTime:0.0008s ]
INFO: [ view_parse ] --START--
INFO: [ template_filter ] --START--
INFO: Run Behavior\ContentReplaceBehavior [ RunTime:0.000219s ]
INFO: [ template_filter ] --END-- [ RunTime:0.000313s ]
INFO: Run Behavior\ParseTemplateBehavior [ RunTime:0.023301s ]
INFO: [ view_parse ] --END-- [ RunTime:0.023392s ]
INFO: [ view_filter ] --START--
INFO: Run Behavior\WriteHtmlCacheBehavior [ RunTime:0.000596s ]
INFO: [ view_filter ] --END-- [ RunTime:0.000647s ]
INFO: [ app_end ] --START--
INFO: Run Behavior\ShowPageTraceBehavior [ RunTime:0.000994s ]
INFO: [ app_end ] --END-- [ RunTime:0.001059s ]

[ 2017-04-27T15:56:09+08:00 ] ::1 /test/Hospitalsrms/index.php/Home/Kytj/index.html
INFO: [ app_init ] --START--
INFO: Run Behavior\BuildLiteBehavior [ RunTime:0.000015s ]
INFO: [ app_init ] --END-- [ RunTime:0.000639s ]
INFO: [ app_begin ] --START--
INFO: Run Behavior\ReadHtmlCacheBehavior [ RunTime:0.000945s ]
INFO: [ app_begin ] --END-- [ RunTime:0.000996s ]
SQL: SHOW COLUMNS FROM `srms_year` [ RunTime:0.0090s ]
SQL: SELECT * FROM `srms_year`  [ RunTime:0.0009s ]
INFO: [ view_parse ] --START--
INFO: [ template_filter ] --START--
INFO: Run Behavior\ContentReplaceBehavior [ RunTime:0.000232s ]
INFO: [ template_filter ] --END-- [ RunTime:0.000327s ]
INFO: Run Behavior\ParseTemplateBehavior [ RunTime:0.026681s ]
INFO: [ view_parse ] --END-- [ RunTime:0.026761s ]
INFO: [ view_filter ] --START--
INFO: Run Behavior\WriteHtmlCacheBehavior [ RunTime:0.000767s ]
INFO: [ view_filter ] --END-- [ RunTime:0.000809s ]
INFO: [ app_end ] --START--
INFO: Run Behavior\ShowPageTraceBehavior [ RunTime:0.001586s ]
INFO: [ app_end ] --END-- [ RunTime:0.001658s ]

[ 2017-04-27T15:59:20+08:00 ] ::1 /test/Hospitalsrms/index.php/Home/Index/index.html
INFO: [ app_init ] --START--
INFO: Run Behavior\BuildLiteBehavior [ RunTime:0.000042s ]
INFO: [ app_init ] --END-- [ RunTime:0.001086s ]
INFO: [ app_begin ] --START--
INFO: Run Behavior\ReadHtmlCacheBehavior [ RunTime:0.000954s ]
INFO: [ app_begin ] --END-- [ RunTime:0.001035s ]
SQL: SHOW COLUMNS FROM `srms_news` [ RunTime:0.0160s ]
SQL: SELECT `title`,`content` FROM `srms_news` ORDER BY id desc LIMIT 6   [ RunTime:0.0429s ]
INFO: [ view_parse ] --START--
INFO: [ template_filter ] --START--
INFO: Run Behavior\ContentReplaceBehavior [ RunTime:0.000702s ]
INFO: [ template_filter ] --END-- [ RunTime:0.000913s ]
INFO: Run Behavior\ParseTemplateBehavior [ RunTime:0.053355s ]
INFO: [ view_parse ] --END-- [ RunTime:0.053547s ]
INFO: [ view_filter ] --START--
INFO: Run Behavior\WriteHtmlCacheBehavior [ RunTime:0.001870s ]
INFO: [ view_filter ] --END-- [ RunTime:0.002026s ]
INFO: [ app_end ] --START--
INFO: Run Behavior\ShowPageTraceBehavior [ RunTime:0.014327s ]
INFO: [ app_end ] --END-- [ RunTime:0.014618s ]

[ 2017-04-27T15:59:20+08:00 ] ::1 /test/Hospitalsrms/index.php/Home/Index/css/swipebox.css
INFO: [ app_init ] --START--
INFO: Run Behavior\BuildLiteBehavior [ RunTime:0.000025s ]
INFO: [ app_init ] --END-- [ RunTime:0.001376s ]
INFO: [ app_begin ] --START--
INFO: Run Behavior\ReadHtmlCacheBehavior [ RunTime:0.001197s ]
INFO: [ app_begin ] --END-- [ RunTime:0.001289s ]
ERR: 非法操作:css

[ 2017-04-27T15:59:20+08:00 ] ::1 /test/Hospitalsrms/index.php/Home/Index/css/swipebox.css
INFO: [ app_init ] --START--
INFO: Run Behavior\BuildLiteBehavior [ RunTime:0.000089s ]
INFO: [ app_init ] --END-- [ RunTime:0.001428s ]
INFO: [ app_begin ] --START--
INFO: Run Behavior\ReadHtmlCacheBehavior [ RunTime:0.001241s ]
INFO: [ app_begin ] --END-- [ RunTime:0.001369s ]
ERR: 非法操作:css

[ 2017-04-27T16:02:31+08:00 ] ::1 /test/Hospitalsrms/index.php/Home/Kytj/index.html
INFO: [ app_init ] --START--
INFO: Run Behavior\BuildLiteBehavior [ RunTime:0.000017s ]
INFO: [ app_init ] --END-- [ RunTime:0.000595s ]
INFO: [ app_begin ] --START--
INFO: Run Behavior\ReadHtmlCacheBehavior [ RunTime:0.000828s ]
INFO: [ app_begin ] --END-- [ RunTime:0.000890s ]
SQL: SHOW COLUMNS FROM `srms_year` [ RunTime:0.0049s ]
SQL: SELECT * FROM `srms_year`  [ RunTime:0.0007s ]
INFO: [ view_parse ] --START--
INFO: [ template_filter ] --START--
INFO: Run Behavior\ContentReplaceBehavior [ RunTime:0.000155s ]
INFO: [ template_filter ] --END-- [ RunTime:0.000224s ]
INFO: Run Behavior\ParseTemplateBehavior [ RunTime:0.015541s ]
INFO: [ view_parse ] --END-- [ RunTime:0.015611s ]
INFO: [ view_filter ] --START--
INFO: Run Behavior\WriteHtmlCacheBehavior [ RunTime:0.000639s ]
INFO: [ view_filter ] --END-- [ RunTime:0.000690s ]
INFO: [ app_end ] --START--
INFO: Run Behavior\ShowPageTraceBehavior [ RunTime:0.001195s ]
INFO: [ app_end ] --END-- [ RunTime:0.001281s ]

[ 2017-04-27T16:02:33+08:00 ] ::1 /test/Hospitalsrms/index.php/Home/Kytj/scanTheses.html
INFO: [ app_init ] --START--
INFO: Run Behavior\BuildLiteBehavior [ RunTime:0.000022s ]
INFO: [ app_init ] --END-- [ RunTime:0.000927s ]
INFO: [ app_begin ] --START--
INFO: Run Behavior\ReadHtmlCacheBehavior [ RunTime:0.000838s ]
INFO: [ app_begin ] --END-- [ RunTime:0.000902s ]
SQL: SHOW COLUMNS FROM `srms_tj_theses` [ RunTime:0.0136s ]
SQL: SELECT COUNT(*) AS tp_count FROM `srms_tj_theses` WHERE `uid` = 1 LIMIT 1   [ RunTime:0.0016s ]
SQL: SELECT * FROM `srms_tj_theses` WHERE `uid` = 1 ORDER BY id LIMIT 0,10   [ RunTime:0.0017s ]
SQL: SHOW COLUMNS FROM `srms_year` [ RunTime:0.0125s ]
SQL: SELECT * FROM `srms_year`  [ RunTime:0.0010s ]
INFO: [ view_parse ] --START--
INFO: [ template_filter ] --START--
INFO: Run Behavior\ContentReplaceBehavior [ RunTime:0.000466s ]
INFO: [ template_filter ] --END-- [ RunTime:0.000666s ]
INFO: Run Behavior\ParseTemplateBehavior [ RunTime:0.042019s ]
INFO: [ view_parse ] --END-- [ RunTime:0.042180s ]
INFO: [ view_filter ] --START--
INFO: Run Behavior\WriteHtmlCacheBehavior [ RunTime:0.001352s ]
INFO: [ view_filter ] --END-- [ RunTime:0.001488s ]
INFO: [ app_end ] --START--
INFO: Run Behavior\ShowPageTraceBehavior [ RunTime:0.002706s ]
INFO: [ app_end ] --END-- [ RunTime:0.002903s ]

[ 2017-04-27T16:14:17+08:00 ] ::1 /test/Hospitalsrms/index.php/Home/Kytj/addAchievement.html
INFO: [ app_init ] --START--
INFO: Run Behavior\BuildLiteBehavior [ RunTime:0.000014s ]
INFO: [ app_init ] --END-- [ RunTime:0.000580s ]
INFO: [ app_begin ] --START--
INFO: Run Behavior\ReadHtmlCacheBehavior [ RunTime:0.000871s ]
INFO: [ app_begin ] --END-- [ RunTime:0.000949s ]
SQL: SHOW COLUMNS FROM `srms_tj_achievement` [ RunTime:0.0090s ]
NOTIC: [8] Undefined variable: data F:\phpStudy\WWW\test\Hospitalsrms\Application\Home\Controller\KytjController.class.php 第 126 行.
SQL: SHOW COLUMNS FROM `srms_year` [ RunTime:0.0066s ]
SQL: SELECT * FROM `srms_year`  [ RunTime:0.0011s ]
INFO: [ view_parse ] --START--
INFO: [ template_filter ] --START--
INFO: Run Behavior\ContentReplaceBehavior [ RunTime:0.000129s ]
INFO: [ template_filter ] --END-- [ RunTime:0.000194s ]
INFO: Run Behavior\ParseTemplateBehavior [ RunTime:0.018147s ]
INFO: [ view_parse ] --END-- [ RunTime:0.018221s ]
INFO: [ view_filter ] --START--
INFO: Run Behavior\WriteHtmlCacheBehavior [ RunTime:0.000525s ]
INFO: [ view_filter ] --END-- [ RunTime:0.000566s ]
INFO: [ app_end ] --START--
INFO: Run Behavior\ShowPageTraceBehavior [ RunTime:0.001117s ]
INFO: [ app_end ] --END-- [ RunTime:0.001185s ]

[ 2017-04-27T16:22:18+08:00 ] ::1 /test/Hospitalsrms/index.php/Home/Kytj/scanAchievement.html
INFO: [ app_init ] --START--
INFO: Run Behavior\BuildLiteBehavior [ RunTime:0.000014s ]
INFO: [ app_init ] --END-- [ RunTime:0.000519s ]
INFO: [ app_begin ] --START--
INFO: Run Behavior\ReadHtmlCacheBehavior [ RunTime:0.000795s ]
INFO: [ app_begin ] --END-- [ RunTime:0.000854s ]
SQL: SHOW COLUMNS FROM `srms_tj_achievement` [ RunTime:0.0146s ]
SQL: SELECT COUNT(*) AS tp_count FROM `srms_tj_achievement` WHERE `uid` = 1 LIMIT 1   [ RunTime:0.0015s ]
SQL: SELECT * FROM `srms_tj_achievement` WHERE `uid` = 1 ORDER BY id LIMIT 0,8   [ RunTime:0.0013s ]
SQL: SHOW COLUMNS FROM `srms_year` [ RunTime:0.0140s ]
SQL: SELECT * FROM `srms_year`  [ RunTime:0.0010s ]
INFO: [ view_parse ] --START--
INFO: [ template_filter ] --START--
INFO: Run Behavior\ContentReplaceBehavior [ RunTime:0.000378s ]
INFO: [ template_filter ] --END-- [ RunTime:0.000523s ]
NOTIC: [8] Undefined variable: col F:\phpStudy\WWW\test\Hospitalsrms\Application\Runtime\Cache\Home\be13df572f53662b9dcbca7cd522b0c8.php 第 191 行.
INFO: Run Behavior\ParseTemplateBehavior [ RunTime:0.038071s ]
INFO: [ view_parse ] --END-- [ RunTime:0.038189s ]
INFO: [ view_filter ] --START--
INFO: Run Behavior\WriteHtmlCacheBehavior [ RunTime:0.000920s ]
INFO: [ view_filter ] --END-- [ RunTime:0.000992s ]
INFO: [ app_end ] --START--
INFO: Run Behavior\ShowPageTraceBehavior [ RunTime:0.001491s ]
INFO: [ app_end ] --END-- [ RunTime:0.001591s ]

[ 2017-04-27T16:38:11+08:00 ] ::1 /test/Hospitalsrms/index.php/Home/Kytj/scanPropty.html
INFO: [ app_init ] --START--
INFO: Run Behavior\BuildLiteBehavior [ RunTime:0.000016s ]
INFO: [ app_init ] --END-- [ RunTime:0.000853s ]
INFO: [ app_begin ] --START--
INFO: Run Behavior\ReadHtmlCacheBehavior [ RunTime:0.000894s ]
INFO: [ app_begin ] --END-- [ RunTime:0.000956s ]
SQL: SHOW COLUMNS FROM `srms_tj_propty` [ RunTime:0.0176s ]
SQL: SELECT COUNT(*) AS tp_count FROM `srms_tj_propty` WHERE `uid` = 1 LIMIT 1   [ RunTime:0.0006s ]
SQL: SELECT * FROM `srms_tj_propty` WHERE `uid` = 1 ORDER BY id LIMIT 0,8   [ RunTime:0.0255s ]
SQL: SHOW COLUMNS FROM `srms_year` [ RunTime:0.0042s ]
SQL: SELECT * FROM `srms_year`  [ RunTime:0.0004s ]
INFO: [ view_parse ] --START--
INFO: [ template_filter ] --START--
INFO: Run Behavior\ContentReplaceBehavior [ RunTime:0.000113s ]
INFO: [ template_filter ] --END-- [ RunTime:0.000164s ]
INFO: Run Behavior\ParseTemplateBehavior [ RunTime:0.015758s ]
INFO: [ view_parse ] --END-- [ RunTime:0.015828s ]
INFO: [ view_filter ] --START--
INFO: Run Behavior\WriteHtmlCacheBehavior [ RunTime:0.000571s ]
INFO: [ view_filter ] --END-- [ RunTime:0.000611s ]
INFO: [ app_end ] --START--
INFO: Run Behavior\ShowPageTraceBehavior [ RunTime:0.001252s ]
INFO: [ app_end ] --END-- [ RunTime:0.001323s ]

[ 2017-04-27T16:38:13+08:00 ] ::1 /test/Hospitalsrms/index.php/Home/Kytj/addPropty.html
INFO: [ app_init ] --START--
INFO: Run Behavior\BuildLiteBehavior [ RunTime:0.000017s ]
INFO: [ app_init ] --END-- [ RunTime:0.000599s ]
INFO: [ app_begin ] --START--
INFO: Run Behavior\ReadHtmlCacheBehavior [ RunTime:0.000774s ]
INFO: [ app_begin ] --END-- [ RunTime:0.000832s ]
SQL: SHOW COLUMNS FROM `srms_tj_propty` [ RunTime:0.0118s ]
NOTIC: [8] Undefined variable: data F:\phpStudy\WWW\test\Hospitalsrms\Application\Home\Controller\KytjController.class.php 第 192 行.
SQL: SHOW COLUMNS FROM `srms_year` [ RunTime:0.0117s ]
SQL: SELECT * FROM `srms_year`  [ RunTime:0.0010s ]
INFO: [ view_parse ] --START--
INFO: [ template_filter ] --START--
INFO: Run Behavior\ContentReplaceBehavior [ RunTime:0.000363s ]
INFO: [ template_filter ] --END-- [ RunTime:0.000518s ]
INFO: Run Behavior\ParseTemplateBehavior [ RunTime:0.034570s ]
INFO: [ view_parse ] --END-- [ RunTime:0.034723s ]
INFO: [ view_filter ] --START--
INFO: Run Behavior\WriteHtmlCacheBehavior [ RunTime:0.000823s ]
INFO: [ view_filter ] --END-- [ RunTime:0.000905s ]
INFO: [ app_end ] --START--
INFO: Run Behavior\ShowPageTraceBehavior [ RunTime:0.002063s ]
INFO: [ app_end ] --END-- [ RunTime:0.002222s ]

[ 2017-04-27T16:40:43+08:00 ] ::1 /test/Hospitalsrms/index.php/Home/Kytj/fileDownload.html
INFO: [ app_init ] --START--
INFO: Run Behavior\BuildLiteBehavior [ RunTime:0.000021s ]
INFO: [ app_init ] --END-- [ RunTime:0.000700s ]
INFO: [ app_begin ] --START--
INFO: Run Behavior\ReadHtmlCacheBehavior [ RunTime:0.000844s ]
INFO: [ app_begin ] --END-- [ RunTime:0.000913s ]
SQL: SHOW COLUMNS FROM `srms_tj_filedownload` [ RunTime:0.0153s ]
NOTIC: [8] Undefined index: year F:\phpStudy\WWW\test\Hospitalsrms\Application\Home\Controller\KytjController.class.php 第 318 行.
NOTIC: [8] Undefined variable: map F:\phpStudy\WWW\test\Hospitalsrms\Application\Home\Controller\KytjController.class.php 第 324 行.
SQL: SELECT COUNT(*) AS tp_count FROM `srms_tj_filedownload` LIMIT 1   [ RunTime:0.0017s ]
NOTIC: [8] Undefined variable: map F:\phpStudy\WWW\test\Hospitalsrms\Application\Home\Controller\KytjController.class.php 第 330 行.
SQL: SELECT * FROM `srms_tj_filedownload` ORDER BY id LIMIT 0,8   [ RunTime:0.0011s ]
SQL: SHOW COLUMNS FROM `srms_year` [ RunTime:0.0132s ]
SQL: SELECT * FROM `srms_year`  [ RunTime:0.0010s ]
INFO: [ view_parse ] --START--
INFO: [ template_filter ] --START--
INFO: Run Behavior\ContentReplaceBehavior [ RunTime:0.000425s ]
INFO: [ template_filter ] --END-- [ RunTime:0.000586s ]
NOTIC: [8] Undefined index: ctime F:\phpStudy\WWW\test\Hospitalsrms\Application\Runtime\Cache\Home\327e0774eba781353a3a641b47dc4bd8.php 第 254 行.
NOTIC: [8] Undefined index: ctime F:\phpStudy\WWW\test\Hospitalsrms\Application\Runtime\Cache\Home\327e0774eba781353a3a641b47dc4bd8.php 第 254 行.
INFO: Run Behavior\ParseTemplateBehavior [ RunTime:0.076083s ]
INFO: [ view_parse ] --END-- [ RunTime:0.076229s ]
INFO: [ view_filter ] --START--
INFO: Run Behavior\WriteHtmlCacheBehavior [ RunTime:0.001541s ]
INFO: [ view_filter ] --END-- [ RunTime:0.001660s ]
INFO: [ app_end ] --START--
INFO: Run Behavior\ShowPageTraceBehavior [ RunTime:0.003575s ]
INFO: [ app_end ] --END-- [ RunTime:0.003768s ]

[ 2017-04-27T16:48:11+08:00 ] ::1 /test/Hospitalsrms/index.php/Home/Xmsb/index.html
INFO: [ app_init ] --START--
INFO: Run Behavior\BuildLiteBehavior [ RunTime:0.000015s ]
INFO: [ app_init ] --END-- [ RunTime:0.000628s ]
INFO: [ app_begin ] --START--
INFO: Run Behavior\ReadHtmlCacheBehavior [ RunTime:0.000943s ]
INFO: [ app_begin ] --END-- [ RunTime:0.001021s ]
SQL: SHOW COLUMNS FROM `srms_xm_subject` [ RunTime:0.0634s ]
SQL: SHOW COLUMNS FROM `srms_year` [ RunTime:0.0109s ]
SQL: SELECT * FROM `srms_year`  [ RunTime:0.0015s ]
INFO: [ view_parse ] --START--
INFO: [ template_filter ] --START--
INFO: Run Behavior\ContentReplaceBehavior [ RunTime:0.000254s ]
INFO: [ template_filter ] --END-- [ RunTime:0.000589s ]
INFO: Run Behavior\ParseTemplateBehavior [ RunTime:0.024762s ]
INFO: [ view_parse ] --END-- [ RunTime:0.024894s ]
INFO: [ view_filter ] --START--
INFO: Run Behavior\WriteHtmlCacheBehavior [ RunTime:0.000938s ]
INFO: [ view_filter ] --END-- [ RunTime:0.001011s ]
INFO: [ app_end ] --START--
INFO: Run Behavior\ShowPageTraceBehavior [ RunTime:0.001194s ]
INFO: [ app_end ] --END-- [ RunTime:0.001282s ]

[ 2017-04-27T16:51:51+08:00 ] ::1 /test/Hospitalsrms/index.php/Home/Xmsb/index.html
INFO: [ app_init ] --START--
INFO: Run Behavior\BuildLiteBehavior [ RunTime:0.000015s ]
INFO: [ app_init ] --END-- [ RunTime:0.000579s ]
INFO: [ app_begin ] --START--
INFO: Run Behavior\ReadHtmlCacheBehavior [ RunTime:0.000936s ]
INFO: [ app_begin ] --END-- [ RunTime:0.000987s ]
SQL: SHOW COLUMNS FROM `srms_xm_subject` [ RunTime:0.0081s ]
SQL: SHOW COLUMNS FROM `srms_year` [ RunTime:0.0049s ]
SQL: SELECT * FROM `srms_year`  [ RunTime:0.0005s ]
INFO: [ view_parse ] --START--
INFO: [ template_filter ] --START--
INFO: Run Behavior\ContentReplaceBehavior [ RunTime:0.000164s ]
INFO: [ template_filter ] --END-- [ RunTime:0.000250s ]
INFO: Run Behavior\ParseTemplateBehavior [ RunTime:0.018737s ]
INFO: [ view_parse ] --END-- [ RunTime:0.018837s ]
INFO: [ view_filter ] --START--
INFO: Run Behavior\WriteHtmlCacheBehavior [ RunTime:0.001204s ]
INFO: [ view_filter ] --END-- [ RunTime:0.001321s ]
INFO: [ app_end ] --START--
INFO: Run Behavior\ShowPageTraceBehavior [ RunTime:0.001386s ]
INFO: [ app_end ] --END-- [ RunTime:0.001497s ]

[ 2017-04-27T16:51:55+08:00 ] ::1 /test/Hospitalsrms/index.php/Home/Xmsb/department.html
INFO: [ app_init ] --START--
INFO: Run Behavior\BuildLiteBehavior [ RunTime:0.000017s ]
INFO: [ app_init ] --END-- [ RunTime:0.000656s ]
INFO: [ app_begin ] --START--
INFO: Run Behavior\ReadHtmlCacheBehavior [ RunTime:0.001230s ]
INFO: [ app_begin ] --END-- [ RunTime:0.001412s ]
SQL: SHOW COLUMNS FROM `srms_xm_department` [ RunTime:0.0077s ]
SQL: SHOW COLUMNS FROM `srms_year` [ RunTime:0.0059s ]
SQL: SELECT * FROM `srms_year`  [ RunTime:0.0007s ]
INFO: [ view_parse ] --START--
INFO: [ template_filter ] --START--
INFO: Run Behavior\ContentReplaceBehavior [ RunTime:0.000175s ]
INFO: [ template_filter ] --END-- [ RunTime:0.000276s ]
INFO: Run Behavior\ParseTemplateBehavior [ RunTime:0.019178s ]
INFO: [ view_parse ] --END-- [ RunTime:0.019297s ]
INFO: [ view_filter ] --START--
INFO: Run Behavior\WriteHtmlCacheBehavior [ RunTime:0.001045s ]
INFO: [ view_filter ] --END-- [ RunTime:0.001138s ]
INFO: [ app_end ] --START--
INFO: Run Behavior\ShowPageTraceBehavior [ RunTime:0.001855s ]
INFO: [ app_end ] --END-- [ RunTime:0.001969s ]

[ 2017-04-27T16:51:59+08:00 ] ::1 /test/Hospitalsrms/index.php/Home/Kytj/index.html
INFO: [ app_init ] --START--
INFO: Run Behavior\BuildLiteBehavior [ RunTime:0.000021s ]
INFO: [ app_init ] --END-- [ RunTime:0.000732s ]
INFO: [ app_begin ] --START--
INFO: Run Behavior\ReadHtmlCacheBehavior [ RunTime:0.000967s ]
INFO: [ app_begin ] --END-- [ RunTime:0.001064s ]
SQL: SHOW COLUMNS FROM `srms_year` [ RunTime:0.0065s ]
SQL: SELECT * FROM `srms_year`  [ RunTime:0.0005s ]
INFO: [ view_parse ] --START--
INFO: [ template_filter ] --START--
INFO: Run Behavior\ContentReplaceBehavior [ RunTime:0.000111s ]
INFO: [ template_filter ] --END-- [ RunTime:0.000160s ]
INFO: Run Behavior\ParseTemplateBehavior [ RunTime:0.012003s ]
INFO: [ view_parse ] --END-- [ RunTime:0.012069s ]
INFO: [ view_filter ] --START--
INFO: Run Behavior\WriteHtmlCacheBehavior [ RunTime:0.000629s ]
INFO: [ view_filter ] --END-- [ RunTime:0.000666s ]
INFO: [ app_end ] --START--
INFO: Run Behavior\ShowPageTraceBehavior [ RunTime:0.001419s ]
INFO: [ app_end ] --END-- [ RunTime:0.001491s ]

[ 2017-04-27T16:52:02+08:00 ] ::1 /test/Hospitalsrms/index.php/Home/Xmsb/index.html
INFO: [ app_init ] --START--
INFO: Run Behavior\BuildLiteBehavior [ RunTime:0.000025s ]
INFO: [ app_init ] --END-- [ RunTime:0.001035s ]
INFO: [ app_begin ] --START--
INFO: Run Behavior\ReadHtmlCacheBehavior [ RunTime:0.001078s ]
INFO: [ app_begin ] --END-- [ RunTime:0.001172s ]
SQL: SHOW COLUMNS FROM `srms_xm_subject` [ RunTime:0.0173s ]
SQL: SHOW COLUMNS FROM `srms_year` [ RunTime:0.0087s ]
SQL: SELECT * FROM `srms_year`  [ RunTime:0.0008s ]
INFO: [ view_parse ] --START--
INFO: [ template_filter ] --START--
INFO: Run Behavior\ContentReplaceBehavior [ RunTime:0.000157s ]
INFO: [ template_filter ] --END-- [ RunTime:0.000228s ]
INFO: Run Behavior\ParseTemplateBehavior [ RunTime:0.025210s ]
INFO: [ view_parse ] --END-- [ RunTime:0.025312s ]
INFO: [ view_filter ] --START--
INFO: Run Behavior\WriteHtmlCacheBehavior [ RunTime:0.000929s ]
INFO: [ view_filter ] --END-- [ RunTime:0.001002s ]
INFO: [ app_end ] --START--
INFO: Run Behavior\ShowPageTraceBehavior [ RunTime:0.002506s ]
INFO: [ app_end ] --END-- [ RunTime:0.002670s ]

[ 2017-04-27T16:53:06+08:00 ] ::1 /test/Hospitalsrms/index.php/Home/Xmsb/department.html
INFO: [ app_init ] --START--
INFO: Run Behavior\BuildLiteBehavior [ RunTime:0.000025s ]
INFO: [ app_init ] --END-- [ RunTime:0.000927s ]
INFO: [ app_begin ] --START--
INFO: Run Behavior\ReadHtmlCacheBehavior [ RunTime:0.000908s ]
INFO: [ app_begin ] --END-- [ RunTime:0.000984s ]
SQL: SHOW COLUMNS FROM `srms_xm_department` [ RunTime:0.0149s ]
SQL: SHOW COLUMNS FROM `srms_year` [ RunTime:0.0117s ]
SQL: SELECT * FROM `srms_year`  [ RunTime:0.0009s ]
INFO: [ view_parse ] --START--
INFO: [ template_filter ] --START--
INFO: Run Behavior\ContentReplaceBehavior [ RunTime:0.000289s ]
INFO: [ template_filter ] --END-- [ RunTime:0.000430s ]
INFO: Run Behavior\ParseTemplateBehavior [ RunTime:0.023188s ]
INFO: [ view_parse ] --END-- [ RunTime:0.023275s ]
INFO: [ view_filter ] --START--
INFO: Run Behavior\WriteHtmlCacheBehavior [ RunTime:0.001055s ]
INFO: [ view_filter ] --END-- [ RunTime:0.001129s ]
INFO: [ app_end ] --START--
INFO: Run Behavior\ShowPageTraceBehavior [ RunTime:0.002613s ]
INFO: [ app_end ] --END-- [ RunTime:0.002730s ]

[ 2017-04-27T16:53:09+08:00 ] ::1 /test/Hospitalsrms/index.php/Home/Xmsb/scanDepartment.html
INFO: [ app_init ] --START--
INFO: Run Behavior\BuildLiteBehavior [ RunTime:0.000015s ]
INFO: [ app_init ] --END-- [ RunTime:0.000641s ]
INFO: [ app_begin ] --START--
INFO: Run Behavior\ReadHtmlCacheBehavior [ RunTime:0.001007s ]
INFO: [ app_begin ] --END-- [ RunTime:0.001070s ]
SQL: SHOW COLUMNS FROM `srms_xm_department` [ RunTime:0.0054s ]
SQL: SELECT COUNT(*) AS tp_count FROM `srms_xm_department` WHERE ( (status = 1) OR (status = 0 AND uid = 1) OR(status =2 AND uid = 1) ) LIMIT 1   [ RunTime:0.0227s ]
SQL: SELECT * FROM `srms_xm_department` WHERE ( (status = 1) OR (status = 0 AND uid = 1) OR(status =2 AND uid = 1) ) ORDER BY id LIMIT 0,10   [ RunTime:0.0012s ]
SQL: SHOW COLUMNS FROM `srms_year` [ RunTime:0.0060s ]
SQL: SELECT * FROM `srms_year`  [ RunTime:0.0005s ]
INFO: [ view_parse ] --START--
INFO: [ template_filter ] --START--
INFO: Run Behavior\ContentReplaceBehavior [ RunTime:0.000223s ]
INFO: [ template_filter ] --END-- [ RunTime:0.000294s ]
INFO: Run Behavior\ParseTemplateBehavior [ RunTime:0.022126s ]
INFO: [ view_parse ] --END-- [ RunTime:0.022207s ]
INFO: [ view_filter ] --START--
INFO: Run Behavior\WriteHtmlCacheBehavior [ RunTime:0.000903s ]
INFO: [ view_filter ] --END-- [ RunTime:0.000962s ]
INFO: [ app_end ] --START--
INFO: Run Behavior\ShowPageTraceBehavior [ RunTime:0.003053s ]
INFO: [ app_end ] --END-- [ RunTime:0.003265s ]

[ 2017-04-27T16:54:52+08:00 ] ::1 /test/Hospitalsrms/index.php/Home/Xmsb/scanDepartment.html
INFO: [ app_init ] --START--
INFO: Run Behavior\BuildLiteBehavior [ RunTime:0.000016s ]
INFO: [ app_init ] --END-- [ RunTime:0.000655s ]
INFO: [ app_begin ] --START--
INFO: Run Behavior\ReadHtmlCacheBehavior [ RunTime:0.001128s ]
INFO: [ app_begin ] --END-- [ RunTime:0.001206s ]
SQL: SHOW COLUMNS FROM `srms_xm_department` [ RunTime:0.0057s ]
SQL: SELECT COUNT(*) AS tp_count FROM `srms_xm_department` WHERE ( (status = 1) OR (status = 0 AND uid = 1) OR(status =2 AND uid = 1) ) LIMIT 1   [ RunTime:0.0005s ]
SQL: SELECT * FROM `srms_xm_department` WHERE ( (status = 1) OR (status = 0 AND uid = 1) OR(status =2 AND uid = 1) ) ORDER BY id LIMIT 0,10   [ RunTime:0.0011s ]
SQL: SHOW COLUMNS FROM `srms_year` [ RunTime:0.0061s ]
SQL: SELECT * FROM `srms_year`  [ RunTime:0.0005s ]
INFO: [ view_parse ] --START--
INFO: [ template_filter ] --START--
INFO: Run Behavior\ContentReplaceBehavior [ RunTime:0.000199s ]
INFO: [ template_filter ] --END-- [ RunTime:0.000268s ]
INFO: Run Behavior\ParseTemplateBehavior [ RunTime:0.020417s ]
INFO: [ view_parse ] --END-- [ RunTime:0.020483s ]
INFO: [ view_filter ] --START--
INFO: Run Behavior\WriteHtmlCacheBehavior [ RunTime:0.000795s ]
INFO: [ view_filter ] --END-- [ RunTime:0.000838s ]
INFO: [ app_end ] --START--
INFO: Run Behavior\ShowPageTraceBehavior [ RunTime:0.001291s ]
INFO: [ app_end ] --END-- [ RunTime:0.001358s ]

[ 2017-04-27T17:17:18+08:00 ] ::1 /test/Hospitalsrms/index.php/Home/Xshd/index.html
INFO: [ app_init ] --START--
INFO: Run Behavior\BuildLiteBehavior [ RunTime:0.000039s ]
INFO: [ app_init ] --END-- [ RunTime:0.001220s ]
INFO: [ app_begin ] --START--
INFO: Run Behavior\ReadHtmlCacheBehavior [ RunTime:0.000927s ]
INFO: [ app_begin ] --END-- [ RunTime:0.001002s ]
SQL: SHOW COLUMNS FROM `srms_xs_meet` [ RunTime:0.0138s ]
INFO: [ view_parse ] --START--
INFO: [ template_filter ] --START--
INFO: Run Behavior\ContentReplaceBehavior [ RunTime:0.000212s ]
INFO: [ template_filter ] --END-- [ RunTime:0.000307s ]
INFO: Run Behavior\ParseTemplateBehavior [ RunTime:0.033021s ]
INFO: [ view_parse ] --END-- [ RunTime:0.033160s ]
INFO: [ view_filter ] --START--
INFO: Run Behavior\WriteHtmlCacheBehavior [ RunTime:0.000918s ]
INFO: [ view_filter ] --END-- [ RunTime:0.000994s ]
INFO: [ app_end ] --START--
INFO: Run Behavior\ShowPageTraceBehavior [ RunTime:0.001727s ]
INFO: [ app_end ] --END-- [ RunTime:0.001866s ]

[ 2017-04-27T17:17:22+08:00 ] ::1 /test/Hospitalsrms/index.php/Home/Xshd/scanMeet.html
INFO: [ app_init ] --START--
INFO: Run Behavior\BuildLiteBehavior [ RunTime:0.000016s ]
INFO: [ app_init ] --END-- [ RunTime:0.000599s ]
INFO: [ app_begin ] --START--
INFO: Run Behavior\ReadHtmlCacheBehavior [ RunTime:0.000772s ]
INFO: [ app_begin ] --END-- [ RunTime:0.000830s ]
SQL: SHOW COLUMNS FROM `srms_xs_meet` [ RunTime:0.0648s ]
SQL: SELECT COUNT(*) AS tp_count FROM `srms_xs_meet` WHERE ( (status = 1) OR (status = 0 AND uid = 1) OR (status = 2 AND uid = 1) ) LIMIT 1   [ RunTime:0.0014s ]
SQL: SELECT * FROM `srms_xs_meet` WHERE ( (status = 1) OR (status = 0 AND uid = 1) OR (status = 2 AND uid = 1) ) ORDER BY meetTime desc LIMIT 0,10   [ RunTime:0.0017s ]
SQL: SHOW COLUMNS FROM `srms_xs_meet_attend` [ RunTime:0.0331s ]
SQL: SELECT COUNT(uid) AS tp_count FROM `srms_xs_meet_attend` WHERE `meet_id` = 5 LIMIT 1   [ RunTime:0.0069s ]
SQL: SELECT COUNT(uid) AS tp_count FROM `srms_xs_meet_attend` WHERE `meet_id` = 1 LIMIT 1   [ RunTime:0.0008s ]
SQL: SELECT COUNT(uid) AS tp_count FROM `srms_xs_meet_attend` WHERE `meet_id` = 2 LIMIT 1   [ RunTime:0.0008s ]
SQL: SELECT COUNT(uid) AS tp_count FROM `srms_xs_meet_attend` WHERE `meet_id` = 3 LIMIT 1   [ RunTime:0.0008s ]
SQL: SELECT COUNT(uid) AS tp_count FROM `srms_xs_meet_attend` WHERE `meet_id` = 4 LIMIT 1   [ RunTime:0.0008s ]
SQL: SHOW COLUMNS FROM `srms_year` [ RunTime:0.0124s ]
SQL: SELECT * FROM `srms_year`  [ RunTime:0.0010s ]
INFO: [ view_parse ] --START--
INFO: [ template_filter ] --START--
INFO: Run Behavior\ContentReplaceBehavior [ RunTime:0.000251s ]
INFO: [ template_filter ] --END-- [ RunTime:0.000347s ]
INFO: Run Behavior\ParseTemplateBehavior [ RunTime:0.028271s ]
INFO: [ view_parse ] --END-- [ RunTime:0.028389s ]
INFO: [ view_filter ] --START--
INFO: Run Behavior\WriteHtmlCacheBehavior [ RunTime:0.000781s ]
INFO: [ view_filter ] --END-- [ RunTime:0.000859s ]
INFO: [ app_end ] --START--
INFO: Run Behavior\ShowPageTraceBehavior [ RunTime:0.001471s ]
INFO: [ app_end ] --END-- [ RunTime:0.001569s ]

[ 2017-04-27T17:19:22+08:00 ] ::1 /test/Hospitalsrms/index.php/Home/Xshd/addLecture.html
INFO: [ app_init ] --START--
INFO: Run Behavior\BuildLiteBehavior [ RunTime:0.000029s ]
INFO: [ app_init ] --END-- [ RunTime:0.000982s ]
INFO: [ app_begin ] --START--
INFO: Run Behavior\ReadHtmlCacheBehavior [ RunTime:0.001917s ]
INFO: [ app_begin ] --END-- [ RunTime:0.002032s ]
SQL: SHOW COLUMNS FROM `srms_xs_lecture` [ RunTime:0.0622s ]
INFO: [ view_parse ] --START--
INFO: [ template_filter ] --START--
INFO: Run Behavior\ContentReplaceBehavior [ RunTime:0.000349s ]
INFO: [ template_filter ] --END-- [ RunTime:0.000537s ]
INFO: Run Behavior\ParseTemplateBehavior [ RunTime:0.037287s ]
INFO: [ view_parse ] --END-- [ RunTime:0.037468s ]
INFO: [ view_filter ] --START--
INFO: Run Behavior\WriteHtmlCacheBehavior [ RunTime:0.001450s ]
INFO: [ view_filter ] --END-- [ RunTime:0.001576s ]
INFO: [ app_end ] --START--
INFO: Run Behavior\ShowPageTraceBehavior [ RunTime:0.002362s ]
INFO: [ app_end ] --END-- [ RunTime:0.002552s ]

[ 2017-04-27T17:19:25+08:00 ] ::1 /test/Hospitalsrms/index.php/Home/Xshd/scanLecture.html
INFO: [ app_init ] --START--
INFO: Run Behavior\BuildLiteBehavior [ RunTime:0.000017s ]
INFO: [ app_init ] --END-- [ RunTime:0.000601s ]
INFO: [ app_begin ] --START--
INFO: Run Behavior\ReadHtmlCacheBehavior [ RunTime:0.001021s ]
INFO: [ app_begin ] --END-- [ RunTime:0.001108s ]
SQL: SHOW COLUMNS FROM `srms_xs_lecture` [ RunTime:0.0240s ]
SQL: SELECT COUNT(*) AS tp_count FROM `srms_xs_lecture` WHERE ( (status = 1) OR (status = 0) OR (uid = 1) OR (status = 2 AND uid = 1) ) LIMIT 1   [ RunTime:0.0190s ]
SQL: SELECT * FROM `srms_xs_lecture` WHERE ( (status = 1) OR (status = 0) OR (uid = 1) OR (status = 2 AND uid = 1) ) ORDER BY id LIMIT 0,10   [ RunTime:0.0010s ]
SQL: SHOW COLUMNS FROM `srms_xs_lecture_attend` [ RunTime:0.0131s ]
SQL: SELECT COUNT(uid) AS tp_count FROM `srms_xs_lecture_attend` WHERE `lecture_id` = 1 LIMIT 1   [ RunTime:0.0007s ]
SQL: SELECT COUNT(uid) AS tp_count FROM `srms_xs_lecture_attend` WHERE `lecture_id` = 2 LIMIT 1   [ RunTime:0.0005s ]
SQL: SELECT COUNT(uid) AS tp_count FROM `srms_xs_lecture_attend` WHERE `lecture_id` = 3 LIMIT 1   [ RunTime:0.0007s ]
SQL: SELECT COUNT(uid) AS tp_count FROM `srms_xs_lecture_attend` WHERE `lecture_id` = 4 LIMIT 1   [ RunTime:0.0007s ]
SQL: SHOW COLUMNS FROM `srms_year` [ RunTime:0.0069s ]
SQL: SELECT * FROM `srms_year`  [ RunTime:0.0006s ]
INFO: [ view_parse ] --START--
INFO: [ template_filter ] --START--
INFO: Run Behavior\ContentReplaceBehavior [ RunTime:0.000236s ]
INFO: [ template_filter ] --END-- [ RunTime:0.000325s ]
INFO: Run Behavior\ParseTemplateBehavior [ RunTime:0.023556s ]
INFO: [ view_parse ] --END-- [ RunTime:0.023664s ]
INFO: [ view_filter ] --START--
INFO: Run Behavior\WriteHtmlCacheBehavior [ RunTime:0.001214s ]
INFO: [ view_filter ] --END-- [ RunTime:0.001326s ]
INFO: [ app_end ] --START--
INFO: Run Behavior\ShowPageTraceBehavior [ RunTime:0.001991s ]
INFO: [ app_end ] --END-- [ RunTime:0.002144s ]

[ 2017-04-27T17:25:18+08:00 ] ::1 /test/Hospitalsrms/index.php/Home/Xshd/scanComposition.html
INFO: [ app_init ] --START--
INFO: Run Behavior\BuildLiteBehavior [ RunTime:0.000014s ]
INFO: [ app_init ] --END-- [ RunTime:0.000564s ]
INFO: [ app_begin ] --START--
INFO: Run Behavior\ReadHtmlCacheBehavior [ RunTime:0.000792s ]
INFO: [ app_begin ] --END-- [ RunTime:0.000842s ]
SQL: SHOW COLUMNS FROM `srms_xs_composition` [ RunTime:0.0326s ]
SQL: SELECT COUNT(*) AS tp_count FROM `srms_xs_composition` WHERE `status` <> 0 LIMIT 1   [ RunTime:0.0007s ]
SQL: SELECT * FROM `srms_xs_composition` WHERE `status` <> 0 ORDER BY id LIMIT 0,10   [ RunTime:0.0008s ]
SQL: SHOW COLUMNS FROM `srms_year` [ RunTime:0.0067s ]
SQL: SELECT * FROM `srms_year`  [ RunTime:0.0007s ]
INFO: [ view_parse ] --START--
INFO: [ template_filter ] --START--
INFO: Run Behavior\ContentReplaceBehavior [ RunTime:0.000254s ]
INFO: [ template_filter ] --END-- [ RunTime:0.000352s ]
INFO: Run Behavior\ParseTemplateBehavior [ RunTime:0.024598s ]
INFO: [ view_parse ] --END-- [ RunTime:0.024708s ]
INFO: [ view_filter ] --START--
INFO: Run Behavior\WriteHtmlCacheBehavior [ RunTime:0.000958s ]
INFO: [ view_filter ] --END-- [ RunTime:0.001036s ]
INFO: [ app_end ] --START--
INFO: Run Behavior\ShowPageTraceBehavior [ RunTime:0.004520s ]
INFO: [ app_end ] --END-- [ RunTime:0.004659s ]

[ 2017-04-27T17:25:24+08:00 ] ::1 /test/Hospitalsrms/index.php/Home/Xshd/readbook
INFO: [ app_init ] --START--
INFO: Run Behavior\BuildLiteBehavior [ RunTime:0.000017s ]
INFO: [ app_init ] --END-- [ RunTime:0.000769s ]
INFO: [ app_begin ] --START--
INFO: Run Behavior\ReadHtmlCacheBehavior [ RunTime:0.000690s ]
INFO: [ app_begin ] --END-- [ RunTime:0.000740s ]
SQL: SHOW COLUMNS FROM `srms_xs_composition` [ RunTime:0.0115s ]
SQL: UPDATE `srms_xs_composition` SET `status`='2' WHERE `id` = 4 [ RunTime:0.0012s ]

[ 2017-04-27T17:25:26+08:00 ] ::1 /test/Hospitalsrms/index.php/Home/Xshd/scanComposition.html
INFO: [ app_init ] --START--
INFO: Run Behavior\BuildLiteBehavior [ RunTime:0.000014s ]
INFO: [ app_init ] --END-- [ RunTime:0.000517s ]
INFO: [ app_begin ] --START--
INFO: Run Behavior\ReadHtmlCacheBehavior [ RunTime:0.000672s ]
INFO: [ app_begin ] --END-- [ RunTime:0.000720s ]
SQL: SHOW COLUMNS FROM `srms_xs_composition` [ RunTime:0.0080s ]
SQL: SELECT COUNT(*) AS tp_count FROM `srms_xs_composition` WHERE `status` <> 0 LIMIT 1   [ RunTime:0.0006s ]
SQL: SELECT * FROM `srms_xs_composition` WHERE `status` <> 0 ORDER BY id LIMIT 0,10   [ RunTime:0.0007s ]
SQL: SHOW COLUMNS FROM `srms_year` [ RunTime:0.0065s ]
SQL: SELECT * FROM `srms_year`  [ RunTime:0.0006s ]
INFO: [ view_parse ] --START--
INFO: [ template_filter ] --START--
INFO: Run Behavior\ContentReplaceBehavior [ RunTime:0.000375s ]
INFO: [ template_filter ] --END-- [ RunTime:0.000532s ]
INFO: Run Behavior\ParseTemplateBehavior [ RunTime:0.024034s ]
INFO: [ view_parse ] --END-- [ RunTime:0.024129s ]
INFO: [ view_filter ] --START--
INFO: Run Behavior\WriteHtmlCacheBehavior [ RunTime:0.000757s ]
INFO: [ view_filter ] --END-- [ RunTime:0.000830s ]
INFO: [ app_end ] --START--
INFO: Run Behavior\ShowPageTraceBehavior [ RunTime:0.001629s ]
INFO: [ app_end ] --END-- [ RunTime:0.001743s ]

[ 2017-04-27T17:25:42+08:00 ] ::1 /test/Hospitalsrms/index.php/Home/Xshd/addComposition.html
INFO: [ app_init ] --START--
INFO: Run Behavior\BuildLiteBehavior [ RunTime:0.000018s ]
INFO: [ app_init ] --END-- [ RunTime:0.000561s ]
INFO: [ app_begin ] --START--
INFO: Run Behavior\ReadHtmlCacheBehavior [ RunTime:0.000779s ]
INFO: [ app_begin ] --END-- [ RunTime:0.000833s ]
SQL: SHOW COLUMNS FROM `srms_xs_composition` [ RunTime:0.0157s ]
INFO: [ view_parse ] --START--
INFO: [ template_filter ] --START--
INFO: Run Behavior\ContentReplaceBehavior [ RunTime:0.000246s ]
INFO: [ template_filter ] --END-- [ RunTime:0.000357s ]
INFO: Run Behavior\ParseTemplateBehavior [ RunTime:0.021172s ]
INFO: [ view_parse ] --END-- [ RunTime:0.021348s ]
INFO: [ view_filter ] --START--
INFO: Run Behavior\WriteHtmlCacheBehavior [ RunTime:0.001054s ]
INFO: [ view_filter ] --END-- [ RunTime:0.001158s ]
INFO: [ app_end ] --START--
INFO: Run Behavior\ShowPageTraceBehavior [ RunTime:0.001502s ]
INFO: [ app_end ] --END-- [ RunTime:0.001664s ]

[ 2017-04-27T17:27:23+08:00 ] ::1 /test/Hospitalsrms/index.php/Home/Xshd/addComposition
INFO: [ app_init ] --START--
INFO: Run Behavior\BuildLiteBehavior [ RunTime:0.000018s ]
INFO: [ app_init ] --END-- [ RunTime:0.000661s ]
INFO: [ app_begin ] --START--
INFO: Run Behavior\ReadHtmlCacheBehavior [ RunTime:0.000754s ]
INFO: [ app_begin ] --END-- [ RunTime:0.000820s ]
SQL: SHOW COLUMNS FROM `srms_xs_composition` [ RunTime:0.0123s ]
NOTIC: [8] Undefined index: validate F:\phpStudy\WWW\test\Hospitalsrms\ThinkPHP\Library\Think\Model.class.php 第 1185 行.
NOTIC: [8] Undefined index: auto F:\phpStudy\WWW\test\Hospitalsrms\ThinkPHP\Library\Think\Model.class.php 第 1128 行.
SQL: INSERT INTO `srms_xs_composition` (`compositionName`,`author`,`key`,`time`,`field`,`introduction`,`uid`) VALUES ('伤寒杂病论','张仲景','伤寒','2017/04/27 07:10','医理','','1') [ RunTime:0.0752s ]
INFO: [ view_parse ] --START--
INFO: [ template_filter ] --START--
INFO: Run Behavior\ContentReplaceBehavior [ RunTime:0.000344s ]
INFO: [ template_filter ] --END-- [ RunTime:0.000503s ]
INFO: Run Behavior\ParseTemplateBehavior [ RunTime:0.031534s ]
INFO: [ view_parse ] --END-- [ RunTime:0.031643s ]
INFO: [ view_filter ] --START--
INFO: Run Behavior\WriteHtmlCacheBehavior [ RunTime:0.000850s ]
INFO: [ view_filter ] --END-- [ RunTime:0.000927s ]
INFO: [ app_end ] --START--
INFO: Run Behavior\ShowPageTraceBehavior [ RunTime:0.001341s ]
INFO: [ app_end ] --END-- [ RunTime:0.001431s ]

[ 2017-04-27T17:27:25+08:00 ] ::1 /test/Hospitalsrms/index.php/Home/Xshd/scanComposition
INFO: [ app_init ] --START--
INFO: Run Behavior\BuildLiteBehavior [ RunTime:0.000029s ]
INFO: [ app_init ] --END-- [ RunTime:0.000670s ]
INFO: [ app_begin ] --START--
INFO: Run Behavior\ReadHtmlCacheBehavior [ RunTime:0.000829s ]
INFO: [ app_begin ] --END-- [ RunTime:0.000928s ]
SQL: SHOW COLUMNS FROM `srms_xs_composition` [ RunTime:0.0070s ]
SQL: SELECT COUNT(*) AS tp_count FROM `srms_xs_composition` WHERE `status` <> 0 LIMIT 1   [ RunTime:0.0007s ]
SQL: SELECT * FROM `srms_xs_composition` WHERE `status` <> 0 ORDER BY id LIMIT 0,10   [ RunTime:0.0011s ]
SQL: SHOW COLUMNS FROM `srms_year` [ RunTime:0.0069s ]
SQL: SELECT * FROM `srms_year`  [ RunTime:0.0007s ]
INFO: [ view_parse ] --START--
INFO: [ template_filter ] --START--
INFO: Run Behavior\ContentReplaceBehavior [ RunTime:0.000224s ]
INFO: [ template_filter ] --END-- [ RunTime:0.000315s ]
INFO: Run Behavior\ParseTemplateBehavior [ RunTime:0.023909s ]
INFO: [ view_parse ] --END-- [ RunTime:0.024014s ]
INFO: [ view_filter ] --START--
INFO: Run Behavior\WriteHtmlCacheBehavior [ RunTime:0.000873s ]
INFO: [ view_filter ] --END-- [ RunTime:0.000951s ]
INFO: [ app_end ] --START--
INFO: Run Behavior\ShowPageTraceBehavior [ RunTime:0.001371s ]
INFO: [ app_end ] --END-- [ RunTime:0.001447s ]

[ 2017-04-27T17:28:19+08:00 ] ::1 /test/Hospitalsrms/index.php/Home/Xshd/scanComposition
INFO: [ app_init ] --START--
INFO: Run Behavior\BuildLiteBehavior [ RunTime:0.000016s ]
INFO: [ app_init ] --END-- [ RunTime:0.000642s ]
INFO: [ app_begin ] --START--
INFO: Run Behavior\ReadHtmlCacheBehavior [ RunTime:0.000885s ]
INFO: [ app_begin ] --END-- [ RunTime:0.000945s ]
SQL: SHOW COLUMNS FROM `srms_xs_composition` [ RunTime:0.0130s ]
SQL: SELECT COUNT(*) AS tp_count FROM `srms_xs_composition` WHERE `status` <> 0 LIMIT 1   [ RunTime:0.0010s ]
SQL: SELECT * FROM `srms_xs_composition` WHERE `status` <> 0 ORDER BY id LIMIT 0,10   [ RunTime:0.0012s ]
SQL: SHOW COLUMNS FROM `srms_year` [ RunTime:0.0101s ]
SQL: SELECT * FROM `srms_year`  [ RunTime:0.0006s ]
INFO: [ view_parse ] --START--
INFO: [ template_filter ] --START--
INFO: Run Behavior\ContentReplaceBehavior [ RunTime:0.000212s ]
INFO: [ template_filter ] --END-- [ RunTime:0.000296s ]
INFO: Run Behavior\ParseTemplateBehavior [ RunTime:0.022590s ]
INFO: [ view_parse ] --END-- [ RunTime:0.022861s ]
INFO: [ view_filter ] --START--
INFO: Run Behavior\WriteHtmlCacheBehavior [ RunTime:0.000839s ]
INFO: [ view_filter ] --END-- [ RunTime:0.000907s ]
INFO: [ app_end ] --START--
INFO: Run Behavior\ShowPageTraceBehavior [ RunTime:0.001700s ]
INFO: [ app_end ] --END-- [ RunTime:0.001815s ]

