[ 2017-03-24T09:46:12+08:00 ] ::1 /test/Hospitalsrms/
INFO: [ app_init ] --START--
INFO: Run Behavior\BuildLiteBehavior [ RunTime:0.000041s ]
INFO: [ app_init ] --END-- [ RunTime:0.001468s ]
INFO: [ app_begin ] --START--
INFO: Run Behavior\ReadHtmlCacheBehavior [ RunTime:0.001218s ]
INFO: [ app_begin ] --END-- [ RunTime:0.001320s ]
INFO: [ view_parse ] --START--
INFO: [ template_filter ] --START--
INFO: Run Behavior\ContentReplaceBehavior [ RunTime:0.007537s ]
INFO: [ template_filter ] --END-- [ RunTime:0.007638s ]
NOTIC: [8] Undefined index: user_id F:\phpStudy\WWW\test\Hospitalsrms\Application\Runtime\Cache\Home\2a94b8bda04ff446dcedd42276fc99ee.php 第 39 行.
INFO: Run Behavior\ParseTemplateBehavior [ RunTime:0.134509s ]
INFO: [ view_parse ] --END-- [ RunTime:0.134645s ]
INFO: [ view_filter ] --START--
INFO: Run Behavior\WriteHtmlCacheBehavior [ RunTime:0.000829s ]
INFO: [ view_filter ] --END-- [ RunTime:0.000885s ]
INFO: [ app_end ] --START--
INFO: Run Behavior\ShowPageTraceBehavior [ RunTime:0.001558s ]
INFO: [ app_end ] --END-- [ RunTime:0.001641s ]

[ 2017-03-24T09:46:17+08:00 ] ::1 /test/Hospitalsrms/index.php/Home/Kyjf/index.html
INFO: [ app_init ] --START--
INFO: Run Behavior\BuildLiteBehavior [ RunTime:0.000018s ]
INFO: [ app_init ] --END-- [ RunTime:0.000577s ]
INFO: [ app_begin ] --START--
INFO: Run Behavior\ReadHtmlCacheBehavior [ RunTime:0.000788s ]
INFO: [ app_begin ] --END-- [ RunTime:0.000848s ]
INFO: [ view_parse ] --START--
INFO: [ template_filter ] --START--
INFO: Run Behavior\ContentReplaceBehavior [ RunTime:0.000045s ]
INFO: [ template_filter ] --END-- [ RunTime:0.000090s ]
INFO: Run Behavior\ParseTemplateBehavior [ RunTime:0.015286s ]
INFO: [ view_parse ] --END-- [ RunTime:0.015399s ]
INFO: [ view_filter ] --START--
INFO: Run Behavior\WriteHtmlCacheBehavior [ RunTime:0.000428s ]
INFO: [ view_filter ] --END-- [ RunTime:0.000467s ]

[ 2017-03-24T09:46:20+08:00 ] ::1 /test/Hospitalsrms/index.php/Home/Login/index.html
INFO: [ app_init ] --START--
INFO: Run Behavior\BuildLiteBehavior [ RunTime:0.000027s ]
INFO: [ app_init ] --END-- [ RunTime:0.000988s ]
INFO: [ app_begin ] --START--
INFO: Run Behavior\ReadHtmlCacheBehavior [ RunTime:0.000770s ]
INFO: [ app_begin ] --END-- [ RunTime:0.000830s ]
INFO: [ view_parse ] --START--
INFO: [ template_filter ] --START--
INFO: Run Behavior\ContentReplaceBehavior [ RunTime:0.000054s ]
INFO: [ template_filter ] --END-- [ RunTime:0.000112s ]
INFO: Run Behavior\ParseTemplateBehavior [ RunTime:0.016708s ]
INFO: [ view_parse ] --END-- [ RunTime:0.016772s ]
INFO: [ view_filter ] --START--
INFO: Run Behavior\WriteHtmlCacheBehavior [ RunTime:0.000454s ]
INFO: [ view_filter ] --END-- [ RunTime:0.000506s ]
INFO: [ app_end ] --START--
INFO: Run Behavior\ShowPageTraceBehavior [ RunTime:0.000685s ]
INFO: [ app_end ] --END-- [ RunTime:0.000725s ]

[ 2017-03-24T09:46:20+08:00 ] ::1 /test/Hospitalsrms/index.php/Home/Login/css/font-awesome.min.css
INFO: [ app_init ] --START--
INFO: Run Behavior\BuildLiteBehavior [ RunTime:0.000025s ]
INFO: [ app_init ] --END-- [ RunTime:0.000691s ]
INFO: [ app_begin ] --START--
INFO: Run Behavior\ReadHtmlCacheBehavior [ RunTime:0.000889s ]
INFO: [ app_begin ] --END-- [ RunTime:0.000961s ]
ERR: 非法操作:css

[ 2017-03-24T09:46:20+08:00 ] ::1 /test/Hospitalsrms/index.php/Home/Login/css/bootstrap-theme.min.css
INFO: [ app_init ] --START--
INFO: Run Behavior\BuildLiteBehavior [ RunTime:0.000020s ]
INFO: [ app_init ] --END-- [ RunTime:0.000654s ]
INFO: [ app_begin ] --START--
INFO: Run Behavior\ReadHtmlCacheBehavior [ RunTime:0.001138s ]
INFO: [ app_begin ] --END-- [ RunTime:0.001228s ]
ERR: 非法操作:css

[ 2017-03-24T09:46:20+08:00 ] ::1 /test/Hospitalsrms/index.php/Home/Login/css/templatemo_style.css
INFO: [ app_init ] --START--
INFO: Run Behavior\BuildLiteBehavior [ RunTime:0.000014s ]
INFO: [ app_init ] --END-- [ RunTime:0.000563s ]
INFO: [ app_begin ] --START--
INFO: Run Behavior\ReadHtmlCacheBehavior [ RunTime:0.000760s ]
INFO: [ app_begin ] --END-- [ RunTime:0.000811s ]
ERR: 非法操作:css

[ 2017-03-24T09:46:35+08:00 ] ::1 /test/Hospitalsrms/index.php/Home/Login/login
INFO: [ app_init ] --START--
INFO: Run Behavior\BuildLiteBehavior [ RunTime:0.000038s ]
INFO: [ app_init ] --END-- [ RunTime:0.000967s ]
INFO: [ app_begin ] --START--
INFO: Run Behavior\ReadHtmlCacheBehavior [ RunTime:0.001251s ]
INFO: [ app_begin ] --END-- [ RunTime:0.001435s ]
SQL: SHOW COLUMNS FROM `srms_user` [ RunTime:0.0605s ]
SQL: SELECT * FROM `srms_user` WHERE `user_name` = '华佗'  [ RunTime:0.0011s ]
INFO: [ view_parse ] --START--
INFO: [ template_filter ] --START--
INFO: Run Behavior\ContentReplaceBehavior [ RunTime:0.000130s ]
INFO: [ template_filter ] --END-- [ RunTime:0.000282s ]
INFO: Run Behavior\ParseTemplateBehavior [ RunTime:0.018554s ]
INFO: [ view_parse ] --END-- [ RunTime:0.018719s ]
INFO: [ view_filter ] --START--
INFO: Run Behavior\WriteHtmlCacheBehavior [ RunTime:0.001648s ]
INFO: [ view_filter ] --END-- [ RunTime:0.001797s ]
SQL: UPDATE `srms_user` SET `last_time`='1490319995' WHERE `user_name` = '华佗' AND `id` = 1 [ RunTime:0.0398s ]
INFO: [ app_end ] --START--
INFO: Run Behavior\ShowPageTraceBehavior [ RunTime:0.002145s ]
INFO: [ app_end ] --END-- [ RunTime:0.002302s ]

[ 2017-03-24T09:46:36+08:00 ] ::1 /test/Hospitalsrms/index.php/Home/Index/index
INFO: [ app_init ] --START--
INFO: Run Behavior\BuildLiteBehavior [ RunTime:0.000015s ]
INFO: [ app_init ] --END-- [ RunTime:0.000545s ]
INFO: [ app_begin ] --START--
INFO: Run Behavior\ReadHtmlCacheBehavior [ RunTime:0.000728s ]
INFO: [ app_begin ] --END-- [ RunTime:0.000780s ]
INFO: [ view_parse ] --START--
INFO: [ template_filter ] --START--
INFO: Run Behavior\ContentReplaceBehavior [ RunTime:0.000158s ]
INFO: [ template_filter ] --END-- [ RunTime:0.000210s ]
INFO: Run Behavior\ParseTemplateBehavior [ RunTime:0.012692s ]
INFO: [ view_parse ] --END-- [ RunTime:0.012755s ]
INFO: [ view_filter ] --START--
INFO: Run Behavior\WriteHtmlCacheBehavior [ RunTime:0.000594s ]
INFO: [ view_filter ] --END-- [ RunTime:0.000646s ]
INFO: [ app_end ] --START--
INFO: Run Behavior\ShowPageTraceBehavior [ RunTime:0.000870s ]
INFO: [ app_end ] --END-- [ RunTime:0.000940s ]

[ 2017-03-24T09:46:36+08:00 ] ::1 /test/Hospitalsrms/index.php/Home/Index/css/swipebox.css
INFO: [ app_init ] --START--
INFO: Run Behavior\BuildLiteBehavior [ RunTime:0.000016s ]
INFO: [ app_init ] --END-- [ RunTime:0.000463s ]
INFO: [ app_begin ] --START--
INFO: Run Behavior\ReadHtmlCacheBehavior [ RunTime:0.000880s ]
INFO: [ app_begin ] --END-- [ RunTime:0.000948s ]
ERR: 非法操作:css

[ 2017-03-24T09:46:36+08:00 ] ::1 /test/Hospitalsrms/index.php/Home/Index/css/swipebox.css
INFO: [ app_init ] --START--
INFO: Run Behavior\BuildLiteBehavior [ RunTime:0.000016s ]
INFO: [ app_init ] --END-- [ RunTime:0.000570s ]
INFO: [ app_begin ] --START--
INFO: Run Behavior\ReadHtmlCacheBehavior [ RunTime:0.000679s ]
INFO: [ app_begin ] --END-- [ RunTime:0.000752s ]
ERR: 非法操作:css

[ 2017-03-24T09:46:40+08:00 ] ::1 /test/Hospitalsrms/index.php/Home/Kyjf/index.html
INFO: [ app_init ] --START--
INFO: Run Behavior\BuildLiteBehavior [ RunTime:0.000017s ]
INFO: [ app_init ] --END-- [ RunTime:0.000618s ]
INFO: [ app_begin ] --START--
INFO: Run Behavior\ReadHtmlCacheBehavior [ RunTime:0.000794s ]
INFO: [ app_begin ] --END-- [ RunTime:0.000854s ]
SQL: SHOW COLUMNS FROM `srms_jf_expense` [ RunTime:0.0547s ]
INFO: [ view_parse ] --START--
INFO: [ template_filter ] --START--
INFO: Run Behavior\ContentReplaceBehavior [ RunTime:0.000473s ]
INFO: [ template_filter ] --END-- [ RunTime:0.000700s ]
INFO: Run Behavior\ParseTemplateBehavior [ RunTime:0.085436s ]
INFO: [ view_parse ] --END-- [ RunTime:0.085589s ]
INFO: [ view_filter ] --START--
INFO: Run Behavior\WriteHtmlCacheBehavior [ RunTime:0.001205s ]
INFO: [ view_filter ] --END-- [ RunTime:0.001341s ]
INFO: [ app_end ] --START--
INFO: Run Behavior\ShowPageTraceBehavior [ RunTime:0.002185s ]
INFO: [ app_end ] --END-- [ RunTime:0.002337s ]

[ 2017-03-24T09:46:52+08:00 ] ::1 /test/Hospitalsrms/index.php/Home/Kyjf/scanIndex.html
INFO: [ app_init ] --START--
INFO: Run Behavior\BuildLiteBehavior [ RunTime:0.000024s ]
INFO: [ app_init ] --END-- [ RunTime:0.000821s ]
INFO: [ app_begin ] --START--
INFO: Run Behavior\ReadHtmlCacheBehavior [ RunTime:0.001094s ]
INFO: [ app_begin ] --END-- [ RunTime:0.001184s ]
SQL: SHOW COLUMNS FROM `srms_jf_expense` [ RunTime:0.0123s ]
SQL: SELECT COUNT(*) AS tp_count FROM `srms_jf_expense` WHERE `uid` = 1 LIMIT 1   [ RunTime:0.0539s ]
SQL: SELECT * FROM `srms_jf_expense` WHERE `uid` = 1 ORDER BY id LIMIT 0,10   [ RunTime:0.0011s ]
SQL: SHOW COLUMNS FROM `srms_year` [ RunTime:0.0473s ]
SQL: SELECT * FROM `srms_year`  [ RunTime:0.0010s ]
INFO: [ view_parse ] --START--
INFO: [ template_filter ] --START--
INFO: Run Behavior\ContentReplaceBehavior [ RunTime:0.000436s ]
INFO: [ template_filter ] --END-- [ RunTime:0.000575s ]
NOTIC: [8] Undefined index: ctime F:\phpStudy\WWW\test\Hospitalsrms\Application\Runtime\Cache\Home\05ec04ce241e03122df0d67e8001d03d.php 第 244 行.
NOTIC: [8] Undefined index: ctime F:\phpStudy\WWW\test\Hospitalsrms\Application\Runtime\Cache\Home\05ec04ce241e03122df0d67e8001d03d.php 第 244 行.
INFO: Run Behavior\ParseTemplateBehavior [ RunTime:0.093699s ]
INFO: [ view_parse ] --END-- [ RunTime:0.093847s ]
INFO: [ view_filter ] --START--
INFO: Run Behavior\WriteHtmlCacheBehavior [ RunTime:0.001307s ]
INFO: [ view_filter ] --END-- [ RunTime:0.001426s ]
INFO: [ app_end ] --START--
INFO: Run Behavior\ShowPageTraceBehavior [ RunTime:0.003877s ]
INFO: [ app_end ] --END-- [ RunTime:0.004055s ]

[ 2017-03-24T09:47:06+08:00 ] ::1 /test/Hospitalsrms/index.php/Home/Kytj/index.html
INFO: [ app_init ] --START--
INFO: Run Behavior\BuildLiteBehavior [ RunTime:0.000017s ]
INFO: [ app_init ] --END-- [ RunTime:0.000615s ]
INFO: [ app_begin ] --START--
INFO: Run Behavior\ReadHtmlCacheBehavior [ RunTime:0.000803s ]
INFO: [ app_begin ] --END-- [ RunTime:0.000870s ]
SQL: SHOW COLUMNS FROM `srms_year` [ RunTime:0.0112s ]
SQL: SELECT * FROM `srms_year`  [ RunTime:0.0010s ]
INFO: [ view_parse ] --START--
INFO: [ template_filter ] --START--
INFO: Run Behavior\ContentReplaceBehavior [ RunTime:0.000881s ]
INFO: [ template_filter ] --END-- [ RunTime:0.001062s ]
INFO: Run Behavior\ParseTemplateBehavior [ RunTime:0.040562s ]
INFO: [ view_parse ] --END-- [ RunTime:0.040741s ]
INFO: [ view_filter ] --START--
INFO: Run Behavior\WriteHtmlCacheBehavior [ RunTime:0.001205s ]
INFO: [ view_filter ] --END-- [ RunTime:0.001324s ]
INFO: [ app_end ] --START--
INFO: Run Behavior\ShowPageTraceBehavior [ RunTime:0.002119s ]
INFO: [ app_end ] --END-- [ RunTime:0.002266s ]

[ 2017-03-24T09:47:09+08:00 ] ::1 /test/Hospitalsrms/index.php/Home/Kytj/scanTheses.html
INFO: [ app_init ] --START--
INFO: Run Behavior\BuildLiteBehavior [ RunTime:0.000017s ]
INFO: [ app_init ] --END-- [ RunTime:0.000489s ]
INFO: [ app_begin ] --START--
INFO: Run Behavior\ReadHtmlCacheBehavior [ RunTime:0.000651s ]
INFO: [ app_begin ] --END-- [ RunTime:0.000705s ]
SQL: SHOW COLUMNS FROM `srms_tj_theses` [ RunTime:0.0330s ]
SQL: SELECT COUNT(*) AS tp_count FROM `srms_tj_theses` WHERE `uid` = 1 LIMIT 1   [ RunTime:0.0010s ]
SQL: SELECT * FROM `srms_tj_theses` WHERE `uid` = 1 ORDER BY id LIMIT 0,10   [ RunTime:0.0015s ]
SQL: SHOW COLUMNS FROM `srms_year` [ RunTime:0.0115s ]
SQL: SELECT * FROM `srms_year`  [ RunTime:0.0009s ]
INFO: [ view_parse ] --START--
INFO: [ template_filter ] --START--
INFO: Run Behavior\ContentReplaceBehavior [ RunTime:0.000317s ]
INFO: [ template_filter ] --END-- [ RunTime:0.000464s ]
INFO: Run Behavior\ParseTemplateBehavior [ RunTime:0.112570s ]
INFO: [ view_parse ] --END-- [ RunTime:0.112667s ]
INFO: [ view_filter ] --START--
INFO: Run Behavior\WriteHtmlCacheBehavior [ RunTime:0.000567s ]
INFO: [ view_filter ] --END-- [ RunTime:0.000618s ]
INFO: [ app_end ] --START--
INFO: Run Behavior\ShowPageTraceBehavior [ RunTime:0.001301s ]
INFO: [ app_end ] --END-- [ RunTime:0.001492s ]

[ 2017-03-24T09:47:18+08:00 ] ::1 /test/Hospitalsrms/index.php/Home/Xmsb/index.html
INFO: [ app_init ] --START--
INFO: Run Behavior\BuildLiteBehavior [ RunTime:0.000038s ]
INFO: [ app_init ] --END-- [ RunTime:0.001429s ]
INFO: [ app_begin ] --START--
INFO: Run Behavior\ReadHtmlCacheBehavior [ RunTime:0.001971s ]
INFO: [ app_begin ] --END-- [ RunTime:0.002115s ]
SQL: SHOW COLUMNS FROM `srms_xm_subject` [ RunTime:0.0127s ]
SQL: SHOW COLUMNS FROM `srms_year` [ RunTime:0.0111s ]
SQL: SELECT * FROM `srms_year`  [ RunTime:0.0010s ]
INFO: [ view_parse ] --START--
INFO: [ template_filter ] --START--
INFO: Run Behavior\ContentReplaceBehavior [ RunTime:0.000348s ]
INFO: [ template_filter ] --END-- [ RunTime:0.000508s ]
INFO: Run Behavior\ParseTemplateBehavior [ RunTime:0.054990s ]
INFO: [ view_parse ] --END-- [ RunTime:0.055158s ]
INFO: [ view_filter ] --START--
INFO: Run Behavior\WriteHtmlCacheBehavior [ RunTime:0.001269s ]
INFO: [ view_filter ] --END-- [ RunTime:0.001396s ]
INFO: [ app_end ] --START--
INFO: Run Behavior\ShowPageTraceBehavior [ RunTime:0.002415s ]
INFO: [ app_end ] --END-- [ RunTime:0.002587s ]

[ 2017-03-24T09:47:24+08:00 ] ::1 /test/Hospitalsrms/index.php/Home/Xmsb/scanSubject.html
INFO: [ app_init ] --START--
INFO: Run Behavior\BuildLiteBehavior [ RunTime:0.000015s ]
INFO: [ app_init ] --END-- [ RunTime:0.000500s ]
INFO: [ app_begin ] --START--
INFO: Run Behavior\ReadHtmlCacheBehavior [ RunTime:0.001243s ]
INFO: [ app_begin ] --END-- [ RunTime:0.001341s ]
SQL: SHOW COLUMNS FROM `srms_xm_subject` [ RunTime:0.0131s ]
SQL: SELECT COUNT(*) AS tp_count FROM `srms_xm_subject` WHERE `uid` = 1 LIMIT 1   [ RunTime:0.0009s ]
SQL: SELECT * FROM `srms_xm_subject` WHERE `uid` = 1 ORDER BY id LIMIT 0,10   [ RunTime:0.0012s ]
SQL: SHOW COLUMNS FROM `srms_year` [ RunTime:0.0115s ]
SQL: SELECT * FROM `srms_year`  [ RunTime:0.0009s ]
INFO: [ view_parse ] --START--
INFO: [ template_filter ] --START--
INFO: Run Behavior\ContentReplaceBehavior [ RunTime:0.000456s ]
INFO: [ template_filter ] --END-- [ RunTime:0.000601s ]
NOTIC: [8] Undefined index: ctime F:\phpStudy\WWW\test\Hospitalsrms\Application\Runtime\Cache\Home\a96e4a05ae9c066e27c9b28522b48274.php 第 237 行.
NOTIC: [8] Undefined index: ctime F:\phpStudy\WWW\test\Hospitalsrms\Application\Runtime\Cache\Home\a96e4a05ae9c066e27c9b28522b48274.php 第 237 行.
INFO: Run Behavior\ParseTemplateBehavior [ RunTime:0.080839s ]
INFO: [ view_parse ] --END-- [ RunTime:0.080986s ]
INFO: [ view_filter ] --START--
INFO: Run Behavior\WriteHtmlCacheBehavior [ RunTime:0.001258s ]
INFO: [ view_filter ] --END-- [ RunTime:0.001381s ]
INFO: [ app_end ] --START--
INFO: Run Behavior\ShowPageTraceBehavior [ RunTime:0.002073s ]
INFO: [ app_end ] --END-- [ RunTime:0.002224s ]

[ 2017-03-24T09:47:58+08:00 ] ::1 /test/Hospitalsrms/index.php/Home/Xmsb/index.html
INFO: [ app_init ] --START--
INFO: Run Behavior\BuildLiteBehavior [ RunTime:0.000017s ]
INFO: [ app_init ] --END-- [ RunTime:0.000604s ]
INFO: [ app_begin ] --START--
INFO: Run Behavior\ReadHtmlCacheBehavior [ RunTime:0.000841s ]
INFO: [ app_begin ] --END-- [ RunTime:0.000912s ]
SQL: SHOW COLUMNS FROM `srms_xm_subject` [ RunTime:0.0126s ]
SQL: SHOW COLUMNS FROM `srms_year` [ RunTime:0.0121s ]
SQL: SELECT * FROM `srms_year`  [ RunTime:0.0011s ]
INFO: [ view_parse ] --START--
INFO: [ template_filter ] --START--
INFO: Run Behavior\ContentReplaceBehavior [ RunTime:0.000194s ]
INFO: [ template_filter ] --END-- [ RunTime:0.000279s ]
INFO: Run Behavior\ParseTemplateBehavior [ RunTime:0.027403s ]
INFO: [ view_parse ] --END-- [ RunTime:0.027522s ]
INFO: [ view_filter ] --START--
INFO: Run Behavior\WriteHtmlCacheBehavior [ RunTime:0.000946s ]
INFO: [ view_filter ] --END-- [ RunTime:0.001047s ]
INFO: [ app_end ] --START--
INFO: Run Behavior\ShowPageTraceBehavior [ RunTime:0.001404s ]
INFO: [ app_end ] --END-- [ RunTime:0.001500s ]

[ 2017-03-24T09:48:01+08:00 ] ::1 /test/Hospitalsrms/index.php/Home/Xmsb/scanSubject.html
INFO: [ app_init ] --START--
INFO: Run Behavior\BuildLiteBehavior [ RunTime:0.000019s ]
INFO: [ app_init ] --END-- [ RunTime:0.000590s ]
INFO: [ app_begin ] --START--
INFO: Run Behavior\ReadHtmlCacheBehavior [ RunTime:0.000792s ]
INFO: [ app_begin ] --END-- [ RunTime:0.000851s ]
SQL: SHOW COLUMNS FROM `srms_xm_subject` [ RunTime:0.0121s ]
SQL: SELECT COUNT(*) AS tp_count FROM `srms_xm_subject` WHERE `uid` = 1 LIMIT 1   [ RunTime:0.0013s ]
SQL: SELECT * FROM `srms_xm_subject` WHERE `uid` = 1 ORDER BY id LIMIT 0,10   [ RunTime:0.0012s ]
SQL: SHOW COLUMNS FROM `srms_year` [ RunTime:0.0115s ]
SQL: SELECT * FROM `srms_year`  [ RunTime:0.0009s ]
INFO: [ view_parse ] --START--
INFO: [ template_filter ] --START--
INFO: Run Behavior\ContentReplaceBehavior [ RunTime:0.000463s ]
INFO: [ template_filter ] --END-- [ RunTime:0.000609s ]
NOTIC: [8] Undefined index: ctime F:\phpStudy\WWW\test\Hospitalsrms\Application\Runtime\Cache\Home\a96e4a05ae9c066e27c9b28522b48274.php 第 237 行.
NOTIC: [8] Undefined index: ctime F:\phpStudy\WWW\test\Hospitalsrms\Application\Runtime\Cache\Home\a96e4a05ae9c066e27c9b28522b48274.php 第 237 行.
INFO: Run Behavior\ParseTemplateBehavior [ RunTime:0.038167s ]
INFO: [ view_parse ] --END-- [ RunTime:0.038286s ]
INFO: [ view_filter ] --START--
INFO: Run Behavior\WriteHtmlCacheBehavior [ RunTime:0.000775s ]
INFO: [ view_filter ] --END-- [ RunTime:0.000850s ]
INFO: [ app_end ] --START--
INFO: Run Behavior\ShowPageTraceBehavior [ RunTime:0.001421s ]
INFO: [ app_end ] --END-- [ RunTime:0.001528s ]

[ 2017-03-24T10:10:16+08:00 ] ::1 /test/Hospitalsrms/index.php/Home/Kytj/index.html
INFO: [ app_init ] --START--
INFO: Run Behavior\BuildLiteBehavior [ RunTime:0.000020s ]
INFO: [ app_init ] --END-- [ RunTime:0.000725s ]
INFO: [ app_begin ] --START--
INFO: Run Behavior\ReadHtmlCacheBehavior [ RunTime:0.000874s ]
INFO: [ app_begin ] --END-- [ RunTime:0.000935s ]
SQL: SHOW COLUMNS FROM `srms_year` [ RunTime:0.0120s ]
SQL: SELECT * FROM `srms_year`  [ RunTime:0.0010s ]
INFO: [ view_parse ] --START--
INFO: [ template_filter ] --START--
INFO: Run Behavior\ContentReplaceBehavior [ RunTime:0.000177s ]
INFO: [ template_filter ] --END-- [ RunTime:0.000259s ]
INFO: Run Behavior\ParseTemplateBehavior [ RunTime:0.029243s ]
INFO: [ view_parse ] --END-- [ RunTime:0.029354s ]
INFO: [ view_filter ] --START--
INFO: Run Behavior\WriteHtmlCacheBehavior [ RunTime:0.000694s ]
INFO: [ view_filter ] --END-- [ RunTime:0.000751s ]
INFO: [ app_end ] --START--
INFO: Run Behavior\ShowPageTraceBehavior [ RunTime:0.001590s ]
INFO: [ app_end ] --END-- [ RunTime:0.001688s ]

[ 2017-03-24T10:10:20+08:00 ] ::1 /test/Hospitalsrms/index.php/Home/Kytj/scanTheses.html
INFO: [ app_init ] --START--
INFO: Run Behavior\BuildLiteBehavior [ RunTime:0.000016s ]
INFO: [ app_init ] --END-- [ RunTime:0.000603s ]
INFO: [ app_begin ] --START--
INFO: Run Behavior\ReadHtmlCacheBehavior [ RunTime:0.001364s ]
INFO: [ app_begin ] --END-- [ RunTime:0.001470s ]
SQL: SHOW COLUMNS FROM `srms_tj_theses` [ RunTime:0.0129s ]
SQL: SELECT COUNT(*) AS tp_count FROM `srms_tj_theses` WHERE `uid` = 1 LIMIT 1   [ RunTime:0.0011s ]
SQL: SELECT * FROM `srms_tj_theses` WHERE `uid` = 1 ORDER BY id LIMIT 0,10   [ RunTime:0.0015s ]
SQL: SHOW COLUMNS FROM `srms_year` [ RunTime:0.0111s ]
SQL: SELECT * FROM `srms_year`  [ RunTime:0.0009s ]
INFO: [ view_parse ] --START--
INFO: [ template_filter ] --START--
INFO: Run Behavior\ContentReplaceBehavior [ RunTime:0.000317s ]
INFO: [ template_filter ] --END-- [ RunTime:0.000465s ]
INFO: Run Behavior\ParseTemplateBehavior [ RunTime:0.037102s ]
INFO: [ view_parse ] --END-- [ RunTime:0.037257s ]
INFO: [ view_filter ] --START--
INFO: Run Behavior\WriteHtmlCacheBehavior [ RunTime:0.001270s ]
INFO: [ view_filter ] --END-- [ RunTime:0.001406s ]
INFO: [ app_end ] --START--
INFO: Run Behavior\ShowPageTraceBehavior [ RunTime:0.002326s ]
INFO: [ app_end ] --END-- [ RunTime:0.002682s ]

[ 2017-03-24T10:10:27+08:00 ] ::1 /test/Hospitalsrms/index.php
INFO: [ app_init ] --START--
INFO: Run Behavior\BuildLiteBehavior [ RunTime:0.000043s ]
INFO: [ app_init ] --END-- [ RunTime:0.001301s ]
INFO: [ app_begin ] --START--
INFO: Run Behavior\ReadHtmlCacheBehavior [ RunTime:0.001550s ]
INFO: [ app_begin ] --END-- [ RunTime:0.001670s ]
INFO: [ view_parse ] --START--
INFO: [ template_filter ] --START--
INFO: Run Behavior\ContentReplaceBehavior [ RunTime:0.000209s ]
INFO: [ template_filter ] --END-- [ RunTime:0.000275s ]
NOTIC: [8] Undefined index: user_id F:\phpStudy\WWW\test\Hospitalsrms\Application\Runtime\Cache\Home\2a94b8bda04ff446dcedd42276fc99ee.php 第 39 行.
INFO: Run Behavior\ParseTemplateBehavior [ RunTime:0.019860s ]
INFO: [ view_parse ] --END-- [ RunTime:0.019940s ]
INFO: [ view_filter ] --START--
INFO: Run Behavior\WriteHtmlCacheBehavior [ RunTime:0.000628s ]
INFO: [ view_filter ] --END-- [ RunTime:0.000679s ]
INFO: [ app_end ] --START--
INFO: Run Behavior\ShowPageTraceBehavior [ RunTime:0.000959s ]
INFO: [ app_end ] --END-- [ RunTime:0.001019s ]

[ 2017-03-24T10:11:15+08:00 ] ::1 /test/Hospitalsrms/index.php/Home/Kytj/index.html
INFO: [ app_init ] --START--
INFO: Run Behavior\BuildLiteBehavior [ RunTime:0.000017s ]
INFO: [ app_init ] --END-- [ RunTime:0.000614s ]
INFO: [ app_begin ] --START--
INFO: Run Behavior\ReadHtmlCacheBehavior [ RunTime:0.000783s ]
INFO: [ app_begin ] --END-- [ RunTime:0.000842s ]
SQL: SHOW COLUMNS FROM `srms_year` [ RunTime:0.0117s ]
SQL: SELECT * FROM `srms_year`  [ RunTime:0.0010s ]
INFO: [ view_parse ] --START--
INFO: [ template_filter ] --START--
INFO: Run Behavior\ContentReplaceBehavior [ RunTime:0.000365s ]
INFO: [ template_filter ] --END-- [ RunTime:0.000515s ]
INFO: Run Behavior\ParseTemplateBehavior [ RunTime:0.033263s ]
INFO: [ view_parse ] --END-- [ RunTime:0.033386s ]
INFO: [ view_filter ] --START--
INFO: Run Behavior\WriteHtmlCacheBehavior [ RunTime:0.000749s ]
INFO: [ view_filter ] --END-- [ RunTime:0.000829s ]
INFO: [ app_end ] --START--
INFO: Run Behavior\ShowPageTraceBehavior [ RunTime:0.001443s ]
INFO: [ app_end ] --END-- [ RunTime:0.001551s ]

[ 2017-03-24T10:12:40+08:00 ] ::1 /test/Hospitalsrms/index.php/Home/Kytj/addAchievement.html
INFO: [ app_init ] --START--
INFO: Run Behavior\BuildLiteBehavior [ RunTime:0.000021s ]
INFO: [ app_init ] --END-- [ RunTime:0.000703s ]
INFO: [ app_begin ] --START--
INFO: Run Behavior\ReadHtmlCacheBehavior [ RunTime:0.001054s ]
INFO: [ app_begin ] --END-- [ RunTime:0.001130s ]
SQL: SHOW COLUMNS FROM `srms_tj_achievement` [ RunTime:0.0566s ]
NOTIC: [8] Undefined variable: data F:\phpStudy\WWW\test\Hospitalsrms\Application\Home\Controller\KytjController.class.php 第 63 行.
SQL: SHOW COLUMNS FROM `srms_year` [ RunTime:0.0116s ]
SQL: SELECT * FROM `srms_year`  [ RunTime:0.0010s ]
INFO: [ view_parse ] --START--
INFO: [ template_filter ] --START--
INFO: Run Behavior\ContentReplaceBehavior [ RunTime:0.000350s ]
INFO: [ template_filter ] --END-- [ RunTime:0.000495s ]
INFO: Run Behavior\ParseTemplateBehavior [ RunTime:0.064848s ]
INFO: [ view_parse ] --END-- [ RunTime:0.065018s ]
INFO: [ view_filter ] --START--
INFO: Run Behavior\WriteHtmlCacheBehavior [ RunTime:0.001451s ]
INFO: [ view_filter ] --END-- [ RunTime:0.001632s ]
INFO: [ app_end ] --START--
INFO: Run Behavior\ShowPageTraceBehavior [ RunTime:0.002793s ]
INFO: [ app_end ] --END-- [ RunTime:0.002982s ]

[ 2017-03-24T10:12:59+08:00 ] ::1 /test/Hospitalsrms/index.php/Home/Xmsb/index.html
INFO: [ app_init ] --START--
INFO: Run Behavior\BuildLiteBehavior [ RunTime:0.000018s ]
INFO: [ app_init ] --END-- [ RunTime:0.000566s ]
INFO: [ app_begin ] --START--
INFO: Run Behavior\ReadHtmlCacheBehavior [ RunTime:0.000898s ]
INFO: [ app_begin ] --END-- [ RunTime:0.001006s ]
SQL: SHOW COLUMNS FROM `srms_xm_subject` [ RunTime:0.0123s ]
SQL: SHOW COLUMNS FROM `srms_year` [ RunTime:0.0128s ]
SQL: SELECT * FROM `srms_year`  [ RunTime:0.0009s ]
INFO: [ view_parse ] --START--
INFO: [ template_filter ] --START--
INFO: Run Behavior\ContentReplaceBehavior [ RunTime:0.000349s ]
INFO: [ template_filter ] --END-- [ RunTime:0.000502s ]
INFO: Run Behavior\ParseTemplateBehavior [ RunTime:0.034110s ]
INFO: [ view_parse ] --END-- [ RunTime:0.034221s ]
INFO: [ view_filter ] --START--
INFO: Run Behavior\WriteHtmlCacheBehavior [ RunTime:0.000653s ]
INFO: [ view_filter ] --END-- [ RunTime:0.000717s ]
INFO: [ app_end ] --START--
INFO: Run Behavior\ShowPageTraceBehavior [ RunTime:0.001114s ]
INFO: [ app_end ] --END-- [ RunTime:0.001196s ]

[ 2017-03-24T10:13:02+08:00 ] ::1 /test/Hospitalsrms/index.php/Home/Xmsb/scanSubject.html
INFO: [ app_init ] --START--
INFO: Run Behavior\BuildLiteBehavior [ RunTime:0.000020s ]
INFO: [ app_init ] --END-- [ RunTime:0.000614s ]
INFO: [ app_begin ] --START--
INFO: Run Behavior\ReadHtmlCacheBehavior [ RunTime:0.001533s ]
INFO: [ app_begin ] --END-- [ RunTime:0.001618s ]
SQL: SHOW COLUMNS FROM `srms_xm_subject` [ RunTime:0.0134s ]
SQL: SELECT COUNT(*) AS tp_count FROM `srms_xm_subject` WHERE `uid` = 1 LIMIT 1   [ RunTime:0.0010s ]
SQL: SELECT * FROM `srms_xm_subject` WHERE `uid` = 1 ORDER BY id LIMIT 0,10   [ RunTime:0.0012s ]
SQL: SHOW COLUMNS FROM `srms_year` [ RunTime:0.0111s ]
SQL: SELECT * FROM `srms_year`  [ RunTime:0.0009s ]
INFO: [ view_parse ] --START--
INFO: [ template_filter ] --START--
INFO: Run Behavior\ContentReplaceBehavior [ RunTime:0.000283s ]
INFO: [ template_filter ] --END-- [ RunTime:0.000396s ]
NOTIC: [8] Undefined index: ctime F:\phpStudy\WWW\test\Hospitalsrms\Application\Runtime\Cache\Home\a96e4a05ae9c066e27c9b28522b48274.php 第 237 行.
NOTIC: [8] Undefined index: ctime F:\phpStudy\WWW\test\Hospitalsrms\Application\Runtime\Cache\Home\a96e4a05ae9c066e27c9b28522b48274.php 第 237 行.
INFO: Run Behavior\ParseTemplateBehavior [ RunTime:0.031209s ]
INFO: [ view_parse ] --END-- [ RunTime:0.031328s ]
INFO: [ view_filter ] --START--
INFO: Run Behavior\WriteHtmlCacheBehavior [ RunTime:0.000789s ]
INFO: [ view_filter ] --END-- [ RunTime:0.000866s ]
INFO: [ app_end ] --START--
INFO: Run Behavior\ShowPageTraceBehavior [ RunTime:0.001940s ]
INFO: [ app_end ] --END-- [ RunTime:0.002079s ]

[ 2017-03-24T10:15:06+08:00 ] ::1 /test/Hospitalsrms/index.php/Home/Xmsb/scanSubject.html
INFO: [ app_init ] --START--
INFO: Run Behavior\BuildLiteBehavior [ RunTime:0.000021s ]
INFO: [ app_init ] --END-- [ RunTime:0.000743s ]
INFO: [ app_begin ] --START--
INFO: Run Behavior\ReadHtmlCacheBehavior [ RunTime:0.001072s ]
INFO: [ app_begin ] --END-- [ RunTime:0.001145s ]
SQL: SHOW COLUMNS FROM `srms_xm_subject` [ RunTime:0.0097s ]
SQL: SELECT COUNT(*) AS tp_count FROM `srms_xm_subject` WHERE `uid` = 1 LIMIT 1   [ RunTime:0.0007s ]
SQL: SELECT * FROM `srms_xm_subject` WHERE `uid` = 1 ORDER BY id LIMIT 0,10   [ RunTime:0.0008s ]
SQL: SHOW COLUMNS FROM `srms_year` [ RunTime:0.0087s ]
SQL: SELECT * FROM `srms_year`  [ RunTime:0.0007s ]
INFO: [ view_parse ] --START--
INFO: [ template_filter ] --START--
INFO: Run Behavior\ContentReplaceBehavior [ RunTime:0.000303s ]
INFO: [ template_filter ] --END-- [ RunTime:0.000400s ]
NOTIC: [8] Undefined index: ctime F:\phpStudy\WWW\test\Hospitalsrms\Application\Runtime\Cache\Home\a96e4a05ae9c066e27c9b28522b48274.php 第 237 行.
NOTIC: [8] Undefined index: ctime F:\phpStudy\WWW\test\Hospitalsrms\Application\Runtime\Cache\Home\a96e4a05ae9c066e27c9b28522b48274.php 第 237 行.
INFO: Run Behavior\ParseTemplateBehavior [ RunTime:0.028518s ]
INFO: [ view_parse ] --END-- [ RunTime:0.028618s ]
INFO: [ view_filter ] --START--
INFO: Run Behavior\WriteHtmlCacheBehavior [ RunTime:0.001045s ]
INFO: [ view_filter ] --END-- [ RunTime:0.001126s ]
INFO: [ app_end ] --START--
INFO: Run Behavior\ShowPageTraceBehavior [ RunTime:0.001609s ]
INFO: [ app_end ] --END-- [ RunTime:0.001723s ]

[ 2017-03-24T10:15:09+08:00 ] ::1 /test/Hospitalsrms/index.php/Home/Xmsb/scanSubject.html
INFO: [ app_init ] --START--
INFO: Run Behavior\BuildLiteBehavior [ RunTime:0.000016s ]
INFO: [ app_init ] --END-- [ RunTime:0.000614s ]
INFO: [ app_begin ] --START--
INFO: Run Behavior\ReadHtmlCacheBehavior [ RunTime:0.000782s ]
INFO: [ app_begin ] --END-- [ RunTime:0.000841s ]
SQL: SHOW COLUMNS FROM `srms_xm_subject` [ RunTime:0.0137s ]
SQL: SELECT COUNT(*) AS tp_count FROM `srms_xm_subject` WHERE `uid` = 1 LIMIT 1   [ RunTime:0.0009s ]
SQL: SELECT * FROM `srms_xm_subject` WHERE `uid` = 1 ORDER BY id LIMIT 0,10   [ RunTime:0.0014s ]
SQL: SHOW COLUMNS FROM `srms_year` [ RunTime:0.0160s ]
SQL: SELECT * FROM `srms_year`  [ RunTime:0.0006s ]
INFO: [ view_parse ] --START--
INFO: [ template_filter ] --START--
INFO: Run Behavior\ContentReplaceBehavior [ RunTime:0.000180s ]
INFO: [ template_filter ] --END-- [ RunTime:0.000251s ]
NOTIC: [8] Undefined index: ctime F:\phpStudy\WWW\test\Hospitalsrms\Application\Runtime\Cache\Home\a96e4a05ae9c066e27c9b28522b48274.php 第 237 行.
NOTIC: [8] Undefined index: ctime F:\phpStudy\WWW\test\Hospitalsrms\Application\Runtime\Cache\Home\a96e4a05ae9c066e27c9b28522b48274.php 第 237 行.
INFO: Run Behavior\ParseTemplateBehavior [ RunTime:0.023905s ]
INFO: [ view_parse ] --END-- [ RunTime:0.023980s ]
INFO: [ view_filter ] --START--
INFO: Run Behavior\WriteHtmlCacheBehavior [ RunTime:0.000533s ]
INFO: [ view_filter ] --END-- [ RunTime:0.000580s ]
INFO: [ app_end ] --START--
INFO: Run Behavior\ShowPageTraceBehavior [ RunTime:0.000949s ]
INFO: [ app_end ] --END-- [ RunTime:0.001022s ]

[ 2017-03-24T10:15:11+08:00 ] ::1 /test/Hospitalsrms/index.php/Home/Xmsb/scanColler.html
INFO: [ app_init ] --START--
INFO: Run Behavior\BuildLiteBehavior [ RunTime:0.000050s ]
INFO: [ app_init ] --END-- [ RunTime:0.001299s ]
INFO: [ app_begin ] --START--
INFO: Run Behavior\ReadHtmlCacheBehavior [ RunTime:0.002308s ]
INFO: [ app_begin ] --END-- [ RunTime:0.002474s ]
SQL: SHOW COLUMNS FROM `srms_xm_coller` [ RunTime:0.0532s ]
SQL: SELECT COUNT(*) AS tp_count FROM `srms_xm_coller` WHERE `uid` = 1 LIMIT 1   [ RunTime:0.0009s ]
SQL: SELECT * FROM `srms_xm_coller` WHERE `uid` = 1 ORDER BY id LIMIT 0,10   [ RunTime:0.0011s ]
SQL: SHOW COLUMNS FROM `srms_year` [ RunTime:0.0124s ]
SQL: SELECT * FROM `srms_year`  [ RunTime:0.0009s ]
INFO: [ view_parse ] --START--
INFO: [ template_filter ] --START--
INFO: Run Behavior\ContentReplaceBehavior [ RunTime:0.000261s ]
INFO: [ template_filter ] --END-- [ RunTime:0.000354s ]
NOTIC: [8] Undefined variable: col F:\phpStudy\WWW\test\Hospitalsrms\Application\Runtime\Cache\Home\60bc86565041b7560192663fe3175102.php 第 268 行.
INFO: Run Behavior\ParseTemplateBehavior [ RunTime:0.025268s ]
INFO: [ view_parse ] --END-- [ RunTime:0.025391s ]
INFO: [ view_filter ] --START--
INFO: Run Behavior\WriteHtmlCacheBehavior [ RunTime:0.000870s ]
INFO: [ view_filter ] --END-- [ RunTime:0.000948s ]
INFO: [ app_end ] --START--
INFO: Run Behavior\ShowPageTraceBehavior [ RunTime:0.001519s ]
INFO: [ app_end ] --END-- [ RunTime:0.001623s ]

[ 2017-03-24T10:15:24+08:00 ] ::1 /test/Hospitalsrms/index.php/Home/Xmsb/scanColler.html
INFO: [ app_init ] --START--
INFO: Run Behavior\BuildLiteBehavior [ RunTime:0.000016s ]
INFO: [ app_init ] --END-- [ RunTime:0.000547s ]
INFO: [ app_begin ] --START--
INFO: Run Behavior\ReadHtmlCacheBehavior [ RunTime:0.000685s ]
INFO: [ app_begin ] --END-- [ RunTime:0.000742s ]
SQL: SHOW COLUMNS FROM `srms_xm_coller` [ RunTime:0.0125s ]
SQL: SELECT COUNT(*) AS tp_count FROM `srms_xm_coller` WHERE `uid` = 1 LIMIT 1   [ RunTime:0.0009s ]
SQL: SELECT * FROM `srms_xm_coller` WHERE `uid` = 1 ORDER BY id LIMIT 0,10   [ RunTime:0.0012s ]
SQL: SHOW COLUMNS FROM `srms_year` [ RunTime:0.0110s ]
SQL: SELECT * FROM `srms_year`  [ RunTime:0.0009s ]
INFO: [ view_parse ] --START--
INFO: [ template_filter ] --START--
INFO: Run Behavior\ContentReplaceBehavior [ RunTime:0.000201s ]
INFO: [ template_filter ] --END-- [ RunTime:0.000269s ]
NOTIC: [8] Undefined variable: col F:\phpStudy\WWW\test\Hospitalsrms\Application\Runtime\Cache\Home\60bc86565041b7560192663fe3175102.php 第 269 行.
INFO: Run Behavior\ParseTemplateBehavior [ RunTime:0.029228s ]
INFO: [ view_parse ] --END-- [ RunTime:0.029367s ]
INFO: [ view_filter ] --START--
INFO: Run Behavior\WriteHtmlCacheBehavior [ RunTime:0.000673s ]
INFO: [ view_filter ] --END-- [ RunTime:0.000733s ]
INFO: [ app_end ] --START--
INFO: Run Behavior\ShowPageTraceBehavior [ RunTime:0.001239s ]
INFO: [ app_end ] --END-- [ RunTime:0.001320s ]

[ 2017-03-24T10:15:49+08:00 ] ::1 /test/Hospitalsrms/index.php/Home/Xmsb/scanColler.html
INFO: [ app_init ] --START--
INFO: Run Behavior\BuildLiteBehavior [ RunTime:0.000016s ]
INFO: [ app_init ] --END-- [ RunTime:0.000635s ]
INFO: [ app_begin ] --START--
INFO: Run Behavior\ReadHtmlCacheBehavior [ RunTime:0.000890s ]
INFO: [ app_begin ] --END-- [ RunTime:0.000952s ]
SQL: SHOW COLUMNS FROM `srms_xm_coller` [ RunTime:0.0131s ]
SQL: SELECT COUNT(*) AS tp_count FROM `srms_xm_coller` WHERE `uid` = 1 LIMIT 1   [ RunTime:0.0009s ]
SQL: SELECT * FROM `srms_xm_coller` WHERE `uid` = 1 ORDER BY id LIMIT 0,10   [ RunTime:0.0011s ]
SQL: SHOW COLUMNS FROM `srms_year` [ RunTime:0.0115s ]
SQL: SELECT * FROM `srms_year`  [ RunTime:0.0009s ]
INFO: [ view_parse ] --START--
INFO: [ template_filter ] --START--
INFO: Run Behavior\ContentReplaceBehavior [ RunTime:0.000274s ]
INFO: [ template_filter ] --END-- [ RunTime:0.000364s ]
NOTIC: [8] Undefined variable: col F:\phpStudy\WWW\test\Hospitalsrms\Application\Runtime\Cache\Home\60bc86565041b7560192663fe3175102.php 第 269 行.
INFO: Run Behavior\ParseTemplateBehavior [ RunTime:0.029896s ]
INFO: [ view_parse ] --END-- [ RunTime:0.030017s ]
INFO: [ view_filter ] --START--
INFO: Run Behavior\WriteHtmlCacheBehavior [ RunTime:0.001052s ]
INFO: [ view_filter ] --END-- [ RunTime:0.001127s ]
INFO: [ app_end ] --START--
INFO: Run Behavior\ShowPageTraceBehavior [ RunTime:0.001798s ]
INFO: [ app_end ] --END-- [ RunTime:0.001920s ]

[ 2017-03-24T10:16:29+08:00 ] ::1 /test/Hospitalsrms/index.php/Home/Index/index.html
INFO: [ app_init ] --START--
INFO: Run Behavior\BuildLiteBehavior [ RunTime:0.000016s ]
INFO: [ app_init ] --END-- [ RunTime:0.000533s ]
INFO: [ app_begin ] --START--
INFO: Run Behavior\ReadHtmlCacheBehavior [ RunTime:0.000777s ]
INFO: [ app_begin ] --END-- [ RunTime:0.000836s ]
INFO: [ view_parse ] --START--
INFO: [ template_filter ] --START--
INFO: Run Behavior\ContentReplaceBehavior [ RunTime:0.000162s ]
INFO: [ template_filter ] --END-- [ RunTime:0.000217s ]
INFO: Run Behavior\ParseTemplateBehavior [ RunTime:0.013783s ]
INFO: [ view_parse ] --END-- [ RunTime:0.013837s ]
INFO: [ view_filter ] --START--
INFO: Run Behavior\WriteHtmlCacheBehavior [ RunTime:0.000466s ]
INFO: [ view_filter ] --END-- [ RunTime:0.000524s ]
INFO: [ app_end ] --START--
INFO: Run Behavior\ShowPageTraceBehavior [ RunTime:0.000813s ]
INFO: [ app_end ] --END-- [ RunTime:0.000882s ]

[ 2017-03-24T10:16:29+08:00 ] ::1 /test/Hospitalsrms/index.php/Home/Index/css/swipebox.css
INFO: [ app_init ] --START--
INFO: Run Behavior\BuildLiteBehavior [ RunTime:0.000022s ]
INFO: [ app_init ] --END-- [ RunTime:0.000543s ]
INFO: [ app_begin ] --START--
INFO: Run Behavior\ReadHtmlCacheBehavior [ RunTime:0.000791s ]
INFO: [ app_begin ] --END-- [ RunTime:0.000864s ]
ERR: 非法操作:css

[ 2017-03-24T10:16:29+08:00 ] ::1 /test/Hospitalsrms/index.php/Home/Index/css/swipebox.css
INFO: [ app_init ] --START--
INFO: Run Behavior\BuildLiteBehavior [ RunTime:0.000016s ]
INFO: [ app_init ] --END-- [ RunTime:0.000606s ]
INFO: [ app_begin ] --START--
INFO: Run Behavior\ReadHtmlCacheBehavior [ RunTime:0.000635s ]
INFO: [ app_begin ] --END-- [ RunTime:0.000687s ]
ERR: 非法操作:css

[ 2017-03-24T10:16:35+08:00 ] ::1 /test/Hospitalsrms/index.php/Home/Kytj/index.html
INFO: [ app_init ] --START--
INFO: Run Behavior\BuildLiteBehavior [ RunTime:0.000023s ]
INFO: [ app_init ] --END-- [ RunTime:0.000523s ]
INFO: [ app_begin ] --START--
INFO: Run Behavior\ReadHtmlCacheBehavior [ RunTime:0.000896s ]
INFO: [ app_begin ] --END-- [ RunTime:0.000977s ]
SQL: SHOW COLUMNS FROM `srms_year` [ RunTime:0.0117s ]
SQL: SELECT * FROM `srms_year`  [ RunTime:0.0012s ]
INFO: [ view_parse ] --START--
INFO: [ template_filter ] --START--
INFO: Run Behavior\ContentReplaceBehavior [ RunTime:0.000212s ]
INFO: [ template_filter ] --END-- [ RunTime:0.000407s ]
INFO: Run Behavior\ParseTemplateBehavior [ RunTime:0.031837s ]
INFO: [ view_parse ] --END-- [ RunTime:0.031959s ]
INFO: [ view_filter ] --START--
INFO: Run Behavior\WriteHtmlCacheBehavior [ RunTime:0.000661s ]
INFO: [ view_filter ] --END-- [ RunTime:0.000726s ]
INFO: [ app_end ] --START--
INFO: Run Behavior\ShowPageTraceBehavior [ RunTime:0.001116s ]
INFO: [ app_end ] --END-- [ RunTime:0.001202s ]

[ 2017-03-24T10:16:42+08:00 ] ::1 /test/Hospitalsrms/index.php/Home/Index/index.html
INFO: [ app_init ] --START--
INFO: Run Behavior\BuildLiteBehavior [ RunTime:0.000016s ]
INFO: [ app_init ] --END-- [ RunTime:0.000600s ]
INFO: [ app_begin ] --START--
INFO: Run Behavior\ReadHtmlCacheBehavior [ RunTime:0.000854s ]
INFO: [ app_begin ] --END-- [ RunTime:0.000933s ]
INFO: [ view_parse ] --START--
INFO: [ template_filter ] --START--
INFO: Run Behavior\ContentReplaceBehavior [ RunTime:0.000206s ]
INFO: [ template_filter ] --END-- [ RunTime:0.000270s ]
INFO: Run Behavior\ParseTemplateBehavior [ RunTime:0.014107s ]
INFO: [ view_parse ] --END-- [ RunTime:0.014238s ]
INFO: [ view_filter ] --START--
INFO: Run Behavior\WriteHtmlCacheBehavior [ RunTime:0.000513s ]
INFO: [ view_filter ] --END-- [ RunTime:0.000564s ]
INFO: [ app_end ] --START--
INFO: Run Behavior\ShowPageTraceBehavior [ RunTime:0.002240s ]
INFO: [ app_end ] --END-- [ RunTime:0.002324s ]

[ 2017-03-24T10:16:42+08:00 ] ::1 /test/Hospitalsrms/index.php/Home/Index/css/swipebox.css
INFO: [ app_init ] --START--
INFO: Run Behavior\BuildLiteBehavior [ RunTime:0.000027s ]
INFO: [ app_init ] --END-- [ RunTime:0.000917s ]
INFO: [ app_begin ] --START--
INFO: Run Behavior\ReadHtmlCacheBehavior [ RunTime:0.000757s ]
INFO: [ app_begin ] --END-- [ RunTime:0.000822s ]
ERR: 非法操作:css

[ 2017-03-24T10:16:53+08:00 ] ::1 /test/Hospitalsrms/index.php/Home/Kytj/index.html
INFO: [ app_init ] --START--
INFO: Run Behavior\BuildLiteBehavior [ RunTime:0.000017s ]
INFO: [ app_init ] --END-- [ RunTime:0.000601s ]
INFO: [ app_begin ] --START--
INFO: Run Behavior\ReadHtmlCacheBehavior [ RunTime:0.000785s ]
INFO: [ app_begin ] --END-- [ RunTime:0.000843s ]
SQL: SHOW COLUMNS FROM `srms_year` [ RunTime:0.0107s ]
SQL: SELECT * FROM `srms_year`  [ RunTime:0.0010s ]
INFO: [ view_parse ] --START--
INFO: [ template_filter ] --START--
INFO: Run Behavior\ContentReplaceBehavior [ RunTime:0.000187s ]
INFO: [ template_filter ] --END-- [ RunTime:0.000269s ]
INFO: Run Behavior\ParseTemplateBehavior [ RunTime:0.026544s ]
INFO: [ view_parse ] --END-- [ RunTime:0.026653s ]
INFO: [ view_filter ] --START--
INFO: Run Behavior\WriteHtmlCacheBehavior [ RunTime:0.000617s ]
INFO: [ view_filter ] --END-- [ RunTime:0.000678s ]
INFO: [ app_end ] --START--
INFO: Run Behavior\ShowPageTraceBehavior [ RunTime:0.001293s ]
INFO: [ app_end ] --END-- [ RunTime:0.001384s ]

[ 2017-03-24T10:17:02+08:00 ] ::1 /test/Hospitalsrms/index.php/Home/Xmsb/index.html
INFO: [ app_init ] --START--
INFO: Run Behavior\BuildLiteBehavior [ RunTime:0.000029s ]
INFO: [ app_init ] --END-- [ RunTime:0.000979s ]
INFO: [ app_begin ] --START--
INFO: Run Behavior\ReadHtmlCacheBehavior [ RunTime:0.000804s ]
INFO: [ app_begin ] --END-- [ RunTime:0.000868s ]
SQL: SHOW COLUMNS FROM `srms_xm_subject` [ RunTime:0.0125s ]
SQL: SHOW COLUMNS FROM `srms_year` [ RunTime:0.0110s ]
SQL: SELECT * FROM `srms_year`  [ RunTime:0.0015s ]
INFO: [ view_parse ] --START--
INFO: [ template_filter ] --START--
INFO: Run Behavior\ContentReplaceBehavior [ RunTime:0.000178s ]
INFO: [ template_filter ] --END-- [ RunTime:0.000259s ]
INFO: Run Behavior\ParseTemplateBehavior [ RunTime:0.029849s ]
INFO: [ view_parse ] --END-- [ RunTime:0.029972s ]
INFO: [ view_filter ] --START--
INFO: Run Behavior\WriteHtmlCacheBehavior [ RunTime:0.000935s ]
INFO: [ view_filter ] --END-- [ RunTime:0.001010s ]
INFO: [ app_end ] --START--
INFO: Run Behavior\ShowPageTraceBehavior [ RunTime:0.001282s ]
INFO: [ app_end ] --END-- [ RunTime:0.001371s ]

[ 2017-03-24T10:17:06+08:00 ] ::1 /test/Hospitalsrms/index.php/Home/Xmsb/scanSubject.html
INFO: [ app_init ] --START--
INFO: Run Behavior\BuildLiteBehavior [ RunTime:0.000017s ]
INFO: [ app_init ] --END-- [ RunTime:0.000604s ]
INFO: [ app_begin ] --START--
INFO: Run Behavior\ReadHtmlCacheBehavior [ RunTime:0.000788s ]
INFO: [ app_begin ] --END-- [ RunTime:0.000847s ]
SQL: SHOW COLUMNS FROM `srms_xm_subject` [ RunTime:0.0081s ]
SQL: SELECT COUNT(*) AS tp_count FROM `srms_xm_subject` WHERE `uid` = 1 LIMIT 1   [ RunTime:0.0007s ]
SQL: SELECT * FROM `srms_xm_subject` WHERE `uid` = 1 ORDER BY id LIMIT 0,10   [ RunTime:0.0008s ]
SQL: SHOW COLUMNS FROM `srms_year` [ RunTime:0.0081s ]
SQL: SELECT * FROM `srms_year`  [ RunTime:0.0006s ]
INFO: [ view_parse ] --START--
INFO: [ template_filter ] --START--
INFO: Run Behavior\ContentReplaceBehavior [ RunTime:0.000169s ]
INFO: [ template_filter ] --END-- [ RunTime:0.000239s ]
NOTIC: [8] Undefined index: ctime F:\phpStudy\WWW\test\Hospitalsrms\Application\Runtime\Cache\Home\a96e4a05ae9c066e27c9b28522b48274.php 第 237 行.
NOTIC: [8] Undefined index: ctime F:\phpStudy\WWW\test\Hospitalsrms\Application\Runtime\Cache\Home\a96e4a05ae9c066e27c9b28522b48274.php 第 237 行.
INFO: Run Behavior\ParseTemplateBehavior [ RunTime:0.021519s ]
INFO: [ view_parse ] --END-- [ RunTime:0.021588s ]
INFO: [ view_filter ] --START--
INFO: Run Behavior\WriteHtmlCacheBehavior [ RunTime:0.000448s ]
INFO: [ view_filter ] --END-- [ RunTime:0.000486s ]
INFO: [ app_end ] --START--
INFO: Run Behavior\ShowPageTraceBehavior [ RunTime:0.000790s ]
INFO: [ app_end ] --END-- [ RunTime:0.000854s ]

[ 2017-03-24T10:18:17+08:00 ] ::1 /test/Hospitalsrms/index.php/Home/Xmsb/scanSubject.html
INFO: [ app_init ] --START--
INFO: Run Behavior\BuildLiteBehavior [ RunTime:0.000019s ]
INFO: [ app_init ] --END-- [ RunTime:0.000620s ]
INFO: [ app_begin ] --START--
INFO: Run Behavior\ReadHtmlCacheBehavior [ RunTime:0.000879s ]
INFO: [ app_begin ] --END-- [ RunTime:0.000949s ]
SQL: SHOW COLUMNS FROM `srms_xm_subject` [ RunTime:0.0068s ]
SQL: SELECT COUNT(*) AS tp_count FROM `srms_xm_subject` WHERE `uid` = 1 LIMIT 1   [ RunTime:0.0006s ]
SQL: SELECT * FROM `srms_xm_subject` WHERE `uid` = 1 ORDER BY id LIMIT 0,10   [ RunTime:0.0007s ]
SQL: SHOW COLUMNS FROM `srms_year` [ RunTime:0.0053s ]
SQL: SELECT * FROM `srms_year`  [ RunTime:0.0005s ]
INFO: [ view_parse ] --START--
INFO: [ template_filter ] --START--
INFO: Run Behavior\ContentReplaceBehavior [ RunTime:0.000217s ]
INFO: [ template_filter ] --END-- [ RunTime:0.000289s ]
NOTIC: [8] Undefined index: ctime F:\phpStudy\WWW\test\Hospitalsrms\Application\Runtime\Cache\Home\a96e4a05ae9c066e27c9b28522b48274.php 第 237 行.
NOTIC: [8] Undefined index: ctime F:\phpStudy\WWW\test\Hospitalsrms\Application\Runtime\Cache\Home\a96e4a05ae9c066e27c9b28522b48274.php 第 237 行.
INFO: Run Behavior\ParseTemplateBehavior [ RunTime:0.020640s ]
INFO: [ view_parse ] --END-- [ RunTime:0.020713s ]
INFO: [ view_filter ] --START--
INFO: Run Behavior\WriteHtmlCacheBehavior [ RunTime:0.000779s ]
INFO: [ view_filter ] --END-- [ RunTime:0.000854s ]
INFO: [ app_end ] --START--
INFO: Run Behavior\ShowPageTraceBehavior [ RunTime:0.001283s ]
INFO: [ app_end ] --END-- [ RunTime:0.001366s ]

[ 2017-03-24T10:19:14+08:00 ] ::1 /test/Hospitalsrms/index.php/Home/Xmsb/scanSubject.html
INFO: [ app_init ] --START--
INFO: Run Behavior\BuildLiteBehavior [ RunTime:0.000017s ]
INFO: [ app_init ] --END-- [ RunTime:0.000668s ]
INFO: [ app_begin ] --START--
INFO: Run Behavior\ReadHtmlCacheBehavior [ RunTime:0.000875s ]
INFO: [ app_begin ] --END-- [ RunTime:0.000939s ]
SQL: SHOW COLUMNS FROM `srms_xm_subject` [ RunTime:0.0138s ]
SQL: SELECT COUNT(*) AS tp_count FROM `srms_xm_subject` WHERE `uid` = 1 LIMIT 1   [ RunTime:0.0010s ]
SQL: SELECT * FROM `srms_xm_subject` WHERE `uid` = 1 ORDER BY id LIMIT 0,10   [ RunTime:0.0018s ]
SQL: SHOW COLUMNS FROM `srms_year` [ RunTime:0.0126s ]
SQL: SELECT * FROM `srms_year`  [ RunTime:0.0015s ]
INFO: [ view_parse ] --START--
INFO: [ template_filter ] --START--
INFO: Run Behavior\ContentReplaceBehavior [ RunTime:0.000240s ]
INFO: [ template_filter ] --END-- [ RunTime:0.000316s ]
NOTIC: [8] Undefined index: ctime F:\phpStudy\WWW\test\Hospitalsrms\Application\Runtime\Cache\Home\a96e4a05ae9c066e27c9b28522b48274.php 第 237 行.
NOTIC: [8] Undefined index: ctime F:\phpStudy\WWW\test\Hospitalsrms\Application\Runtime\Cache\Home\a96e4a05ae9c066e27c9b28522b48274.php 第 237 行.
INFO: Run Behavior\ParseTemplateBehavior [ RunTime:0.031732s ]
INFO: [ view_parse ] --END-- [ RunTime:0.031856s ]
INFO: [ view_filter ] --START--
INFO: Run Behavior\WriteHtmlCacheBehavior [ RunTime:0.000871s ]
INFO: [ view_filter ] --END-- [ RunTime:0.000939s ]
INFO: [ app_end ] --START--
INFO: Run Behavior\ShowPageTraceBehavior [ RunTime:0.001480s ]
INFO: [ app_end ] --END-- [ RunTime:0.001563s ]

[ 2017-03-24T10:20:03+08:00 ] ::1 /test/Hospitalsrms/index.php/Home/Xmsb/scanSubject.html
INFO: [ app_init ] --START--
INFO: Run Behavior\BuildLiteBehavior [ RunTime:0.000017s ]
INFO: [ app_init ] --END-- [ RunTime:0.000572s ]
INFO: [ app_begin ] --START--
INFO: Run Behavior\ReadHtmlCacheBehavior [ RunTime:0.000756s ]
INFO: [ app_begin ] --END-- [ RunTime:0.000813s ]
SQL: SHOW COLUMNS FROM `srms_xm_subject` [ RunTime:0.0131s ]
SQL: SELECT COUNT(*) AS tp_count FROM `srms_xm_subject` WHERE `uid` = 1 LIMIT 1   [ RunTime:0.0009s ]
SQL: SELECT * FROM `srms_xm_subject` WHERE `uid` = 1 ORDER BY id LIMIT 0,10   [ RunTime:0.0015s ]
SQL: SHOW COLUMNS FROM `srms_year` [ RunTime:0.0112s ]
SQL: SELECT * FROM `srms_year`  [ RunTime:0.0009s ]
INFO: [ view_parse ] --START--
INFO: [ template_filter ] --START--
INFO: Run Behavior\ContentReplaceBehavior [ RunTime:0.000235s ]
INFO: [ template_filter ] --END-- [ RunTime:0.000319s ]
INFO: Run Behavior\ParseTemplateBehavior [ RunTime:0.026938s ]
INFO: [ view_parse ] --END-- [ RunTime:0.027054s ]
INFO: [ view_filter ] --START--
INFO: Run Behavior\WriteHtmlCacheBehavior [ RunTime:0.000812s ]
INFO: [ view_filter ] --END-- [ RunTime:0.000879s ]
INFO: [ app_end ] --START--
INFO: Run Behavior\ShowPageTraceBehavior [ RunTime:0.001559s ]
INFO: [ app_end ] --END-- [ RunTime:0.001678s ]

[ 2017-03-24T10:20:09+08:00 ] ::1 /test/Hospitalsrms/index.php/Home/Xmsb/scanDepartment.html
INFO: [ app_init ] --START--
INFO: Run Behavior\BuildLiteBehavior [ RunTime:0.000019s ]
INFO: [ app_init ] --END-- [ RunTime:0.000697s ]
INFO: [ app_begin ] --START--
INFO: Run Behavior\ReadHtmlCacheBehavior [ RunTime:0.000894s ]
INFO: [ app_begin ] --END-- [ RunTime:0.000966s ]
SQL: SHOW COLUMNS FROM `srms_xm_department` [ RunTime:0.0556s ]
SQL: SELECT COUNT(*) AS tp_count FROM `srms_xm_department` WHERE ( (status = 1) OR (status = 0 AND uid = 1) OR(status =2 AND uid = 1) ) LIMIT 1   [ RunTime:0.0010s ]
SQL: SELECT * FROM `srms_xm_department` WHERE ( (status = 1) OR (status = 0 AND uid = 1) OR(status =2 AND uid = 1) ) ORDER BY id LIMIT 0,10   [ RunTime:0.0012s ]
SQL: SHOW COLUMNS FROM `srms_year` [ RunTime:0.0117s ]
SQL: SELECT * FROM `srms_year`  [ RunTime:0.0009s ]
INFO: [ view_parse ] --START--
INFO: [ template_filter ] --START--
INFO: Run Behavior\ContentReplaceBehavior [ RunTime:0.000288s ]
INFO: [ template_filter ] --END-- [ RunTime:0.000521s ]
INFO: Run Behavior\ParseTemplateBehavior [ RunTime:0.036220s ]
INFO: [ view_parse ] --END-- [ RunTime:0.036341s ]
INFO: [ view_filter ] --START--
INFO: Run Behavior\WriteHtmlCacheBehavior [ RunTime:0.000685s ]
INFO: [ view_filter ] --END-- [ RunTime:0.000753s ]
INFO: [ app_end ] --START--
INFO: Run Behavior\ShowPageTraceBehavior [ RunTime:0.001276s ]
INFO: [ app_end ] --END-- [ RunTime:0.001385s ]

[ 2017-03-24T10:20:12+08:00 ] ::1 /test/Hospitalsrms/index.php/Home/Xmsb/scanColler.html
INFO: [ app_init ] --START--
INFO: Run Behavior\BuildLiteBehavior [ RunTime:0.000018s ]
INFO: [ app_init ] --END-- [ RunTime:0.000653s ]
INFO: [ app_begin ] --START--
INFO: Run Behavior\ReadHtmlCacheBehavior [ RunTime:0.000795s ]
INFO: [ app_begin ] --END-- [ RunTime:0.000855s ]
SQL: SHOW COLUMNS FROM `srms_xm_coller` [ RunTime:0.0060s ]
SQL: SELECT COUNT(*) AS tp_count FROM `srms_xm_coller` WHERE `uid` = 1 LIMIT 1   [ RunTime:0.0005s ]
SQL: SELECT * FROM `srms_xm_coller` WHERE `uid` = 1 ORDER BY id LIMIT 0,10   [ RunTime:0.0006s ]
SQL: SHOW COLUMNS FROM `srms_year` [ RunTime:0.0060s ]
SQL: SELECT * FROM `srms_year`  [ RunTime:0.0005s ]
INFO: [ view_parse ] --START--
INFO: [ template_filter ] --START--
INFO: Run Behavior\ContentReplaceBehavior [ RunTime:0.000227s ]
INFO: [ template_filter ] --END-- [ RunTime:0.000314s ]
NOTIC: [8] Undefined variable: col F:\phpStudy\WWW\test\Hospitalsrms\Application\Runtime\Cache\Home\60bc86565041b7560192663fe3175102.php 第 269 行.
INFO: Run Behavior\ParseTemplateBehavior [ RunTime:0.019797s ]
INFO: [ view_parse ] --END-- [ RunTime:0.019875s ]
INFO: [ view_filter ] --START--
INFO: Run Behavior\WriteHtmlCacheBehavior [ RunTime:0.000648s ]
INFO: [ view_filter ] --END-- [ RunTime:0.000711s ]
INFO: [ app_end ] --START--
INFO: Run Behavior\ShowPageTraceBehavior [ RunTime:0.001170s ]
INFO: [ app_end ] --END-- [ RunTime:0.001255s ]

[ 2017-03-24T10:20:14+08:00 ] ::1 /test/Hospitalsrms/index.php/Home/Xmsb/scanPurchase.html
INFO: [ app_init ] --START--
INFO: Run Behavior\BuildLiteBehavior [ RunTime:0.000029s ]
INFO: [ app_init ] --END-- [ RunTime:0.000911s ]
INFO: [ app_begin ] --START--
INFO: Run Behavior\ReadHtmlCacheBehavior [ RunTime:0.001185s ]
INFO: [ app_begin ] --END-- [ RunTime:0.001277s ]
SQL: SHOW COLUMNS FROM `srms_xm_purchase` [ RunTime:0.0546s ]
SQL: SELECT COUNT(*) AS tp_count FROM `srms_xm_purchase` WHERE `uid` = 1 LIMIT 1   [ RunTime:0.0009s ]
SQL: SELECT * FROM `srms_xm_purchase` WHERE `uid` = 1 ORDER BY id LIMIT 0,10   [ RunTime:0.0012s ]
SQL: SHOW COLUMNS FROM `srms_year` [ RunTime:0.0104s ]
SQL: SELECT * FROM `srms_year`  [ RunTime:0.0010s ]
INFO: [ view_parse ] --START--
INFO: [ template_filter ] --START--
INFO: Run Behavior\ContentReplaceBehavior [ RunTime:0.000290s ]
INFO: [ template_filter ] --END-- [ RunTime:0.000383s ]
NOTIC: [8] Undefined variable: col F:\phpStudy\WWW\test\Hospitalsrms\Application\Runtime\Cache\Home\10238801093a56ed15cd9c21019f5521.php 第 286 行.
INFO: Run Behavior\ParseTemplateBehavior [ RunTime:0.034932s ]
INFO: [ view_parse ] --END-- [ RunTime:0.035095s ]
INFO: [ view_filter ] --START--
INFO: Run Behavior\WriteHtmlCacheBehavior [ RunTime:0.000815s ]
INFO: [ view_filter ] --END-- [ RunTime:0.000895s ]
INFO: [ app_end ] --START--
INFO: Run Behavior\ShowPageTraceBehavior [ RunTime:0.001604s ]
INFO: [ app_end ] --END-- [ RunTime:0.001712s ]

[ 2017-03-24T10:20:25+08:00 ] ::1 /test/Hospitalsrms/index.php/Home/Kyjf/index.html
INFO: [ app_init ] --START--
INFO: Run Behavior\BuildLiteBehavior [ RunTime:0.000015s ]
INFO: [ app_init ] --END-- [ RunTime:0.000546s ]
INFO: [ app_begin ] --START--
INFO: Run Behavior\ReadHtmlCacheBehavior [ RunTime:0.000684s ]
INFO: [ app_begin ] --END-- [ RunTime:0.000745s ]
SQL: SHOW COLUMNS FROM `srms_jf_expense` [ RunTime:0.0148s ]
INFO: [ view_parse ] --START--
INFO: [ template_filter ] --START--
INFO: Run Behavior\ContentReplaceBehavior [ RunTime:0.000198s ]
INFO: [ template_filter ] --END-- [ RunTime:0.000292s ]
INFO: Run Behavior\ParseTemplateBehavior [ RunTime:0.018185s ]
INFO: [ view_parse ] --END-- [ RunTime:0.018316s ]
INFO: [ view_filter ] --START--
INFO: Run Behavior\WriteHtmlCacheBehavior [ RunTime:0.000761s ]
INFO: [ view_filter ] --END-- [ RunTime:0.000851s ]
INFO: [ app_end ] --START--
INFO: Run Behavior\ShowPageTraceBehavior [ RunTime:0.001716s ]
INFO: [ app_end ] --END-- [ RunTime:0.001845s ]

[ 2017-03-24T10:20:28+08:00 ] ::1 /test/Hospitalsrms/index.php/Home/Kyjf/scanIndex.html
INFO: [ app_init ] --START--
INFO: Run Behavior\BuildLiteBehavior [ RunTime:0.000018s ]
INFO: [ app_init ] --END-- [ RunTime:0.000646s ]
INFO: [ app_begin ] --START--
INFO: Run Behavior\ReadHtmlCacheBehavior [ RunTime:0.000834s ]
INFO: [ app_begin ] --END-- [ RunTime:0.000889s ]
SQL: SHOW COLUMNS FROM `srms_jf_expense` [ RunTime:0.0128s ]
SQL: SELECT COUNT(*) AS tp_count FROM `srms_jf_expense` WHERE `uid` = 1 LIMIT 1   [ RunTime:0.0009s ]
SQL: SELECT * FROM `srms_jf_expense` WHERE `uid` = 1 ORDER BY id LIMIT 0,10   [ RunTime:0.0011s ]
SQL: SHOW COLUMNS FROM `srms_year` [ RunTime:0.0112s ]
SQL: SELECT * FROM `srms_year`  [ RunTime:0.0010s ]
INFO: [ view_parse ] --START--
INFO: [ template_filter ] --START--
INFO: Run Behavior\ContentReplaceBehavior [ RunTime:0.000269s ]
INFO: [ template_filter ] --END-- [ RunTime:0.000360s ]
NOTIC: [8] Undefined index: ctime F:\phpStudy\WWW\test\Hospitalsrms\Application\Runtime\Cache\Home\05ec04ce241e03122df0d67e8001d03d.php 第 244 行.
NOTIC: [8] Undefined index: ctime F:\phpStudy\WWW\test\Hospitalsrms\Application\Runtime\Cache\Home\05ec04ce241e03122df0d67e8001d03d.php 第 244 行.
INFO: Run Behavior\ParseTemplateBehavior [ RunTime:0.025209s ]
INFO: [ view_parse ] --END-- [ RunTime:0.025328s ]
INFO: [ view_filter ] --START--
INFO: Run Behavior\WriteHtmlCacheBehavior [ RunTime:0.000834s ]
INFO: [ view_filter ] --END-- [ RunTime:0.000910s ]
INFO: [ app_end ] --START--
INFO: Run Behavior\ShowPageTraceBehavior [ RunTime:0.001517s ]
INFO: [ app_end ] --END-- [ RunTime:0.001651s ]

[ 2017-03-24T10:21:29+08:00 ] ::1 /test/Hospitalsrms/index.php/Home/Kyjf/index.html
INFO: [ app_init ] --START--
INFO: Run Behavior\BuildLiteBehavior [ RunTime:0.000015s ]
INFO: [ app_init ] --END-- [ RunTime:0.000466s ]
INFO: [ app_begin ] --START--
INFO: Run Behavior\ReadHtmlCacheBehavior [ RunTime:0.000677s ]
INFO: [ app_begin ] --END-- [ RunTime:0.000728s ]
SQL: SHOW COLUMNS FROM `srms_jf_expense` [ RunTime:0.0134s ]
INFO: [ view_parse ] --START--
INFO: [ template_filter ] --START--
INFO: Run Behavior\ContentReplaceBehavior [ RunTime:0.000322s ]
INFO: [ template_filter ] --END-- [ RunTime:0.000479s ]
INFO: Run Behavior\ParseTemplateBehavior [ RunTime:0.031261s ]
INFO: [ view_parse ] --END-- [ RunTime:0.031408s ]
INFO: [ view_filter ] --START--
INFO: Run Behavior\WriteHtmlCacheBehavior [ RunTime:0.001232s ]
INFO: [ view_filter ] --END-- [ RunTime:0.001355s ]
INFO: [ app_end ] --START--
INFO: Run Behavior\ShowPageTraceBehavior [ RunTime:0.002180s ]
INFO: [ app_end ] --END-- [ RunTime:0.002337s ]

[ 2017-03-24T10:21:40+08:00 ] ::1 /test/Hospitalsrms/index.php/Home/Xshd/index.html
INFO: [ app_init ] --START--
INFO: Run Behavior\BuildLiteBehavior [ RunTime:0.000016s ]
INFO: [ app_init ] --END-- [ RunTime:0.000597s ]
INFO: [ app_begin ] --START--
INFO: Run Behavior\ReadHtmlCacheBehavior [ RunTime:0.000757s ]
INFO: [ app_begin ] --END-- [ RunTime:0.000816s ]
SQL: SHOW COLUMNS FROM `srms_xs_meet` [ RunTime:0.0165s ]
INFO: [ view_parse ] --START--
INFO: [ template_filter ] --START--
INFO: Run Behavior\ContentReplaceBehavior [ RunTime:0.000313s ]
INFO: [ template_filter ] --END-- [ RunTime:0.000460s ]
INFO: Run Behavior\ParseTemplateBehavior [ RunTime:0.061683s ]
INFO: [ view_parse ] --END-- [ RunTime:0.061850s ]
INFO: [ view_filter ] --START--
INFO: Run Behavior\WriteHtmlCacheBehavior [ RunTime:0.001316s ]
INFO: [ view_filter ] --END-- [ RunTime:0.001440s ]
INFO: [ app_end ] --START--
INFO: Run Behavior\ShowPageTraceBehavior [ RunTime:0.002154s ]
INFO: [ app_end ] --END-- [ RunTime:0.002322s ]

[ 2017-03-24T10:21:44+08:00 ] ::1 /test/Hospitalsrms/index.php/Home/Xshd/scanMeet.html
INFO: [ app_init ] --START--
INFO: Run Behavior\BuildLiteBehavior [ RunTime:0.000032s ]
INFO: [ app_init ] --END-- [ RunTime:0.001166s ]
INFO: [ app_begin ] --START--
INFO: Run Behavior\ReadHtmlCacheBehavior [ RunTime:0.001537s ]
INFO: [ app_begin ] --END-- [ RunTime:0.001657s ]
SQL: SHOW COLUMNS FROM `srms_xs_meet` [ RunTime:0.0131s ]
SQL: SELECT COUNT(*) AS tp_count FROM `srms_xs_meet` WHERE ( (status = 1) OR (status = 0 AND uid = 1) OR (status = 2 AND uid = 1) ) LIMIT 1   [ RunTime:0.0015s ]
SQL: SELECT * FROM `srms_xs_meet` WHERE ( (status = 1) OR (status = 0 AND uid = 1) OR (status = 2 AND uid = 1) ) ORDER BY id LIMIT 0,10   [ RunTime:0.0014s ]
SQL: SHOW COLUMNS FROM `srms_xs_meet_attend` [ RunTime:0.0489s ]
SQL: SELECT COUNT(uid) AS tp_count FROM `srms_xs_meet_attend` WHERE `meet_id` = 1 LIMIT 1   [ RunTime:0.0010s ]
SQL: SELECT COUNT(uid) AS tp_count FROM `srms_xs_meet_attend` WHERE `meet_id` = 2 LIMIT 1   [ RunTime:0.0008s ]
SQL: SELECT COUNT(uid) AS tp_count FROM `srms_xs_meet_attend` WHERE `meet_id` = 3 LIMIT 1   [ RunTime:0.0009s ]
SQL: SELECT COUNT(uid) AS tp_count FROM `srms_xs_meet_attend` WHERE `meet_id` = 4 LIMIT 1   [ RunTime:0.0008s ]
SQL: SHOW COLUMNS FROM `srms_year` [ RunTime:0.0135s ]
SQL: SELECT * FROM `srms_year`  [ RunTime:0.0010s ]
INFO: [ view_parse ] --START--
INFO: [ template_filter ] --START--
INFO: Run Behavior\ContentReplaceBehavior [ RunTime:0.000405s ]
INFO: [ template_filter ] --END-- [ RunTime:0.000566s ]
NOTIC: [8] Undefined index: ctime F:\phpStudy\WWW\test\Hospitalsrms\Application\Runtime\Cache\Home\6223bae68730648cdade172b817728ff.php 第 164 行.
NOTIC: [8] Undefined index: ctime F:\phpStudy\WWW\test\Hospitalsrms\Application\Runtime\Cache\Home\6223bae68730648cdade172b817728ff.php 第 164 行.
NOTIC: [8] Undefined index: meetTime F:\phpStudy\WWW\test\Hospitalsrms\Application\Runtime\Cache\Home\6223bae68730648cdade172b817728ff.php 第 220 行.
NOTIC: [8] Undefined index: meetTime F:\phpStudy\WWW\test\Hospitalsrms\Application\Runtime\Cache\Home\6223bae68730648cdade172b817728ff.php 第 220 行.
NOTIC: [8] Undefined index: meetTime F:\phpStudy\WWW\test\Hospitalsrms\Application\Runtime\Cache\Home\6223bae68730648cdade172b817728ff.php 第 220 行.
NOTIC: [8] Undefined index: meetTime F:\phpStudy\WWW\test\Hospitalsrms\Application\Runtime\Cache\Home\6223bae68730648cdade172b817728ff.php 第 220 行.
INFO: Run Behavior\ParseTemplateBehavior [ RunTime:0.084473s ]
INFO: [ view_parse ] --END-- [ RunTime:0.084623s ]
INFO: [ view_filter ] --START--
INFO: Run Behavior\WriteHtmlCacheBehavior [ RunTime:0.001270s ]
INFO: [ view_filter ] --END-- [ RunTime:0.001431s ]
INFO: [ app_end ] --START--
INFO: Run Behavior\ShowPageTraceBehavior [ RunTime:0.003251s ]
INFO: [ app_end ] --END-- [ RunTime:0.003429s ]

[ 2017-03-24T10:23:06+08:00 ] ::1 /test/Hospitalsrms/index.php/Home/Xshd/scanMeet.html
INFO: [ app_init ] --START--
INFO: Run Behavior\BuildLiteBehavior [ RunTime:0.000016s ]
INFO: [ app_init ] --END-- [ RunTime:0.000649s ]
INFO: [ app_begin ] --START--
INFO: Run Behavior\ReadHtmlCacheBehavior [ RunTime:0.000885s ]
INFO: [ app_begin ] --END-- [ RunTime:0.000945s ]
SQL: SHOW COLUMNS FROM `srms_xs_meet` [ RunTime:0.0091s ]
SQL: SELECT COUNT(*) AS tp_count FROM `srms_xs_meet` WHERE ( (status = 1) OR (status = 0 AND uid = 1) OR (status = 2 AND uid = 1) ) LIMIT 1   [ RunTime:0.0007s ]
SQL: SELECT * FROM `srms_xs_meet` WHERE ( (status = 1) OR (status = 0 AND uid = 1) OR (status = 2 AND uid = 1) ) ORDER BY id LIMIT 0,10   [ RunTime:0.0010s ]
SQL: SHOW COLUMNS FROM `srms_xs_meet_attend` [ RunTime:0.0077s ]
SQL: SELECT COUNT(uid) AS tp_count FROM `srms_xs_meet_attend` WHERE `meet_id` = 1 LIMIT 1   [ RunTime:0.0008s ]
SQL: SELECT COUNT(uid) AS tp_count FROM `srms_xs_meet_attend` WHERE `meet_id` = 2 LIMIT 1   [ RunTime:0.0006s ]
SQL: SELECT COUNT(uid) AS tp_count FROM `srms_xs_meet_attend` WHERE `meet_id` = 3 LIMIT 1   [ RunTime:0.0006s ]
SQL: SELECT COUNT(uid) AS tp_count FROM `srms_xs_meet_attend` WHERE `meet_id` = 4 LIMIT 1   [ RunTime:0.0005s ]
SQL: SHOW COLUMNS FROM `srms_year` [ RunTime:0.0071s ]
SQL: SELECT * FROM `srms_year`  [ RunTime:0.0006s ]
INFO: [ view_parse ] --START--
INFO: [ template_filter ] --START--
INFO: Run Behavior\ContentReplaceBehavior [ RunTime:0.000137s ]
INFO: [ template_filter ] --END-- [ RunTime:0.000184s ]
NOTIC: [8] Undefined index: meetTime F:\phpStudy\WWW\test\Hospitalsrms\Application\Runtime\Cache\Home\6223bae68730648cdade172b817728ff.php 第 196 行.
NOTIC: [8] Undefined index: meetTime F:\phpStudy\WWW\test\Hospitalsrms\Application\Runtime\Cache\Home\6223bae68730648cdade172b817728ff.php 第 196 行.
NOTIC: [8] Undefined index: meetTime F:\phpStudy\WWW\test\Hospitalsrms\Application\Runtime\Cache\Home\6223bae68730648cdade172b817728ff.php 第 196 行.
NOTIC: [8] Undefined index: meetTime F:\phpStudy\WWW\test\Hospitalsrms\Application\Runtime\Cache\Home\6223bae68730648cdade172b817728ff.php 第 196 行.
INFO: Run Behavior\ParseTemplateBehavior [ RunTime:0.019153s ]
INFO: [ view_parse ] --END-- [ RunTime:0.019231s ]
INFO: [ view_filter ] --START--
INFO: Run Behavior\WriteHtmlCacheBehavior [ RunTime:0.000482s ]
INFO: [ view_filter ] --END-- [ RunTime:0.000521s ]
INFO: [ app_end ] --START--
INFO: Run Behavior\ShowPageTraceBehavior [ RunTime:0.001853s ]
INFO: [ app_end ] --END-- [ RunTime:0.002122s ]

[ 2017-03-24T10:24:25+08:00 ] ::1 /test/Hospitalsrms/index.php/Home/Xshd/scanMeet.html
INFO: [ app_init ] --START--
INFO: Run Behavior\BuildLiteBehavior [ RunTime:0.000017s ]
INFO: [ app_init ] --END-- [ RunTime:0.000641s ]
INFO: [ app_begin ] --START--
INFO: Run Behavior\ReadHtmlCacheBehavior [ RunTime:0.001594s ]
INFO: [ app_begin ] --END-- [ RunTime:0.001743s ]
SQL: SHOW COLUMNS FROM `srms_xs_meet` [ RunTime:0.0082s ]
SQL: SELECT COUNT(*) AS tp_count FROM `srms_xs_meet` WHERE ( (status = 1) OR (status = 0 AND uid = 1) OR (status = 2 AND uid = 1) ) LIMIT 1   [ RunTime:0.0010s ]
SQL: SELECT * FROM `srms_xs_meet` WHERE ( (status = 1) OR (status = 0 AND uid = 1) OR (status = 2 AND uid = 1) ) ORDER BY id LIMIT 0,10   [ RunTime:0.0008s ]
SQL: SHOW COLUMNS FROM `srms_xs_meet_attend` [ RunTime:0.0071s ]
SQL: SELECT COUNT(uid) AS tp_count FROM `srms_xs_meet_attend` WHERE `meet_id` = 1 LIMIT 1   [ RunTime:0.0006s ]
SQL: SELECT COUNT(uid) AS tp_count FROM `srms_xs_meet_attend` WHERE `meet_id` = 2 LIMIT 1   [ RunTime:0.0005s ]
SQL: SELECT COUNT(uid) AS tp_count FROM `srms_xs_meet_attend` WHERE `meet_id` = 3 LIMIT 1   [ RunTime:0.0005s ]
SQL: SELECT COUNT(uid) AS tp_count FROM `srms_xs_meet_attend` WHERE `meet_id` = 4 LIMIT 1   [ RunTime:0.0006s ]
SQL: SHOW COLUMNS FROM `srms_year` [ RunTime:0.0075s ]
SQL: SELECT * FROM `srms_year`  [ RunTime:0.0006s ]
INFO: [ view_parse ] --START--
INFO: [ template_filter ] --START--
INFO: Run Behavior\ContentReplaceBehavior [ RunTime:0.000208s ]
INFO: [ template_filter ] --END-- [ RunTime:0.000292s ]
NOTIC: [8] Undefined index: meetTime F:\phpStudy\WWW\test\Hospitalsrms\Application\Runtime\Cache\Home\6223bae68730648cdade172b817728ff.php 第 196 行.
NOTIC: [8] Undefined index: meetTime F:\phpStudy\WWW\test\Hospitalsrms\Application\Runtime\Cache\Home\6223bae68730648cdade172b817728ff.php 第 196 行.
NOTIC: [8] Undefined index: meetTime F:\phpStudy\WWW\test\Hospitalsrms\Application\Runtime\Cache\Home\6223bae68730648cdade172b817728ff.php 第 196 行.
NOTIC: [8] Undefined index: meetTime F:\phpStudy\WWW\test\Hospitalsrms\Application\Runtime\Cache\Home\6223bae68730648cdade172b817728ff.php 第 196 行.
INFO: Run Behavior\ParseTemplateBehavior [ RunTime:0.021922s ]
INFO: [ view_parse ] --END-- [ RunTime:0.022009s ]
INFO: [ view_filter ] --START--
INFO: Run Behavior\WriteHtmlCacheBehavior [ RunTime:0.001010s ]
INFO: [ view_filter ] --END-- [ RunTime:0.001091s ]
INFO: [ app_end ] --START--
INFO: Run Behavior\ShowPageTraceBehavior [ RunTime:0.002180s ]
INFO: [ app_end ] --END-- [ RunTime:0.002322s ]

[ 2017-03-24T10:24:27+08:00 ] ::1 /test/Hospitalsrms/index.php/Home/Xshd/scanLecture.html
INFO: [ app_init ] --START--
INFO: Run Behavior\BuildLiteBehavior [ RunTime:0.000018s ]
INFO: [ app_init ] --END-- [ RunTime:0.000646s ]
INFO: [ app_begin ] --START--
INFO: Run Behavior\ReadHtmlCacheBehavior [ RunTime:0.001046s ]
INFO: [ app_begin ] --END-- [ RunTime:0.001137s ]
SQL: SHOW COLUMNS FROM `srms_xs_lecture` [ RunTime:0.0303s ]
SQL: SELECT COUNT(*) AS tp_count FROM `srms_xs_lecture` WHERE ( (status = 1) OR (status = 0) OR (uid = 1) OR (status = 2 AND uid = 1) ) LIMIT 1   [ RunTime:0.0009s ]
SQL: SELECT * FROM `srms_xs_lecture` WHERE ( (status = 1) OR (status = 0) OR (uid = 1) OR (status = 2 AND uid = 1) ) ORDER BY id LIMIT 0,10   [ RunTime:0.0010s ]
SQL: SHOW COLUMNS FROM `srms_xs_lecture_attend` [ RunTime:0.0572s ]
SQL: SELECT COUNT(uid) AS tp_count FROM `srms_xs_lecture_attend` WHERE `lecture_id` = 1 LIMIT 1   [ RunTime:0.0011s ]
SQL: SELECT COUNT(uid) AS tp_count FROM `srms_xs_lecture_attend` WHERE `lecture_id` = 2 LIMIT 1   [ RunTime:0.0008s ]
SQL: SHOW COLUMNS FROM `srms_year` [ RunTime:0.0121s ]
SQL: SELECT * FROM `srms_year`  [ RunTime:0.0010s ]
INFO: [ view_parse ] --START--
INFO: [ template_filter ] --START--
INFO: Run Behavior\ContentReplaceBehavior [ RunTime:0.000207s ]
INFO: [ template_filter ] --END-- [ RunTime:0.000285s ]
NOTIC: [8] Undefined index: ctime F:\phpStudy\WWW\test\Hospitalsrms\Application\Runtime\Cache\Home\b8c40cb8a73b9c8b0b9181eaae250ad4.php 第 163 行.
NOTIC: [8] Undefined index: ctime F:\phpStudy\WWW\test\Hospitalsrms\Application\Runtime\Cache\Home\b8c40cb8a73b9c8b0b9181eaae250ad4.php 第 163 行.
INFO: Run Behavior\ParseTemplateBehavior [ RunTime:0.032430s ]
INFO: [ view_parse ] --END-- [ RunTime:0.032549s ]
INFO: [ view_filter ] --START--
INFO: Run Behavior\WriteHtmlCacheBehavior [ RunTime:0.001088s ]
INFO: [ view_filter ] --END-- [ RunTime:0.001175s ]
INFO: [ app_end ] --START--
INFO: Run Behavior\ShowPageTraceBehavior [ RunTime:0.001661s ]
INFO: [ app_end ] --END-- [ RunTime:0.001781s ]

[ 2017-03-24T10:25:09+08:00 ] ::1 /test/Hospitalsrms/index.php/Home/Xshd/scanLecture.html
INFO: [ app_init ] --START--
INFO: Run Behavior\BuildLiteBehavior [ RunTime:0.000016s ]
INFO: [ app_init ] --END-- [ RunTime:0.000539s ]
INFO: [ app_begin ] --START--
INFO: Run Behavior\ReadHtmlCacheBehavior [ RunTime:0.000677s ]
INFO: [ app_begin ] --END-- [ RunTime:0.000726s ]
SQL: SHOW COLUMNS FROM `srms_xs_lecture` [ RunTime:0.0116s ]
SQL: SELECT COUNT(*) AS tp_count FROM `srms_xs_lecture` WHERE ( (status = 1) OR (status = 0) OR (uid = 1) OR (status = 2 AND uid = 1) ) LIMIT 1   [ RunTime:0.0009s ]
SQL: SELECT * FROM `srms_xs_lecture` WHERE ( (status = 1) OR (status = 0) OR (uid = 1) OR (status = 2 AND uid = 1) ) ORDER BY id LIMIT 0,10   [ RunTime:0.0012s ]
SQL: SHOW COLUMNS FROM `srms_xs_lecture_attend` [ RunTime:0.0113s ]
SQL: SELECT COUNT(uid) AS tp_count FROM `srms_xs_lecture_attend` WHERE `lecture_id` = 1 LIMIT 1   [ RunTime:0.0009s ]
SQL: SELECT COUNT(uid) AS tp_count FROM `srms_xs_lecture_attend` WHERE `lecture_id` = 2 LIMIT 1   [ RunTime:0.0008s ]
SQL: SHOW COLUMNS FROM `srms_year` [ RunTime:0.0123s ]
SQL: SELECT * FROM `srms_year`  [ RunTime:0.0008s ]
INFO: [ view_parse ] --START--
INFO: [ template_filter ] --START--
INFO: Run Behavior\ContentReplaceBehavior [ RunTime:0.000322s ]
INFO: [ template_filter ] --END-- [ RunTime:0.000448s ]
INFO: Run Behavior\ParseTemplateBehavior [ RunTime:0.032173s ]
INFO: [ view_parse ] --END-- [ RunTime:0.032272s ]
INFO: [ view_filter ] --START--
INFO: Run Behavior\WriteHtmlCacheBehavior [ RunTime:0.000676s ]
INFO: [ view_filter ] --END-- [ RunTime:0.000728s ]
INFO: [ app_end ] --START--
INFO: Run Behavior\ShowPageTraceBehavior [ RunTime:0.001378s ]
INFO: [ app_end ] --END-- [ RunTime:0.001453s ]

[ 2017-03-24T10:25:17+08:00 ] ::1 /test/Hospitalsrms/index.php/Home/Xshd/scanComposition.html
INFO: [ app_init ] --START--
INFO: Run Behavior\BuildLiteBehavior [ RunTime:0.000017s ]
INFO: [ app_init ] --END-- [ RunTime:0.000638s ]
INFO: [ app_begin ] --START--
INFO: Run Behavior\ReadHtmlCacheBehavior [ RunTime:0.000890s ]
INFO: [ app_begin ] --END-- [ RunTime:0.000951s ]
SQL: SHOW COLUMNS FROM `srms_xs_composition` [ RunTime:0.0354s ]
SQL: SELECT COUNT(*) AS tp_count FROM `srms_xs_composition` WHERE `uid` = 1 LIMIT 1   [ RunTime:0.0009s ]
SQL: SELECT * FROM `srms_xs_composition` WHERE `uid` = 1 ORDER BY id LIMIT 0,10   [ RunTime:0.0011s ]
SQL: SHOW COLUMNS FROM `srms_year` [ RunTime:0.0110s ]
SQL: SELECT * FROM `srms_year`  [ RunTime:0.0009s ]
INFO: [ view_parse ] --START--
INFO: [ template_filter ] --START--
INFO: Run Behavior\ContentReplaceBehavior [ RunTime:0.000364s ]
INFO: [ template_filter ] --END-- [ RunTime:0.000504s ]
NOTIC: [8] Undefined index: ctime F:\phpStudy\WWW\test\Hospitalsrms\Application\Runtime\Cache\Home\5e2f6997beb7362b6a2b6e6626aea237.php 第 164 行.
NOTIC: [8] Undefined index: ctime F:\phpStudy\WWW\test\Hospitalsrms\Application\Runtime\Cache\Home\5e2f6997beb7362b6a2b6e6626aea237.php 第 164 行.
INFO: Run Behavior\ParseTemplateBehavior [ RunTime:0.077052s ]
INFO: [ view_parse ] --END-- [ RunTime:0.077157s ]
INFO: [ view_filter ] --START--
INFO: Run Behavior\WriteHtmlCacheBehavior [ RunTime:0.000748s ]
INFO: [ view_filter ] --END-- [ RunTime:0.000802s ]
INFO: [ app_end ] --START--
INFO: Run Behavior\ShowPageTraceBehavior [ RunTime:0.001452s ]
INFO: [ app_end ] --END-- [ RunTime:0.001555s ]

[ 2017-03-24T10:26:52+08:00 ] ::1 /test/Hospitalsrms/index.php/Home/Xshd/scanComposition.html
INFO: [ app_init ] --START--
INFO: Run Behavior\BuildLiteBehavior [ RunTime:0.000025s ]
INFO: [ app_init ] --END-- [ RunTime:0.000707s ]
INFO: [ app_begin ] --START--
INFO: Run Behavior\ReadHtmlCacheBehavior [ RunTime:0.000733s ]
INFO: [ app_begin ] --END-- [ RunTime:0.000793s ]
SQL: SHOW COLUMNS FROM `srms_xs_composition` [ RunTime:0.0087s ]
SQL: SELECT COUNT(*) AS tp_count FROM `srms_xs_composition` WHERE `uid` = 1 LIMIT 1   [ RunTime:0.0007s ]
SQL: SELECT * FROM `srms_xs_composition` WHERE `uid` = 1 ORDER BY id LIMIT 0,10   [ RunTime:0.0008s ]
SQL: SHOW COLUMNS FROM `srms_year` [ RunTime:0.0080s ]
SQL: SELECT * FROM `srms_year`  [ RunTime:0.0005s ]
INFO: [ view_parse ] --START--
INFO: [ template_filter ] --START--
INFO: Run Behavior\ContentReplaceBehavior [ RunTime:0.000112s ]
INFO: [ template_filter ] --END-- [ RunTime:0.000179s ]
INFO: Run Behavior\ParseTemplateBehavior [ RunTime:0.013888s ]
INFO: [ view_parse ] --END-- [ RunTime:0.013972s ]
INFO: [ view_filter ] --START--
INFO: Run Behavior\WriteHtmlCacheBehavior [ RunTime:0.000623s ]
INFO: [ view_filter ] --END-- [ RunTime:0.000681s ]
INFO: [ app_end ] --START--
INFO: Run Behavior\ShowPageTraceBehavior [ RunTime:0.001004s ]
INFO: [ app_end ] --END-- [ RunTime:0.001109s ]

[ 2017-03-24T10:27:34+08:00 ] ::1 /test/Hospitalsrms/index.php/Home/Xshd/scanComposition.html
INFO: [ app_init ] --START--
INFO: Run Behavior\BuildLiteBehavior [ RunTime:0.000018s ]
INFO: [ app_init ] --END-- [ RunTime:0.000655s ]
INFO: [ app_begin ] --START--
INFO: Run Behavior\ReadHtmlCacheBehavior [ RunTime:0.000887s ]
INFO: [ app_begin ] --END-- [ RunTime:0.000948s ]
SQL: SHOW COLUMNS FROM `srms_xs_composition` [ RunTime:0.0124s ]
SQL: SELECT COUNT(*) AS tp_count FROM `srms_xs_composition` WHERE `uid` = 1 LIMIT 1   [ RunTime:0.0009s ]
SQL: SELECT * FROM `srms_xs_composition` WHERE `uid` = 1 ORDER BY id LIMIT 0,10   [ RunTime:0.0010s ]
SQL: SHOW COLUMNS FROM `srms_year` [ RunTime:0.0121s ]
SQL: SELECT * FROM `srms_year`  [ RunTime:0.0010s ]
INFO: [ view_parse ] --START--
INFO: [ template_filter ] --START--
INFO: Run Behavior\ContentReplaceBehavior [ RunTime:0.000313s ]
INFO: [ template_filter ] --END-- [ RunTime:0.000459s ]
INFO: Run Behavior\ParseTemplateBehavior [ RunTime:0.034559s ]
INFO: [ view_parse ] --END-- [ RunTime:0.034720s ]
INFO: [ view_filter ] --START--
INFO: Run Behavior\WriteHtmlCacheBehavior [ RunTime:0.001442s ]
INFO: [ view_filter ] --END-- [ RunTime:0.001565s ]
INFO: [ app_end ] --START--
INFO: Run Behavior\ShowPageTraceBehavior [ RunTime:0.002398s ]
INFO: [ app_end ] --END-- [ RunTime:0.002559s ]

[ 2017-03-24T10:27:59+08:00 ] ::1 /test/Hospitalsrms/index.php/Home/Xshd/scanComposition.html
INFO: [ app_init ] --START--
INFO: Run Behavior\BuildLiteBehavior [ RunTime:0.000037s ]
INFO: [ app_init ] --END-- [ RunTime:0.000652s ]
INFO: [ app_begin ] --START--
INFO: Run Behavior\ReadHtmlCacheBehavior [ RunTime:0.000972s ]
INFO: [ app_begin ] --END-- [ RunTime:0.001040s ]
SQL: SHOW COLUMNS FROM `srms_xs_composition` [ RunTime:0.0137s ]
SQL: SELECT COUNT(*) AS tp_count FROM `srms_xs_composition` WHERE `uid` = 1 LIMIT 1   [ RunTime:0.0008s ]
SQL: SELECT * FROM `srms_xs_composition` WHERE `uid` = 1 ORDER BY id LIMIT 0,10   [ RunTime:0.0011s ]
SQL: SHOW COLUMNS FROM `srms_year` [ RunTime:0.0114s ]
SQL: SELECT * FROM `srms_year`  [ RunTime:0.0009s ]
INFO: [ view_parse ] --START--
INFO: [ template_filter ] --START--
INFO: Run Behavior\ContentReplaceBehavior [ RunTime:0.000176s ]
INFO: [ template_filter ] --END-- [ RunTime:0.000259s ]
INFO: Run Behavior\ParseTemplateBehavior [ RunTime:0.020655s ]
INFO: [ view_parse ] --END-- [ RunTime:0.020755s ]
INFO: [ view_filter ] --START--
INFO: Run Behavior\WriteHtmlCacheBehavior [ RunTime:0.000862s ]
INFO: [ view_filter ] --END-- [ RunTime:0.000933s ]
INFO: [ app_end ] --START--
INFO: Run Behavior\ShowPageTraceBehavior [ RunTime:0.001641s ]
INFO: [ app_end ] --END-- [ RunTime:0.001738s ]

[ 2017-03-24T10:31:52+08:00 ] ::1 /test/Hospitalsrms/index.php/Home/Xshd/scanLecture.html
INFO: [ app_init ] --START--
INFO: Run Behavior\BuildLiteBehavior [ RunTime:0.000017s ]
INFO: [ app_init ] --END-- [ RunTime:0.000661s ]
INFO: [ app_begin ] --START--
INFO: Run Behavior\ReadHtmlCacheBehavior [ RunTime:0.000905s ]
INFO: [ app_begin ] --END-- [ RunTime:0.000964s ]
SQL: SHOW COLUMNS FROM `srms_xs_lecture` [ RunTime:0.0075s ]
SQL: SELECT COUNT(*) AS tp_count FROM `srms_xs_lecture` WHERE ( (status = 1) OR (status = 0) OR (uid = 1) OR (status = 2 AND uid = 1) ) LIMIT 1   [ RunTime:0.0007s ]
SQL: SELECT * FROM `srms_xs_lecture` WHERE ( (status = 1) OR (status = 0) OR (uid = 1) OR (status = 2 AND uid = 1) ) ORDER BY id LIMIT 0,10   [ RunTime:0.0009s ]
SQL: SHOW COLUMNS FROM `srms_xs_lecture_attend` [ RunTime:0.0087s ]
SQL: SELECT COUNT(uid) AS tp_count FROM `srms_xs_lecture_attend` WHERE `lecture_id` = 1 LIMIT 1   [ RunTime:0.0006s ]
SQL: SELECT COUNT(uid) AS tp_count FROM `srms_xs_lecture_attend` WHERE `lecture_id` = 2 LIMIT 1   [ RunTime:0.0005s ]
SQL: SHOW COLUMNS FROM `srms_year` [ RunTime:0.0062s ]
SQL: SELECT * FROM `srms_year`  [ RunTime:0.0006s ]
INFO: [ view_parse ] --START--
INFO: [ template_filter ] --START--
INFO: Run Behavior\ContentReplaceBehavior [ RunTime:0.000295s ]
INFO: [ template_filter ] --END-- [ RunTime:0.000415s ]
INFO: Run Behavior\ParseTemplateBehavior [ RunTime:0.025294s ]
INFO: [ view_parse ] --END-- [ RunTime:0.025365s ]
INFO: [ view_filter ] --START--
INFO: Run Behavior\WriteHtmlCacheBehavior [ RunTime:0.000559s ]
INFO: [ view_filter ] --END-- [ RunTime:0.000598s ]
INFO: [ app_end ] --START--
INFO: Run Behavior\ShowPageTraceBehavior [ RunTime:0.000867s ]
INFO: [ app_end ] --END-- [ RunTime:0.000927s ]

[ 2017-03-24T10:31:55+08:00 ] ::1 /test/Hospitalsrms/index.php/Home/Xshd/scanMeet.html
INFO: [ app_init ] --START--
INFO: Run Behavior\BuildLiteBehavior [ RunTime:0.000015s ]
INFO: [ app_init ] --END-- [ RunTime:0.000461s ]
INFO: [ app_begin ] --START--
INFO: Run Behavior\ReadHtmlCacheBehavior [ RunTime:0.000882s ]
INFO: [ app_begin ] --END-- [ RunTime:0.000971s ]
SQL: SHOW COLUMNS FROM `srms_xs_meet` [ RunTime:0.0066s ]
SQL: SELECT COUNT(*) AS tp_count FROM `srms_xs_meet` WHERE ( (status = 1) OR (status = 0 AND uid = 1) OR (status = 2 AND uid = 1) ) LIMIT 1   [ RunTime:0.0006s ]
SQL: SELECT * FROM `srms_xs_meet` WHERE ( (status = 1) OR (status = 0 AND uid = 1) OR (status = 2 AND uid = 1) ) ORDER BY id LIMIT 0,10   [ RunTime:0.0006s ]
SQL: SHOW COLUMNS FROM `srms_xs_meet_attend` [ RunTime:0.0076s ]
SQL: SELECT COUNT(uid) AS tp_count FROM `srms_xs_meet_attend` WHERE `meet_id` = 1 LIMIT 1   [ RunTime:0.0005s ]
SQL: SELECT COUNT(uid) AS tp_count FROM `srms_xs_meet_attend` WHERE `meet_id` = 2 LIMIT 1   [ RunTime:0.0004s ]
SQL: SELECT COUNT(uid) AS tp_count FROM `srms_xs_meet_attend` WHERE `meet_id` = 3 LIMIT 1   [ RunTime:0.0004s ]
SQL: SELECT COUNT(uid) AS tp_count FROM `srms_xs_meet_attend` WHERE `meet_id` = 4 LIMIT 1   [ RunTime:0.0004s ]
SQL: SHOW COLUMNS FROM `srms_year` [ RunTime:0.0053s ]
SQL: SELECT * FROM `srms_year`  [ RunTime:0.0005s ]
INFO: [ view_parse ] --START--
INFO: [ template_filter ] --START--
INFO: Run Behavior\ContentReplaceBehavior [ RunTime:0.000110s ]
INFO: [ template_filter ] --END-- [ RunTime:0.000158s ]
NOTIC: [8] Undefined index: meetTime F:\phpStudy\WWW\test\Hospitalsrms\Application\Runtime\Cache\Home\6223bae68730648cdade172b817728ff.php 第 196 行.
NOTIC: [8] Undefined index: meetTime F:\phpStudy\WWW\test\Hospitalsrms\Application\Runtime\Cache\Home\6223bae68730648cdade172b817728ff.php 第 196 行.
NOTIC: [8] Undefined index: meetTime F:\phpStudy\WWW\test\Hospitalsrms\Application\Runtime\Cache\Home\6223bae68730648cdade172b817728ff.php 第 196 行.
NOTIC: [8] Undefined index: meetTime F:\phpStudy\WWW\test\Hospitalsrms\Application\Runtime\Cache\Home\6223bae68730648cdade172b817728ff.php 第 196 行.
INFO: Run Behavior\ParseTemplateBehavior [ RunTime:0.013409s ]
INFO: [ view_parse ] --END-- [ RunTime:0.013464s ]
INFO: [ view_filter ] --START--
INFO: Run Behavior\WriteHtmlCacheBehavior [ RunTime:0.000469s ]
INFO: [ view_filter ] --END-- [ RunTime:0.000508s ]
INFO: [ app_end ] --START--
INFO: Run Behavior\ShowPageTraceBehavior [ RunTime:0.000860s ]
INFO: [ app_end ] --END-- [ RunTime:0.000921s ]

[ 2017-03-24T10:32:06+08:00 ] ::1 /test/Hospitalsrms/index.php/Home/Xshd/scanComposition.html
INFO: [ app_init ] --START--
INFO: Run Behavior\BuildLiteBehavior [ RunTime:0.000017s ]
INFO: [ app_init ] --END-- [ RunTime:0.000604s ]
INFO: [ app_begin ] --START--
INFO: Run Behavior\ReadHtmlCacheBehavior [ RunTime:0.000795s ]
INFO: [ app_begin ] --END-- [ RunTime:0.000855s ]
SQL: SHOW COLUMNS FROM `srms_xs_composition` [ RunTime:0.0066s ]
SQL: SELECT COUNT(*) AS tp_count FROM `srms_xs_composition` WHERE `uid` = 1 LIMIT 1   [ RunTime:0.0005s ]
SQL: SELECT * FROM `srms_xs_composition` WHERE `uid` = 1 ORDER BY id LIMIT 0,10   [ RunTime:0.0006s ]
SQL: SHOW COLUMNS FROM `srms_year` [ RunTime:0.0065s ]
SQL: SELECT * FROM `srms_year`  [ RunTime:0.0006s ]
INFO: [ view_parse ] --START--
INFO: [ template_filter ] --START--
INFO: Run Behavior\ContentReplaceBehavior [ RunTime:0.000108s ]
INFO: [ template_filter ] --END-- [ RunTime:0.000169s ]
INFO: Run Behavior\ParseTemplateBehavior [ RunTime:0.017236s ]
INFO: [ view_parse ] --END-- [ RunTime:0.017306s ]
INFO: [ view_filter ] --START--
INFO: Run Behavior\WriteHtmlCacheBehavior [ RunTime:0.000447s ]
INFO: [ view_filter ] --END-- [ RunTime:0.000486s ]
INFO: [ app_end ] --START--
INFO: Run Behavior\ShowPageTraceBehavior [ RunTime:0.001085s ]
INFO: [ app_end ] --END-- [ RunTime:0.001190s ]

[ 2017-03-24T10:34:06+08:00 ] ::1 /test/Hospitalsrms/index.php/Home/Xshd/scanComposition.html
INFO: [ app_init ] --START--
INFO: Run Behavior\BuildLiteBehavior [ RunTime:0.000016s ]
INFO: [ app_init ] --END-- [ RunTime:0.000649s ]
INFO: [ app_begin ] --START--
INFO: Run Behavior\ReadHtmlCacheBehavior [ RunTime:0.000882s ]
INFO: [ app_begin ] --END-- [ RunTime:0.000943s ]
SQL: SHOW COLUMNS FROM `srms_xs_composition` [ RunTime:0.0072s ]
SQL: SELECT COUNT(*) AS tp_count FROM `srms_xs_composition` WHERE `uid` = 1 LIMIT 1   [ RunTime:0.0006s ]
SQL: SELECT * FROM `srms_xs_composition` WHERE `uid` = 1 ORDER BY id LIMIT 0,10   [ RunTime:0.0007s ]
SQL: SHOW COLUMNS FROM `srms_year` [ RunTime:0.0066s ]
SQL: SELECT * FROM `srms_year`  [ RunTime:0.0006s ]
INFO: [ view_parse ] --START--
INFO: [ template_filter ] --START--
INFO: Run Behavior\ContentReplaceBehavior [ RunTime:0.000185s ]
INFO: [ template_filter ] --END-- [ RunTime:0.000268s ]
INFO: Run Behavior\ParseTemplateBehavior [ RunTime:0.020369s ]
INFO: [ view_parse ] --END-- [ RunTime:0.020465s ]
INFO: [ view_filter ] --START--
INFO: Run Behavior\WriteHtmlCacheBehavior [ RunTime:0.000859s ]
INFO: [ view_filter ] --END-- [ RunTime:0.000937s ]
INFO: [ app_end ] --START--
INFO: Run Behavior\ShowPageTraceBehavior [ RunTime:0.001902s ]
INFO: [ app_end ] --END-- [ RunTime:0.002005s ]

[ 2017-03-24T10:34:59+08:00 ] ::1 /test/Hospitalsrms/index.php/Home/Xshd/scanComposition.html
INFO: [ app_init ] --START--
INFO: Run Behavior\BuildLiteBehavior [ RunTime:0.000022s ]
INFO: [ app_init ] --END-- [ RunTime:0.000611s ]
INFO: [ app_begin ] --START--
INFO: Run Behavior\ReadHtmlCacheBehavior [ RunTime:0.000779s ]
INFO: [ app_begin ] --END-- [ RunTime:0.000840s ]
SQL: SHOW COLUMNS FROM `srms_xs_composition` [ RunTime:0.0067s ]
SQL: SELECT COUNT(*) AS tp_count FROM `srms_xs_composition` WHERE `uid` = 1 LIMIT 1   [ RunTime:0.0005s ]
SQL: SELECT * FROM `srms_xs_composition` WHERE `uid` = 1 ORDER BY id LIMIT 0,10   [ RunTime:0.0007s ]
SQL: SHOW COLUMNS FROM `srms_year` [ RunTime:0.0065s ]
SQL: SELECT * FROM `srms_year`  [ RunTime:0.0006s ]
INFO: [ view_parse ] --START--
INFO: [ template_filter ] --START--
INFO: Run Behavior\ContentReplaceBehavior [ RunTime:0.000184s ]
INFO: [ template_filter ] --END-- [ RunTime:0.000265s ]
INFO: Run Behavior\ParseTemplateBehavior [ RunTime:0.019531s ]
INFO: [ view_parse ] --END-- [ RunTime:0.019624s ]
INFO: [ view_filter ] --START--
INFO: Run Behavior\WriteHtmlCacheBehavior [ RunTime:0.000742s ]
INFO: [ view_filter ] --END-- [ RunTime:0.000815s ]
INFO: [ app_end ] --START--
INFO: Run Behavior\ShowPageTraceBehavior [ RunTime:0.001464s ]
INFO: [ app_end ] --END-- [ RunTime:0.001566s ]

[ 2017-03-24T10:35:11+08:00 ] ::1 /test/Hospitalsrms/index.php/Home/Xshd/addComposition.html
INFO: [ app_init ] --START--
INFO: Run Behavior\BuildLiteBehavior [ RunTime:0.000018s ]
INFO: [ app_init ] --END-- [ RunTime:0.000617s ]
INFO: [ app_begin ] --START--
INFO: Run Behavior\ReadHtmlCacheBehavior [ RunTime:0.000698s ]
INFO: [ app_begin ] --END-- [ RunTime:0.000774s ]
SQL: SHOW COLUMNS FROM `srms_xs_composition` [ RunTime:0.0113s ]
INFO: [ view_parse ] --START--
INFO: [ template_filter ] --START--
INFO: Run Behavior\ContentReplaceBehavior [ RunTime:0.000310s ]
INFO: [ template_filter ] --END-- [ RunTime:0.000457s ]
INFO: Run Behavior\ParseTemplateBehavior [ RunTime:0.072815s ]
INFO: [ view_parse ] --END-- [ RunTime:0.072964s ]
INFO: [ view_filter ] --START--
INFO: Run Behavior\WriteHtmlCacheBehavior [ RunTime:0.001242s ]
INFO: [ view_filter ] --END-- [ RunTime:0.001362s ]
INFO: [ app_end ] --START--
INFO: Run Behavior\ShowPageTraceBehavior [ RunTime:0.002055s ]
INFO: [ app_end ] --END-- [ RunTime:0.002208s ]

[ 2017-03-24T10:35:27+08:00 ] ::1 /test/Hospitalsrms/index.php/Home/Xshd/addComposition.html
INFO: [ app_init ] --START--
INFO: Run Behavior\BuildLiteBehavior [ RunTime:0.000017s ]
INFO: [ app_init ] --END-- [ RunTime:0.000601s ]
INFO: [ app_begin ] --START--
INFO: Run Behavior\ReadHtmlCacheBehavior [ RunTime:0.000720s ]
INFO: [ app_begin ] --END-- [ RunTime:0.000780s ]
SQL: SHOW COLUMNS FROM `srms_xs_composition` [ RunTime:0.0113s ]
INFO: [ view_parse ] --START--
INFO: [ template_filter ] --START--
INFO: Run Behavior\ContentReplaceBehavior [ RunTime:0.000185s ]
INFO: [ template_filter ] --END-- [ RunTime:0.000278s ]
INFO: Run Behavior\ParseTemplateBehavior [ RunTime:0.026334s ]
INFO: [ view_parse ] --END-- [ RunTime:0.026445s ]
INFO: [ view_filter ] --START--
INFO: Run Behavior\WriteHtmlCacheBehavior [ RunTime:0.000733s ]
INFO: [ view_filter ] --END-- [ RunTime:0.000813s ]
INFO: [ app_end ] --START--
INFO: Run Behavior\ShowPageTraceBehavior [ RunTime:0.001739s ]
INFO: [ app_end ] --END-- [ RunTime:0.001869s ]

[ 2017-03-24T10:35:30+08:00 ] ::1 /test/Hospitalsrms/index.php/Home/Xshd/addComposition.html
INFO: [ app_init ] --START--
INFO: Run Behavior\BuildLiteBehavior [ RunTime:0.000017s ]
INFO: [ app_init ] --END-- [ RunTime:0.000586s ]
INFO: [ app_begin ] --START--
INFO: Run Behavior\ReadHtmlCacheBehavior [ RunTime:0.001637s ]
INFO: [ app_begin ] --END-- [ RunTime:0.001741s ]
SQL: SHOW COLUMNS FROM `srms_xs_composition` [ RunTime:0.0113s ]
INFO: [ view_parse ] --START--
INFO: [ template_filter ] --START--
INFO: Run Behavior\ContentReplaceBehavior [ RunTime:0.000308s ]
INFO: [ template_filter ] --END-- [ RunTime:0.000460s ]
INFO: Run Behavior\ParseTemplateBehavior [ RunTime:0.030063s ]
INFO: [ view_parse ] --END-- [ RunTime:0.030172s ]
INFO: [ view_filter ] --START--
INFO: Run Behavior\WriteHtmlCacheBehavior [ RunTime:0.000640s ]
INFO: [ view_filter ] --END-- [ RunTime:0.000701s ]
INFO: [ app_end ] --START--
INFO: Run Behavior\ShowPageTraceBehavior [ RunTime:0.000983s ]
INFO: [ app_end ] --END-- [ RunTime:0.001048s ]

[ 2017-03-24T10:35:34+08:00 ] ::1 /test/Hospitalsrms/index.php/Home/Xshd/scanComposition.html
INFO: [ app_init ] --START--
INFO: Run Behavior\BuildLiteBehavior [ RunTime:0.000018s ]
INFO: [ app_init ] --END-- [ RunTime:0.000665s ]
INFO: [ app_begin ] --START--
INFO: Run Behavior\ReadHtmlCacheBehavior [ RunTime:0.000838s ]
INFO: [ app_begin ] --END-- [ RunTime:0.000920s ]
SQL: SHOW COLUMNS FROM `srms_xs_composition` [ RunTime:0.0121s ]
SQL: SELECT COUNT(*) AS tp_count FROM `srms_xs_composition` WHERE `uid` = 1 LIMIT 1   [ RunTime:0.0009s ]
SQL: SELECT * FROM `srms_xs_composition` WHERE `uid` = 1 ORDER BY id LIMIT 0,10   [ RunTime:0.0021s ]
SQL: SHOW COLUMNS FROM `srms_year` [ RunTime:0.0109s ]
SQL: SELECT * FROM `srms_year`  [ RunTime:0.0010s ]
INFO: [ view_parse ] --START--
INFO: [ template_filter ] --START--
INFO: Run Behavior\ContentReplaceBehavior [ RunTime:0.000168s ]
INFO: [ template_filter ] --END-- [ RunTime:0.000251s ]
INFO: Run Behavior\ParseTemplateBehavior [ RunTime:0.035326s ]
INFO: [ view_parse ] --END-- [ RunTime:0.035553s ]
INFO: [ view_filter ] --START--
INFO: Run Behavior\WriteHtmlCacheBehavior [ RunTime:0.000860s ]
INFO: [ view_filter ] --END-- [ RunTime:0.000923s ]
INFO: [ app_end ] --START--
INFO: Run Behavior\ShowPageTraceBehavior [ RunTime:0.001500s ]
INFO: [ app_end ] --END-- [ RunTime:0.001631s ]

[ 2017-03-24T10:35:52+08:00 ] ::1 /test/Hospitalsrms/index.php/Home/Xshd/scanComposition.html
INFO: [ app_init ] --START--
INFO: Run Behavior\BuildLiteBehavior [ RunTime:0.000017s ]
INFO: [ app_init ] --END-- [ RunTime:0.000609s ]
INFO: [ app_begin ] --START--
INFO: Run Behavior\ReadHtmlCacheBehavior [ RunTime:0.001525s ]
INFO: [ app_begin ] --END-- [ RunTime:0.001629s ]
SQL: SHOW COLUMNS FROM `srms_xs_composition` [ RunTime:0.0069s ]
SQL: SELECT COUNT(*) AS tp_count FROM `srms_xs_composition` WHERE `uid` = 1 LIMIT 1   [ RunTime:0.0004s ]
SQL: SELECT * FROM `srms_xs_composition` WHERE `uid` = 1 ORDER BY id LIMIT 0,10   [ RunTime:0.0005s ]
SQL: SHOW COLUMNS FROM `srms_year` [ RunTime:0.0042s ]
SQL: SELECT * FROM `srms_year`  [ RunTime:0.0004s ]
INFO: [ view_parse ] --START--
INFO: [ template_filter ] --START--
INFO: Run Behavior\ContentReplaceBehavior [ RunTime:0.000100s ]
INFO: [ template_filter ] --END-- [ RunTime:0.000147s ]
INFO: Run Behavior\ParseTemplateBehavior [ RunTime:0.013823s ]
INFO: [ view_parse ] --END-- [ RunTime:0.013882s ]
INFO: [ view_filter ] --START--
INFO: Run Behavior\WriteHtmlCacheBehavior [ RunTime:0.000480s ]
INFO: [ view_filter ] --END-- [ RunTime:0.000520s ]
INFO: [ app_end ] --START--
INFO: Run Behavior\ShowPageTraceBehavior [ RunTime:0.000892s ]
INFO: [ app_end ] --END-- [ RunTime:0.000976s ]

[ 2017-03-24T10:35:55+08:00 ] ::1 /test/Hospitalsrms/index.php/Home/Xshd/addComposition.html
INFO: [ app_init ] --START--
INFO: Run Behavior\BuildLiteBehavior [ RunTime:0.000017s ]
INFO: [ app_init ] --END-- [ RunTime:0.000602s ]
INFO: [ app_begin ] --START--
INFO: Run Behavior\ReadHtmlCacheBehavior [ RunTime:0.000794s ]
INFO: [ app_begin ] --END-- [ RunTime:0.000854s ]
SQL: SHOW COLUMNS FROM `srms_xs_composition` [ RunTime:0.0122s ]
INFO: [ view_parse ] --START--
INFO: [ template_filter ] --START--
INFO: Run Behavior\ContentReplaceBehavior [ RunTime:0.000163s ]
INFO: [ template_filter ] --END-- [ RunTime:0.000249s ]
INFO: Run Behavior\ParseTemplateBehavior [ RunTime:0.027884s ]
INFO: [ view_parse ] --END-- [ RunTime:0.027997s ]
INFO: [ view_filter ] --START--
INFO: Run Behavior\WriteHtmlCacheBehavior [ RunTime:0.000656s ]
INFO: [ view_filter ] --END-- [ RunTime:0.000720s ]
INFO: [ app_end ] --START--
INFO: Run Behavior\ShowPageTraceBehavior [ RunTime:0.001506s ]
INFO: [ app_end ] --END-- [ RunTime:0.001788s ]

[ 2017-03-24T10:41:42+08:00 ] ::1 /test/Hospitalsrms/index.php/Home/Kytj/index.html
INFO: [ app_init ] --START--
INFO: Run Behavior\BuildLiteBehavior [ RunTime:0.000025s ]
INFO: [ app_init ] --END-- [ RunTime:0.000612s ]
INFO: [ app_begin ] --START--
INFO: Run Behavior\ReadHtmlCacheBehavior [ RunTime:0.000839s ]
INFO: [ app_begin ] --END-- [ RunTime:0.000907s ]
SQL: SHOW COLUMNS FROM `srms_year` [ RunTime:0.0113s ]
SQL: SELECT * FROM `srms_year`  [ RunTime:0.0010s ]
INFO: [ view_parse ] --START--
INFO: [ template_filter ] --START--
INFO: Run Behavior\ContentReplaceBehavior [ RunTime:0.000337s ]
INFO: [ template_filter ] --END-- [ RunTime:0.000475s ]
INFO: Run Behavior\ParseTemplateBehavior [ RunTime:0.027115s ]
INFO: [ view_parse ] --END-- [ RunTime:0.027232s ]
INFO: [ view_filter ] --START--
INFO: Run Behavior\WriteHtmlCacheBehavior [ RunTime:0.000924s ]
INFO: [ view_filter ] --END-- [ RunTime:0.001004s ]
INFO: [ app_end ] --START--
INFO: Run Behavior\ShowPageTraceBehavior [ RunTime:0.001559s ]
INFO: [ app_end ] --END-- [ RunTime:0.001699s ]

[ 2017-03-24T10:44:03+08:00 ] ::1 /test/Hospitalsrms/
INFO: [ app_init ] --START--
INFO: Run Behavior\BuildLiteBehavior [ RunTime:0.000025s ]
INFO: [ app_init ] --END-- [ RunTime:0.000784s ]
INFO: [ app_begin ] --START--
INFO: Run Behavior\ReadHtmlCacheBehavior [ RunTime:0.000876s ]
INFO: [ app_begin ] --END-- [ RunTime:0.000976s ]
INFO: [ view_parse ] --START--
INFO: [ template_filter ] --START--
INFO: Run Behavior\ContentReplaceBehavior [ RunTime:0.000178s ]
INFO: [ template_filter ] --END-- [ RunTime:0.000243s ]
INFO: Run Behavior\ParseTemplateBehavior [ RunTime:0.018658s ]
INFO: [ view_parse ] --END-- [ RunTime:0.018740s ]
INFO: [ view_filter ] --START--
INFO: Run Behavior\WriteHtmlCacheBehavior [ RunTime:0.000653s ]
INFO: [ view_filter ] --END-- [ RunTime:0.000704s ]
INFO: [ app_end ] --START--
INFO: Run Behavior\ShowPageTraceBehavior [ RunTime:0.001026s ]
INFO: [ app_end ] --END-- [ RunTime:0.001088s ]

[ 2017-03-24T10:51:59+08:00 ] ::1 /test/Hospitalsrms/index.php/Home/Kytj/scanTheses.html
INFO: [ app_init ] --START--
INFO: Run Behavior\BuildLiteBehavior [ RunTime:0.000016s ]
INFO: [ app_init ] --END-- [ RunTime:0.000628s ]
INFO: [ app_begin ] --START--
INFO: Run Behavior\ReadHtmlCacheBehavior [ RunTime:0.000750s ]
INFO: [ app_begin ] --END-- [ RunTime:0.000800s ]
SQL: SHOW COLUMNS FROM `srms_tj_theses` [ RunTime:0.0161s ]
SQL: SELECT COUNT(*) AS tp_count FROM `srms_tj_theses` WHERE `uid` = 1 LIMIT 1   [ RunTime:0.0012s ]
SQL: SELECT * FROM `srms_tj_theses` WHERE `uid` = 1 ORDER BY id LIMIT 0,10   [ RunTime:0.0016s ]
SQL: SHOW COLUMNS FROM `srms_year` [ RunTime:0.0216s ]
SQL: SELECT * FROM `srms_year`  [ RunTime:0.0009s ]
INFO: [ view_parse ] --START--
INFO: [ template_filter ] --START--
INFO: Run Behavior\ContentReplaceBehavior [ RunTime:0.000169s ]
INFO: [ template_filter ] --END-- [ RunTime:0.000243s ]
INFO: Run Behavior\ParseTemplateBehavior [ RunTime:0.026777s ]
INFO: [ view_parse ] --END-- [ RunTime:0.026886s ]
INFO: [ view_filter ] --START--
INFO: Run Behavior\WriteHtmlCacheBehavior [ RunTime:0.000960s ]
INFO: [ view_filter ] --END-- [ RunTime:0.001032s ]
INFO: [ app_end ] --START--
INFO: Run Behavior\ShowPageTraceBehavior [ RunTime:0.001695s ]
INFO: [ app_end ] --END-- [ RunTime:0.001830s ]

[ 2017-03-24T10:52:05+08:00 ] ::1 /test/Hospitalsrms/index.php/Home/Kytj/scanAchievement.html
INFO: [ app_init ] --START--
INFO: Run Behavior\BuildLiteBehavior [ RunTime:0.000016s ]
INFO: [ app_init ] --END-- [ RunTime:0.000595s ]
INFO: [ app_begin ] --START--
INFO: Run Behavior\ReadHtmlCacheBehavior [ RunTime:0.000791s ]
INFO: [ app_begin ] --END-- [ RunTime:0.000848s ]
SQL: SHOW COLUMNS FROM `srms_tj_achievement` [ RunTime:0.0148s ]
SQL: SELECT COUNT(*) AS tp_count FROM `srms_tj_achievement` WHERE `uid` = 1 LIMIT 1   [ RunTime:0.0009s ]
SQL: SELECT * FROM `srms_tj_achievement` WHERE `uid` = 1 ORDER BY id LIMIT 0,8   [ RunTime:0.0012s ]
SQL: SHOW COLUMNS FROM `srms_year` [ RunTime:0.0147s ]
SQL: SELECT * FROM `srms_year`  [ RunTime:0.0009s ]
INFO: [ view_parse ] --START--
INFO: [ template_filter ] --START--
INFO: Run Behavior\ContentReplaceBehavior [ RunTime:0.000185s ]
INFO: [ template_filter ] --END-- [ RunTime:0.000270s ]
NOTIC: [8] Undefined variable: col F:\phpStudy\WWW\test\Hospitalsrms\Application\Runtime\Cache\Home\be13df572f53662b9dcbca7cd522b0c8.php 第 190 行.
NOTIC: [8] Undefined variable: col F:\phpStudy\WWW\test\Hospitalsrms\Application\Runtime\Cache\Home\be13df572f53662b9dcbca7cd522b0c8.php 第 190 行.
NOTIC: [8] Undefined variable: col F:\phpStudy\WWW\test\Hospitalsrms\Application\Runtime\Cache\Home\be13df572f53662b9dcbca7cd522b0c8.php 第 190 行.
NOTIC: [8] Undefined variable: col F:\phpStudy\WWW\test\Hospitalsrms\Application\Runtime\Cache\Home\be13df572f53662b9dcbca7cd522b0c8.php 第 190 行.
INFO: Run Behavior\ParseTemplateBehavior [ RunTime:0.022894s ]
INFO: [ view_parse ] --END-- [ RunTime:0.023005s ]
INFO: [ view_filter ] --START--
INFO: Run Behavior\WriteHtmlCacheBehavior [ RunTime:0.000759s ]
INFO: [ view_filter ] --END-- [ RunTime:0.000832s ]
INFO: [ app_end ] --START--
INFO: Run Behavior\ShowPageTraceBehavior [ RunTime:0.001337s ]
INFO: [ app_end ] --END-- [ RunTime:0.001457s ]

[ 2017-03-24T10:52:25+08:00 ] ::1 /test/Hospitalsrms/index.php/Home/Kytj/index.html
INFO: [ app_init ] --START--
INFO: Run Behavior\BuildLiteBehavior [ RunTime:0.000016s ]
INFO: [ app_init ] --END-- [ RunTime:0.000554s ]
INFO: [ app_begin ] --START--
INFO: Run Behavior\ReadHtmlCacheBehavior [ RunTime:0.000708s ]
INFO: [ app_begin ] --END-- [ RunTime:0.000758s ]
SQL: SHOW COLUMNS FROM `srms_year` [ RunTime:0.0066s ]
SQL: SELECT * FROM `srms_year`  [ RunTime:0.0005s ]
INFO: [ view_parse ] --START--
INFO: [ template_filter ] --START--
INFO: Run Behavior\ContentReplaceBehavior [ RunTime:0.000179s ]
INFO: [ template_filter ] --END-- [ RunTime:0.000256s ]
INFO: Run Behavior\ParseTemplateBehavior [ RunTime:0.018762s ]
INFO: [ view_parse ] --END-- [ RunTime:0.018891s ]
INFO: [ view_filter ] --START--
INFO: Run Behavior\WriteHtmlCacheBehavior [ RunTime:0.001001s ]
INFO: [ view_filter ] --END-- [ RunTime:0.001124s ]
INFO: [ app_end ] --START--
INFO: Run Behavior\ShowPageTraceBehavior [ RunTime:0.001296s ]
INFO: [ app_end ] --END-- [ RunTime:0.001386s ]

[ 2017-03-24T10:52:28+08:00 ] ::1 /test/Hospitalsrms/index.php/Home/Kytj/scanTheses.html
INFO: [ app_init ] --START--
INFO: Run Behavior\BuildLiteBehavior [ RunTime:0.000017s ]
INFO: [ app_init ] --END-- [ RunTime:0.000603s ]
INFO: [ app_begin ] --START--
INFO: Run Behavior\ReadHtmlCacheBehavior [ RunTime:0.000781s ]
INFO: [ app_begin ] --END-- [ RunTime:0.000840s ]
SQL: SHOW COLUMNS FROM `srms_tj_theses` [ RunTime:0.0157s ]
SQL: SELECT COUNT(*) AS tp_count FROM `srms_tj_theses` WHERE `uid` = 1 LIMIT 1   [ RunTime:0.0010s ]
SQL: SELECT * FROM `srms_tj_theses` WHERE `uid` = 1 ORDER BY id LIMIT 0,10   [ RunTime:0.0018s ]
SQL: SHOW COLUMNS FROM `srms_year` [ RunTime:0.0156s ]
SQL: SELECT * FROM `srms_year`  [ RunTime:0.0009s ]
INFO: [ view_parse ] --START--
INFO: [ template_filter ] --START--
INFO: Run Behavior\ContentReplaceBehavior [ RunTime:0.000247s ]
INFO: [ template_filter ] --END-- [ RunTime:0.000378s ]
INFO: Run Behavior\ParseTemplateBehavior [ RunTime:0.026088s ]
INFO: [ view_parse ] --END-- [ RunTime:0.026219s ]
INFO: [ view_filter ] --START--
INFO: Run Behavior\WriteHtmlCacheBehavior [ RunTime:0.001006s ]
INFO: [ view_filter ] --END-- [ RunTime:0.001166s ]
INFO: [ app_end ] --START--
INFO: Run Behavior\ShowPageTraceBehavior [ RunTime:0.001209s ]
INFO: [ app_end ] --END-- [ RunTime:0.001564s ]

[ 2017-03-24T10:52:30+08:00 ] ::1 /test/Hospitalsrms/index.php/Home/Xmsb/index.html
INFO: [ app_init ] --START--
INFO: Run Behavior\BuildLiteBehavior [ RunTime:0.000016s ]
INFO: [ app_init ] --END-- [ RunTime:0.000602s ]
INFO: [ app_begin ] --START--
INFO: Run Behavior\ReadHtmlCacheBehavior [ RunTime:0.001402s ]
INFO: [ app_begin ] --END-- [ RunTime:0.001540s ]
SQL: SHOW COLUMNS FROM `srms_xm_subject` [ RunTime:0.0155s ]
SQL: SHOW COLUMNS FROM `srms_year` [ RunTime:0.0130s ]
SQL: SELECT * FROM `srms_year`  [ RunTime:0.0012s ]
INFO: [ view_parse ] --START--
INFO: [ template_filter ] --START--
INFO: Run Behavior\ContentReplaceBehavior [ RunTime:0.000176s ]
INFO: [ template_filter ] --END-- [ RunTime:0.000254s ]
INFO: Run Behavior\ParseTemplateBehavior [ RunTime:0.023488s ]
INFO: [ view_parse ] --END-- [ RunTime:0.023636s ]
INFO: [ view_filter ] --START--
INFO: Run Behavior\WriteHtmlCacheBehavior [ RunTime:0.000644s ]
INFO: [ view_filter ] --END-- [ RunTime:0.000709s ]
INFO: [ app_end ] --START--
INFO: Run Behavior\ShowPageTraceBehavior [ RunTime:0.001168s ]
INFO: [ app_end ] --END-- [ RunTime:0.001275s ]

[ 2017-03-24T10:52:32+08:00 ] ::1 /test/Hospitalsrms/index.php/Home/Xmsb/scanSubject.html
INFO: [ app_init ] --START--
INFO: Run Behavior\BuildLiteBehavior [ RunTime:0.000015s ]
INFO: [ app_init ] --END-- [ RunTime:0.000598s ]
INFO: [ app_begin ] --START--
INFO: Run Behavior\ReadHtmlCacheBehavior [ RunTime:0.001195s ]
INFO: [ app_begin ] --END-- [ RunTime:0.001382s ]
SQL: SHOW COLUMNS FROM `srms_xm_subject` [ RunTime:0.0057s ]
SQL: SELECT COUNT(*) AS tp_count FROM `srms_xm_subject` WHERE `uid` = 1 LIMIT 1   [ RunTime:0.0004s ]
SQL: SELECT * FROM `srms_xm_subject` WHERE `uid` = 1 ORDER BY id LIMIT 0,10   [ RunTime:0.0005s ]
SQL: SHOW COLUMNS FROM `srms_year` [ RunTime:0.0053s ]
SQL: SELECT * FROM `srms_year`  [ RunTime:0.0004s ]
INFO: [ view_parse ] --START--
INFO: [ template_filter ] --START--
INFO: Run Behavior\ContentReplaceBehavior [ RunTime:0.000131s ]
INFO: [ template_filter ] --END-- [ RunTime:0.000178s ]
INFO: Run Behavior\ParseTemplateBehavior [ RunTime:0.013743s ]
INFO: [ view_parse ] --END-- [ RunTime:0.013804s ]
INFO: [ view_filter ] --START--
INFO: Run Behavior\WriteHtmlCacheBehavior [ RunTime:0.000421s ]
INFO: [ view_filter ] --END-- [ RunTime:0.000463s ]
INFO: [ app_end ] --START--
INFO: Run Behavior\ShowPageTraceBehavior [ RunTime:0.000863s ]
INFO: [ app_end ] --END-- [ RunTime:0.000934s ]

[ 2017-03-24T11:03:00+08:00 ] ::1 /test/Hospitalsrms/index.php/Home/Xmsb/scanDepartment.html
INFO: [ app_init ] --START--
INFO: Run Behavior\BuildLiteBehavior [ RunTime:0.000038s ]
INFO: [ app_init ] --END-- [ RunTime:0.001401s ]
INFO: [ app_begin ] --START--
INFO: Run Behavior\ReadHtmlCacheBehavior [ RunTime:0.001631s ]
INFO: [ app_begin ] --END-- [ RunTime:0.001747s ]
SQL: SHOW COLUMNS FROM `srms_xm_department` [ RunTime:0.0158s ]
SQL: SELECT COUNT(*) AS tp_count FROM `srms_xm_department` WHERE ( (status = 1) OR (status = 0 AND uid = 1) OR(status =2 AND uid = 1) ) LIMIT 1   [ RunTime:0.0005s ]
SQL: SELECT * FROM `srms_xm_department` WHERE ( (status = 1) OR (status = 0 AND uid = 1) OR(status =2 AND uid = 1) ) ORDER BY id LIMIT 0,10   [ RunTime:0.0007s ]
SQL: SHOW COLUMNS FROM `srms_year` [ RunTime:0.0052s ]
SQL: SELECT * FROM `srms_year`  [ RunTime:0.0005s ]
INFO: [ view_parse ] --START--
INFO: [ template_filter ] --START--
INFO: Run Behavior\ContentReplaceBehavior [ RunTime:0.000144s ]
INFO: [ template_filter ] --END-- [ RunTime:0.000191s ]
INFO: Run Behavior\ParseTemplateBehavior [ RunTime:0.088832s ]
INFO: [ view_parse ] --END-- [ RunTime:0.088914s ]
INFO: [ view_filter ] --START--
INFO: Run Behavior\WriteHtmlCacheBehavior [ RunTime:0.000778s ]
INFO: [ view_filter ] --END-- [ RunTime:0.000816s ]
INFO: [ app_end ] --START--
INFO: Run Behavior\ShowPageTraceBehavior [ RunTime:0.001120s ]
INFO: [ app_end ] --END-- [ RunTime:0.001176s ]

