[ 2017-03-13T14:27:17+08:00 ] ::1 /test/Hospitalsrms/index.php/admin
INFO: [ app_init ] --START--
INFO: Run Behavior\BuildLiteBehavior [ RunTime:0.000015s ]
INFO: [ app_init ] --END-- [ RunTime:0.000588s ]

[ 2017-03-13T14:29:59+08:00 ] ::1 /test/Hospitalsrms/index.php/admin
INFO: [ app_init ] --START--
INFO: Run Behavior\BuildLiteBehavior [ RunTime:0.000018s ]
INFO: [ app_init ] --END-- [ RunTime:0.000675s ]

[ 2017-03-13T14:31:34+08:00 ] ::1 /test/Hospitalsrms/index.php/admin
INFO: [ app_init ] --START--
INFO: Run Behavior\BuildLiteBehavior [ RunTime:0.000014s ]
INFO: [ app_init ] --END-- [ RunTime:0.000595s ]

[ 2017-03-13T14:32:15+08:00 ] ::1 /test/Hospitalsrms/index.php/admin
INFO: [ app_init ] --START--
INFO: Run Behavior\BuildLiteBehavior [ RunTime:0.000015s ]
INFO: [ app_init ] --END-- [ RunTime:0.000566s ]

[ 2017-03-13T14:33:50+08:00 ] ::1 /test/Hospitalsrms/index.php/Admin/Kyjf/index.html
INFO: [ app_init ] --START--
INFO: Run Behavior\BuildLiteBehavior [ RunTime:0.000014s ]
INFO: [ app_init ] --END-- [ RunTime:0.000581s ]

[ 2017-03-13T14:35:58+08:00 ] ::1 /test/Hospitalsrms/index.php/Admin/Kyjf/index.html
INFO: [ app_init ] --START--
INFO: Run Behavior\BuildLiteBehavior [ RunTime:0.000017s ]
INFO: [ app_init ] --END-- [ RunTime:0.000616s ]

[ 2017-03-13T14:38:31+08:00 ] ::1 /test/Hospitalsrms/index.php/Admin/Kyjf/index.html
INFO: [ app_init ] --START--
INFO: Run Behavior\BuildLiteBehavior [ RunTime:0.000019s ]
INFO: [ app_init ] --END-- [ RunTime:0.000796s ]

[ 2017-03-13T14:38:40+08:00 ] ::1 /test/Hospitalsrms/index.php/Admin/Kytj/Equipment.html
INFO: [ app_init ] --START--
INFO: Run Behavior\BuildLiteBehavior [ RunTime:0.000015s ]
INFO: [ app_init ] --END-- [ RunTime:0.000597s ]

[ 2017-03-13T14:38:46+08:00 ] ::1 /test/Hospitalsrms/index.php/Admin/Kytj/Achievement.html
INFO: [ app_init ] --START--
INFO: Run Behavior\BuildLiteBehavior [ RunTime:0.000015s ]
INFO: [ app_init ] --END-- [ RunTime:0.000553s ]

[ 2017-03-13T14:40:22+08:00 ] ::1 /test/Hospitalsrms/index.php/Admin/Kytj/Achievement.html
INFO: [ app_init ] --START--
INFO: Run Behavior\BuildLiteBehavior [ RunTime:0.000017s ]
INFO: [ app_init ] --END-- [ RunTime:0.000681s ]

[ 2017-03-13T14:40:27+08:00 ] ::1 /test/Hospitalsrms/index.php/Admin/Kytj/Propty.html
INFO: [ app_init ] --START--
INFO: Run Behavior\BuildLiteBehavior [ RunTime:0.000017s ]
INFO: [ app_init ] --END-- [ RunTime:0.000688s ]

[ 2017-03-13T14:40:31+08:00 ] ::1 /test/Hospitalsrms/index.php/Admin/Xmsb/index.html
INFO: [ app_init ] --START--
INFO: Run Behavior\BuildLiteBehavior [ RunTime:0.000015s ]
INFO: [ app_init ] --END-- [ RunTime:0.000627s ]

[ 2017-03-13T14:40:35+08:00 ] ::1 /test/Hospitalsrms/index.php/Admin/Xmsb/department.html
INFO: [ app_init ] --START--
INFO: Run Behavior\BuildLiteBehavior [ RunTime:0.000014s ]
INFO: [ app_init ] --END-- [ RunTime:0.000599s ]

[ 2017-03-13T14:42:53+08:00 ] ::1 /test/Hospitalsrms/index.php/Admin/Xmsb/department.html
INFO: [ app_init ] --START--
INFO: Run Behavior\BuildLiteBehavior [ RunTime:0.000017s ]
INFO: [ app_init ] --END-- [ RunTime:0.000671s ]

[ 2017-03-13T14:42:54+08:00 ] ::1 /test/Hospitalsrms/index.php/Admin/Xmsb/department.html
INFO: [ app_init ] --START--
INFO: Run Behavior\BuildLiteBehavior [ RunTime:0.000017s ]
INFO: [ app_init ] --END-- [ RunTime:0.000721s ]

[ 2017-03-13T14:43:00+08:00 ] ::1 /test/Hospitalsrms/index.php/Admin/Xmsb/coller.html
INFO: [ app_init ] --START--
INFO: Run Behavior\BuildLiteBehavior [ RunTime:0.000014s ]
INFO: [ app_init ] --END-- [ RunTime:0.000580s ]

[ 2017-03-13T14:43:12+08:00 ] ::1 /test/Hospitalsrms/index.php/Admin/Xmsb/coller.html
INFO: [ app_init ] --START--
INFO: Run Behavior\BuildLiteBehavior [ RunTime:0.000019s ]
INFO: [ app_init ] --END-- [ RunTime:0.000729s ]

[ 2017-03-13T14:52:45+08:00 ] ::1 /test/Hospitalsrms/index.php/Admin/Xmsb/coller.html
INFO: [ app_init ] --START--
INFO: Run Behavior\BuildLiteBehavior [ RunTime:0.000018s ]
INFO: [ app_init ] --END-- [ RunTime:0.000665s ]

[ 2017-03-13T14:52:49+08:00 ] ::1 /test/Hospitalsrms/index.php/Admin/Xmsb/coller.html
INFO: [ app_init ] --START--
INFO: Run Behavior\BuildLiteBehavior [ RunTime:0.000016s ]
INFO: [ app_init ] --END-- [ RunTime:0.000517s ]

[ 2017-03-13T14:52:53+08:00 ] ::1 /test/Hospitalsrms/index.php/Admin/Xmsb/index.html
INFO: [ app_init ] --START--
INFO: Run Behavior\BuildLiteBehavior [ RunTime:0.000014s ]
INFO: [ app_init ] --END-- [ RunTime:0.000550s ]

[ 2017-03-13T14:52:59+08:00 ] ::1 /test/Hospitalsrms/index.php/Admin/Xmsb/coller.html
INFO: [ app_init ] --START--
INFO: Run Behavior\BuildLiteBehavior [ RunTime:0.000014s ]
INFO: [ app_init ] --END-- [ RunTime:0.000522s ]

[ 2017-03-13T14:53:03+08:00 ] ::1 /test/Hospitalsrms/index.php/Admin/Kytj/index.html
INFO: [ app_init ] --START--
INFO: Run Behavior\BuildLiteBehavior [ RunTime:0.000016s ]
INFO: [ app_init ] --END-- [ RunTime:0.000546s ]

[ 2017-03-13T14:53:15+08:00 ] ::1 /test/Hospitalsrms/index.php/Admin/Xmsb/department.html
INFO: [ app_init ] --START--
INFO: Run Behavior\BuildLiteBehavior [ RunTime:0.000017s ]
INFO: [ app_init ] --END-- [ RunTime:0.000486s ]

[ 2017-03-13T14:53:18+08:00 ] ::1 /test/Hospitalsrms/index.php/Admin/Xmsb/coller.html
INFO: [ app_init ] --START--
INFO: Run Behavior\BuildLiteBehavior [ RunTime:0.000013s ]
INFO: [ app_init ] --END-- [ RunTime:0.000511s ]

[ 2017-03-13T14:53:22+08:00 ] ::1 /test/Hospitalsrms/index.php/Admin/Xmsb/purchase.html
INFO: [ app_init ] --START--
INFO: Run Behavior\BuildLiteBehavior [ RunTime:0.000020s ]
INFO: [ app_init ] --END-- [ RunTime:0.000564s ]

[ 2017-03-13T14:57:24+08:00 ] ::1 /test/Hospitalsrms/index.php/Admin/Xmsb/purchase.html
INFO: [ app_init ] --START--
INFO: Run Behavior\BuildLiteBehavior [ RunTime:0.000019s ]
INFO: [ app_init ] --END-- [ RunTime:0.000683s ]

[ 2017-03-13T14:57:37+08:00 ] ::1 /test/Hospitalsrms/index.php/Admin/Kyjf/index.html
INFO: [ app_init ] --START--
INFO: Run Behavior\BuildLiteBehavior [ RunTime:0.000018s ]
INFO: [ app_init ] --END-- [ RunTime:0.000540s ]

[ 2017-03-13T14:57:40+08:00 ] ::1 /test/Hospitalsrms/index.php/Admin/Kyjf/apply.html
INFO: [ app_init ] --START--
INFO: Run Behavior\BuildLiteBehavior [ RunTime:0.000020s ]
INFO: [ app_init ] --END-- [ RunTime:0.000912s ]
ERR: 1146:Table 'srms.srms_jf_expense_apply' doesn't exist
 [ SQL语句 ] : SHOW COLUMNS FROM `srms_jf_expense_apply`

[ 2017-03-13T14:58:23+08:00 ] ::1 /test/Hospitalsrms/index.php/Admin/Kyjf/apply.html
INFO: [ app_init ] --START--
INFO: Run Behavior\BuildLiteBehavior [ RunTime:0.000015s ]
INFO: [ app_init ] --END-- [ RunTime:0.000576s ]

[ 2017-03-13T14:58:28+08:00 ] ::1 /test/Hospitalsrms/index.php/Admin/Xshd/index.html
INFO: [ app_init ] --START--
INFO: Run Behavior\BuildLiteBehavior [ RunTime:0.000016s ]
INFO: [ app_init ] --END-- [ RunTime:0.000589s ]

[ 2017-03-13T14:59:26+08:00 ] ::1 /test/Hospitalsrms/index.php/Admin/Xshd/index.html
INFO: [ app_init ] --START--
INFO: Run Behavior\BuildLiteBehavior [ RunTime:0.000061s ]
INFO: [ app_init ] --END-- [ RunTime:0.001868s ]

[ 2017-03-13T14:59:29+08:00 ] ::1 /test/Hospitalsrms/index.php/Admin/Xshd/index.html
INFO: [ app_init ] --START--
INFO: Run Behavior\BuildLiteBehavior [ RunTime:0.000018s ]
INFO: [ app_init ] --END-- [ RunTime:0.000617s ]

[ 2017-03-13T15:00:54+08:00 ] ::1 /test/Hospitalsrms/index.php/Admin/Xshd/index.html
INFO: [ app_init ] --START--
INFO: Run Behavior\BuildLiteBehavior [ RunTime:0.000016s ]
INFO: [ app_init ] --END-- [ RunTime:0.000499s ]

[ 2017-03-13T15:01:51+08:00 ] ::1 /test/Hospitalsrms/index.php/Admin/Xshd/index.html
INFO: [ app_init ] --START--
INFO: Run Behavior\BuildLiteBehavior [ RunTime:0.000018s ]
INFO: [ app_init ] --END-- [ RunTime:0.000676s ]

[ 2017-03-13T15:01:55+08:00 ] ::1 /test/Hospitalsrms/index.php/Admin/Xshd/index.html
INFO: [ app_init ] --START--
INFO: Run Behavior\BuildLiteBehavior [ RunTime:0.000016s ]
INFO: [ app_init ] --END-- [ RunTime:0.000602s ]

[ 2017-03-13T15:01:57+08:00 ] ::1 /test/Hospitalsrms/index.php/Admin/Xshd/lecture.html
INFO: [ app_init ] --START--
INFO: Run Behavior\BuildLiteBehavior [ RunTime:0.000249s ]
INFO: [ app_init ] --END-- [ RunTime:0.002018s ]

[ 2017-03-13T15:01:59+08:00 ] ::1 /test/Hospitalsrms/index.php/Admin/Xshd/composition.html
INFO: [ app_init ] --START--
INFO: Run Behavior\BuildLiteBehavior [ RunTime:0.000018s ]
INFO: [ app_init ] --END-- [ RunTime:0.000510s ]

[ 2017-03-13T15:02:01+08:00 ] ::1 /test/Hospitalsrms/index.php/Admin/Xshd/composition.html
INFO: [ app_init ] --START--
INFO: Run Behavior\BuildLiteBehavior [ RunTime:0.000014s ]
INFO: [ app_init ] --END-- [ RunTime:0.000534s ]

[ 2017-03-13T15:02:03+08:00 ] ::1 /test/Hospitalsrms/index.php/Admin/Xmsb/index.html
INFO: [ app_init ] --START--
INFO: Run Behavior\BuildLiteBehavior [ RunTime:0.000014s ]
INFO: [ app_init ] --END-- [ RunTime:0.000517s ]

[ 2017-03-13T15:02:54+08:00 ] ::1 /test/Hospitalsrms/index.php/Admin/Xmsb/index.html
INFO: [ app_init ] --START--
INFO: Run Behavior\BuildLiteBehavior [ RunTime:0.000016s ]
INFO: [ app_init ] --END-- [ RunTime:0.000683s ]

[ 2017-03-13T15:07:22+08:00 ] ::1 /test/Hospitalsrms/index.php/Admin/Xtgl/user.html
INFO: [ app_init ] --START--
INFO: Run Behavior\BuildLiteBehavior [ RunTime:0.000023s ]
INFO: [ app_init ] --END-- [ RunTime:0.000540s ]

[ 2017-03-13T15:08:07+08:00 ] ::1 /test/Hospitalsrms/index.php/Admin/Xtgl/user.html
INFO: [ app_init ] --START--
INFO: Run Behavior\BuildLiteBehavior [ RunTime:0.000015s ]
INFO: [ app_init ] --END-- [ RunTime:0.000544s ]

[ 2017-03-13T15:08:09+08:00 ] ::1 /test/Hospitalsrms/index.php/Admin/Xtgl/user.html
INFO: [ app_init ] --START--
INFO: Run Behavior\BuildLiteBehavior [ RunTime:0.000020s ]
INFO: [ app_init ] --END-- [ RunTime:0.000515s ]

[ 2017-03-13T15:08:21+08:00 ] ::1 /test/Hospitalsrms/index.php/Admin/Xtgl/user.html
INFO: [ app_init ] --START--
INFO: Run Behavior\BuildLiteBehavior [ RunTime:0.000017s ]
INFO: [ app_init ] --END-- [ RunTime:0.000677s ]

[ 2017-03-13T15:08:36+08:00 ] ::1 /test/Hospitalsrms/index.php/Admin/Xtgl/user.html
INFO: [ app_init ] --START--
INFO: Run Behavior\BuildLiteBehavior [ RunTime:0.000031s ]
INFO: [ app_init ] --END-- [ RunTime:0.002150s ]

[ 2017-03-13T15:09:02+08:00 ] ::1 /test/Hospitalsrms/index.php/Admin/Kytj/index.html
INFO: [ app_init ] --START--
INFO: Run Behavior\BuildLiteBehavior [ RunTime:0.000015s ]
INFO: [ app_init ] --END-- [ RunTime:0.000512s ]

[ 2017-03-13T15:09:24+08:00 ] ::1 /test/Hospitalsrms/index.php/Admin/Kytj/Achievement.html
INFO: [ app_init ] --START--
INFO: Run Behavior\BuildLiteBehavior [ RunTime:0.000014s ]
INFO: [ app_init ] --END-- [ RunTime:0.000525s ]

[ 2017-03-13T15:10:01+08:00 ] ::1 /test/Hospitalsrms/index.php/Admin/Kytj/Achievement.html
INFO: [ app_init ] --START--
INFO: Run Behavior\BuildLiteBehavior [ RunTime:0.000038s ]
INFO: [ app_init ] --END-- [ RunTime:0.001376s ]

[ 2017-03-13T15:10:18+08:00 ] ::1 /test/Hospitalsrms/index.php/Admin/Kytj/Achievement.html
INFO: [ app_init ] --START--
INFO: Run Behavior\BuildLiteBehavior [ RunTime:0.000017s ]
INFO: [ app_init ] --END-- [ RunTime:0.000574s ]

[ 2017-03-13T15:11:32+08:00 ] ::1 /test/Hospitalsrms/index.php/Admin/Kytj/Achievement.html
INFO: [ app_init ] --START--
INFO: Run Behavior\BuildLiteBehavior [ RunTime:0.000036s ]
INFO: [ app_init ] --END-- [ RunTime:0.001293s ]

[ 2017-03-13T15:11:35+08:00 ] ::1 /test/Hospitalsrms/index.php/Admin/Kytj/index.html
INFO: [ app_init ] --START--
INFO: Run Behavior\BuildLiteBehavior [ RunTime:0.000024s ]
INFO: [ app_init ] --END-- [ RunTime:0.000728s ]

[ 2017-03-13T15:34:01+08:00 ] ::1 /test/Hospitalsrms/index.php/Admin/Xmsb/index.html
INFO: [ app_init ] --START--
INFO: Run Behavior\BuildLiteBehavior [ RunTime:0.000016s ]
INFO: [ app_init ] --END-- [ RunTime:0.000670s ]

[ 2017-03-13T15:34:04+08:00 ] ::1 /test/Hospitalsrms/index.php/Admin/Xmsb/department.html
INFO: [ app_init ] --START--
INFO: Run Behavior\BuildLiteBehavior [ RunTime:0.000014s ]
INFO: [ app_init ] --END-- [ RunTime:0.000530s ]

[ 2017-03-13T15:34:08+08:00 ] ::1 /test/Hospitalsrms/index.php/Admin/Xmsb/coller.html
INFO: [ app_init ] --START--
INFO: Run Behavior\BuildLiteBehavior [ RunTime:0.000016s ]
INFO: [ app_init ] --END-- [ RunTime:0.000715s ]

[ 2017-03-13T15:34:12+08:00 ] ::1 /test/Hospitalsrms/index.php/Admin/Xmsb/coller.html
INFO: [ app_init ] --START--
INFO: Run Behavior\BuildLiteBehavior [ RunTime:0.000028s ]
INFO: [ app_init ] --END-- [ RunTime:0.000807s ]

[ 2017-03-13T15:34:17+08:00 ] ::1 /test/Hospitalsrms/index.php/Admin/Xtgl/user.html
INFO: [ app_init ] --START--
INFO: Run Behavior\BuildLiteBehavior [ RunTime:0.000017s ]
INFO: [ app_init ] --END-- [ RunTime:0.000636s ]

[ 2017-03-13T15:37:30+08:00 ] ::1 /test/Hospitalsrms/index.php/Admin/Xtgl/user.html
INFO: [ app_init ] --START--
INFO: Run Behavior\BuildLiteBehavior [ RunTime:0.000021s ]
INFO: [ app_init ] --END-- [ RunTime:0.000709s ]

[ 2017-03-13T15:39:07+08:00 ] ::1 /test/Hospitalsrms/index.php/Admin/Xtgl/user.html
INFO: [ app_init ] --START--
INFO: Run Behavior\BuildLiteBehavior [ RunTime:0.000018s ]
INFO: [ app_init ] --END-- [ RunTime:0.000640s ]

[ 2017-03-13T15:39:19+08:00 ] ::1 /test/Hospitalsrms/index.php/Admin/Xtgl/user.html
INFO: [ app_init ] --START--
INFO: Run Behavior\BuildLiteBehavior [ RunTime:0.000016s ]
INFO: [ app_init ] --END-- [ RunTime:0.000513s ]

[ 2017-03-13T15:39:27+08:00 ] ::1 /test/Hospitalsrms/index.php/Admin/Xtgl/user.html
INFO: [ app_init ] --START--
INFO: Run Behavior\BuildLiteBehavior [ RunTime:0.000018s ]
INFO: [ app_init ] --END-- [ RunTime:0.000517s ]

[ 2017-03-13T15:39:30+08:00 ] ::1 /test/Hospitalsrms/index.php/Admin/Xtgl/user.html
INFO: [ app_init ] --START--
INFO: Run Behavior\BuildLiteBehavior [ RunTime:0.000024s ]
INFO: [ app_init ] --END-- [ RunTime:0.000763s ]

[ 2017-03-13T15:39:49+08:00 ] ::1 /test/Hospitalsrms/index.php/Admin/Xtgl/user.html
INFO: [ app_init ] --START--
INFO: Run Behavior\BuildLiteBehavior [ RunTime:0.000016s ]
INFO: [ app_init ] --END-- [ RunTime:0.000481s ]

[ 2017-03-13T15:41:15+08:00 ] ::1 /test/Hospitalsrms/index.php/Admin/Xtgl/user.html
INFO: [ app_init ] --START--
INFO: Run Behavior\BuildLiteBehavior [ RunTime:0.000017s ]
INFO: [ app_init ] --END-- [ RunTime:0.000591s ]

[ 2017-03-13T15:41:43+08:00 ] ::1 /test/Hospitalsrms/index.php/Admin/Xtgl/user.html
INFO: [ app_init ] --START--
INFO: Run Behavior\BuildLiteBehavior [ RunTime:0.000016s ]
INFO: [ app_init ] --END-- [ RunTime:0.000618s ]

[ 2017-03-13T15:42:13+08:00 ] ::1 /test/Hospitalsrms/index.php/Admin/Xtgl/user.html
INFO: [ app_init ] --START--
INFO: Run Behavior\BuildLiteBehavior [ RunTime:0.000014s ]
INFO: [ app_init ] --END-- [ RunTime:0.000581s ]

[ 2017-03-13T15:44:49+08:00 ] ::1 /test/Hospitalsrms/index.php/Admin/Xtgl/user.html
INFO: [ app_init ] --START--
INFO: Run Behavior\BuildLiteBehavior [ RunTime:0.000016s ]
INFO: [ app_init ] --END-- [ RunTime:0.000650s ]

[ 2017-03-13T15:44:52+08:00 ] ::1 /test/Hospitalsrms/index.php/Admin/Kyjf/index.html
INFO: [ app_init ] --START--
INFO: Run Behavior\BuildLiteBehavior [ RunTime:0.000014s ]
INFO: [ app_init ] --END-- [ RunTime:0.000549s ]

[ 2017-03-13T15:44:56+08:00 ] ::1 /test/Hospitalsrms/index.php/Admin/Xshd/index.html
INFO: [ app_init ] --START--
INFO: Run Behavior\BuildLiteBehavior [ RunTime:0.000015s ]
INFO: [ app_init ] --END-- [ RunTime:0.000600s ]

[ 2017-03-13T15:44:59+08:00 ] ::1 /test/Hospitalsrms/index.php/Admin/Kytj/Achievement.html
INFO: [ app_init ] --START--
INFO: Run Behavior\BuildLiteBehavior [ RunTime:0.000017s ]
INFO: [ app_init ] --END-- [ RunTime:0.000594s ]

[ 2017-03-13T15:45:08+08:00 ] ::1 /test/Hospitalsrms/index.php/Admin/Kytj/Propty.html
INFO: [ app_init ] --START--
INFO: Run Behavior\BuildLiteBehavior [ RunTime:0.000016s ]
INFO: [ app_init ] --END-- [ RunTime:0.000664s ]

[ 2017-03-13T15:45:28+08:00 ] ::1 /test/Hospitalsrms/index.php/Admin/Kytj/Propty.html
INFO: [ app_init ] --START--
INFO: Run Behavior\BuildLiteBehavior [ RunTime:0.000021s ]
INFO: [ app_init ] --END-- [ RunTime:0.000771s ]

[ 2017-03-13T15:46:08+08:00 ] ::1 /test/Hospitalsrms/index.php/Admin/Kytj/Propty.html
INFO: [ app_init ] --START--
INFO: Run Behavior\BuildLiteBehavior [ RunTime:0.000016s ]
INFO: [ app_init ] --END-- [ RunTime:0.000614s ]

[ 2017-03-13T15:47:04+08:00 ] ::1 /test/Hospitalsrms/index.php/Admin/Kytj/Achievement.html
INFO: [ app_init ] --START--
INFO: Run Behavior\BuildLiteBehavior [ RunTime:0.000014s ]
INFO: [ app_init ] --END-- [ RunTime:0.000587s ]

[ 2017-03-13T15:47:08+08:00 ] ::1 /test/Hospitalsrms/index.php/Admin/Xtgl/user.html
INFO: [ app_init ] --START--
INFO: Run Behavior\BuildLiteBehavior [ RunTime:0.000018s ]
INFO: [ app_init ] --END-- [ RunTime:0.000593s ]

[ 2017-03-13T15:47:48+08:00 ] ::1 /test/Hospitalsrms/index.php/Admin/Xtgl/user.html
INFO: [ app_init ] --START--
INFO: Run Behavior\BuildLiteBehavior [ RunTime:0.000018s ]
INFO: [ app_init ] --END-- [ RunTime:0.000611s ]

[ 2017-03-13T15:50:19+08:00 ] ::1 /test/Hospitalsrms/index.php/Admin/Xtgl/user.html
INFO: [ app_init ] --START--
INFO: Run Behavior\BuildLiteBehavior [ RunTime:0.000016s ]
INFO: [ app_init ] --END-- [ RunTime:0.000631s ]

[ 2017-03-13T15:51:13+08:00 ] ::1 /test/Hospitalsrms/index.php/Admin/Xtgl/user.html
INFO: [ app_init ] --START--
INFO: Run Behavior\BuildLiteBehavior [ RunTime:0.000020s ]
INFO: [ app_init ] --END-- [ RunTime:0.000647s ]

[ 2017-03-13T15:51:15+08:00 ] ::1 /test/Hospitalsrms/index.php/Admin/Xtgl/user.html
INFO: [ app_init ] --START--
INFO: Run Behavior\BuildLiteBehavior [ RunTime:0.000015s ]
INFO: [ app_init ] --END-- [ RunTime:0.000597s ]

[ 2017-03-13T15:51:17+08:00 ] ::1 /test/Hospitalsrms/index.php/Admin/Xtgl/usergroup.html
INFO: [ app_init ] --START--
INFO: Run Behavior\BuildLiteBehavior [ RunTime:0.000015s ]
INFO: [ app_init ] --END-- [ RunTime:0.000503s ]

[ 2017-03-13T15:52:28+08:00 ] ::1 /test/Hospitalsrms/index.php/Admin/Xtgl/usergroup.html
INFO: [ app_init ] --START--
INFO: Run Behavior\BuildLiteBehavior [ RunTime:0.000035s ]
INFO: [ app_init ] --END-- [ RunTime:0.001402s ]

[ 2017-03-13T15:52:48+08:00 ] ::1 /test/Hospitalsrms/index.php/Admin/Xtgl/usergroup.html
INFO: [ app_init ] --START--
INFO: Run Behavior\BuildLiteBehavior [ RunTime:0.000022s ]
INFO: [ app_init ] --END-- [ RunTime:0.000639s ]

[ 2017-03-13T15:52:48+08:00 ] ::1 /test/Hospitalsrms/index.php/Admin/Xtgl/usergroup.html
INFO: [ app_init ] --START--
INFO: Run Behavior\BuildLiteBehavior [ RunTime:0.000016s ]
INFO: [ app_init ] --END-- [ RunTime:0.000571s ]

[ 2017-03-13T15:53:39+08:00 ] ::1 /test/Hospitalsrms/index.php/Admin/Xtgl/usergroup.html
INFO: [ app_init ] --START--
INFO: Run Behavior\BuildLiteBehavior [ RunTime:0.000026s ]
INFO: [ app_init ] --END-- [ RunTime:0.000630s ]

[ 2017-03-13T15:54:09+08:00 ] ::1 /test/Hospitalsrms/index.php/Admin/Xtgl/usergroup.html
INFO: [ app_init ] --START--
INFO: Run Behavior\BuildLiteBehavior [ RunTime:0.000016s ]
INFO: [ app_init ] --END-- [ RunTime:0.000631s ]

[ 2017-03-13T15:54:27+08:00 ] ::1 /test/Hospitalsrms/index.php/Admin/Xtgl/usergroup.html
INFO: [ app_init ] --START--
INFO: Run Behavior\BuildLiteBehavior [ RunTime:0.000016s ]
INFO: [ app_init ] --END-- [ RunTime:0.000508s ]

[ 2017-03-13T15:54:57+08:00 ] ::1 /test/Hospitalsrms/index.php/Admin/Xtgl/usergroup.html
INFO: [ app_init ] --START--
INFO: Run Behavior\BuildLiteBehavior [ RunTime:0.000015s ]
INFO: [ app_init ] --END-- [ RunTime:0.000616s ]

[ 2017-03-13T15:54:58+08:00 ] ::1 /test/Hospitalsrms/index.php/Admin/Xtgl/usergroup.html
INFO: [ app_init ] --START--
INFO: Run Behavior\BuildLiteBehavior [ RunTime:0.000053s ]
INFO: [ app_init ] --END-- [ RunTime:0.000933s ]

[ 2017-03-13T15:55:10+08:00 ] ::1 /test/Hospitalsrms/index.php/Admin/Xtgl/usergroup.html
INFO: [ app_init ] --START--
INFO: Run Behavior\BuildLiteBehavior [ RunTime:0.000014s ]
INFO: [ app_init ] --END-- [ RunTime:0.000585s ]

[ 2017-03-13T15:55:17+08:00 ] ::1 /test/Hospitalsrms/index.php/Admin/Xtgl/usergroup.html
INFO: [ app_init ] --START--
INFO: Run Behavior\BuildLiteBehavior [ RunTime:0.000015s ]
INFO: [ app_init ] --END-- [ RunTime:0.000556s ]

[ 2017-03-13T15:55:41+08:00 ] ::1 /test/Hospitalsrms/index.php/Admin/Xtgl/usergroup.html
INFO: [ app_init ] --START--
INFO: Run Behavior\BuildLiteBehavior [ RunTime:0.000018s ]
INFO: [ app_init ] --END-- [ RunTime:0.000596s ]

[ 2017-03-13T15:56:28+08:00 ] ::1 /test/Hospitalsrms/index.php/Admin/Xtgl/usergroup.html
INFO: [ app_init ] --START--
INFO: Run Behavior\BuildLiteBehavior [ RunTime:0.000016s ]
INFO: [ app_init ] --END-- [ RunTime:0.000552s ]

[ 2017-03-13T15:56:37+08:00 ] ::1 /test/Hospitalsrms/index.php/Admin/Xmsb/index.html
INFO: [ app_init ] --START--
INFO: Run Behavior\BuildLiteBehavior [ RunTime:0.000014s ]
INFO: [ app_init ] --END-- [ RunTime:0.000513s ]

[ 2017-03-13T15:56:41+08:00 ] ::1 /test/Hospitalsrms/index.php/Admin/Xtgl/user.html
INFO: [ app_init ] --START--
INFO: Run Behavior\BuildLiteBehavior [ RunTime:0.000014s ]
INFO: [ app_init ] --END-- [ RunTime:0.000600s ]

[ 2017-03-13T15:56:44+08:00 ] ::1 /test/Hospitalsrms/index.php/Admin/Xtgl/usergroup.html
INFO: [ app_init ] --START--
INFO: Run Behavior\BuildLiteBehavior [ RunTime:0.000017s ]
INFO: [ app_init ] --END-- [ RunTime:0.000671s ]

[ 2017-03-13T15:57:38+08:00 ] ::1 /test/Hospitalsrms/index.php/Admin/Xtgl/usergroup.html
INFO: [ app_init ] --START--
INFO: Run Behavior\BuildLiteBehavior [ RunTime:0.000013s ]
INFO: [ app_init ] --END-- [ RunTime:0.000614s ]

[ 2017-03-13T15:57:40+08:00 ] ::1 /test/Hospitalsrms/index.php/Admin/Xtgl/user.html
INFO: [ app_init ] --START--
INFO: Run Behavior\BuildLiteBehavior [ RunTime:0.000015s ]
INFO: [ app_init ] --END-- [ RunTime:0.000628s ]

[ 2017-03-13T15:58:00+08:00 ] ::1 /test/Hospitalsrms/index.php/Admin/Xtgl/user.html
INFO: [ app_init ] --START--
INFO: Run Behavior\BuildLiteBehavior [ RunTime:0.000018s ]
INFO: [ app_init ] --END-- [ RunTime:0.000562s ]

[ 2017-03-13T15:58:29+08:00 ] ::1 /test/Hospitalsrms/index.php/Admin/Kytj/index.html
INFO: [ app_init ] --START--
INFO: Run Behavior\BuildLiteBehavior [ RunTime:0.000016s ]
INFO: [ app_init ] --END-- [ RunTime:0.000671s ]

[ 2017-03-13T15:58:42+08:00 ] ::1 /test/Hospitalsrms/index.php/Admin/Kytj/index.html
INFO: [ app_init ] --START--
INFO: Run Behavior\BuildLiteBehavior [ RunTime:0.000023s ]
INFO: [ app_init ] --END-- [ RunTime:0.000760s ]

[ 2017-03-13T15:58:44+08:00 ] ::1 /test/Hospitalsrms/index.php/Admin/Kytj/index.html
INFO: [ app_init ] --START--
INFO: Run Behavior\BuildLiteBehavior [ RunTime:0.000017s ]
INFO: [ app_init ] --END-- [ RunTime:0.000603s ]

[ 2017-03-13T15:59:19+08:00 ] ::1 /test/Hospitalsrms/index.php/Admin/Kytj/index.html
INFO: [ app_init ] --START--
INFO: Run Behavior\BuildLiteBehavior [ RunTime:0.000017s ]
INFO: [ app_init ] --END-- [ RunTime:0.000528s ]

[ 2017-03-13T15:59:21+08:00 ] ::1 /test/Hospitalsrms/index.php/Admin/Kytj/index.html
INFO: [ app_init ] --START--
INFO: Run Behavior\BuildLiteBehavior [ RunTime:0.000016s ]
INFO: [ app_init ] --END-- [ RunTime:0.000600s ]

[ 2017-03-13T15:59:27+08:00 ] ::1 /test/Hospitalsrms/index.php/Admin/Kytj/index.html
INFO: [ app_init ] --START--
INFO: Run Behavior\BuildLiteBehavior [ RunTime:0.000014s ]
INFO: [ app_init ] --END-- [ RunTime:0.000620s ]

[ 2017-03-13T15:59:30+08:00 ] ::1 /test/Hospitalsrms/index.php/Admin/Kytj/index.html
INFO: [ app_init ] --START--
INFO: Run Behavior\BuildLiteBehavior [ RunTime:0.000017s ]
INFO: [ app_init ] --END-- [ RunTime:0.000622s ]

[ 2017-03-13T15:59:34+08:00 ] ::1 /test/Hospitalsrms/index.php/Admin/Kytj/index.html
INFO: [ app_init ] --START--
INFO: Run Behavior\BuildLiteBehavior [ RunTime:0.000016s ]
INFO: [ app_init ] --END-- [ RunTime:0.000557s ]

[ 2017-03-13T15:59:38+08:00 ] ::1 /test/Hospitalsrms/index.php/Admin/Kytj/Achievement.html
INFO: [ app_init ] --START--
INFO: Run Behavior\BuildLiteBehavior [ RunTime:0.000015s ]
INFO: [ app_init ] --END-- [ RunTime:0.000610s ]

[ 2017-03-13T15:59:55+08:00 ] ::1 /test/Hospitalsrms/index.php/Admin/Kytj/Achievement.html
INFO: [ app_init ] --START--
INFO: Run Behavior\BuildLiteBehavior [ RunTime:0.000017s ]
INFO: [ app_init ] --END-- [ RunTime:0.000651s ]

[ 2017-03-13T16:00:07+08:00 ] ::1 /test/Hospitalsrms/index.php/Admin/Kytj/Achievement.html
INFO: [ app_init ] --START--
INFO: Run Behavior\BuildLiteBehavior [ RunTime:0.000019s ]
INFO: [ app_init ] --END-- [ RunTime:0.000698s ]

[ 2017-03-13T16:00:11+08:00 ] ::1 /test/Hospitalsrms/index.php/Admin/Kytj/Achievement.html
INFO: [ app_init ] --START--
INFO: Run Behavior\BuildLiteBehavior [ RunTime:0.000013s ]
INFO: [ app_init ] --END-- [ RunTime:0.000589s ]

[ 2017-03-13T16:00:21+08:00 ] ::1 /test/Hospitalsrms/index.php/Admin/Kytj/Achievement.html
INFO: [ app_init ] --START--
INFO: Run Behavior\BuildLiteBehavior [ RunTime:0.000016s ]
INFO: [ app_init ] --END-- [ RunTime:0.000625s ]

[ 2017-03-13T16:00:23+08:00 ] ::1 /test/Hospitalsrms/index.php/Admin/Kytj/Achievement.html
INFO: [ app_init ] --START--
INFO: Run Behavior\BuildLiteBehavior [ RunTime:0.000013s ]
INFO: [ app_init ] --END-- [ RunTime:0.000549s ]

[ 2017-03-13T16:00:31+08:00 ] ::1 /test/Hospitalsrms/index.php/Admin/Kytj/Achievement.html
INFO: [ app_init ] --START--
INFO: Run Behavior\BuildLiteBehavior [ RunTime:0.000024s ]
INFO: [ app_init ] --END-- [ RunTime:0.000879s ]

[ 2017-03-13T16:01:50+08:00 ] ::1 /test/Hospitalsrms/index.php/Admin/Xmsb/index.html
INFO: [ app_init ] --START--
INFO: Run Behavior\BuildLiteBehavior [ RunTime:0.000014s ]
INFO: [ app_init ] --END-- [ RunTime:0.000578s ]

[ 2017-03-13T16:02:25+08:00 ] ::1 /test/Hospitalsrms/index.php/Admin/Xmsb/index.html
INFO: [ app_init ] --START--
INFO: Run Behavior\BuildLiteBehavior [ RunTime:0.000018s ]
INFO: [ app_init ] --END-- [ RunTime:0.000649s ]

[ 2017-03-13T16:02:28+08:00 ] ::1 /test/Hospitalsrms/index.php/Admin/Xmsb/index.html
INFO: [ app_init ] --START--
INFO: Run Behavior\BuildLiteBehavior [ RunTime:0.000017s ]
INFO: [ app_init ] --END-- [ RunTime:0.000591s ]

[ 2017-03-13T16:02:29+08:00 ] ::1 /test/Hospitalsrms/index.php/Admin/Xmsb/index.html
INFO: [ app_init ] --START--
INFO: Run Behavior\BuildLiteBehavior [ RunTime:0.000032s ]
INFO: [ app_init ] --END-- [ RunTime:0.001831s ]

[ 2017-03-13T16:02:52+08:00 ] ::1 /test/Hospitalsrms/index.php/Admin/Xmsb/index.html
INFO: [ app_init ] --START--
INFO: Run Behavior\BuildLiteBehavior [ RunTime:0.000015s ]
INFO: [ app_init ] --END-- [ RunTime:0.000631s ]

