[ 2017-04-25T14:34:10+08:00 ] ::1 /test/Hospitalsrms/index.php/admin
INFO: [ app_init ] --START--
INFO: Run Behavior\BuildLiteBehavior [ RunTime:0.000021s ]
INFO: [ app_init ] --END-- [ RunTime:0.000519s ]

[ 2017-04-25T14:34:44+08:00 ] ::1 /test/Hospitalsrms/index.php/Admin/Kytj/index.html
INFO: [ app_init ] --START--
INFO: Run Behavior\BuildLiteBehavior [ RunTime:0.000016s ]
INFO: [ app_init ] --END-- [ RunTime:0.000628s ]

[ 2017-04-25T14:35:09+08:00 ] ::1 /test/Hospitalsrms/index.php/Admin/Xmsb/index.html
INFO: [ app_init ] --START--
INFO: Run Behavior\BuildLiteBehavior [ RunTime:0.000015s ]
INFO: [ app_init ] --END-- [ RunTime:0.000593s ]

[ 2017-04-25T14:35:51+08:00 ] ::1 /test/Hospitalsrms/index.php/Admin/Xmsb/department.html
INFO: [ app_init ] --START--
INFO: Run Behavior\BuildLiteBehavior [ RunTime:0.000039s ]
INFO: [ app_init ] --END-- [ RunTime:0.000658s ]

[ 2017-04-25T14:36:38+08:00 ] ::1 /test/Hospitalsrms/index.php/Admin/Kytj/index.html
INFO: [ app_init ] --START--
INFO: Run Behavior\BuildLiteBehavior [ RunTime:0.000015s ]
INFO: [ app_init ] --END-- [ RunTime:0.000643s ]

[ 2017-04-25T14:38:14+08:00 ] ::1 /test/Hospitalsrms/index.php/Admin/Kytj/index.html
INFO: [ app_init ] --START--
INFO: Run Behavior\BuildLiteBehavior [ RunTime:0.000016s ]
INFO: [ app_init ] --END-- [ RunTime:0.000562s ]

[ 2017-04-25T14:40:39+08:00 ] ::1 /test/Hospitalsrms/index.php/Admin/Kytj/index.html
INFO: [ app_init ] --START--
INFO: Run Behavior\BuildLiteBehavior [ RunTime:0.000018s ]
INFO: [ app_init ] --END-- [ RunTime:0.000644s ]

[ 2017-04-25T14:40:49+08:00 ] ::1 /test/Hospitalsrms/index.php/Admin/Kytj/index_delAll
INFO: [ app_init ] --START--
INFO: Run Behavior\BuildLiteBehavior [ RunTime:0.000041s ]
INFO: [ app_init ] --END-- [ RunTime:0.000624s ]
INFO: [ app_begin ] --START--
INFO: Run Behavior\ReadHtmlCacheBehavior [ RunTime:0.001197s ]
INFO: [ app_begin ] --END-- [ RunTime:0.001282s ]
SQL: SHOW COLUMNS FROM `srms_tj_theses` [ RunTime:0.0102s ]
SQL: DELETE FROM `srms_tj_theses` WHERE `id` IN ('12','13') [ RunTime:0.0776s ]

[ 2017-04-25T14:40:52+08:00 ] ::1 /test/Hospitalsrms/index.php/Admin/Kytj/index.html
INFO: [ app_init ] --START--
INFO: Run Behavior\BuildLiteBehavior [ RunTime:0.000014s ]
INFO: [ app_init ] --END-- [ RunTime:0.000592s ]

[ 2017-04-25T14:41:39+08:00 ] ::1 /test/Hospitalsrms/index.php/Admin/Kytj/index.html
INFO: [ app_init ] --START--
INFO: Run Behavior\BuildLiteBehavior [ RunTime:0.000017s ]
INFO: [ app_init ] --END-- [ RunTime:0.000653s ]

[ 2017-04-25T14:42:11+08:00 ] ::1 /test/Hospitalsrms/index.php/Admin/Kytj/index.html
INFO: [ app_init ] --START--
INFO: Run Behavior\BuildLiteBehavior [ RunTime:0.000017s ]
INFO: [ app_init ] --END-- [ RunTime:0.000895s ]

[ 2017-04-25T15:05:36+08:00 ] ::1 /test/Hospitalsrms/index.php/Admin/Kyjf/apply.html
INFO: [ app_init ] --START--
INFO: Run Behavior\BuildLiteBehavior [ RunTime:0.000015s ]
INFO: [ app_init ] --END-- [ RunTime:0.000592s ]

[ 2017-04-25T15:05:39+08:00 ] ::1 /test/Hospitalsrms/index.php/Admin/Kyjf/apply_edit
INFO: [ app_init ] --START--
INFO: Run Behavior\BuildLiteBehavior [ RunTime:0.000037s ]
INFO: [ app_init ] --END-- [ RunTime:0.001044s ]
INFO: [ app_begin ] --START--
INFO: Run Behavior\ReadHtmlCacheBehavior [ RunTime:0.000880s ]
INFO: [ app_begin ] --END-- [ RunTime:0.000958s ]
SQL: SHOW COLUMNS FROM `srms_jf_expense_apply` [ RunTime:0.0248s ]
SQL: UPDATE `srms_jf_expense_apply` SET `status`='1' WHERE `id` = 1 [ RunTime:0.0005s ]

[ 2017-04-25T15:05:42+08:00 ] ::1 /test/Hospitalsrms/index.php/Admin/Kyjf/apply.html
INFO: [ app_init ] --START--
INFO: Run Behavior\BuildLiteBehavior [ RunTime:0.000013s ]
INFO: [ app_init ] --END-- [ RunTime:0.000538s ]

[ 2017-04-25T16:40:57+08:00 ] ::1 /test/Hospitalsrms/index.php/Admin/Kyjf/apply.html
INFO: [ app_init ] --START--
INFO: Run Behavior\BuildLiteBehavior [ RunTime:0.000030s ]
INFO: [ app_init ] --END-- [ RunTime:0.002054s ]

[ 2017-04-25T16:41:01+08:00 ] ::1 /test/Hospitalsrms/index.php/Admin/Kytj/index.html
INFO: [ app_init ] --START--
INFO: Run Behavior\BuildLiteBehavior [ RunTime:0.000014s ]
INFO: [ app_init ] --END-- [ RunTime:0.000572s ]

[ 2017-04-25T16:41:11+08:00 ] ::1 /test/Hospitalsrms/index.php/Admin/Kytj/index.html
INFO: [ app_init ] --START--
INFO: Run Behavior\BuildLiteBehavior [ RunTime:0.000017s ]
INFO: [ app_init ] --END-- [ RunTime:0.000580s ]

[ 2017-04-25T16:47:10+08:00 ] ::1 /test/Hospitalsrms/index.php/Admin/Kytj/Achievement.html
INFO: [ app_init ] --START--
INFO: Run Behavior\BuildLiteBehavior [ RunTime:0.000016s ]
INFO: [ app_init ] --END-- [ RunTime:0.000588s ]

[ 2017-04-25T16:47:14+08:00 ] ::1 /test/Hospitalsrms/index.php/Admin/Kytj/index.html
INFO: [ app_init ] --START--
INFO: Run Behavior\BuildLiteBehavior [ RunTime:0.000045s ]
INFO: [ app_init ] --END-- [ RunTime:0.001680s ]

[ 2017-04-25T16:48:21+08:00 ] ::1 /test/Hospitalsrms/index.php/Admin/Xmsb/index.html
INFO: [ app_init ] --START--
INFO: Run Behavior\BuildLiteBehavior [ RunTime:0.000014s ]
INFO: [ app_init ] --END-- [ RunTime:0.000545s ]

[ 2017-04-25T16:50:31+08:00 ] ::1 /test/Hospitalsrms/index.php/Admin/Xmsb/index.html
INFO: [ app_init ] --START--
INFO: Run Behavior\BuildLiteBehavior [ RunTime:0.000016s ]
INFO: [ app_init ] --END-- [ RunTime:0.000604s ]

[ 2017-04-25T16:52:47+08:00 ] ::1 /test/Hospitalsrms/index.php/Admin/Xmsb/index.html
INFO: [ app_init ] --START--
INFO: Run Behavior\BuildLiteBehavior [ RunTime:0.000018s ]
INFO: [ app_init ] --END-- [ RunTime:0.000654s ]

[ 2017-04-25T16:55:27+08:00 ] ::1 /test/Hospitalsrms/index.php/Admin/Xmsb/index.html
INFO: [ app_init ] --START--
INFO: Run Behavior\BuildLiteBehavior [ RunTime:0.000020s ]
INFO: [ app_init ] --END-- [ RunTime:0.000911s ]

[ 2017-04-25T16:55:34+08:00 ] ::1 /test/Hospitalsrms/index.php/Admin/Xtgl/user.html
INFO: [ app_init ] --START--
INFO: Run Behavior\BuildLiteBehavior [ RunTime:0.000017s ]
INFO: [ app_init ] --END-- [ RunTime:0.000667s ]

[ 2017-04-25T16:57:10+08:00 ] ::1 /test/Hospitalsrms/index.php/Admin/Xtgl/user.html
INFO: [ app_init ] --START--
INFO: Run Behavior\BuildLiteBehavior [ RunTime:0.000017s ]
INFO: [ app_init ] --END-- [ RunTime:0.000674s ]

[ 2017-04-25T16:57:15+08:00 ] ::1 /test/Hospitalsrms/index.php/Admin/Kytj/Achievement.html
INFO: [ app_init ] --START--
INFO: Run Behavior\BuildLiteBehavior [ RunTime:0.000019s ]
INFO: [ app_init ] --END-- [ RunTime:0.000522s ]

[ 2017-04-25T16:57:21+08:00 ] ::1 /test/Hospitalsrms/index.php/Admin/Xmsb/index.html
INFO: [ app_init ] --START--
INFO: Run Behavior\BuildLiteBehavior [ RunTime:0.000015s ]
INFO: [ app_init ] --END-- [ RunTime:0.000566s ]

[ 2017-04-25T16:57:36+08:00 ] ::1 /test/Hospitalsrms/index.php/Admin/Xmsb/index_delAll
INFO: [ app_init ] --START--
INFO: Run Behavior\BuildLiteBehavior [ RunTime:0.000024s ]
INFO: [ app_init ] --END-- [ RunTime:0.000852s ]
INFO: [ app_begin ] --START--
INFO: Run Behavior\ReadHtmlCacheBehavior [ RunTime:0.001263s ]
INFO: [ app_begin ] --END-- [ RunTime:0.001348s ]
SQL: SHOW COLUMNS FROM `srms_xm_subject` [ RunTime:0.0162s ]
SQL: DELETE FROM `srms_xm_subject` WHERE `id` IN ('4') [ RunTime:0.0463s ]

[ 2017-04-25T16:57:38+08:00 ] ::1 /test/Hospitalsrms/index.php/Admin/Xmsb/index.html
INFO: [ app_init ] --START--
INFO: Run Behavior\BuildLiteBehavior [ RunTime:0.000015s ]
INFO: [ app_init ] --END-- [ RunTime:0.000692s ]

[ 2017-04-25T17:01:09+08:00 ] ::1 /test/Hospitalsrms/index.php/Admin/Xmsb/index.html
INFO: [ app_init ] --START--
INFO: Run Behavior\BuildLiteBehavior [ RunTime:0.000018s ]
INFO: [ app_init ] --END-- [ RunTime:0.000657s ]

[ 2017-04-25T17:01:12+08:00 ] ::1 /test/Hospitalsrms/index.php/Admin/Kytj/index.html
INFO: [ app_init ] --START--
INFO: Run Behavior\BuildLiteBehavior [ RunTime:0.000021s ]
INFO: [ app_init ] --END-- [ RunTime:0.000678s ]

[ 2017-04-25T17:01:15+08:00 ] ::1 /test/Hospitalsrms/index.php/Admin/Kytj/Achievement.html
INFO: [ app_init ] --START--
INFO: Run Behavior\BuildLiteBehavior [ RunTime:0.000017s ]
INFO: [ app_init ] --END-- [ RunTime:0.000584s ]

[ 2017-04-25T17:02:29+08:00 ] ::1 /test/Hospitalsrms/index.php/Admin/Kytj/Achievement.html
INFO: [ app_init ] --START--
INFO: Run Behavior\BuildLiteBehavior [ RunTime:0.000040s ]
INFO: [ app_init ] --END-- [ RunTime:0.001920s ]

[ 2017-04-25T17:02:35+08:00 ] ::1 /test/Hospitalsrms/index.php/Admin/Kytj/Propty.html
INFO: [ app_init ] --START--
INFO: Run Behavior\BuildLiteBehavior [ RunTime:0.000019s ]
INFO: [ app_init ] --END-- [ RunTime:0.000720s ]

[ 2017-04-25T17:02:41+08:00 ] ::1 /test/Hospitalsrms/index.php/Admin/Kytj/propty_delAll
INFO: [ app_init ] --START--
INFO: Run Behavior\BuildLiteBehavior [ RunTime:0.000026s ]
INFO: [ app_init ] --END-- [ RunTime:0.000851s ]
INFO: [ app_begin ] --START--
INFO: Run Behavior\ReadHtmlCacheBehavior [ RunTime:0.000907s ]
INFO: [ app_begin ] --END-- [ RunTime:0.000982s ]
SQL: SHOW COLUMNS FROM `srms_tj_propty` [ RunTime:0.0069s ]
SQL: DELETE FROM `srms_tj_propty` WHERE `id` IN ('4') [ RunTime:0.0797s ]

[ 2017-04-25T17:02:43+08:00 ] ::1 /test/Hospitalsrms/index.php/Admin/Kytj/Propty.html
INFO: [ app_init ] --START--
INFO: Run Behavior\BuildLiteBehavior [ RunTime:0.000020s ]
INFO: [ app_init ] --END-- [ RunTime:0.000615s ]

[ 2017-04-25T17:02:48+08:00 ] ::1 /test/Hospitalsrms/index.php/Admin/Kytj/Equipment.html
INFO: [ app_init ] --START--
INFO: Run Behavior\BuildLiteBehavior [ RunTime:0.000014s ]
INFO: [ app_init ] --END-- [ RunTime:0.000551s ]

[ 2017-04-25T17:02:53+08:00 ] ::1 /test/Hospitalsrms/index.php/Admin/Xtgl/user.html
INFO: [ app_init ] --START--
INFO: Run Behavior\BuildLiteBehavior [ RunTime:0.000014s ]
INFO: [ app_init ] --END-- [ RunTime:0.000573s ]

[ 2017-04-25T17:04:04+08:00 ] ::1 /test/Hospitalsrms/index.php/Admin/Xtgl/user.html
INFO: [ app_init ] --START--
INFO: Run Behavior\BuildLiteBehavior [ RunTime:0.000018s ]
INFO: [ app_init ] --END-- [ RunTime:0.000542s ]

[ 2017-04-25T17:04:21+08:00 ] ::1 /test/Hospitalsrms/index.php/Admin/Xtgl/user.html
INFO: [ app_init ] --START--
INFO: Run Behavior\BuildLiteBehavior [ RunTime:0.000017s ]
INFO: [ app_init ] --END-- [ RunTime:0.000658s ]

[ 2017-04-25T17:04:44+08:00 ] ::1 /test/Hospitalsrms/index.php/Admin/Xtgl/user.html
INFO: [ app_init ] --START--
INFO: Run Behavior\BuildLiteBehavior [ RunTime:0.000016s ]
INFO: [ app_init ] --END-- [ RunTime:0.000652s ]

[ 2017-04-25T17:04:56+08:00 ] ::1 /test/Hospitalsrms/index.php/Admin/Xtgl/user.html
INFO: [ app_init ] --START--
INFO: Run Behavior\BuildLiteBehavior [ RunTime:0.000017s ]
INFO: [ app_init ] --END-- [ RunTime:0.000719s ]

[ 2017-04-25T17:07:27+08:00 ] ::1 /test/Hospitalsrms/index.php/Admin/Xtgl/user.html
INFO: [ app_init ] --START--
INFO: Run Behavior\BuildLiteBehavior [ RunTime:0.000018s ]
INFO: [ app_init ] --END-- [ RunTime:0.000686s ]

[ 2017-04-25T17:07:33+08:00 ] ::1 /test/Hospitalsrms/index.php/Admin/Xtgl/user_delAll
INFO: [ app_init ] --START--
INFO: Run Behavior\BuildLiteBehavior [ RunTime:0.000025s ]
INFO: [ app_init ] --END-- [ RunTime:0.000798s ]
INFO: [ app_begin ] --START--
INFO: Run Behavior\ReadHtmlCacheBehavior [ RunTime:0.000941s ]
INFO: [ app_begin ] --END-- [ RunTime:0.001001s ]
SQL: SHOW COLUMNS FROM `srms_user` [ RunTime:0.0097s ]
SQL: DELETE FROM `srms_user` WHERE `id` IN ('10','11') [ RunTime:0.0789s ]

[ 2017-04-25T17:07:35+08:00 ] ::1 /test/Hospitalsrms/index.php/Admin/Xtgl/user.html
INFO: [ app_init ] --START--
INFO: Run Behavior\BuildLiteBehavior [ RunTime:0.000018s ]
INFO: [ app_init ] --END-- [ RunTime:0.000686s ]

[ 2017-04-25T17:07:41+08:00 ] ::1 /test/Hospitalsrms/index.php/Admin/Xtgl/user.html
INFO: [ app_init ] --START--
INFO: Run Behavior\BuildLiteBehavior [ RunTime:0.000015s ]
INFO: [ app_init ] --END-- [ RunTime:0.000580s ]

[ 2017-04-25T17:07:45+08:00 ] ::1 /test/Hospitalsrms/index.php/Admin/Xtgl/usergroup.html
INFO: [ app_init ] --START--
INFO: Run Behavior\BuildLiteBehavior [ RunTime:0.000015s ]
INFO: [ app_init ] --END-- [ RunTime:0.000481s ]

[ 2017-04-25T17:09:38+08:00 ] ::1 /test/Hospitalsrms/index.php/Admin/Xtgl/usergroup.html
INFO: [ app_init ] --START--
INFO: Run Behavior\BuildLiteBehavior [ RunTime:0.000020s ]
INFO: [ app_init ] --END-- [ RunTime:0.000651s ]

[ 2017-04-25T17:11:36+08:00 ] ::1 /test/Hospitalsrms/index.php/Admin/Xtgl/usergroup.html
INFO: [ app_init ] --START--
INFO: Run Behavior\BuildLiteBehavior [ RunTime:0.000014s ]
INFO: [ app_init ] --END-- [ RunTime:0.000588s ]

[ 2017-04-25T17:12:04+08:00 ] ::1 /test/Hospitalsrms/index.php/Admin/Xtgl/usergroup.html
INFO: [ app_init ] --START--
INFO: Run Behavior\BuildLiteBehavior [ RunTime:0.000017s ]
INFO: [ app_init ] --END-- [ RunTime:0.000603s ]

[ 2017-04-25T17:12:13+08:00 ] ::1 /test/Hospitalsrms/index.php/Admin/Xtgl/usergroup.html
INFO: [ app_init ] --START--
INFO: Run Behavior\BuildLiteBehavior [ RunTime:0.000017s ]
INFO: [ app_init ] --END-- [ RunTime:0.000679s ]

[ 2017-04-25T17:13:03+08:00 ] ::1 /test/Hospitalsrms/index.php/Admin/Xtgl/usergroup.html
INFO: [ app_init ] --START--
INFO: Run Behavior\BuildLiteBehavior [ RunTime:0.000013s ]
INFO: [ app_init ] --END-- [ RunTime:0.000513s ]

[ 2017-04-25T17:13:09+08:00 ] ::1 /test/Hospitalsrms/index.php/Admin/Kytj/index.html
INFO: [ app_init ] --START--
INFO: Run Behavior\BuildLiteBehavior [ RunTime:0.000016s ]
INFO: [ app_init ] --END-- [ RunTime:0.000618s ]

[ 2017-04-25T17:13:17+08:00 ] ::1 /test/Hospitalsrms/index.php/Admin/Xmsb/department.html
INFO: [ app_init ] --START--
INFO: Run Behavior\BuildLiteBehavior [ RunTime:0.000022s ]
INFO: [ app_init ] --END-- [ RunTime:0.000721s ]

[ 2017-04-25T17:13:23+08:00 ] ::1 /test/Hospitalsrms/index.php/Admin/Kyjf/index.html
INFO: [ app_init ] --START--
INFO: Run Behavior\BuildLiteBehavior [ RunTime:0.000015s ]
INFO: [ app_init ] --END-- [ RunTime:0.000599s ]

[ 2017-04-25T17:13:27+08:00 ] ::1 /test/Hospitalsrms/index.php/Admin/Kyjf/apply.html
INFO: [ app_init ] --START--
INFO: Run Behavior\BuildLiteBehavior [ RunTime:0.000023s ]
INFO: [ app_init ] --END-- [ RunTime:0.000680s ]

[ 2017-04-25T17:13:31+08:00 ] ::1 /test/Hospitalsrms/index.php/Admin/Xshd/index.html
INFO: [ app_init ] --START--
INFO: Run Behavior\BuildLiteBehavior [ RunTime:0.000014s ]
INFO: [ app_init ] --END-- [ RunTime:0.000579s ]

[ 2017-04-25T17:15:21+08:00 ] ::1 /test/Hospitalsrms/index.php/Admin/Xshd/lecture.html
INFO: [ app_init ] --START--
INFO: Run Behavior\BuildLiteBehavior [ RunTime:0.000016s ]
INFO: [ app_init ] --END-- [ RunTime:0.000511s ]

[ 2017-04-25T17:18:02+08:00 ] ::1 /test/Hospitalsrms/index.php/Admin/Kytj/Achievement.html
INFO: [ app_init ] --START--
INFO: Run Behavior\BuildLiteBehavior [ RunTime:0.000018s ]
INFO: [ app_init ] --END-- [ RunTime:0.000669s ]

[ 2017-04-25T17:19:58+08:00 ] ::1 /test/Hospitalsrms/index.php/Admin/Kytj/Achievement.html
INFO: [ app_init ] --START--
INFO: Run Behavior\BuildLiteBehavior [ RunTime:0.000015s ]
INFO: [ app_init ] --END-- [ RunTime:0.000587s ]

[ 2017-04-25T17:20:03+08:00 ] ::1 /test/Hospitalsrms/index.php/Admin/Kytj/Achievement.html?name=%E6%B5%8B%E8%AF%951
INFO: [ app_init ] --START--
INFO: Run Behavior\BuildLiteBehavior [ RunTime:0.000019s ]
INFO: [ app_init ] --END-- [ RunTime:0.000575s ]

[ 2017-04-25T17:20:09+08:00 ] ::1 /test/Hospitalsrms/index.php/Admin/Kytj/Achievement.html?name=122
INFO: [ app_init ] --START--
INFO: Run Behavior\BuildLiteBehavior [ RunTime:0.000021s ]
INFO: [ app_init ] --END-- [ RunTime:0.000566s ]

[ 2017-04-25T17:20:12+08:00 ] ::1 /test/Hospitalsrms/index.php/Admin/Kytj/index.html
INFO: [ app_init ] --START--
INFO: Run Behavior\BuildLiteBehavior [ RunTime:0.000015s ]
INFO: [ app_init ] --END-- [ RunTime:0.000619s ]

[ 2017-04-25T17:20:19+08:00 ] ::1 /test/Hospitalsrms/index.php/Admin/Kytj/index.html
INFO: [ app_init ] --START--
INFO: Run Behavior\BuildLiteBehavior [ RunTime:0.000020s ]
INFO: [ app_init ] --END-- [ RunTime:0.000587s ]

[ 2017-04-25T17:22:35+08:00 ] ::1 /test/Hospitalsrms/index.php/Admin/Kytj/index.html
INFO: [ app_init ] --START--
INFO: Run Behavior\BuildLiteBehavior [ RunTime:0.000025s ]
INFO: [ app_init ] --END-- [ RunTime:0.000668s ]

[ 2017-04-25T17:22:39+08:00 ] ::1 /test/Hospitalsrms/index.php/Admin/Kytj/index.html?name=12
INFO: [ app_init ] --START--
INFO: Run Behavior\BuildLiteBehavior [ RunTime:0.000020s ]
INFO: [ app_init ] --END-- [ RunTime:0.000645s ]

[ 2017-04-25T17:22:41+08:00 ] ::1 /test/Hospitalsrms/index.php/Admin/Kytj/index.html?name=
INFO: [ app_init ] --START--
INFO: Run Behavior\BuildLiteBehavior [ RunTime:0.000019s ]
INFO: [ app_init ] --END-- [ RunTime:0.000585s ]

[ 2017-04-25T17:22:46+08:00 ] ::1 /test/Hospitalsrms/index.php/Admin/Kytj/Achievement.html
INFO: [ app_init ] --START--
INFO: Run Behavior\BuildLiteBehavior [ RunTime:0.000016s ]
INFO: [ app_init ] --END-- [ RunTime:0.000603s ]

[ 2017-04-25T17:22:50+08:00 ] ::1 /test/Hospitalsrms/index.php/Admin/Kytj/Propty.html
INFO: [ app_init ] --START--
INFO: Run Behavior\BuildLiteBehavior [ RunTime:0.000016s ]
INFO: [ app_init ] --END-- [ RunTime:0.000646s ]

[ 2017-04-25T17:22:58+08:00 ] ::1 /test/Hospitalsrms/index.php/Admin/Kytj/Propty.html?name=%E6%96%B0%E8%83%BD%E6%BA%90
INFO: [ app_init ] --START--
INFO: Run Behavior\BuildLiteBehavior [ RunTime:0.000020s ]
INFO: [ app_init ] --END-- [ RunTime:0.000685s ]

[ 2017-04-25T17:23:02+08:00 ] ::1 /test/Hospitalsrms/index.php/Admin/Kytj/Equipment.html
INFO: [ app_init ] --START--
INFO: Run Behavior\BuildLiteBehavior [ RunTime:0.000017s ]
INFO: [ app_init ] --END-- [ RunTime:0.000624s ]

[ 2017-04-25T17:23:08+08:00 ] ::1 /test/Hospitalsrms/index.php/Admin/Kytj/Equipment.html?name=%E8%AE%BE%E5%A4%871
INFO: [ app_init ] --START--
INFO: Run Behavior\BuildLiteBehavior [ RunTime:0.000018s ]
INFO: [ app_init ] --END-- [ RunTime:0.000586s ]

[ 2017-04-25T17:23:12+08:00 ] ::1 /test/Hospitalsrms/index.php/Admin/Kytj/Equipment.html?name=
INFO: [ app_init ] --START--
INFO: Run Behavior\BuildLiteBehavior [ RunTime:0.000034s ]
INFO: [ app_init ] --END-- [ RunTime:0.000688s ]

[ 2017-04-25T17:23:14+08:00 ] ::1 /test/Hospitalsrms/index.php/Admin/Kytj/Equipment.html?name=12
INFO: [ app_init ] --START--
INFO: Run Behavior\BuildLiteBehavior [ RunTime:0.000017s ]
INFO: [ app_init ] --END-- [ RunTime:0.000555s ]

[ 2017-04-25T17:23:18+08:00 ] ::1 /test/Hospitalsrms/index.php/Admin/Xmsb/index.html
INFO: [ app_init ] --START--
INFO: Run Behavior\BuildLiteBehavior [ RunTime:0.000015s ]
INFO: [ app_init ] --END-- [ RunTime:0.000609s ]

[ 2017-04-25T17:26:55+08:00 ] ::1 /test/Hospitalsrms/index.php/Admin/Xmsb/index.html
INFO: [ app_init ] --START--
INFO: Run Behavior\BuildLiteBehavior [ RunTime:0.000014s ]
INFO: [ app_init ] --END-- [ RunTime:0.000567s ]

[ 2017-04-25T17:27:01+08:00 ] ::1 /test/Hospitalsrms/index.php/Admin/Xmsb/index.html?name=%E8%AF%BE%E9%A2%98
INFO: [ app_init ] --START--
INFO: Run Behavior\BuildLiteBehavior [ RunTime:0.000028s ]
INFO: [ app_init ] --END-- [ RunTime:0.000964s ]

[ 2017-04-25T17:27:07+08:00 ] ::1 /test/Hospitalsrms/index.php/Admin/Xmsb/index.html?name=%E8%AF%BE%E9%A2%98001
INFO: [ app_init ] --START--
INFO: Run Behavior\BuildLiteBehavior [ RunTime:0.000023s ]
INFO: [ app_init ] --END-- [ RunTime:0.001109s ]

[ 2017-04-25T17:27:11+08:00 ] ::1 /test/Hospitalsrms/index.php/Admin/Xmsb/department.html
INFO: [ app_init ] --START--
INFO: Run Behavior\BuildLiteBehavior [ RunTime:0.000014s ]
INFO: [ app_init ] --END-- [ RunTime:0.000564s ]

[ 2017-04-25T17:27:13+08:00 ] ::1 /test/Hospitalsrms/index.php/Admin/Xmsb/department.html?name=23
INFO: [ app_init ] --START--
INFO: Run Behavior\BuildLiteBehavior [ RunTime:0.000018s ]
INFO: [ app_init ] --END-- [ RunTime:0.000608s ]

[ 2017-04-25T17:27:20+08:00 ] ::1 /test/Hospitalsrms/index.php/Admin/Xmsb/department.html?name=%E7%A7%91%E7%A0%94%E5%B9%B3%E5%8F%B02
INFO: [ app_init ] --START--
INFO: Run Behavior\BuildLiteBehavior [ RunTime:0.000031s ]
INFO: [ app_init ] --END-- [ RunTime:0.000657s ]

[ 2017-04-25T17:27:25+08:00 ] ::1 /test/Hospitalsrms/index.php/Admin/Xmsb/coller.html
INFO: [ app_init ] --START--
INFO: Run Behavior\BuildLiteBehavior [ RunTime:0.000017s ]
INFO: [ app_init ] --END-- [ RunTime:0.000651s ]

[ 2017-04-25T17:27:31+08:00 ] ::1 /test/Hospitalsrms/index.php/Admin/Xmsb/coller.html?name=%E9%93%85%E7%AC%94
INFO: [ app_init ] --START--
INFO: Run Behavior\BuildLiteBehavior [ RunTime:0.000018s ]
INFO: [ app_init ] --END-- [ RunTime:0.000555s ]

[ 2017-04-25T17:27:34+08:00 ] ::1 /test/Hospitalsrms/index.php/Admin/Xmsb/coller.html?name=
INFO: [ app_init ] --START--
INFO: Run Behavior\BuildLiteBehavior [ RunTime:0.000017s ]
INFO: [ app_init ] --END-- [ RunTime:0.000615s ]

[ 2017-04-25T17:28:28+08:00 ] ::1 /test/Hospitalsrms/index.php/Admin/Xmsb/coller.html?name=
INFO: [ app_init ] --START--
INFO: Run Behavior\BuildLiteBehavior [ RunTime:0.000018s ]
INFO: [ app_init ] --END-- [ RunTime:0.000665s ]

[ 2017-04-25T17:28:34+08:00 ] ::1 /test/Hospitalsrms/index.php/Admin/Xmsb/coller.html?name=%E9%93%85%E7%AC%94
INFO: [ app_init ] --START--
INFO: Run Behavior\BuildLiteBehavior [ RunTime:0.000021s ]
INFO: [ app_init ] --END-- [ RunTime:0.001963s ]

[ 2017-04-25T17:28:51+08:00 ] ::1 /test/Hospitalsrms/index.php/Admin/Kyjf/index.html
INFO: [ app_init ] --START--
INFO: Run Behavior\BuildLiteBehavior [ RunTime:0.000019s ]
INFO: [ app_init ] --END-- [ RunTime:0.000553s ]

[ 2017-04-25T17:32:36+08:00 ] ::1 /test/Hospitalsrms/index.php/Admin/Kyjf/index.html
INFO: [ app_init ] --START--
INFO: Run Behavior\BuildLiteBehavior [ RunTime:0.000017s ]
INFO: [ app_init ] --END-- [ RunTime:0.000649s ]

[ 2017-04-25T17:32:45+08:00 ] ::1 /test/Hospitalsrms/index.php/Admin/Kyjf/index.html
INFO: [ app_init ] --START--
INFO: Run Behavior\BuildLiteBehavior [ RunTime:0.000037s ]
INFO: [ app_init ] --END-- [ RunTime:0.000930s ]

[ 2017-04-25T17:32:48+08:00 ] ::1 /test/Hospitalsrms/index.php/Admin/Kyjf/apply.html
INFO: [ app_init ] --START--
INFO: Run Behavior\BuildLiteBehavior [ RunTime:0.000014s ]
INFO: [ app_init ] --END-- [ RunTime:0.000599s ]

[ 2017-04-25T17:33:02+08:00 ] ::1 /test/Hospitalsrms/index.php/Admin/Kyjf/apply.html
INFO: [ app_init ] --START--
INFO: Run Behavior\BuildLiteBehavior [ RunTime:0.000022s ]
INFO: [ app_init ] --END-- [ RunTime:0.000589s ]

[ 2017-04-25T17:33:04+08:00 ] ::1 /test/Hospitalsrms/index.php/Admin/Kyjf/apply.html
INFO: [ app_init ] --START--
INFO: Run Behavior\BuildLiteBehavior [ RunTime:0.000020s ]
INFO: [ app_init ] --END-- [ RunTime:0.000612s ]

[ 2017-04-25T17:33:18+08:00 ] ::1 /test/Hospitalsrms/index.php/Admin/Kyjf/apply.html
INFO: [ app_init ] --START--
INFO: Run Behavior\BuildLiteBehavior [ RunTime:0.000035s ]
INFO: [ app_init ] --END-- [ RunTime:0.003636s ]

[ 2017-04-25T17:33:36+08:00 ] ::1 /test/Hospitalsrms/index.php/Admin/Kyjf/apply.html
INFO: [ app_init ] --START--
INFO: Run Behavior\BuildLiteBehavior [ RunTime:0.000021s ]
INFO: [ app_init ] --END-- [ RunTime:0.001725s ]

[ 2017-04-25T17:33:57+08:00 ] ::1 /test/Hospitalsrms/index.php/Admin/Kyjf/apply.html
INFO: [ app_init ] --START--
INFO: Run Behavior\BuildLiteBehavior [ RunTime:0.000029s ]
INFO: [ app_init ] --END-- [ RunTime:0.001052s ]

[ 2017-04-25T17:34:02+08:00 ] ::1 /test/Hospitalsrms/index.php/Admin/Kyjf/apply.html
INFO: [ app_init ] --START--
INFO: Run Behavior\BuildLiteBehavior [ RunTime:0.000026s ]
INFO: [ app_init ] --END-- [ RunTime:0.000622s ]

[ 2017-04-25T17:34:07+08:00 ] ::1 /test/Hospitalsrms/index.php/Admin/Xmsb/department.html
INFO: [ app_init ] --START--
INFO: Run Behavior\BuildLiteBehavior [ RunTime:0.000014s ]
INFO: [ app_init ] --END-- [ RunTime:0.000540s ]

[ 2017-04-25T17:34:11+08:00 ] ::1 /test/Hospitalsrms/index.php/Admin/Xmsb/coller.html
INFO: [ app_init ] --START--
INFO: Run Behavior\BuildLiteBehavior [ RunTime:0.000015s ]
INFO: [ app_init ] --END-- [ RunTime:0.000604s ]

[ 2017-04-25T17:34:15+08:00 ] ::1 /test/Hospitalsrms/index.php/Admin/Kytj/Achievement.html
INFO: [ app_init ] --START--
INFO: Run Behavior\BuildLiteBehavior [ RunTime:0.000030s ]
INFO: [ app_init ] --END-- [ RunTime:0.000851s ]

[ 2017-04-25T17:34:18+08:00 ] ::1 /test/Hospitalsrms/index.php/Admin/Xshd/index.html
INFO: [ app_init ] --START--
INFO: Run Behavior\BuildLiteBehavior [ RunTime:0.000021s ]
INFO: [ app_init ] --END-- [ RunTime:0.000639s ]

[ 2017-04-25T17:36:04+08:00 ] ::1 /test/Hospitalsrms/index.php/Admin/Xshd/index.html
INFO: [ app_init ] --START--
INFO: Run Behavior\BuildLiteBehavior [ RunTime:0.000017s ]
INFO: [ app_init ] --END-- [ RunTime:0.000660s ]

[ 2017-04-25T17:36:10+08:00 ] ::1 /test/Hospitalsrms/index.php/Admin/Xshd/index.html?name=2134
INFO: [ app_init ] --START--
INFO: Run Behavior\BuildLiteBehavior [ RunTime:0.000019s ]
INFO: [ app_init ] --END-- [ RunTime:0.000697s ]

[ 2017-04-25T17:37:13+08:00 ] ::1 /test/Hospitalsrms/index.php/Admin/Xshd/index.html?name=2134
INFO: [ app_init ] --START--
INFO: Run Behavior\BuildLiteBehavior [ RunTime:0.000017s ]
INFO: [ app_init ] --END-- [ RunTime:0.000641s ]

[ 2017-04-25T17:37:20+08:00 ] ::1 /test/Hospitalsrms/index.php/Admin/Xshd/index.html?name=2134
INFO: [ app_init ] --START--
INFO: Run Behavior\BuildLiteBehavior [ RunTime:0.000030s ]
INFO: [ app_init ] --END-- [ RunTime:0.000561s ]

[ 2017-04-25T17:37:24+08:00 ] ::1 /test/Hospitalsrms/index.php/Admin/Xshd/index.html?name=2134
INFO: [ app_init ] --START--
INFO: Run Behavior\BuildLiteBehavior [ RunTime:0.000043s ]
INFO: [ app_init ] --END-- [ RunTime:0.000970s ]

[ 2017-04-25T17:38:00+08:00 ] ::1 /test/Hospitalsrms/index.php/Admin/Xshd/index.html?name=2134
INFO: [ app_init ] --START--
INFO: Run Behavior\BuildLiteBehavior [ RunTime:0.000017s ]
INFO: [ app_init ] --END-- [ RunTime:0.000656s ]

[ 2017-04-25T17:38:04+08:00 ] ::1 /test/Hospitalsrms/index.php/Admin/Xshd/lecture.html
INFO: [ app_init ] --START--
INFO: Run Behavior\BuildLiteBehavior [ RunTime:0.000016s ]
INFO: [ app_init ] --END-- [ RunTime:0.000567s ]

[ 2017-04-25T17:38:10+08:00 ] ::1 /test/Hospitalsrms/index.php/Admin/Xshd/lecture.html?name=123
INFO: [ app_init ] --START--
INFO: Run Behavior\BuildLiteBehavior [ RunTime:0.000024s ]
INFO: [ app_init ] --END-- [ RunTime:0.000791s ]

[ 2017-04-25T17:38:36+08:00 ] ::1 /test/Hospitalsrms/index.php/Admin/Xshd/lecture.html?name=123
INFO: [ app_init ] --START--
INFO: Run Behavior\BuildLiteBehavior [ RunTime:0.000029s ]
INFO: [ app_init ] --END-- [ RunTime:0.000636s ]

[ 2017-04-25T17:38:40+08:00 ] ::1 /test/Hospitalsrms/index.php/Admin/Xshd/composition.html
INFO: [ app_init ] --START--
INFO: Run Behavior\BuildLiteBehavior [ RunTime:0.000020s ]
INFO: [ app_init ] --END-- [ RunTime:0.001892s ]

[ 2017-04-25T17:39:49+08:00 ] ::1 /test/Hospitalsrms/index.php/Admin/Xtgl/news.html
INFO: [ app_init ] --START--
INFO: Run Behavior\BuildLiteBehavior [ RunTime:0.000013s ]
INFO: [ app_init ] --END-- [ RunTime:0.000579s ]

[ 2017-04-25T17:40:45+08:00 ] ::1 /test/Hospitalsrms/index.php/Admin/Xtgl/news.html
INFO: [ app_init ] --START--
INFO: Run Behavior\BuildLiteBehavior [ RunTime:0.000014s ]
INFO: [ app_init ] --END-- [ RunTime:0.000570s ]

[ 2017-04-25T17:44:27+08:00 ] ::1 /test/Hospitalsrms/index.php/Admin/Xshd/composition.html
INFO: [ app_init ] --START--
INFO: Run Behavior\BuildLiteBehavior [ RunTime:0.000015s ]
INFO: [ app_init ] --END-- [ RunTime:0.000630s ]

[ 2017-04-25T17:50:15+08:00 ] ::1 /test/Hospitalsrms/index.php/Admin/Index/index.html
INFO: [ app_init ] --START--
INFO: Run Behavior\BuildLiteBehavior [ RunTime:0.000025s ]
INFO: [ app_init ] --END-- [ RunTime:0.000837s ]

[ 2017-04-25T17:51:46+08:00 ] ::1 /test/Hospitalsrms/index.php/Admin/Index/index.html
INFO: [ app_init ] --START--
INFO: Run Behavior\BuildLiteBehavior [ RunTime:0.000017s ]
INFO: [ app_init ] --END-- [ RunTime:0.000656s ]

[ 2017-04-25T17:52:15+08:00 ] ::1 /test/Hospitalsrms/index.php/Admin/Index/index.html
INFO: [ app_init ] --START--
INFO: Run Behavior\BuildLiteBehavior [ RunTime:0.000015s ]
INFO: [ app_init ] --END-- [ RunTime:0.000624s ]

[ 2017-04-25T17:52:27+08:00 ] ::1 /test/Hospitalsrms/index.php/Admin/Index/index.html
INFO: [ app_init ] --START--
INFO: Run Behavior\BuildLiteBehavior [ RunTime:0.000015s ]
INFO: [ app_init ] --END-- [ RunTime:0.000585s ]

[ 2017-04-25T17:52:47+08:00 ] ::1 /test/Hospitalsrms/index.php/Admin/Index/index.html
INFO: [ app_init ] --START--
INFO: Run Behavior\BuildLiteBehavior [ RunTime:0.000015s ]
INFO: [ app_init ] --END-- [ RunTime:0.000552s ]

[ 2017-04-25T17:53:03+08:00 ] ::1 /test/Hospitalsrms/index.php/Admin/Index/index.html
INFO: [ app_init ] --START--
INFO: Run Behavior\BuildLiteBehavior [ RunTime:0.000016s ]
INFO: [ app_init ] --END-- [ RunTime:0.000643s ]

[ 2017-04-25T17:53:27+08:00 ] ::1 /test/Hospitalsrms/index.php/Admin/Index/index.html
INFO: [ app_init ] --START--
INFO: Run Behavior\BuildLiteBehavior [ RunTime:0.000014s ]
INFO: [ app_init ] --END-- [ RunTime:0.000590s ]

[ 2017-04-25T17:53:37+08:00 ] ::1 /test/Hospitalsrms/index.php/Admin/Index/index.html
INFO: [ app_init ] --START--
INFO: Run Behavior\BuildLiteBehavior [ RunTime:0.000017s ]
INFO: [ app_init ] --END-- [ RunTime:0.000616s ]

[ 2017-04-25T17:53:48+08:00 ] ::1 /test/Hospitalsrms/index.php/Admin/Index/index.html
INFO: [ app_init ] --START--
INFO: Run Behavior\BuildLiteBehavior [ RunTime:0.000019s ]
INFO: [ app_init ] --END-- [ RunTime:0.000571s ]

[ 2017-04-25T17:55:02+08:00 ] ::1 /test/Hospitalsrms/index.php/Admin/Index/index.html
INFO: [ app_init ] --START--
INFO: Run Behavior\BuildLiteBehavior [ RunTime:0.000015s ]
INFO: [ app_init ] --END-- [ RunTime:0.000516s ]

[ 2017-04-25T17:55:18+08:00 ] ::1 /test/Hospitalsrms/index.php/Admin/Index/index.html
INFO: [ app_init ] --START--
INFO: Run Behavior\BuildLiteBehavior [ RunTime:0.000013s ]
INFO: [ app_init ] --END-- [ RunTime:0.000567s ]

[ 2017-04-25T17:55:30+08:00 ] ::1 /test/Hospitalsrms/index.php/Admin/Index/index.html
INFO: [ app_init ] --START--
INFO: Run Behavior\BuildLiteBehavior [ RunTime:0.000016s ]
INFO: [ app_init ] --END-- [ RunTime:0.000546s ]

[ 2017-04-25T17:56:24+08:00 ] ::1 /test/Hospitalsrms/index.php/Admin/Index/index.html
INFO: [ app_init ] --START--
INFO: Run Behavior\BuildLiteBehavior [ RunTime:0.000019s ]
INFO: [ app_init ] --END-- [ RunTime:0.000698s ]

[ 2017-04-25T17:57:03+08:00 ] ::1 /test/Hospitalsrms/index.php/Admin/Index/index.html
INFO: [ app_init ] --START--
INFO: Run Behavior\BuildLiteBehavior [ RunTime:0.000016s ]
INFO: [ app_init ] --END-- [ RunTime:0.000585s ]

[ 2017-04-25T17:57:23+08:00 ] ::1 /test/Hospitalsrms/index.php/Admin/Index/index.html
INFO: [ app_init ] --START--
INFO: Run Behavior\BuildLiteBehavior [ RunTime:0.000014s ]
INFO: [ app_init ] --END-- [ RunTime:0.000596s ]

[ 2017-04-25T17:57:53+08:00 ] ::1 /test/Hospitalsrms/index.php/Admin/Index/index.html
INFO: [ app_init ] --START--
INFO: Run Behavior\BuildLiteBehavior [ RunTime:0.000014s ]
INFO: [ app_init ] --END-- [ RunTime:0.000505s ]

[ 2017-04-25T17:58:00+08:00 ] ::1 /test/Hospitalsrms/index.php/Admin/Index/index.html
INFO: [ app_init ] --START--
INFO: Run Behavior\BuildLiteBehavior [ RunTime:0.000015s ]
INFO: [ app_init ] --END-- [ RunTime:0.000543s ]

[ 2017-04-25T17:58:07+08:00 ] ::1 /test/Hospitalsrms/index.php/Admin/Index/index.html
INFO: [ app_init ] --START--
INFO: Run Behavior\BuildLiteBehavior [ RunTime:0.000042s ]
INFO: [ app_init ] --END-- [ RunTime:0.001596s ]

[ 2017-04-25T17:58:26+08:00 ] ::1 /test/Hospitalsrms/index.php/Admin/Index/index.html
INFO: [ app_init ] --START--
INFO: Run Behavior\BuildLiteBehavior [ RunTime:0.000016s ]
INFO: [ app_init ] --END-- [ RunTime:0.000632s ]

[ 2017-04-25T17:58:37+08:00 ] ::1 /test/Hospitalsrms/index.php/Admin/Index/index.html
INFO: [ app_init ] --START--
INFO: Run Behavior\BuildLiteBehavior [ RunTime:0.000015s ]
INFO: [ app_init ] --END-- [ RunTime:0.000636s ]

[ 2017-04-25T17:58:50+08:00 ] ::1 /test/Hospitalsrms/index.php/Admin/Index/index.html
INFO: [ app_init ] --START--
INFO: Run Behavior\BuildLiteBehavior [ RunTime:0.000014s ]
INFO: [ app_init ] --END-- [ RunTime:0.000610s ]

[ 2017-04-25T17:59:15+08:00 ] ::1 /test/Hospitalsrms/index.php/Admin/Index/index.html
INFO: [ app_init ] --START--
INFO: Run Behavior\BuildLiteBehavior [ RunTime:0.000014s ]
INFO: [ app_init ] --END-- [ RunTime:0.000622s ]

[ 2017-04-25T17:59:17+08:00 ] ::1 /test/Hospitalsrms/index.php/Admin/Index/index.html
INFO: [ app_init ] --START--
INFO: Run Behavior\BuildLiteBehavior [ RunTime:0.000020s ]
INFO: [ app_init ] --END-- [ RunTime:0.000696s ]

[ 2017-04-25T18:00:25+08:00 ] ::1 /test/Hospitalsrms/index.php/Admin/Index/index.html
INFO: [ app_init ] --START--
INFO: Run Behavior\BuildLiteBehavior [ RunTime:0.000015s ]
INFO: [ app_init ] --END-- [ RunTime:0.000648s ]

