[ 2017-04-19T10:50:02+08:00 ] ::1 /test/Hospitalsrms/index.php/Admin
INFO: [ app_init ] --START--
INFO: Run Behavior\BuildLiteBehavior [ RunTime:0.000017s ]
INFO: [ app_init ] --END-- [ RunTime:0.000511s ]

[ 2017-04-19T10:50:42+08:00 ] ::1 /test/Hospitalsrms/index.php/Admin/login/logout.html
INFO: [ app_init ] --START--
INFO: Run Behavior\BuildLiteBehavior [ RunTime:0.000022s ]
INFO: [ app_init ] --END-- [ RunTime:0.000664s ]

[ 2017-04-19T10:50:43+08:00 ] ::1 /test/Hospitalsrms/index.php/Admin/Login/index
INFO: [ app_init ] --START--
INFO: Run Behavior\BuildLiteBehavior [ RunTime:0.000015s ]
INFO: [ app_init ] --END-- [ RunTime:0.000633s ]

[ 2017-04-19T10:50:43+08:00 ] ::1 /test/Hospitalsrms/index.php/Admin/Login/css/font-awesome.min.css
INFO: [ app_init ] --START--
INFO: Run Behavior\BuildLiteBehavior [ RunTime:0.000024s ]
INFO: [ app_init ] --END-- [ RunTime:0.000664s ]
ERR: 非法操作:css

[ 2017-04-19T10:50:43+08:00 ] ::1 /test/Hospitalsrms/index.php/Admin/Login/css/templatemo_style.css
INFO: [ app_init ] --START--
INFO: Run Behavior\BuildLiteBehavior [ RunTime:0.000037s ]
INFO: [ app_init ] --END-- [ RunTime:0.001016s ]
ERR: 非法操作:css

[ 2017-04-19T10:50:43+08:00 ] ::1 /test/Hospitalsrms/index.php/Admin/Login/css/bootstrap-theme.min.css
INFO: [ app_init ] --START--
INFO: Run Behavior\BuildLiteBehavior [ RunTime:0.000044s ]
INFO: [ app_init ] --END-- [ RunTime:0.000998s ]
ERR: 非法操作:css

[ 2017-04-19T10:50:56+08:00 ] ::1 /test/Hospitalsrms/index.php/Admin
INFO: [ app_init ] --START--
INFO: Run Behavior\BuildLiteBehavior [ RunTime:0.000024s ]
INFO: [ app_init ] --END-- [ RunTime:0.000909s ]

[ 2017-04-19T10:51:00+08:00 ] ::1 /test/Hospitalsrms/index.php/Admin/Login/index.html
INFO: [ app_init ] --START--
INFO: Run Behavior\BuildLiteBehavior [ RunTime:0.000025s ]
INFO: [ app_init ] --END-- [ RunTime:0.000550s ]

[ 2017-04-19T10:51:00+08:00 ] ::1 /test/Hospitalsrms/index.php/Admin/Login/css/font-awesome.min.css
INFO: [ app_init ] --START--
INFO: Run Behavior\BuildLiteBehavior [ RunTime:0.000043s ]
INFO: [ app_init ] --END-- [ RunTime:0.001329s ]
ERR: 非法操作:css

[ 2017-04-19T10:51:00+08:00 ] ::1 /test/Hospitalsrms/index.php/Admin/Login/css/bootstrap-theme.min.css
INFO: [ app_init ] --START--
INFO: Run Behavior\BuildLiteBehavior [ RunTime:0.000044s ]
INFO: [ app_init ] --END-- [ RunTime:0.001422s ]
ERR: 非法操作:css

[ 2017-04-19T10:51:00+08:00 ] ::1 /test/Hospitalsrms/index.php/Admin/Login/css/templatemo_style.css
INFO: [ app_init ] --START--
INFO: Run Behavior\BuildLiteBehavior [ RunTime:0.000085s ]
INFO: [ app_init ] --END-- [ RunTime:0.001455s ]
ERR: 非法操作:css

[ 2017-04-19T10:52:31+08:00 ] ::1 /test/Hospitalsrms/index.php/Admin/Login/index.html
INFO: [ app_init ] --START--
INFO: Run Behavior\BuildLiteBehavior [ RunTime:0.000014s ]
INFO: [ app_init ] --END-- [ RunTime:0.000561s ]

[ 2017-04-19T10:52:31+08:00 ] ::1 /test/Hospitalsrms/index.php/Admin/Login/css/bootstrap-theme.min.css
INFO: [ app_init ] --START--
INFO: Run Behavior\BuildLiteBehavior [ RunTime:0.000026s ]
INFO: [ app_init ] --END-- [ RunTime:0.000774s ]
ERR: 非法操作:css

[ 2017-04-19T10:52:31+08:00 ] ::1 /test/Hospitalsrms/index.php/Admin/Login/css/templatemo_style.css
INFO: [ app_init ] --START--
INFO: Run Behavior\BuildLiteBehavior [ RunTime:0.000026s ]
INFO: [ app_init ] --END-- [ RunTime:0.000791s ]
ERR: 非法操作:css

[ 2017-04-19T10:52:31+08:00 ] ::1 /test/Hospitalsrms/index.php/Admin/Login/css/font-awesome.min.css
INFO: [ app_init ] --START--
INFO: Run Behavior\BuildLiteBehavior [ RunTime:0.000020s ]
INFO: [ app_init ] --END-- [ RunTime:0.000749s ]
ERR: 非法操作:css

[ 2017-04-19T10:52:37+08:00 ] ::1 /test/Hospitalsrms/index.php/Admin/
INFO: [ app_init ] --START--
INFO: Run Behavior\BuildLiteBehavior [ RunTime:0.000030s ]
INFO: [ app_init ] --END-- [ RunTime:0.000546s ]

[ 2017-04-19T10:52:41+08:00 ] ::1 /test/Hospitalsrms/index.php/Admin/Login/index.html
INFO: [ app_init ] --START--
INFO: Run Behavior\BuildLiteBehavior [ RunTime:0.000026s ]
INFO: [ app_init ] --END-- [ RunTime:0.000685s ]

[ 2017-04-19T10:52:41+08:00 ] ::1 /test/Hospitalsrms/index.php/Admin/Login/css/font-awesome.min.css
INFO: [ app_init ] --START--
INFO: Run Behavior\BuildLiteBehavior [ RunTime:0.000028s ]
INFO: [ app_init ] --END-- [ RunTime:0.000806s ]
ERR: 非法操作:css

[ 2017-04-19T10:52:41+08:00 ] ::1 /test/Hospitalsrms/index.php/Admin/Login/css/bootstrap-theme.min.css
INFO: [ app_init ] --START--
INFO: Run Behavior\BuildLiteBehavior [ RunTime:0.000034s ]
INFO: [ app_init ] --END-- [ RunTime:0.001109s ]
ERR: 非法操作:css

[ 2017-04-19T10:52:41+08:00 ] ::1 /test/Hospitalsrms/index.php/Admin/Login/css/templatemo_style.css
INFO: [ app_init ] --START--
INFO: Run Behavior\BuildLiteBehavior [ RunTime:0.000027s ]
INFO: [ app_init ] --END-- [ RunTime:0.000857s ]
ERR: 非法操作:css

[ 2017-04-19T10:53:01+08:00 ] ::1 /test/Hospitalsrms/index.php/admin
INFO: [ app_init ] --START--
INFO: Run Behavior\BuildLiteBehavior [ RunTime:0.000018s ]
INFO: [ app_init ] --END-- [ RunTime:0.000589s ]

[ 2017-04-19T10:53:06+08:00 ] ::1 /test/Hospitalsrms/index.php/Admin/Login/index.html
INFO: [ app_init ] --START--
INFO: Run Behavior\BuildLiteBehavior [ RunTime:0.000028s ]
INFO: [ app_init ] --END-- [ RunTime:0.000897s ]

[ 2017-04-19T10:53:06+08:00 ] ::1 /test/Hospitalsrms/index.php/Admin/Login/css/font-awesome.min.css
INFO: [ app_init ] --START--
INFO: Run Behavior\BuildLiteBehavior [ RunTime:0.000025s ]
INFO: [ app_init ] --END-- [ RunTime:0.000656s ]
ERR: 非法操作:css

[ 2017-04-19T10:53:06+08:00 ] ::1 /test/Hospitalsrms/index.php/Admin/Login/css/bootstrap-theme.min.css
INFO: [ app_init ] --START--
INFO: Run Behavior\BuildLiteBehavior [ RunTime:0.000027s ]
INFO: [ app_init ] --END-- [ RunTime:0.000803s ]
ERR: 非法操作:css

[ 2017-04-19T10:53:06+08:00 ] ::1 /test/Hospitalsrms/index.php/Admin/Login/css/templatemo_style.css
INFO: [ app_init ] --START--
INFO: Run Behavior\BuildLiteBehavior [ RunTime:0.000030s ]
INFO: [ app_init ] --END-- [ RunTime:0.000770s ]
ERR: 非法操作:css

[ 2017-04-19T10:53:22+08:00 ] ::1 /test/Hospitalsrms/index.php/Admin/Login/index.html
INFO: [ app_init ] --START--
INFO: Run Behavior\BuildLiteBehavior [ RunTime:0.000031s ]
INFO: [ app_init ] --END-- [ RunTime:0.000799s ]

[ 2017-04-19T10:53:22+08:00 ] ::1 /test/Hospitalsrms/index.php/Admin/Login/css/font-awesome.min.css
INFO: [ app_init ] --START--
INFO: Run Behavior\BuildLiteBehavior [ RunTime:0.000027s ]
INFO: [ app_init ] --END-- [ RunTime:0.000732s ]
ERR: 非法操作:css

[ 2017-04-19T10:53:22+08:00 ] ::1 /test/Hospitalsrms/index.php/Admin/Login/css/templatemo_style.css
INFO: [ app_init ] --START--
INFO: Run Behavior\BuildLiteBehavior [ RunTime:0.000023s ]
INFO: [ app_init ] --END-- [ RunTime:0.000706s ]
ERR: 非法操作:css

[ 2017-04-19T10:53:22+08:00 ] ::1 /test/Hospitalsrms/index.php/Admin/Login/css/bootstrap-theme.min.css
INFO: [ app_init ] --START--
INFO: Run Behavior\BuildLiteBehavior [ RunTime:0.000031s ]
INFO: [ app_init ] --END-- [ RunTime:0.001971s ]
ERR: 非法操作:css

[ 2017-04-19T10:53:29+08:00 ] ::1 /test/Hospitalsrms/index.php/Admin
INFO: [ app_init ] --START--
INFO: Run Behavior\BuildLiteBehavior [ RunTime:0.000018s ]
INFO: [ app_init ] --END-- [ RunTime:0.000609s ]

[ 2017-04-19T10:53:33+08:00 ] ::1 /test/Hospitalsrms/index.php/Admin/Login/index.html
INFO: [ app_init ] --START--
INFO: Run Behavior\BuildLiteBehavior [ RunTime:0.000023s ]
INFO: [ app_init ] --END-- [ RunTime:0.000841s ]

[ 2017-04-19T10:53:33+08:00 ] ::1 /test/Hospitalsrms/index.php/Admin/Login/css/bootstrap-theme.min.css
INFO: [ app_init ] --START--
INFO: Run Behavior\BuildLiteBehavior [ RunTime:0.000028s ]
INFO: [ app_init ] --END-- [ RunTime:0.000753s ]
ERR: 非法操作:css

[ 2017-04-19T10:53:33+08:00 ] ::1 /test/Hospitalsrms/index.php/Admin/Login/css/font-awesome.min.css
INFO: [ app_init ] --START--
INFO: Run Behavior\BuildLiteBehavior [ RunTime:0.000026s ]
INFO: [ app_init ] --END-- [ RunTime:0.001461s ]
ERR: 非法操作:css

[ 2017-04-19T10:53:33+08:00 ] ::1 /test/Hospitalsrms/index.php/Admin/Login/css/templatemo_style.css
INFO: [ app_init ] --START--
INFO: Run Behavior\BuildLiteBehavior [ RunTime:0.000031s ]
INFO: [ app_init ] --END-- [ RunTime:0.000971s ]
ERR: 非法操作:css

[ 2017-04-19T10:54:22+08:00 ] ::1 /test/Hospitalsrms/index.php/Admin
INFO: [ app_init ] --START--
INFO: Run Behavior\BuildLiteBehavior [ RunTime:0.000049s ]
INFO: [ app_init ] --END-- [ RunTime:0.000607s ]

[ 2017-04-19T10:55:17+08:00 ] ::1 /test/Hospitalsrms/index.php/Admin
INFO: [ app_init ] --START--
INFO: Run Behavior\BuildLiteBehavior [ RunTime:0.000017s ]
INFO: [ app_init ] --END-- [ RunTime:0.000519s ]

[ 2017-04-19T10:55:18+08:00 ] ::1 /test/Hospitalsrms/index.php/Admin/Login/index.html
INFO: [ app_init ] --START--
INFO: Run Behavior\BuildLiteBehavior [ RunTime:0.000033s ]
INFO: [ app_init ] --END-- [ RunTime:0.000853s ]

[ 2017-04-19T10:55:18+08:00 ] ::1 /test/Hospitalsrms/index.php/Admin/Login/css/font-awesome.min.css
INFO: [ app_init ] --START--
INFO: Run Behavior\BuildLiteBehavior [ RunTime:0.000027s ]
INFO: [ app_init ] --END-- [ RunTime:0.000999s ]
ERR: 非法操作:css

[ 2017-04-19T10:55:18+08:00 ] ::1 /test/Hospitalsrms/index.php/Admin/Login/css/bootstrap-theme.min.css
INFO: [ app_init ] --START--
INFO: Run Behavior\BuildLiteBehavior [ RunTime:0.000026s ]
INFO: [ app_init ] --END-- [ RunTime:0.000847s ]
ERR: 非法操作:css

[ 2017-04-19T10:55:18+08:00 ] ::1 /test/Hospitalsrms/index.php/Admin/Login/css/templatemo_style.css
INFO: [ app_init ] --START--
INFO: Run Behavior\BuildLiteBehavior [ RunTime:0.000025s ]
INFO: [ app_init ] --END-- [ RunTime:0.000769s ]
ERR: 非法操作:css

[ 2017-04-19T10:55:23+08:00 ] ::1 /test/Hospitalsrms/index.php/Admin/Login/index
INFO: [ app_init ] --START--
INFO: Run Behavior\BuildLiteBehavior [ RunTime:0.000018s ]
INFO: [ app_init ] --END-- [ RunTime:0.000570s ]

[ 2017-04-19T10:55:23+08:00 ] ::1 /test/Hospitalsrms/index.php/Admin/Index/index
INFO: [ app_init ] --START--
INFO: Run Behavior\BuildLiteBehavior [ RunTime:0.000015s ]
INFO: [ app_init ] --END-- [ RunTime:0.000548s ]

[ 2017-04-19T11:09:59+08:00 ] ::1 /test/Hospitalsrms/index.php/Admin/Xtgl/user.html
INFO: [ app_init ] --START--
INFO: Run Behavior\BuildLiteBehavior [ RunTime:0.000016s ]
INFO: [ app_init ] --END-- [ RunTime:0.000599s ]

[ 2017-04-19T11:11:20+08:00 ] ::1 /test/Hospitalsrms/index.php/Admin/Xmsb/index.html
INFO: [ app_init ] --START--
INFO: Run Behavior\BuildLiteBehavior [ RunTime:0.000014s ]
INFO: [ app_init ] --END-- [ RunTime:0.000562s ]

[ 2017-04-19T11:11:51+08:00 ] ::1 /test/Hospitalsrms/index.php/Admin/Xmsb/index.html
INFO: [ app_init ] --START--
INFO: Run Behavior\BuildLiteBehavior [ RunTime:0.000022s ]
INFO: [ app_init ] --END-- [ RunTime:0.000782s ]

[ 2017-04-19T11:11:55+08:00 ] ::1 /test/Hospitalsrms/index.php/Admin/Kytj/index.html
INFO: [ app_init ] --START--
INFO: Run Behavior\BuildLiteBehavior [ RunTime:0.000021s ]
INFO: [ app_init ] --END-- [ RunTime:0.000791s ]

[ 2017-04-19T11:11:59+08:00 ] ::1 /test/Hospitalsrms/index.php/Admin/Kytj/Achievement.html
INFO: [ app_init ] --START--
INFO: Run Behavior\BuildLiteBehavior [ RunTime:0.000016s ]
INFO: [ app_init ] --END-- [ RunTime:0.000695s ]

[ 2017-04-19T11:12:18+08:00 ] ::1 /test/Hospitalsrms/index.php/Admin/Kytj/Achievement.html
INFO: [ app_init ] --START--
INFO: Run Behavior\BuildLiteBehavior [ RunTime:0.000017s ]
INFO: [ app_init ] --END-- [ RunTime:0.000694s ]

[ 2017-04-19T11:12:23+08:00 ] ::1 /test/Hospitalsrms/index.php/Admin/Kyjf/index.html
INFO: [ app_init ] --START--
INFO: Run Behavior\BuildLiteBehavior [ RunTime:0.000014s ]
INFO: [ app_init ] --END-- [ RunTime:0.000592s ]

[ 2017-04-19T11:12:28+08:00 ] ::1 /test/Hospitalsrms/index.php/Admin/Kyjf/index_edit
INFO: [ app_init ] --START--
INFO: Run Behavior\BuildLiteBehavior [ RunTime:0.000017s ]
INFO: [ app_init ] --END-- [ RunTime:0.000621s ]
INFO: [ app_begin ] --START--
INFO: Run Behavior\ReadHtmlCacheBehavior [ RunTime:0.000938s ]
INFO: [ app_begin ] --END-- [ RunTime:0.001011s ]
SQL: SHOW COLUMNS FROM `srms_jf_expense` [ RunTime:0.0057s ]
SQL: SELECT * FROM `srms_jf_expense` WHERE `id` = 1  [ RunTime:0.0007s ]
SQL: SHOW COLUMNS FROM `srms_xm_subject` [ RunTime:0.0057s ]
SQL: SELECT * FROM `srms_xm_subject` WHERE `id` = 1  [ RunTime:0.0007s ]
SQL: UPDATE `srms_xm_subject` SET `funds`='19960' WHERE `id` = 1 [ RunTime:0.0759s ]
SQL: UPDATE `srms_jf_expense` SET `status`='1' WHERE `id` = 1 [ RunTime:0.0267s ]

[ 2017-04-19T11:12:31+08:00 ] ::1 /test/Hospitalsrms/index.php/Admin/Kyjf/index.html
INFO: [ app_init ] --START--
INFO: Run Behavior\BuildLiteBehavior [ RunTime:0.000014s ]
INFO: [ app_init ] --END-- [ RunTime:0.000624s ]

[ 2017-04-19T11:17:12+08:00 ] ::1 /test/Hospitalsrms/index.php/Admin/Kyjf/index.html
INFO: [ app_init ] --START--
INFO: Run Behavior\BuildLiteBehavior [ RunTime:0.000026s ]
INFO: [ app_init ] --END-- [ RunTime:0.000670s ]

[ 2017-04-19T11:17:17+08:00 ] ::1 /test/Hospitalsrms/index.php/Admin/Xtgl/user.html
INFO: [ app_init ] --START--
INFO: Run Behavior\BuildLiteBehavior [ RunTime:0.000029s ]
INFO: [ app_init ] --END-- [ RunTime:0.000984s ]

[ 2017-04-19T11:19:48+08:00 ] ::1 /test/Hospitalsrms/index.php/Admin/Xtgl/user.html
INFO: [ app_init ] --START--
INFO: Run Behavior\BuildLiteBehavior [ RunTime:0.000015s ]
INFO: [ app_init ] --END-- [ RunTime:0.000654s ]

[ 2017-04-19T11:20:50+08:00 ] ::1 /test/Hospitalsrms/index.php/Admin/Xtgl/user.html
INFO: [ app_init ] --START--
INFO: Run Behavior\BuildLiteBehavior [ RunTime:0.000023s ]
INFO: [ app_init ] --END-- [ RunTime:0.002332s ]

[ 2017-04-19T11:21:03+08:00 ] ::1 /test/Hospitalsrms/index.php/Admin/Xtgl/user.html
INFO: [ app_init ] --START--
INFO: Run Behavior\BuildLiteBehavior [ RunTime:0.000021s ]
INFO: [ app_init ] --END-- [ RunTime:0.000849s ]

[ 2017-04-19T11:23:16+08:00 ] ::1 /test/Hospitalsrms/index.php/Admin/Xtgl/user.html
INFO: [ app_init ] --START--
INFO: Run Behavior\BuildLiteBehavior [ RunTime:0.000018s ]
INFO: [ app_init ] --END-- [ RunTime:0.000728s ]

[ 2017-04-19T11:24:33+08:00 ] ::1 /test/Hospitalsrms/index.php/Admin/Xtgl/user.html
INFO: [ app_init ] --START--
INFO: Run Behavior\BuildLiteBehavior [ RunTime:0.000014s ]
INFO: [ app_init ] --END-- [ RunTime:0.000614s ]

[ 2017-04-19T11:26:01+08:00 ] ::1 /test/Hospitalsrms/index.php/Admin/Xtgl/user.html
INFO: [ app_init ] --START--
INFO: Run Behavior\BuildLiteBehavior [ RunTime:0.000017s ]
INFO: [ app_init ] --END-- [ RunTime:0.000714s ]

[ 2017-04-19T11:26:16+08:00 ] ::1 /test/Hospitalsrms/index.php/Admin/Xtgl/user.html
INFO: [ app_init ] --START--
INFO: Run Behavior\BuildLiteBehavior [ RunTime:0.000016s ]
INFO: [ app_init ] --END-- [ RunTime:0.000743s ]

[ 2017-04-19T11:26:39+08:00 ] ::1 /test/Hospitalsrms/index.php/Admin/Xtgl/user.html
INFO: [ app_init ] --START--
INFO: Run Behavior\BuildLiteBehavior [ RunTime:0.000017s ]
INFO: [ app_init ] --END-- [ RunTime:0.000718s ]

[ 2017-04-19T11:29:03+08:00 ] ::1 /test/Hospitalsrms/index.php/Admin/Xtgl/user.html
INFO: [ app_init ] --START--
INFO: Run Behavior\BuildLiteBehavior [ RunTime:0.000023s ]
INFO: [ app_init ] --END-- [ RunTime:0.001308s ]

[ 2017-04-19T11:29:20+08:00 ] ::1 /test/Hospitalsrms/index.php/Admin/Xtgl/user.html
INFO: [ app_init ] --START--
INFO: Run Behavior\BuildLiteBehavior [ RunTime:0.000033s ]
INFO: [ app_init ] --END-- [ RunTime:0.002928s ]

[ 2017-04-19T11:30:37+08:00 ] ::1 /test/Hospitalsrms/index.php/Admin/Xtgl/user.html
INFO: [ app_init ] --START--
INFO: Run Behavior\BuildLiteBehavior [ RunTime:0.000023s ]
INFO: [ app_init ] --END-- [ RunTime:0.001580s ]

[ 2017-04-19T11:32:30+08:00 ] ::1 /test/Hospitalsrms/index.php/Admin/Xtgl/user.html
INFO: [ app_init ] --START--
INFO: Run Behavior\BuildLiteBehavior [ RunTime:0.000026s ]
INFO: [ app_init ] --END-- [ RunTime:0.000811s ]

[ 2017-04-19T11:32:49+08:00 ] ::1 /test/Hospitalsrms/index.php/Admin/Xtgl/user.html
INFO: [ app_init ] --START--
INFO: Run Behavior\BuildLiteBehavior [ RunTime:0.000023s ]
INFO: [ app_init ] --END-- [ RunTime:0.000784s ]

[ 2017-04-19T11:35:05+08:00 ] ::1 /test/Hospitalsrms/index.php/Admin/Xtgl/user.html
INFO: [ app_init ] --START--
INFO: Run Behavior\BuildLiteBehavior [ RunTime:0.000018s ]
INFO: [ app_init ] --END-- [ RunTime:0.000716s ]

[ 2017-04-19T11:36:22+08:00 ] ::1 /test/Hospitalsrms/index.php/Admin/Xtgl/user.html
INFO: [ app_init ] --START--
INFO: Run Behavior\BuildLiteBehavior [ RunTime:0.000019s ]
INFO: [ app_init ] --END-- [ RunTime:0.000635s ]

[ 2017-04-19T11:37:06+08:00 ] ::1 /test/Hospitalsrms/index.php/Admin/Xtgl/user.html
INFO: [ app_init ] --START--
INFO: Run Behavior\BuildLiteBehavior [ RunTime:0.000014s ]
INFO: [ app_init ] --END-- [ RunTime:0.000597s ]

[ 2017-04-19T11:38:06+08:00 ] ::1 /test/Hospitalsrms/index.php/Admin/Xtgl/user.html
INFO: [ app_init ] --START--
INFO: Run Behavior\BuildLiteBehavior [ RunTime:0.000035s ]
INFO: [ app_init ] --END-- [ RunTime:0.001219s ]

[ 2017-04-19T11:38:42+08:00 ] ::1 /test/Hospitalsrms/index.php/Admin/Xtgl/user.html
INFO: [ app_init ] --START--
INFO: Run Behavior\BuildLiteBehavior [ RunTime:0.000019s ]
INFO: [ app_init ] --END-- [ RunTime:0.000811s ]

[ 2017-04-19T11:38:58+08:00 ] ::1 /test/Hospitalsrms/index.php/Admin/Xtgl/user.html
INFO: [ app_init ] --START--
INFO: Run Behavior\BuildLiteBehavior [ RunTime:0.000017s ]
INFO: [ app_init ] --END-- [ RunTime:0.000601s ]

[ 2017-04-19T11:39:07+08:00 ] ::1 /test/Hospitalsrms/index.php/Admin/Xtgl/user.html
INFO: [ app_init ] --START--
INFO: Run Behavior\BuildLiteBehavior [ RunTime:0.000016s ]
INFO: [ app_init ] --END-- [ RunTime:0.000638s ]

[ 2017-04-19T11:40:03+08:00 ] ::1 /test/Hospitalsrms/index.php/Admin/Xtgl/user.html
INFO: [ app_init ] --START--
INFO: Run Behavior\BuildLiteBehavior [ RunTime:0.000014s ]
INFO: [ app_init ] --END-- [ RunTime:0.000638s ]

[ 2017-04-19T11:40:27+08:00 ] ::1 /test/Hospitalsrms/index.php/Admin/Xtgl/user.html
INFO: [ app_init ] --START--
INFO: Run Behavior\BuildLiteBehavior [ RunTime:0.000014s ]
INFO: [ app_init ] --END-- [ RunTime:0.000598s ]

[ 2017-04-19T11:41:23+08:00 ] ::1 /test/Hospitalsrms/index.php/Admin/Xtgl/user.html
INFO: [ app_init ] --START--
INFO: Run Behavior\BuildLiteBehavior [ RunTime:0.000019s ]
INFO: [ app_init ] --END-- [ RunTime:0.000700s ]

[ 2017-04-19T11:46:15+08:00 ] ::1 /test/Hospitalsrms/index.php/Admin/Xtgl/user.html
INFO: [ app_init ] --START--
INFO: Run Behavior\BuildLiteBehavior [ RunTime:0.000017s ]
INFO: [ app_init ] --END-- [ RunTime:0.000689s ]

[ 2017-04-19T11:47:23+08:00 ] ::1 /test/Hospitalsrms/index.php/Admin/Xtgl/user.html
INFO: [ app_init ] --START--
INFO: Run Behavior\BuildLiteBehavior [ RunTime:0.000028s ]
INFO: [ app_init ] --END-- [ RunTime:0.000618s ]

[ 2017-04-19T11:48:09+08:00 ] ::1 /test/Hospitalsrms/index.php/Admin/Xtgl/user.html
INFO: [ app_init ] --START--
INFO: Run Behavior\BuildLiteBehavior [ RunTime:0.000015s ]
INFO: [ app_init ] --END-- [ RunTime:0.000612s ]

[ 2017-04-19T11:48:26+08:00 ] ::1 /test/Hospitalsrms/index.php/Admin/Xtgl/user.html
INFO: [ app_init ] --START--
INFO: Run Behavior\BuildLiteBehavior [ RunTime:0.000016s ]
INFO: [ app_init ] --END-- [ RunTime:0.000554s ]

[ 2017-04-19T11:48:38+08:00 ] ::1 /test/Hospitalsrms/index.php/Admin/Xtgl/user.html
INFO: [ app_init ] --START--
INFO: Run Behavior\BuildLiteBehavior [ RunTime:0.000018s ]
INFO: [ app_init ] --END-- [ RunTime:0.000729s ]

[ 2017-04-19T11:49:54+08:00 ] ::1 /test/Hospitalsrms/index.php/Admin/Xtgl/user.html
INFO: [ app_init ] --START--
INFO: Run Behavior\BuildLiteBehavior [ RunTime:0.000029s ]
INFO: [ app_init ] --END-- [ RunTime:0.000994s ]

[ 2017-04-19T13:21:13+08:00 ] ::1 /test/Hospitalsrms/index.php/Admin/Xtgl/user.html
INFO: [ app_init ] --START--
INFO: Run Behavior\BuildLiteBehavior [ RunTime:0.000030s ]
INFO: [ app_init ] --END-- [ RunTime:0.001109s ]

[ 2017-04-19T13:22:25+08:00 ] ::1 /test/Hospitalsrms/index.php/Admin/Xtgl/user.html
INFO: [ app_init ] --START--
INFO: Run Behavior\BuildLiteBehavior [ RunTime:0.000014s ]
INFO: [ app_init ] --END-- [ RunTime:0.000652s ]

[ 2017-04-19T13:23:57+08:00 ] ::1 /test/Hospitalsrms/index.php/Admin/Xtgl/user.html
INFO: [ app_init ] --START--
INFO: Run Behavior\BuildLiteBehavior [ RunTime:0.000014s ]
INFO: [ app_init ] --END-- [ RunTime:0.000581s ]

[ 2017-04-19T13:24:11+08:00 ] ::1 /test/Hospitalsrms/index.php/Admin/Xtgl/user.html
INFO: [ app_init ] --START--
INFO: Run Behavior\BuildLiteBehavior [ RunTime:0.000015s ]
INFO: [ app_init ] --END-- [ RunTime:0.000703s ]

[ 2017-04-19T13:25:36+08:00 ] ::1 /test/Hospitalsrms/index.php/Admin/Xtgl/user.html
INFO: [ app_init ] --START--
INFO: Run Behavior\BuildLiteBehavior [ RunTime:0.000020s ]
INFO: [ app_init ] --END-- [ RunTime:0.000593s ]

[ 2017-04-19T13:32:10+08:00 ] ::1 /test/Hospitalsrms/index.php/Admin/Xtgl/user.html
INFO: [ app_init ] --START--
INFO: Run Behavior\BuildLiteBehavior [ RunTime:0.000022s ]
INFO: [ app_init ] --END-- [ RunTime:0.000659s ]

[ 2017-04-19T13:33:26+08:00 ] ::1 /test/Hospitalsrms/index.php/Admin/Xtgl/usergroup.html
INFO: [ app_init ] --START--
INFO: Run Behavior\BuildLiteBehavior [ RunTime:0.000023s ]
INFO: [ app_init ] --END-- [ RunTime:0.000785s ]

[ 2017-04-19T13:35:24+08:00 ] ::1 /test/Hospitalsrms/index.php/Admin/Xtgl/usergroup.html
INFO: [ app_init ] --START--
INFO: Run Behavior\BuildLiteBehavior [ RunTime:0.000020s ]
INFO: [ app_init ] --END-- [ RunTime:0.000672s ]

[ 2017-04-19T13:36:22+08:00 ] ::1 /test/Hospitalsrms/index.php/Admin/Xtgl/usergroup.html
INFO: [ app_init ] --START--
INFO: Run Behavior\BuildLiteBehavior [ RunTime:0.000016s ]
INFO: [ app_init ] --END-- [ RunTime:0.000543s ]

[ 2017-04-19T13:37:46+08:00 ] ::1 /test/Hospitalsrms/index.php/Admin/Xtgl/usergroup.html
INFO: [ app_init ] --START--
INFO: Run Behavior\BuildLiteBehavior [ RunTime:0.000017s ]
INFO: [ app_init ] --END-- [ RunTime:0.000614s ]

[ 2017-04-19T13:55:07+08:00 ] ::1 /test/Hospitalsrms/index.php/Admin/Xtgl/usergroup.html
INFO: [ app_init ] --START--
INFO: Run Behavior\BuildLiteBehavior [ RunTime:0.000016s ]
INFO: [ app_init ] --END-- [ RunTime:0.000596s ]

[ 2017-04-19T13:55:35+08:00 ] ::1 /test/Hospitalsrms/index.php/Admin/Xtgl/usergroup.html
INFO: [ app_init ] --START--
INFO: Run Behavior\BuildLiteBehavior [ RunTime:0.000017s ]
INFO: [ app_init ] --END-- [ RunTime:0.000682s ]

[ 2017-04-19T13:57:15+08:00 ] ::1 /test/Hospitalsrms/index.php/Admin/Xtgl/usergroup.html
INFO: [ app_init ] --START--
INFO: Run Behavior\BuildLiteBehavior [ RunTime:0.000017s ]
INFO: [ app_init ] --END-- [ RunTime:0.000621s ]

[ 2017-04-19T13:57:31+08:00 ] ::1 /test/Hospitalsrms/index.php/Admin/Xtgl/usergroup.html
INFO: [ app_init ] --START--
INFO: Run Behavior\BuildLiteBehavior [ RunTime:0.000050s ]
INFO: [ app_init ] --END-- [ RunTime:0.003895s ]

[ 2017-04-19T13:57:49+08:00 ] ::1 /test/Hospitalsrms/index.php/Admin/Xtgl/user.html
INFO: [ app_init ] --START--
INFO: Run Behavior\BuildLiteBehavior [ RunTime:0.000017s ]
INFO: [ app_init ] --END-- [ RunTime:0.000524s ]

[ 2017-04-19T13:57:55+08:00 ] ::1 /test/Hospitalsrms/index.php/Admin/Xtgl/usergroup.html
INFO: [ app_init ] --START--
INFO: Run Behavior\BuildLiteBehavior [ RunTime:0.000024s ]
INFO: [ app_init ] --END-- [ RunTime:0.000655s ]

[ 2017-04-19T13:58:12+08:00 ] ::1 /test/Hospitalsrms/index.php/Admin/Xtgl/user.html
INFO: [ app_init ] --START--
INFO: Run Behavior\BuildLiteBehavior [ RunTime:0.000015s ]
INFO: [ app_init ] --END-- [ RunTime:0.000564s ]

[ 2017-04-19T14:01:46+08:00 ] ::1 /test/Hospitalsrms/index.php/Admin/Xtgl/user.html
INFO: [ app_init ] --START--
INFO: Run Behavior\BuildLiteBehavior [ RunTime:0.000025s ]
INFO: [ app_init ] --END-- [ RunTime:0.000759s ]

[ 2017-04-19T14:02:09+08:00 ] ::1 /test/Hospitalsrms/index.php/Admin/Xtgl/user_add
INFO: [ app_init ] --START--
INFO: Run Behavior\BuildLiteBehavior [ RunTime:0.000025s ]
INFO: [ app_init ] --END-- [ RunTime:0.000875s ]
INFO: [ app_begin ] --START--
INFO: Run Behavior\ReadHtmlCacheBehavior [ RunTime:0.000899s ]
INFO: [ app_begin ] --END-- [ RunTime:0.000966s ]
INFO: [ app_end ] --START--
INFO: Run Behavior\ShowPageTraceBehavior [ RunTime:0.001210s ]
INFO: [ app_end ] --END-- [ RunTime:0.001305s ]

[ 2017-04-19T14:08:24+08:00 ] ::1 /test/Hospitalsrms/index.php/Admin/Xtgl/user.html
INFO: [ app_init ] --START--
INFO: Run Behavior\BuildLiteBehavior [ RunTime:0.000026s ]
INFO: [ app_init ] --END-- [ RunTime:0.000777s ]

[ 2017-04-19T14:08:38+08:00 ] ::1 /test/Hospitalsrms/index.php/Admin/Xtgl/user.html
INFO: [ app_init ] --START--
INFO: Run Behavior\BuildLiteBehavior [ RunTime:0.000017s ]
INFO: [ app_init ] --END-- [ RunTime:0.000659s ]

[ 2017-04-19T14:08:55+08:00 ] ::1 /test/Hospitalsrms/index.php/Admin/Xtgl/user_add
INFO: [ app_init ] --START--
INFO: Run Behavior\BuildLiteBehavior [ RunTime:0.000014s ]
INFO: [ app_init ] --END-- [ RunTime:0.000611s ]
INFO: [ app_begin ] --START--
INFO: Run Behavior\ReadHtmlCacheBehavior [ RunTime:0.000834s ]
INFO: [ app_begin ] --END-- [ RunTime:0.000882s ]
INFO: [ app_end ] --START--
INFO: Run Behavior\ShowPageTraceBehavior [ RunTime:0.000852s ]
INFO: [ app_end ] --END-- [ RunTime:0.000903s ]

[ 2017-04-19T14:09:59+08:00 ] ::1 /test/Hospitalsrms/index.php/Admin/Xtgl/user.html
INFO: [ app_init ] --START--
INFO: Run Behavior\BuildLiteBehavior [ RunTime:0.000020s ]
INFO: [ app_init ] --END-- [ RunTime:0.000613s ]

[ 2017-04-19T14:10:10+08:00 ] ::1 /test/Hospitalsrms/index.php/Admin/Xtgl/user_add
INFO: [ app_init ] --START--
INFO: Run Behavior\BuildLiteBehavior [ RunTime:0.000033s ]
INFO: [ app_init ] --END-- [ RunTime:0.000852s ]
INFO: [ app_begin ] --START--
INFO: Run Behavior\ReadHtmlCacheBehavior [ RunTime:0.001471s ]
INFO: [ app_begin ] --END-- [ RunTime:0.001550s ]
INFO: [ app_end ] --START--
INFO: Run Behavior\ShowPageTraceBehavior [ RunTime:0.001324s ]
INFO: [ app_end ] --END-- [ RunTime:0.001416s ]

[ 2017-04-19T14:27:18+08:00 ] ::1 /test/Hospitalsrms/index.php/Admin/Xtgl/user.html
INFO: [ app_init ] --START--
INFO: Run Behavior\BuildLiteBehavior [ RunTime:0.000018s ]
INFO: [ app_init ] --END-- [ RunTime:0.000595s ]

[ 2017-04-19T14:27:33+08:00 ] ::1 /test/Hospitalsrms/index.php/Admin/Xtgl/user_add
INFO: [ app_init ] --START--
INFO: Run Behavior\BuildLiteBehavior [ RunTime:0.000044s ]
INFO: [ app_init ] --END-- [ RunTime:0.000728s ]
INFO: [ app_begin ] --START--
INFO: Run Behavior\ReadHtmlCacheBehavior [ RunTime:0.000998s ]
INFO: [ app_begin ] --END-- [ RunTime:0.001074s ]
SQL: SHOW COLUMNS FROM `srms_admin_user` [ RunTime:0.0059s ]
SQL: INSERT INTO `srms_admin_user` (`user_name`,`password`) VALUES ('root','root11') [ RunTime:0.0723s ]
SQL: SHOW COLUMNS FROM `srms_group_access` [ RunTime:0.0056s ]
SQL: INSERT INTO `srms_group_access` (`uid`,`group_id`) VALUES ('5','1') [ RunTime:0.0007s ]
SQL: INSERT INTO `srms_group_access` (`uid`,`group_id`) VALUES ('5','2') [ RunTime:0.0004s ]
INFO: [ app_end ] --START--
INFO: Run Behavior\ShowPageTraceBehavior [ RunTime:0.001004s ]
INFO: [ app_end ] --END-- [ RunTime:0.001064s ]

[ 2017-04-19T14:29:04+08:00 ] ::1 /test/Hospitalsrms/index.php/Admin/Xtgl/user.html
INFO: [ app_init ] --START--
INFO: Run Behavior\BuildLiteBehavior [ RunTime:0.000018s ]
INFO: [ app_init ] --END-- [ RunTime:0.000576s ]

[ 2017-04-19T14:29:17+08:00 ] ::1 /test/Hospitalsrms/index.php/Admin/Xtgl/user_add
INFO: [ app_init ] --START--
INFO: Run Behavior\BuildLiteBehavior [ RunTime:0.000031s ]
INFO: [ app_init ] --END-- [ RunTime:0.000857s ]
INFO: [ app_begin ] --START--
INFO: Run Behavior\ReadHtmlCacheBehavior [ RunTime:0.001518s ]
INFO: [ app_begin ] --END-- [ RunTime:0.001663s ]
SQL: SHOW COLUMNS FROM `srms_admin_user` [ RunTime:0.0077s ]
SQL: INSERT INTO `srms_admin_user` (`user_name`,`password`) VALUES ('www','aaa111') [ RunTime:0.0792s ]
SQL: SHOW COLUMNS FROM `srms_group_access` [ RunTime:0.0069s ]
SQL: INSERT INTO `srms_group_access` (`uid`,`group_id`) VALUES ('6','1') [ RunTime:0.0008s ]
SQL: INSERT INTO `srms_group_access` (`uid`,`group_id`) VALUES ('6','2') [ RunTime:0.0005s ]
INFO: [ app_end ] --START--
INFO: Run Behavior\ShowPageTraceBehavior [ RunTime:0.001320s ]
INFO: [ app_end ] --END-- [ RunTime:0.001402s ]

[ 2017-04-19T14:32:58+08:00 ] ::1 /test/Hospitalsrms/index.php/Admin/Xtgl/user.html
INFO: [ app_init ] --START--
INFO: Run Behavior\BuildLiteBehavior [ RunTime:0.000036s ]
INFO: [ app_init ] --END-- [ RunTime:0.001001s ]

[ 2017-04-19T14:36:42+08:00 ] ::1 /test/Hospitalsrms/index.php/Admin/Xtgl/user.html
INFO: [ app_init ] --START--
INFO: Run Behavior\BuildLiteBehavior [ RunTime:0.000023s ]
INFO: [ app_init ] --END-- [ RunTime:0.000690s ]

[ 2017-04-19T14:36:59+08:00 ] ::1 /test/Hospitalsrms/index.php/Admin/Xtgl/user.html
INFO: [ app_init ] --START--
INFO: Run Behavior\BuildLiteBehavior [ RunTime:0.000017s ]
INFO: [ app_init ] --END-- [ RunTime:0.000661s ]

[ 2017-04-19T14:37:45+08:00 ] ::1 /test/Hospitalsrms/index.php/Admin/Xtgl/user.html
INFO: [ app_init ] --START--
INFO: Run Behavior\BuildLiteBehavior [ RunTime:0.000022s ]
INFO: [ app_init ] --END-- [ RunTime:0.000703s ]

[ 2017-04-19T14:37:47+08:00 ] ::1 /test/Hospitalsrms/index.php/Admin/Xtgl/user.html
INFO: [ app_init ] --START--
INFO: Run Behavior\BuildLiteBehavior [ RunTime:0.000017s ]
INFO: [ app_init ] --END-- [ RunTime:0.000578s ]

[ 2017-04-19T14:38:22+08:00 ] ::1 /test/Hospitalsrms/index.php/Admin/Xtgl/user.html
INFO: [ app_init ] --START--
INFO: Run Behavior\BuildLiteBehavior [ RunTime:0.000026s ]
INFO: [ app_init ] --END-- [ RunTime:0.000748s ]

[ 2017-04-19T14:39:16+08:00 ] ::1 /test/Hospitalsrms/index.php/Admin/Xtgl/user.html
INFO: [ app_init ] --START--
INFO: Run Behavior\BuildLiteBehavior [ RunTime:0.000020s ]
INFO: [ app_init ] --END-- [ RunTime:0.000584s ]

[ 2017-04-19T14:42:00+08:00 ] ::1 /test/Hospitalsrms/index.php/Admin/Xtgl/user.html
INFO: [ app_init ] --START--
INFO: Run Behavior\BuildLiteBehavior [ RunTime:0.000025s ]
INFO: [ app_init ] --END-- [ RunTime:0.000569s ]
ERR: 1054:Unknown column 'usergroup_id' in 'field list'
 [ SQL语句 ] : SELECT `usergroup_id` FROM `srms_group_access` WHERE `uid` = 5 

[ 2017-04-19T14:42:34+08:00 ] ::1 /test/Hospitalsrms/index.php/Admin/Xtgl/user.html
INFO: [ app_init ] --START--
INFO: Run Behavior\BuildLiteBehavior [ RunTime:0.000015s ]
INFO: [ app_init ] --END-- [ RunTime:0.000568s ]

[ 2017-04-19T14:45:25+08:00 ] ::1 /test/Hospitalsrms/index.php/Admin/Xtgl/user.html
INFO: [ app_init ] --START--
INFO: Run Behavior\BuildLiteBehavior [ RunTime:0.000025s ]
INFO: [ app_init ] --END-- [ RunTime:0.000754s ]

[ 2017-04-19T14:53:58+08:00 ] ::1 /test/Hospitalsrms/index.php/Admin/Xtgl/user.html
INFO: [ app_init ] --START--
INFO: Run Behavior\BuildLiteBehavior [ RunTime:0.000027s ]
INFO: [ app_init ] --END-- [ RunTime:0.000789s ]

[ 2017-04-19T14:58:00+08:00 ] ::1 /test/Hospitalsrms/index.php/Admin/Xtgl/user.html
INFO: [ app_init ] --START--
INFO: Run Behavior\BuildLiteBehavior [ RunTime:0.000018s ]
INFO: [ app_init ] --END-- [ RunTime:0.000602s ]

[ 2017-04-19T14:58:43+08:00 ] ::1 /test/Hospitalsrms/index.php/Admin/Xtgl/user.html
INFO: [ app_init ] --START--
INFO: Run Behavior\BuildLiteBehavior [ RunTime:0.000018s ]
INFO: [ app_init ] --END-- [ RunTime:0.000559s ]

[ 2017-04-19T14:59:14+08:00 ] ::1 /test/Hospitalsrms/index.php/Admin/Xtgl/user.html
INFO: [ app_init ] --START--
INFO: Run Behavior\BuildLiteBehavior [ RunTime:0.000017s ]
INFO: [ app_init ] --END-- [ RunTime:0.000514s ]

[ 2017-04-19T14:59:48+08:00 ] ::1 /test/Hospitalsrms/index.php/Admin/Xtgl/user.html
INFO: [ app_init ] --START--
INFO: Run Behavior\BuildLiteBehavior [ RunTime:0.000017s ]
INFO: [ app_init ] --END-- [ RunTime:0.000495s ]

[ 2017-04-19T15:00:33+08:00 ] ::1 /test/Hospitalsrms/index.php/Admin/Xtgl/user.html
INFO: [ app_init ] --START--
INFO: Run Behavior\BuildLiteBehavior [ RunTime:0.000014s ]
INFO: [ app_init ] --END-- [ RunTime:0.000563s ]

[ 2017-04-19T15:00:37+08:00 ] ::1 /test/Hospitalsrms/index.php/Admin/Xtgl/user.html
INFO: [ app_init ] --START--
INFO: Run Behavior\BuildLiteBehavior [ RunTime:0.000017s ]
INFO: [ app_init ] --END-- [ RunTime:0.000659s ]

[ 2017-04-19T15:03:24+08:00 ] ::1 /test/Hospitalsrms/index.php/Admin/Xtgl/user.html
INFO: [ app_init ] --START--
INFO: Run Behavior\BuildLiteBehavior [ RunTime:0.000028s ]
INFO: [ app_init ] --END-- [ RunTime:0.000820s ]

[ 2017-04-19T15:04:09+08:00 ] ::1 /test/Hospitalsrms/index.php/Admin/Xtgl/user.html
INFO: [ app_init ] --START--
INFO: Run Behavior\BuildLiteBehavior [ RunTime:0.000017s ]
INFO: [ app_init ] --END-- [ RunTime:0.000653s ]

[ 2017-04-19T15:04:33+08:00 ] ::1 /test/Hospitalsrms/index.php/Admin/Xtgl/user.html
INFO: [ app_init ] --START--
INFO: Run Behavior\BuildLiteBehavior [ RunTime:0.000025s ]
INFO: [ app_init ] --END-- [ RunTime:0.001346s ]

[ 2017-04-19T15:05:09+08:00 ] ::1 /test/Hospitalsrms/index.php/Admin/Xtgl/user.html
INFO: [ app_init ] --START--
INFO: Run Behavior\BuildLiteBehavior [ RunTime:0.000025s ]
INFO: [ app_init ] --END-- [ RunTime:0.000597s ]

[ 2017-04-19T15:06:26+08:00 ] ::1 /test/Hospitalsrms/index.php/Admin/Xtgl/user.html
INFO: [ app_init ] --START--
INFO: Run Behavior\BuildLiteBehavior [ RunTime:0.000017s ]
INFO: [ app_init ] --END-- [ RunTime:0.000635s ]

[ 2017-04-19T15:07:19+08:00 ] ::1 /test/Hospitalsrms/index.php/Admin/Xtgl/user.html
INFO: [ app_init ] --START--
INFO: Run Behavior\BuildLiteBehavior [ RunTime:0.000016s ]
INFO: [ app_init ] --END-- [ RunTime:0.000592s ]

[ 2017-04-19T15:07:45+08:00 ] ::1 /test/Hospitalsrms/index.php/Admin/Xtgl/user.html
INFO: [ app_init ] --START--
INFO: Run Behavior\BuildLiteBehavior [ RunTime:0.000028s ]
INFO: [ app_init ] --END-- [ RunTime:0.000742s ]

[ 2017-04-19T15:08:59+08:00 ] ::1 /test/Hospitalsrms/index.php/Admin/Xtgl/user.html
INFO: [ app_init ] --START--
INFO: Run Behavior\BuildLiteBehavior [ RunTime:0.000025s ]
INFO: [ app_init ] --END-- [ RunTime:0.001434s ]

[ 2017-04-19T15:09:11+08:00 ] ::1 /test/Hospitalsrms/index.php/Admin/Xtgl/user.html
INFO: [ app_init ] --START--
INFO: Run Behavior\BuildLiteBehavior [ RunTime:0.000031s ]
INFO: [ app_init ] --END-- [ RunTime:0.000858s ]

[ 2017-04-19T15:09:27+08:00 ] ::1 /test/Hospitalsrms/index.php/Admin/Xtgl/user.html
INFO: [ app_init ] --START--
INFO: Run Behavior\BuildLiteBehavior [ RunTime:0.000017s ]
INFO: [ app_init ] --END-- [ RunTime:0.000644s ]

[ 2017-04-19T15:09:42+08:00 ] ::1 /test/Hospitalsrms/index.php/Admin/Xtgl/user.html
INFO: [ app_init ] --START--
INFO: Run Behavior\BuildLiteBehavior [ RunTime:0.000021s ]
INFO: [ app_init ] --END-- [ RunTime:0.000754s ]

[ 2017-04-19T15:10:06+08:00 ] ::1 /test/Hospitalsrms/index.php/Admin/Xtgl/user.html
INFO: [ app_init ] --START--
INFO: Run Behavior\BuildLiteBehavior [ RunTime:0.000015s ]
INFO: [ app_init ] --END-- [ RunTime:0.000609s ]

[ 2017-04-19T15:10:37+08:00 ] ::1 /test/Hospitalsrms/index.php/Admin/Xtgl/user.html
INFO: [ app_init ] --START--
INFO: Run Behavior\BuildLiteBehavior [ RunTime:0.000014s ]
INFO: [ app_init ] --END-- [ RunTime:0.000559s ]

[ 2017-04-19T15:15:01+08:00 ] ::1 /test/Hospitalsrms/index.php/Admin/Xtgl/user.html
INFO: [ app_init ] --START--
INFO: Run Behavior\BuildLiteBehavior [ RunTime:0.000019s ]
INFO: [ app_init ] --END-- [ RunTime:0.001212s ]

[ 2017-04-19T15:16:08+08:00 ] ::1 /test/Hospitalsrms/index.php/Admin/Xtgl/user.html
INFO: [ app_init ] --START--
INFO: Run Behavior\BuildLiteBehavior [ RunTime:0.000019s ]
INFO: [ app_init ] --END-- [ RunTime:0.000623s ]

[ 2017-04-19T15:16:30+08:00 ] ::1 /test/Hospitalsrms/index.php/Admin/Xtgl/user.html
INFO: [ app_init ] --START--
INFO: Run Behavior\BuildLiteBehavior [ RunTime:0.000016s ]
INFO: [ app_init ] --END-- [ RunTime:0.000630s ]

[ 2017-04-19T15:17:10+08:00 ] ::1 /test/Hospitalsrms/index.php/Admin/Xtgl/user.html
INFO: [ app_init ] --START--
INFO: Run Behavior\BuildLiteBehavior [ RunTime:0.000016s ]
INFO: [ app_init ] --END-- [ RunTime:0.000522s ]

[ 2017-04-19T15:17:53+08:00 ] ::1 /test/Hospitalsrms/index.php/Admin/Xtgl/user_add
INFO: [ app_init ] --START--
INFO: Run Behavior\BuildLiteBehavior [ RunTime:0.000022s ]
INFO: [ app_init ] --END-- [ RunTime:0.000654s ]
INFO: [ app_begin ] --START--
INFO: Run Behavior\ReadHtmlCacheBehavior [ RunTime:0.000899s ]
INFO: [ app_begin ] --END-- [ RunTime:0.000965s ]
SQL: SHOW COLUMNS FROM `srms_admin_user` [ RunTime:0.0088s ]
SQL: INSERT INTO `srms_admin_user` (`user_name`,`password`,`reg_time`) VALUES ('admin','aaaaaa','1492586273') [ RunTime:0.0681s ]
SQL: SHOW COLUMNS FROM `srms_group_access` [ RunTime:0.0097s ]
SQL: INSERT INTO `srms_group_access` (`uid`,`group_id`) VALUES ('7','1') [ RunTime:0.0009s ]

[ 2017-04-19T15:17:55+08:00 ] ::1 /test/Hospitalsrms/index.php/Admin/Xtgl/user.html
INFO: [ app_init ] --START--
INFO: Run Behavior\BuildLiteBehavior [ RunTime:0.000023s ]
INFO: [ app_init ] --END-- [ RunTime:0.000762s ]

[ 2017-04-19T15:22:00+08:00 ] ::1 /test/Hospitalsrms/index.php/Admin/Xtgl/user.html
INFO: [ app_init ] --START--
INFO: Run Behavior\BuildLiteBehavior [ RunTime:0.000015s ]
INFO: [ app_init ] --END-- [ RunTime:0.000567s ]

[ 2017-04-19T15:24:44+08:00 ] ::1 /test/Hospitalsrms/index.php/Admin/Xtgl/user.html
INFO: [ app_init ] --START--
INFO: Run Behavior\BuildLiteBehavior [ RunTime:0.000017s ]
INFO: [ app_init ] --END-- [ RunTime:0.000691s ]

[ 2017-04-19T15:25:27+08:00 ] ::1 /test/Hospitalsrms/index.php/Admin/Xtgl/user.html
INFO: [ app_init ] --START--
INFO: Run Behavior\BuildLiteBehavior [ RunTime:0.000015s ]
INFO: [ app_init ] --END-- [ RunTime:0.000603s ]

[ 2017-04-19T15:26:00+08:00 ] ::1 /test/Hospitalsrms/index.php/Admin/Xtgl/user.html
INFO: [ app_init ] --START--
INFO: Run Behavior\BuildLiteBehavior [ RunTime:0.000018s ]
INFO: [ app_init ] --END-- [ RunTime:0.000665s ]

[ 2017-04-19T15:26:37+08:00 ] ::1 /test/Hospitalsrms/index.php/Admin/Xtgl/user.html
INFO: [ app_init ] --START--
INFO: Run Behavior\BuildLiteBehavior [ RunTime:0.000016s ]
INFO: [ app_init ] --END-- [ RunTime:0.000646s ]

[ 2017-04-19T15:27:05+08:00 ] ::1 /test/Hospitalsrms/index.php/Admin/Xtgl/user.html
INFO: [ app_init ] --START--
INFO: Run Behavior\BuildLiteBehavior [ RunTime:0.000015s ]
INFO: [ app_init ] --END-- [ RunTime:0.000511s ]

[ 2017-04-19T15:27:31+08:00 ] ::1 /test/Hospitalsrms/index.php/Admin/Xtgl/user.html
INFO: [ app_init ] --START--
INFO: Run Behavior\BuildLiteBehavior [ RunTime:0.000018s ]
INFO: [ app_init ] --END-- [ RunTime:0.000517s ]

[ 2017-04-19T15:30:38+08:00 ] ::1 /test/Hospitalsrms/index.php/Admin/Xmsb/index.html
INFO: [ app_init ] --START--
INFO: Run Behavior\BuildLiteBehavior [ RunTime:0.000030s ]
INFO: [ app_init ] --END-- [ RunTime:0.000837s ]

[ 2017-04-19T15:31:17+08:00 ] ::1 /test/Hospitalsrms/index.php/Admin/Xtgl/user.html
INFO: [ app_init ] --START--
INFO: Run Behavior\BuildLiteBehavior [ RunTime:0.000015s ]
INFO: [ app_init ] --END-- [ RunTime:0.000592s ]

[ 2017-04-19T15:31:25+08:00 ] ::1 /test/Hospitalsrms/index.php/Admin/Kytj/index.html
INFO: [ app_init ] --START--
INFO: Run Behavior\BuildLiteBehavior [ RunTime:0.000015s ]
INFO: [ app_init ] --END-- [ RunTime:0.000619s ]

[ 2017-04-19T15:31:54+08:00 ] ::1 /test/Hospitalsrms/index.php/Admin/Xtgl/user.html
INFO: [ app_init ] --START--
INFO: Run Behavior\BuildLiteBehavior [ RunTime:0.000015s ]
INFO: [ app_init ] --END-- [ RunTime:0.000615s ]

[ 2017-04-19T15:32:25+08:00 ] ::1 /test/Hospitalsrms/index.php/Admin/Xtgl/user.html
INFO: [ app_init ] --START--
INFO: Run Behavior\BuildLiteBehavior [ RunTime:0.000032s ]
INFO: [ app_init ] --END-- [ RunTime:0.000939s ]

[ 2017-04-19T15:40:40+08:00 ] ::1 /test/Hospitalsrms/index.php/Admin/Xtgl/user.html
INFO: [ app_init ] --START--
INFO: Run Behavior\BuildLiteBehavior [ RunTime:0.000017s ]
INFO: [ app_init ] --END-- [ RunTime:0.000664s ]

[ 2017-04-19T15:41:30+08:00 ] ::1 /test/Hospitalsrms/index.php/Admin/Xtgl/user.html
INFO: [ app_init ] --START--
INFO: Run Behavior\BuildLiteBehavior [ RunTime:0.000017s ]
INFO: [ app_init ] --END-- [ RunTime:0.000635s ]

[ 2017-04-19T15:41:49+08:00 ] ::1 /test/Hospitalsrms/index.php/Admin/Xtgl/user.html
INFO: [ app_init ] --START--
INFO: Run Behavior\BuildLiteBehavior [ RunTime:0.000014s ]
INFO: [ app_init ] --END-- [ RunTime:0.000566s ]

[ 2017-04-19T15:43:07+08:00 ] ::1 /test/Hospitalsrms/index.php/Admin/Xtgl/user.html
INFO: [ app_init ] --START--
INFO: Run Behavior\BuildLiteBehavior [ RunTime:0.000017s ]
INFO: [ app_init ] --END-- [ RunTime:0.000605s ]

[ 2017-04-19T15:51:56+08:00 ] ::1 /test/Hospitalsrms/index.php/Admin/Xtgl/user.html
INFO: [ app_init ] --START--
INFO: Run Behavior\BuildLiteBehavior [ RunTime:0.000015s ]
INFO: [ app_init ] --END-- [ RunTime:0.000485s ]

[ 2017-04-19T15:53:40+08:00 ] ::1 /test/Hospitalsrms/index.php/Admin/Xtgl/user.html
INFO: [ app_init ] --START--
INFO: Run Behavior\BuildLiteBehavior [ RunTime:0.000017s ]
INFO: [ app_init ] --END-- [ RunTime:0.000658s ]

[ 2017-04-19T15:54:22+08:00 ] ::1 /test/Hospitalsrms/index.php/Admin/Xtgl/user.html
INFO: [ app_init ] --START--
INFO: Run Behavior\BuildLiteBehavior [ RunTime:0.000027s ]
INFO: [ app_init ] --END-- [ RunTime:0.000847s ]

[ 2017-04-19T15:56:33+08:00 ] ::1 /test/Hospitalsrms/index.php/Admin/Xtgl/user.html
INFO: [ app_init ] --START--
INFO: Run Behavior\BuildLiteBehavior [ RunTime:0.000029s ]
INFO: [ app_init ] --END-- [ RunTime:0.000875s ]

[ 2017-04-19T15:57:08+08:00 ] ::1 /test/Hospitalsrms/index.php/Admin/Xtgl/user.html
INFO: [ app_init ] --START--
INFO: Run Behavior\BuildLiteBehavior [ RunTime:0.000018s ]
INFO: [ app_init ] --END-- [ RunTime:0.000681s ]

[ 2017-04-19T15:59:21+08:00 ] ::1 /test/Hospitalsrms/index.php/Admin/Xtgl/user.html
INFO: [ app_init ] --START--
INFO: Run Behavior\BuildLiteBehavior [ RunTime:0.000015s ]
INFO: [ app_init ] --END-- [ RunTime:0.000573s ]

[ 2017-04-19T15:59:36+08:00 ] ::1 /test/Hospitalsrms/index.php/Admin/Xtgl/user.html
INFO: [ app_init ] --START--
INFO: Run Behavior\BuildLiteBehavior [ RunTime:0.000016s ]
INFO: [ app_init ] --END-- [ RunTime:0.000642s ]

[ 2017-04-19T15:59:42+08:00 ] ::1 /test/Hospitalsrms/index.php/Admin/Xtgl/user.html
INFO: [ app_init ] --START--
INFO: Run Behavior\BuildLiteBehavior [ RunTime:0.000043s ]
INFO: [ app_init ] --END-- [ RunTime:0.001067s ]

[ 2017-04-19T16:01:10+08:00 ] ::1 /test/Hospitalsrms/index.php/Admin/Xtgl/user.html
INFO: [ app_init ] --START--
INFO: Run Behavior\BuildLiteBehavior [ RunTime:0.000017s ]
INFO: [ app_init ] --END-- [ RunTime:0.000601s ]

[ 2017-04-19T16:01:59+08:00 ] ::1 /test/Hospitalsrms/index.php/Admin/Xtgl/user.html
INFO: [ app_init ] --START--
INFO: Run Behavior\BuildLiteBehavior [ RunTime:0.000017s ]
INFO: [ app_init ] --END-- [ RunTime:0.000678s ]

[ 2017-04-19T16:02:39+08:00 ] ::1 /test/Hospitalsrms/index.php/Admin/Xtgl/user.html
INFO: [ app_init ] --START--
INFO: Run Behavior\BuildLiteBehavior [ RunTime:0.000018s ]
INFO: [ app_init ] --END-- [ RunTime:0.000598s ]

[ 2017-04-19T16:08:51+08:00 ] ::1 /test/Hospitalsrms/index.php/Admin/Xtgl/get_usergroup
INFO: [ app_init ] --START--
INFO: Run Behavior\BuildLiteBehavior [ RunTime:0.000020s ]
INFO: [ app_init ] --END-- [ RunTime:0.000563s ]
INFO: [ app_begin ] --START--
INFO: Run Behavior\ReadHtmlCacheBehavior [ RunTime:0.000971s ]
INFO: [ app_begin ] --END-- [ RunTime:0.001037s ]
ERR: 非法操作:get_usergroup

[ 2017-04-19T16:09:13+08:00 ] ::1 /test/Hospitalsrms/index.php/Admin/Xtgl/user.html
INFO: [ app_init ] --START--
INFO: Run Behavior\BuildLiteBehavior [ RunTime:0.000028s ]
INFO: [ app_init ] --END-- [ RunTime:0.000654s ]

[ 2017-04-19T16:11:41+08:00 ] ::1 /test/Hospitalsrms/index.php/Admin/Xtgl/do_user_edite
INFO: [ app_init ] --START--
INFO: Run Behavior\BuildLiteBehavior [ RunTime:0.000043s ]
INFO: [ app_init ] --END-- [ RunTime:0.001878s ]
INFO: [ app_begin ] --START--
INFO: Run Behavior\ReadHtmlCacheBehavior [ RunTime:0.000897s ]
INFO: [ app_begin ] --END-- [ RunTime:0.000974s ]
ERR: 非法操作:do_user_edite

[ 2017-04-19T16:12:39+08:00 ] ::1 /test/Hospitalsrms/index.php/Admin/Xtgl/user.html
INFO: [ app_init ] --START--
INFO: Run Behavior\BuildLiteBehavior [ RunTime:0.000018s ]
INFO: [ app_init ] --END-- [ RunTime:0.000532s ]

[ 2017-04-19T16:12:44+08:00 ] ::1 /test/Hospitalsrms/index.php/Admin/Xtgl/get_usergroup
INFO: [ app_init ] --START--
INFO: Run Behavior\BuildLiteBehavior [ RunTime:0.000018s ]
INFO: [ app_init ] --END-- [ RunTime:0.000551s ]
INFO: [ app_begin ] --START--
INFO: Run Behavior\ReadHtmlCacheBehavior [ RunTime:0.000710s ]
INFO: [ app_begin ] --END-- [ RunTime:0.000759s ]
ERR: 非法操作:get_usergroup

[ 2017-04-19T16:16:51+08:00 ] ::1 /test/Hospitalsrms/index.php/Admin/Xtgl/get_usergroup
INFO: [ app_init ] --START--
INFO: Run Behavior\BuildLiteBehavior [ RunTime:0.000029s ]
INFO: [ app_init ] --END-- [ RunTime:0.000858s ]
INFO: [ app_begin ] --START--
INFO: Run Behavior\ReadHtmlCacheBehavior [ RunTime:0.001875s ]
INFO: [ app_begin ] --END-- [ RunTime:0.001993s ]
ERR: 非法操作:get_usergroup

[ 2017-04-19T16:16:58+08:00 ] ::1 /test/Hospitalsrms/index.php/Admin/Xtgl/get_usergroup
INFO: [ app_init ] --START--
INFO: Run Behavior\BuildLiteBehavior [ RunTime:0.000020s ]
INFO: [ app_init ] --END-- [ RunTime:0.000600s ]
INFO: [ app_begin ] --START--
INFO: Run Behavior\ReadHtmlCacheBehavior [ RunTime:0.000856s ]
INFO: [ app_begin ] --END-- [ RunTime:0.000913s ]
ERR: 非法操作:get_usergroup

[ 2017-04-19T16:18:50+08:00 ] ::1 /test/Hospitalsrms/index.php/Admin/Xtgl/user.html
INFO: [ app_init ] --START--
INFO: Run Behavior\BuildLiteBehavior [ RunTime:0.000026s ]
INFO: [ app_init ] --END-- [ RunTime:0.000600s ]

[ 2017-04-19T16:18:57+08:00 ] ::1 /test/Hospitalsrms/index.php/Admin/Xtgl/user.html
INFO: [ app_init ] --START--
INFO: Run Behavior\BuildLiteBehavior [ RunTime:0.000014s ]
INFO: [ app_init ] --END-- [ RunTime:0.000600s ]

[ 2017-04-19T16:19:01+08:00 ] ::1 /test/Hospitalsrms/index.php/Admin/Xtgl/do_user_edit
INFO: [ app_init ] --START--
INFO: Run Behavior\BuildLiteBehavior [ RunTime:0.000020s ]
INFO: [ app_init ] --END-- [ RunTime:0.000596s ]
INFO: [ app_begin ] --START--
INFO: Run Behavior\ReadHtmlCacheBehavior [ RunTime:0.001013s ]
INFO: [ app_begin ] --END-- [ RunTime:0.001115s ]
NOTIC: [2] Missing argument 1 for dump(), called in F:\phpStudy\WWW\test\Hospitalsrms\Application\Admin\Controller\XtglController.class.php on line 57 and defined F:\phpStudy\WWW\test\Hospitalsrms\ThinkPHP\Common\functions.php 第 831 行.
NOTIC: [8] Undefined variable: var F:\phpStudy\WWW\test\Hospitalsrms\ThinkPHP\Common\functions.php 第 842 行.
INFO: [ app_end ] --START--
INFO: Run Behavior\ShowPageTraceBehavior [ RunTime:0.001166s ]
INFO: [ app_end ] --END-- [ RunTime:0.001256s ]

[ 2017-04-19T16:19:08+08:00 ] ::1 /test/Hospitalsrms/index.php/Admin/Xtgl/do_user_edit
INFO: [ app_init ] --START--
INFO: Run Behavior\BuildLiteBehavior [ RunTime:0.000014s ]
INFO: [ app_init ] --END-- [ RunTime:0.000592s ]
INFO: [ app_begin ] --START--
INFO: Run Behavior\ReadHtmlCacheBehavior [ RunTime:0.000828s ]
INFO: [ app_begin ] --END-- [ RunTime:0.000909s ]
NOTIC: [2] Missing argument 1 for dump(), called in F:\phpStudy\WWW\test\Hospitalsrms\Application\Admin\Controller\XtglController.class.php on line 57 and defined F:\phpStudy\WWW\test\Hospitalsrms\ThinkPHP\Common\functions.php 第 831 行.
NOTIC: [8] Undefined variable: var F:\phpStudy\WWW\test\Hospitalsrms\ThinkPHP\Common\functions.php 第 842 行.
INFO: [ app_end ] --START--
INFO: Run Behavior\ShowPageTraceBehavior [ RunTime:0.001209s ]
INFO: [ app_end ] --END-- [ RunTime:0.001309s ]

[ 2017-04-19T16:19:09+08:00 ] ::1 /test/Hospitalsrms/index.php/Admin/Xtgl/do_user_edit
INFO: [ app_init ] --START--
INFO: Run Behavior\BuildLiteBehavior [ RunTime:0.000021s ]
INFO: [ app_init ] --END-- [ RunTime:0.000655s ]
INFO: [ app_begin ] --START--
INFO: Run Behavior\ReadHtmlCacheBehavior [ RunTime:0.000795s ]
INFO: [ app_begin ] --END-- [ RunTime:0.000864s ]
NOTIC: [2] Missing argument 1 for dump(), called in F:\phpStudy\WWW\test\Hospitalsrms\Application\Admin\Controller\XtglController.class.php on line 57 and defined F:\phpStudy\WWW\test\Hospitalsrms\ThinkPHP\Common\functions.php 第 831 行.
NOTIC: [8] Undefined variable: var F:\phpStudy\WWW\test\Hospitalsrms\ThinkPHP\Common\functions.php 第 842 行.
INFO: [ app_end ] --START--
INFO: Run Behavior\ShowPageTraceBehavior [ RunTime:0.000809s ]
INFO: [ app_end ] --END-- [ RunTime:0.000863s ]

[ 2017-04-19T16:19:10+08:00 ] ::1 /test/Hospitalsrms/index.php/Admin/Xtgl/do_user_edit
INFO: [ app_init ] --START--
INFO: Run Behavior\BuildLiteBehavior [ RunTime:0.000032s ]
INFO: [ app_init ] --END-- [ RunTime:0.000767s ]
INFO: [ app_begin ] --START--
INFO: Run Behavior\ReadHtmlCacheBehavior [ RunTime:0.001208s ]
INFO: [ app_begin ] --END-- [ RunTime:0.001332s ]
NOTIC: [2] Missing argument 1 for dump(), called in F:\phpStudy\WWW\test\Hospitalsrms\Application\Admin\Controller\XtglController.class.php on line 57 and defined F:\phpStudy\WWW\test\Hospitalsrms\ThinkPHP\Common\functions.php 第 831 行.
NOTIC: [8] Undefined variable: var F:\phpStudy\WWW\test\Hospitalsrms\ThinkPHP\Common\functions.php 第 842 行.
INFO: [ app_end ] --START--
INFO: Run Behavior\ShowPageTraceBehavior [ RunTime:0.001055s ]
INFO: [ app_end ] --END-- [ RunTime:0.001142s ]

[ 2017-04-19T16:19:11+08:00 ] ::1 /test/Hospitalsrms/index.php/Admin/Xtgl/do_user_edit
INFO: [ app_init ] --START--
INFO: Run Behavior\BuildLiteBehavior [ RunTime:0.000044s ]
INFO: [ app_init ] --END-- [ RunTime:0.000731s ]
INFO: [ app_begin ] --START--
INFO: Run Behavior\ReadHtmlCacheBehavior [ RunTime:0.001111s ]
INFO: [ app_begin ] --END-- [ RunTime:0.001193s ]
NOTIC: [2] Missing argument 1 for dump(), called in F:\phpStudy\WWW\test\Hospitalsrms\Application\Admin\Controller\XtglController.class.php on line 57 and defined F:\phpStudy\WWW\test\Hospitalsrms\ThinkPHP\Common\functions.php 第 831 行.
NOTIC: [8] Undefined variable: var F:\phpStudy\WWW\test\Hospitalsrms\ThinkPHP\Common\functions.php 第 842 行.
INFO: [ app_end ] --START--
INFO: Run Behavior\ShowPageTraceBehavior [ RunTime:0.000672s ]
INFO: [ app_end ] --END-- [ RunTime:0.000725s ]

[ 2017-04-19T16:22:28+08:00 ] ::1 /test/Hospitalsrms/index.php/Admin/Xtgl/do_user_edit
INFO: [ app_init ] --START--
INFO: Run Behavior\BuildLiteBehavior [ RunTime:0.000028s ]
INFO: [ app_init ] --END-- [ RunTime:0.000858s ]
INFO: [ app_begin ] --START--
INFO: Run Behavior\ReadHtmlCacheBehavior [ RunTime:0.000956s ]
INFO: [ app_begin ] --END-- [ RunTime:0.001032s ]
NOTIC: [2] Missing argument 1 for dump(), called in F:\phpStudy\WWW\test\Hospitalsrms\Application\Admin\Controller\XtglController.class.php on line 57 and defined F:\phpStudy\WWW\test\Hospitalsrms\ThinkPHP\Common\functions.php 第 831 行.
NOTIC: [8] Undefined variable: var F:\phpStudy\WWW\test\Hospitalsrms\ThinkPHP\Common\functions.php 第 842 行.
INFO: [ app_end ] --START--
INFO: Run Behavior\ShowPageTraceBehavior [ RunTime:0.002090s ]
INFO: [ app_end ] --END-- [ RunTime:0.002156s ]

[ 2017-04-19T16:22:29+08:00 ] ::1 /test/Hospitalsrms/index.php/Admin/Xtgl/do_user_edit
INFO: [ app_init ] --START--
INFO: Run Behavior\BuildLiteBehavior [ RunTime:0.000021s ]
INFO: [ app_init ] --END-- [ RunTime:0.000698s ]
INFO: [ app_begin ] --START--
INFO: Run Behavior\ReadHtmlCacheBehavior [ RunTime:0.000991s ]
INFO: [ app_begin ] --END-- [ RunTime:0.001059s ]
NOTIC: [2] Missing argument 1 for dump(), called in F:\phpStudy\WWW\test\Hospitalsrms\Application\Admin\Controller\XtglController.class.php on line 57 and defined F:\phpStudy\WWW\test\Hospitalsrms\ThinkPHP\Common\functions.php 第 831 行.
NOTIC: [8] Undefined variable: var F:\phpStudy\WWW\test\Hospitalsrms\ThinkPHP\Common\functions.php 第 842 行.
INFO: [ app_end ] --START--
INFO: Run Behavior\ShowPageTraceBehavior [ RunTime:0.000957s ]
INFO: [ app_end ] --END-- [ RunTime:0.001030s ]

[ 2017-04-19T16:22:30+08:00 ] ::1 /test/Hospitalsrms/index.php/Admin/Xtgl/do_user_edit
INFO: [ app_init ] --START--
INFO: Run Behavior\BuildLiteBehavior [ RunTime:0.000028s ]
INFO: [ app_init ] --END-- [ RunTime:0.000588s ]
INFO: [ app_begin ] --START--
INFO: Run Behavior\ReadHtmlCacheBehavior [ RunTime:0.001191s ]
INFO: [ app_begin ] --END-- [ RunTime:0.001263s ]
NOTIC: [2] Missing argument 1 for dump(), called in F:\phpStudy\WWW\test\Hospitalsrms\Application\Admin\Controller\XtglController.class.php on line 57 and defined F:\phpStudy\WWW\test\Hospitalsrms\ThinkPHP\Common\functions.php 第 831 行.
NOTIC: [8] Undefined variable: var F:\phpStudy\WWW\test\Hospitalsrms\ThinkPHP\Common\functions.php 第 842 行.
INFO: [ app_end ] --START--
INFO: Run Behavior\ShowPageTraceBehavior [ RunTime:0.000920s ]
INFO: [ app_end ] --END-- [ RunTime:0.000979s ]

[ 2017-04-19T16:22:58+08:00 ] ::1 /test/Hospitalsrms/index.php/Admin/Xtgl/do_user_edit
INFO: [ app_init ] --START--
INFO: Run Behavior\BuildLiteBehavior [ RunTime:0.000030s ]
INFO: [ app_init ] --END-- [ RunTime:0.001357s ]
INFO: [ app_begin ] --START--
INFO: Run Behavior\ReadHtmlCacheBehavior [ RunTime:0.001681s ]
INFO: [ app_begin ] --END-- [ RunTime:0.001865s ]
NOTIC: [2] Missing argument 1 for dump(), called in F:\phpStudy\WWW\test\Hospitalsrms\Application\Admin\Controller\XtglController.class.php on line 57 and defined F:\phpStudy\WWW\test\Hospitalsrms\ThinkPHP\Common\functions.php 第 831 行.
NOTIC: [8] Undefined variable: var F:\phpStudy\WWW\test\Hospitalsrms\ThinkPHP\Common\functions.php 第 842 行.
INFO: [ app_end ] --START--
INFO: Run Behavior\ShowPageTraceBehavior [ RunTime:0.002042s ]
INFO: [ app_end ] --END-- [ RunTime:0.002157s ]

[ 2017-04-19T16:23:01+08:00 ] ::1 /test/Hospitalsrms/index.php/Admin/Xtgl/user.html
INFO: [ app_init ] --START--
INFO: Run Behavior\BuildLiteBehavior [ RunTime:0.000021s ]
INFO: [ app_init ] --END-- [ RunTime:0.000812s ]

[ 2017-04-19T16:23:03+08:00 ] ::1 /test/Hospitalsrms/index.php/Admin/Xtgl/get_usergroup
INFO: [ app_init ] --START--
INFO: Run Behavior\BuildLiteBehavior [ RunTime:0.000016s ]
INFO: [ app_init ] --END-- [ RunTime:0.000578s ]
INFO: [ app_begin ] --START--
INFO: Run Behavior\ReadHtmlCacheBehavior [ RunTime:0.000963s ]
INFO: [ app_begin ] --END-- [ RunTime:0.001020s ]
ERR: 非法操作:get_usergroup

[ 2017-04-19T16:23:26+08:00 ] ::1 /test/Hospitalsrms/index.php/Admin/Xtgl/get_usergroup
INFO: [ app_init ] --START--
INFO: Run Behavior\BuildLiteBehavior [ RunTime:0.000038s ]
INFO: [ app_init ] --END-- [ RunTime:0.001353s ]
INFO: [ app_begin ] --START--
INFO: Run Behavior\ReadHtmlCacheBehavior [ RunTime:0.000965s ]
INFO: [ app_begin ] --END-- [ RunTime:0.001061s ]
ERR: 非法操作:get_usergroup

[ 2017-04-19T16:23:28+08:00 ] ::1 /test/Hospitalsrms/index.php/Admin/Xtgl/get_usergroup
INFO: [ app_init ] --START--
INFO: Run Behavior\BuildLiteBehavior [ RunTime:0.000017s ]
INFO: [ app_init ] --END-- [ RunTime:0.000599s ]
INFO: [ app_begin ] --START--
INFO: Run Behavior\ReadHtmlCacheBehavior [ RunTime:0.000814s ]
INFO: [ app_begin ] --END-- [ RunTime:0.000863s ]
ERR: 非法操作:get_usergroup

[ 2017-04-19T16:23:30+08:00 ] ::1 /test/Hospitalsrms/index.php/Admin/Xtgl/user.html
INFO: [ app_init ] --START--
INFO: Run Behavior\BuildLiteBehavior [ RunTime:0.000017s ]
INFO: [ app_init ] --END-- [ RunTime:0.000649s ]

[ 2017-04-19T16:23:42+08:00 ] ::1 /test/Hospitalsrms/index.php/Admin/Xtgl/do_user_edit
INFO: [ app_init ] --START--
INFO: Run Behavior\BuildLiteBehavior [ RunTime:0.000031s ]
INFO: [ app_init ] --END-- [ RunTime:0.000940s ]
INFO: [ app_begin ] --START--
INFO: Run Behavior\ReadHtmlCacheBehavior [ RunTime:0.001683s ]
INFO: [ app_begin ] --END-- [ RunTime:0.001801s ]
NOTIC: [2] Missing argument 1 for dump(), called in F:\phpStudy\WWW\test\Hospitalsrms\Application\Admin\Controller\XtglController.class.php on line 57 and defined F:\phpStudy\WWW\test\Hospitalsrms\ThinkPHP\Common\functions.php 第 831 行.
NOTIC: [8] Undefined variable: var F:\phpStudy\WWW\test\Hospitalsrms\ThinkPHP\Common\functions.php 第 842 行.
INFO: [ app_end ] --START--
INFO: Run Behavior\ShowPageTraceBehavior [ RunTime:0.001552s ]
INFO: [ app_end ] --END-- [ RunTime:0.001675s ]

[ 2017-04-19T16:29:00+08:00 ] ::1 /test/Hospitalsrms/index.php/Admin/Xtgl/user.html
INFO: [ app_init ] --START--
INFO: Run Behavior\BuildLiteBehavior [ RunTime:0.000020s ]
INFO: [ app_init ] --END-- [ RunTime:0.000632s ]

[ 2017-04-19T16:29:14+08:00 ] ::1 /test/Hospitalsrms/index.php/Admin/Xtgl/do_user_edit
INFO: [ app_init ] --START--
INFO: Run Behavior\BuildLiteBehavior [ RunTime:0.000019s ]
INFO: [ app_init ] --END-- [ RunTime:0.000702s ]
INFO: [ app_begin ] --START--
INFO: Run Behavior\ReadHtmlCacheBehavior [ RunTime:0.003890s ]
INFO: [ app_begin ] --END-- [ RunTime:0.004007s ]
SQL: SHOW COLUMNS FROM `srms_admin_user` [ RunTime:0.0062s ]
SQL: INSERT INTO `srms_admin_user` (`user_name`,`password`,`reg_time`) VALUES ('admin','admin111','1492590554') [ RunTime:0.0781s ]
SQL: SHOW COLUMNS FROM `srms_group_access` [ RunTime:0.0051s ]
SQL: INSERT INTO `srms_group_access` (`uid`,`group_id`) VALUES ('8','1') [ RunTime:0.0004s ]
SQL: INSERT INTO `srms_group_access` (`uid`,`group_id`) VALUES ('8','2') [ RunTime:0.0003s ]

[ 2017-04-19T16:29:46+08:00 ] ::1 /test/Hospitalsrms/index.php/Admin/Xtgl/user.html
INFO: [ app_init ] --START--
INFO: Run Behavior\BuildLiteBehavior [ RunTime:0.000023s ]
INFO: [ app_init ] --END-- [ RunTime:0.000841s ]

[ 2017-04-19T16:32:35+08:00 ] ::1 /test/Hospitalsrms/index.php/Admin/Xtgl/user.html
INFO: [ app_init ] --START--
INFO: Run Behavior\BuildLiteBehavior [ RunTime:0.000022s ]
INFO: [ app_init ] --END-- [ RunTime:0.000599s ]

[ 2017-04-19T16:32:42+08:00 ] ::1 /test/Hospitalsrms/index.php/Admin/Xtgl/user.html
INFO: [ app_init ] --START--
INFO: Run Behavior\BuildLiteBehavior [ RunTime:0.000019s ]
INFO: [ app_init ] --END-- [ RunTime:0.000620s ]

[ 2017-04-19T16:32:55+08:00 ] ::1 /test/Hospitalsrms/index.php/Admin/Xtgl/do_user_edit
INFO: [ app_init ] --START--
INFO: Run Behavior\BuildLiteBehavior [ RunTime:0.000020s ]
INFO: [ app_init ] --END-- [ RunTime:0.000735s ]
INFO: [ app_begin ] --START--
INFO: Run Behavior\ReadHtmlCacheBehavior [ RunTime:0.000962s ]
INFO: [ app_begin ] --END-- [ RunTime:0.001024s ]
SQL: SHOW COLUMNS FROM `srms_admin_user` [ RunTime:0.0588s ]
SQL: SHOW COLUMNS FROM `srms_group_access` [ RunTime:0.0056s ]
NOTIC: [8] Undefined variable: result F:\phpStudy\WWW\test\Hospitalsrms\Application\Admin\Controller\XtglController.class.php 第 71 行.

[ 2017-04-19T16:33:30+08:00 ] ::1 /test/Hospitalsrms/index.php/Admin/Xtgl/user.html
INFO: [ app_init ] --START--
INFO: Run Behavior\BuildLiteBehavior [ RunTime:0.000025s ]
INFO: [ app_init ] --END-- [ RunTime:0.000696s ]

[ 2017-04-19T16:34:00+08:00 ] ::1 /test/Hospitalsrms/index.php/Admin/Xtgl/user.html
INFO: [ app_init ] --START--
INFO: Run Behavior\BuildLiteBehavior [ RunTime:0.000060s ]
INFO: [ app_init ] --END-- [ RunTime:0.001038s ]

[ 2017-04-19T16:36:30+08:00 ] ::1 /test/Hospitalsrms/index.php/Admin/Xtgl/user.html
INFO: [ app_init ] --START--
INFO: Run Behavior\BuildLiteBehavior [ RunTime:0.000021s ]
INFO: [ app_init ] --END-- [ RunTime:0.001011s ]

[ 2017-04-19T16:37:18+08:00 ] ::1 /test/Hospitalsrms/index.php/Admin/Xtgl/user.html
INFO: [ app_init ] --START--
INFO: Run Behavior\BuildLiteBehavior [ RunTime:0.000032s ]
INFO: [ app_init ] --END-- [ RunTime:0.000961s ]

[ 2017-04-19T16:37:35+08:00 ] ::1 /test/Hospitalsrms/index.php/Admin/Xtgl/user.html
INFO: [ app_init ] --START--
INFO: Run Behavior\BuildLiteBehavior [ RunTime:0.000017s ]
INFO: [ app_init ] --END-- [ RunTime:0.000671s ]

[ 2017-04-19T16:37:43+08:00 ] ::1 /test/Hospitalsrms/index.php/Admin/Xtgl/do_user_edit
INFO: [ app_init ] --START--
INFO: Run Behavior\BuildLiteBehavior [ RunTime:0.000033s ]
INFO: [ app_init ] --END-- [ RunTime:0.000846s ]
INFO: [ app_begin ] --START--
INFO: Run Behavior\ReadHtmlCacheBehavior [ RunTime:0.004528s ]
INFO: [ app_begin ] --END-- [ RunTime:0.004687s ]
SQL: SHOW COLUMNS FROM `srms_admin_user` [ RunTime:0.0078s ]
SQL: SHOW COLUMNS FROM `srms_group_access` [ RunTime:0.0094s ]
NOTIC: [8] Undefined variable: result F:\phpStudy\WWW\test\Hospitalsrms\Application\Admin\Controller\XtglController.class.php 第 71 行.

[ 2017-04-19T16:38:08+08:00 ] ::1 /test/Hospitalsrms/index.php/Admin/Xtgl/user.html
INFO: [ app_init ] --START--
INFO: Run Behavior\BuildLiteBehavior [ RunTime:0.000017s ]
INFO: [ app_init ] --END-- [ RunTime:0.000631s ]

[ 2017-04-19T16:38:15+08:00 ] ::1 /test/Hospitalsrms/index.php/Admin/Xtgl/do_user_edit
INFO: [ app_init ] --START--
INFO: Run Behavior\BuildLiteBehavior [ RunTime:0.000023s ]
INFO: [ app_init ] --END-- [ RunTime:0.000736s ]
INFO: [ app_begin ] --START--
INFO: Run Behavior\ReadHtmlCacheBehavior [ RunTime:0.001194s ]
INFO: [ app_begin ] --END-- [ RunTime:0.001295s ]
SQL: SHOW COLUMNS FROM `srms_admin_user` [ RunTime:0.0058s ]
SQL: SHOW COLUMNS FROM `srms_group_access` [ RunTime:0.0062s ]
NOTIC: [8] Undefined variable: result F:\phpStudy\WWW\test\Hospitalsrms\Application\Admin\Controller\XtglController.class.php 第 71 行.

[ 2017-04-19T16:40:04+08:00 ] ::1 /test/Hospitalsrms/index.php/Admin/Xtgl/user.html
INFO: [ app_init ] --START--
INFO: Run Behavior\BuildLiteBehavior [ RunTime:0.000023s ]
INFO: [ app_init ] --END-- [ RunTime:0.000693s ]

[ 2017-04-19T16:40:33+08:00 ] ::1 /test/Hospitalsrms/index.php/Admin/Xtgl/user.html
INFO: [ app_init ] --START--
INFO: Run Behavior\BuildLiteBehavior [ RunTime:0.000031s ]
INFO: [ app_init ] --END-- [ RunTime:0.000950s ]

[ 2017-04-19T16:40:35+08:00 ] ::1 /test/Hospitalsrms/index.php/Admin/Xtgl/user.html
INFO: [ app_init ] --START--
INFO: Run Behavior\BuildLiteBehavior [ RunTime:0.000019s ]
INFO: [ app_init ] --END-- [ RunTime:0.000456s ]

[ 2017-04-19T16:41:25+08:00 ] ::1 /test/Hospitalsrms/index.php/Admin/Xtgl/user.html
INFO: [ app_init ] --START--
INFO: Run Behavior\BuildLiteBehavior [ RunTime:0.000022s ]
INFO: [ app_init ] --END-- [ RunTime:0.000738s ]

[ 2017-04-19T16:41:31+08:00 ] ::1 /test/Hospitalsrms/index.php/Admin/Xtgl/do_user_edit
INFO: [ app_init ] --START--
INFO: Run Behavior\BuildLiteBehavior [ RunTime:0.000019s ]
INFO: [ app_init ] --END-- [ RunTime:0.000584s ]
INFO: [ app_begin ] --START--
INFO: Run Behavior\ReadHtmlCacheBehavior [ RunTime:0.001179s ]
INFO: [ app_begin ] --END-- [ RunTime:0.001273s ]
SQL: SHOW COLUMNS FROM `srms_admin_user` [ RunTime:0.0065s ]
SQL: SHOW COLUMNS FROM `srms_group_access` [ RunTime:0.0053s ]
NOTIC: [8] Undefined variable: result F:\phpStudy\WWW\test\Hospitalsrms\Application\Admin\Controller\XtglController.class.php 第 71 行.

[ 2017-04-19T16:44:22+08:00 ] ::1 /test/Hospitalsrms/index.php/Admin/Xtgl/user.html
INFO: [ app_init ] --START--
INFO: Run Behavior\BuildLiteBehavior [ RunTime:0.000078s ]
INFO: [ app_init ] --END-- [ RunTime:0.000863s ]

[ 2017-04-19T16:44:38+08:00 ] ::1 /test/Hospitalsrms/index.php/Admin/Xtgl/do_user_edit
INFO: [ app_init ] --START--
INFO: Run Behavior\BuildLiteBehavior [ RunTime:0.000030s ]
INFO: [ app_init ] --END-- [ RunTime:0.001107s ]
INFO: [ app_begin ] --START--
INFO: Run Behavior\ReadHtmlCacheBehavior [ RunTime:0.001730s ]
INFO: [ app_begin ] --END-- [ RunTime:0.001857s ]
SQL: SHOW COLUMNS FROM `srms_admin_user` [ RunTime:0.0059s ]
SQL: UPDATE `srms_admin_user` SET `user_name`='admin',`password`='admin1' WHERE `id` = 5 [ RunTime:0.0869s ]
SQL: SHOW COLUMNS FROM `srms_group_access` [ RunTime:0.0059s ]
SQL: UPDATE `srms_group_access` SET `group_id`='1' WHERE `uid` = 5 [ RunTime:0.0006s ]

[ 2017-04-19T16:45:03+08:00 ] ::1 /test/Hospitalsrms/index.php/Admin/Xtgl/user.html
INFO: [ app_init ] --START--
INFO: Run Behavior\BuildLiteBehavior [ RunTime:0.000026s ]
INFO: [ app_init ] --END-- [ RunTime:0.000711s ]

[ 2017-04-19T16:49:51+08:00 ] ::1 /test/Hospitalsrms/index.php/Admin/Xtgl/user.html
INFO: [ app_init ] --START--
INFO: Run Behavior\BuildLiteBehavior [ RunTime:0.000020s ]
INFO: [ app_init ] --END-- [ RunTime:0.000616s ]

[ 2017-04-19T16:52:13+08:00 ] ::1 /test/Hospitalsrms/index.php/Admin/Xtgl/user.html
INFO: [ app_init ] --START--
INFO: Run Behavior\BuildLiteBehavior [ RunTime:0.000018s ]
INFO: [ app_init ] --END-- [ RunTime:0.000661s ]

[ 2017-04-19T16:52:19+08:00 ] ::1 /test/Hospitalsrms/index.php/Admin/Xtgl/do_user_edit
INFO: [ app_init ] --START--
INFO: Run Behavior\BuildLiteBehavior [ RunTime:0.000018s ]
INFO: [ app_init ] --END-- [ RunTime:0.000580s ]
INFO: [ app_begin ] --START--
INFO: Run Behavior\ReadHtmlCacheBehavior [ RunTime:0.000976s ]
INFO: [ app_begin ] --END-- [ RunTime:0.001083s ]
SQL: SHOW COLUMNS FROM `srms_admin_user` [ RunTime:0.0054s ]
SQL: UPDATE `srms_admin_user` SET `user_name`='admin',`password`='admin1' WHERE `id` = 5 [ RunTime:0.0902s ]
SQL: SHOW COLUMNS FROM `srms_group_access` [ RunTime:0.0052s ]
SQL: UPDATE `srms_group_access` SET `group_id`='1' WHERE `uid` = 5 [ RunTime:0.0004s ]

[ 2017-04-19T16:52:53+08:00 ] ::1 /test/Hospitalsrms/index.php/Admin/Xtgl/user.html
INFO: [ app_init ] --START--
INFO: Run Behavior\BuildLiteBehavior [ RunTime:0.000017s ]
INFO: [ app_init ] --END-- [ RunTime:0.000619s ]

[ 2017-04-19T16:52:59+08:00 ] ::1 /test/Hospitalsrms/index.php/Admin/Xtgl/do_user_edit
INFO: [ app_init ] --START--
INFO: Run Behavior\BuildLiteBehavior [ RunTime:0.000017s ]
INFO: [ app_init ] --END-- [ RunTime:0.000499s ]
INFO: [ app_begin ] --START--
INFO: Run Behavior\ReadHtmlCacheBehavior [ RunTime:0.000988s ]
INFO: [ app_begin ] --END-- [ RunTime:0.001067s ]
SQL: SHOW COLUMNS FROM `srms_admin_user` [ RunTime:0.0070s ]
SQL: UPDATE `srms_admin_user` SET `user_name`='admin',`password`='admin1' WHERE `id` = 5 [ RunTime:0.0775s ]

[ 2017-04-19T16:54:07+08:00 ] ::1 /test/Hospitalsrms/index.php/Admin/Xtgl/user.html
INFO: [ app_init ] --START--
INFO: Run Behavior\BuildLiteBehavior [ RunTime:0.000021s ]
INFO: [ app_init ] --END-- [ RunTime:0.000642s ]

[ 2017-04-19T16:54:17+08:00 ] ::1 /test/Hospitalsrms/index.php/Admin/Xtgl/do_user_edit
INFO: [ app_init ] --START--
INFO: Run Behavior\BuildLiteBehavior [ RunTime:0.000033s ]
INFO: [ app_init ] --END-- [ RunTime:0.001084s ]
INFO: [ app_begin ] --START--
INFO: Run Behavior\ReadHtmlCacheBehavior [ RunTime:0.002535s ]
INFO: [ app_begin ] --END-- [ RunTime:0.002684s ]
SQL: SHOW COLUMNS FROM `srms_admin_user` [ RunTime:0.0108s ]
SQL: UPDATE `srms_admin_user` SET `user_name`='admin',`password`='admin123' WHERE `id` = 5 [ RunTime:0.0859s ]

[ 2017-04-19T16:54:20+08:00 ] ::1 /test/Hospitalsrms/index.php/Admin/Xtgl/user.html
INFO: [ app_init ] --START--
INFO: Run Behavior\BuildLiteBehavior [ RunTime:0.000029s ]
INFO: [ app_init ] --END-- [ RunTime:0.001095s ]

[ 2017-04-19T16:57:01+08:00 ] ::1 /test/Hospitalsrms/index.php/Admin/Xtgl/user.html
INFO: [ app_init ] --START--
INFO: Run Behavior\BuildLiteBehavior [ RunTime:0.000059s ]
INFO: [ app_init ] --END-- [ RunTime:0.000946s ]

[ 2017-04-19T16:57:03+08:00 ] ::1 /test/Hospitalsrms/index.php/Admin/Xtgl/user_delete
INFO: [ app_init ] --START--
INFO: Run Behavior\BuildLiteBehavior [ RunTime:0.000014s ]
INFO: [ app_init ] --END-- [ RunTime:0.000485s ]
INFO: [ app_begin ] --START--
INFO: Run Behavior\ReadHtmlCacheBehavior [ RunTime:0.001778s ]
INFO: [ app_begin ] --END-- [ RunTime:0.001941s ]
INFO: [ app_end ] --START--
INFO: Run Behavior\ShowPageTraceBehavior [ RunTime:0.001109s ]
INFO: [ app_end ] --END-- [ RunTime:0.001183s ]

[ 2017-04-19T16:58:18+08:00 ] ::1 /test/Hospitalsrms/index.php/Admin/Xtgl/user.html
INFO: [ app_init ] --START--
INFO: Run Behavior\BuildLiteBehavior [ RunTime:0.000015s ]
INFO: [ app_init ] --END-- [ RunTime:0.000595s ]

[ 2017-04-19T16:58:21+08:00 ] ::1 /test/Hospitalsrms/index.php/Admin/Xtgl/user_delete
INFO: [ app_init ] --START--
INFO: Run Behavior\BuildLiteBehavior [ RunTime:0.000018s ]
INFO: [ app_init ] --END-- [ RunTime:0.000624s ]
INFO: [ app_begin ] --START--
INFO: Run Behavior\ReadHtmlCacheBehavior [ RunTime:0.000927s ]
INFO: [ app_begin ] --END-- [ RunTime:0.000990s ]
INFO: [ app_end ] --START--
INFO: Run Behavior\ShowPageTraceBehavior [ RunTime:0.001498s ]
INFO: [ app_end ] --END-- [ RunTime:0.001587s ]

[ 2017-04-19T16:58:49+08:00 ] ::1 /test/Hospitalsrms/index.php/Admin/Xtgl/user.html
INFO: [ app_init ] --START--
INFO: Run Behavior\BuildLiteBehavior [ RunTime:0.000017s ]
INFO: [ app_init ] --END-- [ RunTime:0.000575s ]

[ 2017-04-19T17:01:00+08:00 ] ::1 /test/Hospitalsrms/index.php/Admin/Xtgl/user.html
INFO: [ app_init ] --START--
INFO: Run Behavior\BuildLiteBehavior [ RunTime:0.000018s ]
INFO: [ app_init ] --END-- [ RunTime:0.000662s ]

[ 2017-04-19T17:01:04+08:00 ] ::1 /test/Hospitalsrms/index.php/Admin/Xtgl/user_delete
INFO: [ app_init ] --START--
INFO: Run Behavior\BuildLiteBehavior [ RunTime:0.000018s ]
INFO: [ app_init ] --END-- [ RunTime:0.000652s ]
INFO: [ app_begin ] --START--
INFO: Run Behavior\ReadHtmlCacheBehavior [ RunTime:0.000822s ]
INFO: [ app_begin ] --END-- [ RunTime:0.000869s ]
INFO: [ app_end ] --START--
INFO: Run Behavior\ShowPageTraceBehavior [ RunTime:0.000848s ]
INFO: [ app_end ] --END-- [ RunTime:0.000922s ]

[ 2017-04-19T17:02:35+08:00 ] ::1 /test/Hospitalsrms/index.php/Admin/Xtgl/user.html
INFO: [ app_init ] --START--
INFO: Run Behavior\BuildLiteBehavior [ RunTime:0.000031s ]
INFO: [ app_init ] --END-- [ RunTime:0.000856s ]

[ 2017-04-19T17:02:53+08:00 ] ::1 /test/Hospitalsrms/index.php/Admin/Xtgl/user.html
INFO: [ app_init ] --START--
INFO: Run Behavior\BuildLiteBehavior [ RunTime:0.000018s ]
INFO: [ app_init ] --END-- [ RunTime:0.000585s ]

[ 2017-04-19T17:03:50+08:00 ] ::1 /test/Hospitalsrms/index.php/Admin/Xtgl/user_delete
INFO: [ app_init ] --START--
INFO: Run Behavior\BuildLiteBehavior [ RunTime:0.000016s ]
INFO: [ app_init ] --END-- [ RunTime:0.000590s ]
INFO: [ app_begin ] --START--
INFO: Run Behavior\ReadHtmlCacheBehavior [ RunTime:0.000846s ]
INFO: [ app_begin ] --END-- [ RunTime:0.000894s ]
SQL: SHOW COLUMNS FROM `srms_admin_user` [ RunTime:0.0057s ]
SQL: DELETE FROM `srms_admin_user` WHERE `id` = 5 [ RunTime:0.0767s ]

[ 2017-04-19T17:03:52+08:00 ] ::1 /test/Hospitalsrms/index.php/Admin/Xtgl/user.html
INFO: [ app_init ] --START--
INFO: Run Behavior\BuildLiteBehavior [ RunTime:0.000020s ]
INFO: [ app_init ] --END-- [ RunTime:0.000852s ]

[ 2017-04-19T17:03:58+08:00 ] ::1 /test/Hospitalsrms/index.php/Admin/Xtgl/user_delete
INFO: [ app_init ] --START--
INFO: Run Behavior\BuildLiteBehavior [ RunTime:0.000038s ]
INFO: [ app_init ] --END-- [ RunTime:0.000927s ]
INFO: [ app_begin ] --START--
INFO: Run Behavior\ReadHtmlCacheBehavior [ RunTime:0.001357s ]
INFO: [ app_begin ] --END-- [ RunTime:0.001465s ]
SQL: SHOW COLUMNS FROM `srms_admin_user` [ RunTime:0.0093s ]
SQL: DELETE FROM `srms_admin_user` WHERE `id` = 6 [ RunTime:0.0768s ]

[ 2017-04-19T17:04:00+08:00 ] ::1 /test/Hospitalsrms/index.php/Admin/Xtgl/user.html
INFO: [ app_init ] --START--
INFO: Run Behavior\BuildLiteBehavior [ RunTime:0.000014s ]
INFO: [ app_init ] --END-- [ RunTime:0.000567s ]

[ 2017-04-19T17:05:51+08:00 ] ::1 /test/Hospitalsrms/index.php/Admin/Xtgl/user.html
INFO: [ app_init ] --START--
INFO: Run Behavior\BuildLiteBehavior [ RunTime:0.000015s ]
INFO: [ app_init ] --END-- [ RunTime:0.000569s ]

[ 2017-04-19T17:06:27+08:00 ] ::1 /test/Hospitalsrms/index.php/Admin/Xtgl/user.html
INFO: [ app_init ] --START--
INFO: Run Behavior\BuildLiteBehavior [ RunTime:0.000024s ]
INFO: [ app_init ] --END-- [ RunTime:0.000659s ]

[ 2017-04-19T17:06:49+08:00 ] ::1 /test/Hospitalsrms/index.php/Admin/Xtgl/user.html
INFO: [ app_init ] --START--
INFO: Run Behavior\BuildLiteBehavior [ RunTime:0.000017s ]
INFO: [ app_init ] --END-- [ RunTime:0.000628s ]

[ 2017-04-19T17:07:31+08:00 ] ::1 /test/Hospitalsrms/index.php/Admin/Xtgl/user.html
INFO: [ app_init ] --START--
INFO: Run Behavior\BuildLiteBehavior [ RunTime:0.000021s ]
INFO: [ app_init ] --END-- [ RunTime:0.000792s ]

[ 2017-04-19T17:15:04+08:00 ] ::1 /test/Hospitalsrms/index.php/Admin/Xtgl/user.html
INFO: [ app_init ] --START--
INFO: Run Behavior\BuildLiteBehavior [ RunTime:0.000034s ]
INFO: [ app_init ] --END-- [ RunTime:0.000944s ]

[ 2017-04-19T17:15:14+08:00 ] ::1 /test/Hospitalsrms/index.php/Admin/Xtgl/user.html
INFO: [ app_init ] --START--
INFO: Run Behavior\BuildLiteBehavior [ RunTime:0.000036s ]
INFO: [ app_init ] --END-- [ RunTime:0.000812s ]

[ 2017-04-19T17:15:26+08:00 ] ::1 /test/Hospitalsrms/index.php/Admin/Xtgl/user.html
INFO: [ app_init ] --START--
INFO: Run Behavior\BuildLiteBehavior [ RunTime:0.000020s ]
INFO: [ app_init ] --END-- [ RunTime:0.000735s ]

[ 2017-04-19T17:15:49+08:00 ] ::1 /test/Hospitalsrms/index.php/Admin/Xtgl/user.html
INFO: [ app_init ] --START--
INFO: Run Behavior\BuildLiteBehavior [ RunTime:0.000029s ]
INFO: [ app_init ] --END-- [ RunTime:0.000806s ]

[ 2017-04-19T17:17:17+08:00 ] ::1 /test/Hospitalsrms/index.php/Admin/Xtgl/user.html
INFO: [ app_init ] --START--
INFO: Run Behavior\BuildLiteBehavior [ RunTime:0.000030s ]
INFO: [ app_init ] --END-- [ RunTime:0.000895s ]

[ 2017-04-19T17:18:10+08:00 ] ::1 /test/Hospitalsrms/index.php/Admin/Xtgl/user.html
INFO: [ app_init ] --START--
INFO: Run Behavior\BuildLiteBehavior [ RunTime:0.000014s ]
INFO: [ app_init ] --END-- [ RunTime:0.000507s ]

[ 2017-04-19T17:18:30+08:00 ] ::1 /test/Hospitalsrms/index.php/Admin/Xtgl/user.html
INFO: [ app_init ] --START--
INFO: Run Behavior\BuildLiteBehavior [ RunTime:0.000027s ]
INFO: [ app_init ] --END-- [ RunTime:0.000780s ]

[ 2017-04-19T17:18:38+08:00 ] ::1 /test/Hospitalsrms/index.php/Admin/Xtgl/usergroup.html
INFO: [ app_init ] --START--
INFO: Run Behavior\BuildLiteBehavior [ RunTime:0.000133s ]
INFO: [ app_init ] --END-- [ RunTime:0.001599s ]

[ 2017-04-19T17:27:59+08:00 ] ::1 /test/Hospitalsrms/index.php/Admin/Kytj/index.html
INFO: [ app_init ] --START--
INFO: Run Behavior\BuildLiteBehavior [ RunTime:0.000047s ]
INFO: [ app_init ] --END-- [ RunTime:0.000806s ]

[ 2017-04-19T17:34:47+08:00 ] ::1 /test/Hospitalsrms/index.php/Admin/Kytj/index.html
INFO: [ app_init ] --START--
INFO: Run Behavior\BuildLiteBehavior [ RunTime:0.000015s ]
INFO: [ app_init ] --END-- [ RunTime:0.000534s ]

[ 2017-04-19T17:35:01+08:00 ] ::1 /test/Hospitalsrms/index.php/Admin/Xshd/index.html
INFO: [ app_init ] --START--
INFO: Run Behavior\BuildLiteBehavior [ RunTime:0.000016s ]
INFO: [ app_init ] --END-- [ RunTime:0.000646s ]

[ 2017-04-19T17:35:05+08:00 ] ::1 /test/Hospitalsrms/index.php/Admin/Xmsb/index.html
INFO: [ app_init ] --START--
INFO: Run Behavior\BuildLiteBehavior [ RunTime:0.000015s ]
INFO: [ app_init ] --END-- [ RunTime:0.000581s ]

[ 2017-04-19T17:35:08+08:00 ] ::1 /test/Hospitalsrms/index.php/Admin/Xmsb/department.html
INFO: [ app_init ] --START--
INFO: Run Behavior\BuildLiteBehavior [ RunTime:0.000028s ]
INFO: [ app_init ] --END-- [ RunTime:0.001008s ]

[ 2017-04-19T17:35:11+08:00 ] ::1 /test/Hospitalsrms/index.php/Admin/Kytj/index.html
INFO: [ app_init ] --START--
INFO: Run Behavior\BuildLiteBehavior [ RunTime:0.000017s ]
INFO: [ app_init ] --END-- [ RunTime:0.000661s ]

[ 2017-04-19T17:35:16+08:00 ] ::1 /test/Hospitalsrms/index.php/Admin/Kyjf/index.html
INFO: [ app_init ] --START--
INFO: Run Behavior\BuildLiteBehavior [ RunTime:0.000021s ]
INFO: [ app_init ] --END-- [ RunTime:0.000678s ]

[ 2017-04-19T17:35:21+08:00 ] ::1 /test/Hospitalsrms/index.php/Admin/Xshd/index.html
INFO: [ app_init ] --START--
INFO: Run Behavior\BuildLiteBehavior [ RunTime:0.000015s ]
INFO: [ app_init ] --END-- [ RunTime:0.000493s ]

[ 2017-04-19T17:35:24+08:00 ] ::1 /test/Hospitalsrms/index.php/Admin/Xtgl/user.html
INFO: [ app_init ] --START--
INFO: Run Behavior\BuildLiteBehavior [ RunTime:0.000016s ]
INFO: [ app_init ] --END-- [ RunTime:0.000611s ]

