[ 2017-03-16T14:50:51+08:00 ] ::1 /test/Hospitalsrms/index.php/admin
INFO: [ app_init ] --START--
INFO: Run Behavior\BuildLiteBehavior [ RunTime:0.000035s ]
INFO: [ app_init ] --END-- [ RunTime:0.001159s ]

[ 2017-03-16T14:50:56+08:00 ] ::1 /test/Hospitalsrms/index.php/Admin/Xshd/index.html
INFO: [ app_init ] --START--
INFO: Run Behavior\BuildLiteBehavior [ RunTime:0.000013s ]
INFO: [ app_init ] --END-- [ RunTime:0.000541s ]

[ 2017-03-16T14:53:55+08:00 ] ::1 /test/Hospitalsrms/index.php/Admin/Xshd/index.html
INFO: [ app_init ] --START--
INFO: Run Behavior\BuildLiteBehavior [ RunTime:0.000016s ]
INFO: [ app_init ] --END-- [ RunTime:0.000632s ]

[ 2017-03-16T14:54:23+08:00 ] ::1 /test/Hospitalsrms/index.php/Admin/Xshd/index.html
INFO: [ app_init ] --START--
INFO: Run Behavior\BuildLiteBehavior [ RunTime:0.000014s ]
INFO: [ app_init ] --END-- [ RunTime:0.000572s ]

[ 2017-03-16T14:54:40+08:00 ] ::1 /test/Hospitalsrms/index.php/Admin/Xshd/index.html
INFO: [ app_init ] --START--
INFO: Run Behavior\BuildLiteBehavior [ RunTime:0.000018s ]
INFO: [ app_init ] --END-- [ RunTime:0.000613s ]

[ 2017-03-16T14:55:54+08:00 ] ::1 /test/Hospitalsrms/index.php/Admin/Xshd/index.html
INFO: [ app_init ] --START--
INFO: Run Behavior\BuildLiteBehavior [ RunTime:0.000016s ]
INFO: [ app_init ] --END-- [ RunTime:0.000573s ]

[ 2017-03-16T14:55:57+08:00 ] ::1 /test/Hospitalsrms/index.php/Admin/Xshd/index.html
INFO: [ app_init ] --START--
INFO: Run Behavior\BuildLiteBehavior [ RunTime:0.000018s ]
INFO: [ app_init ] --END-- [ RunTime:0.000616s ]

[ 2017-03-16T14:56:27+08:00 ] ::1 /test/Hospitalsrms/index.php/Admin/Xshd/index.html
INFO: [ app_init ] --START--
INFO: Run Behavior\BuildLiteBehavior [ RunTime:0.000016s ]
INFO: [ app_init ] --END-- [ RunTime:0.000621s ]

[ 2017-03-16T14:56:29+08:00 ] ::1 /test/Hospitalsrms/index.php/Admin/Xshd/index.html
INFO: [ app_init ] --START--
INFO: Run Behavior\BuildLiteBehavior [ RunTime:0.000034s ]
INFO: [ app_init ] --END-- [ RunTime:0.000702s ]

[ 2017-03-16T14:57:46+08:00 ] ::1 /test/Hospitalsrms/index.php/Admin/Xshd/index.html
INFO: [ app_init ] --START--
INFO: Run Behavior\BuildLiteBehavior [ RunTime:0.000016s ]
INFO: [ app_init ] --END-- [ RunTime:0.000602s ]

[ 2017-03-16T14:58:05+08:00 ] ::1 /test/Hospitalsrms/index.php/Admin/Xshd/index.html
INFO: [ app_init ] --START--
INFO: Run Behavior\BuildLiteBehavior [ RunTime:0.000020s ]
INFO: [ app_init ] --END-- [ RunTime:0.000577s ]

[ 2017-03-16T14:58:59+08:00 ] ::1 /test/Hospitalsrms/index.php/Admin/Xshd/index.html
INFO: [ app_init ] --START--
INFO: Run Behavior\BuildLiteBehavior [ RunTime:0.000026s ]
INFO: [ app_init ] --END-- [ RunTime:0.000779s ]

[ 2017-03-16T15:16:31+08:00 ] ::1 /test/Hospitalsrms/index.php/Admin/Xshd/index.html
INFO: [ app_init ] --START--
INFO: Run Behavior\BuildLiteBehavior [ RunTime:0.000015s ]
INFO: [ app_init ] --END-- [ RunTime:0.000602s ]

[ 2017-03-16T15:16:34+08:00 ] ::1 /test/Hospitalsrms/index.php/Admin/Xshd/index_edit
INFO: [ app_init ] --START--
INFO: Run Behavior\BuildLiteBehavior [ RunTime:0.000028s ]
INFO: [ app_init ] --END-- [ RunTime:0.000852s ]
INFO: [ app_begin ] --START--
INFO: Run Behavior\ReadHtmlCacheBehavior [ RunTime:0.000879s ]
INFO: [ app_begin ] --END-- [ RunTime:0.000961s ]

[ 2017-03-16T15:16:39+08:00 ] ::1 /test/Hospitalsrms/index.php/Admin/Xshd/index_edit
INFO: [ app_init ] --START--
INFO: Run Behavior\BuildLiteBehavior [ RunTime:0.000017s ]
INFO: [ app_init ] --END-- [ RunTime:0.000523s ]
INFO: [ app_begin ] --START--
INFO: Run Behavior\ReadHtmlCacheBehavior [ RunTime:0.000802s ]
INFO: [ app_begin ] --END-- [ RunTime:0.000874s ]

[ 2017-03-16T15:17:14+08:00 ] ::1 /test/Hospitalsrms/index.php/Admin/Xshd/index.html
INFO: [ app_init ] --START--
INFO: Run Behavior\BuildLiteBehavior [ RunTime:0.000016s ]
INFO: [ app_init ] --END-- [ RunTime:0.000517s ]

[ 2017-03-16T15:17:17+08:00 ] ::1 /test/Hospitalsrms/index.php/Admin/Xshd/index_edit
INFO: [ app_init ] --START--
INFO: Run Behavior\BuildLiteBehavior [ RunTime:0.000019s ]
INFO: [ app_init ] --END-- [ RunTime:0.000628s ]
INFO: [ app_begin ] --START--
INFO: Run Behavior\ReadHtmlCacheBehavior [ RunTime:0.000737s ]
INFO: [ app_begin ] --END-- [ RunTime:0.000800s ]

[ 2017-03-16T15:18:00+08:00 ] ::1 /test/Hospitalsrms/index.php/Admin/Xshd/index.html
INFO: [ app_init ] --START--
INFO: Run Behavior\BuildLiteBehavior [ RunTime:0.000028s ]
INFO: [ app_init ] --END-- [ RunTime:0.000961s ]

[ 2017-03-16T15:18:03+08:00 ] ::1 /test/Hospitalsrms/index.php/Admin/Xshd/index_edit
INFO: [ app_init ] --START--
INFO: Run Behavior\BuildLiteBehavior [ RunTime:0.000020s ]
INFO: [ app_init ] --END-- [ RunTime:0.000557s ]
INFO: [ app_begin ] --START--
INFO: Run Behavior\ReadHtmlCacheBehavior [ RunTime:0.000733s ]
INFO: [ app_begin ] --END-- [ RunTime:0.000802s ]

[ 2017-03-16T15:18:14+08:00 ] ::1 /test/Hospitalsrms/index.php/Admin/Xshd/index.html
INFO: [ app_init ] --START--
INFO: Run Behavior\BuildLiteBehavior [ RunTime:0.000020s ]
INFO: [ app_init ] --END-- [ RunTime:0.000677s ]

[ 2017-03-16T15:18:16+08:00 ] ::1 /test/Hospitalsrms/index.php/Admin/Xshd/index_edit
INFO: [ app_init ] --START--
INFO: Run Behavior\BuildLiteBehavior [ RunTime:0.000021s ]
INFO: [ app_init ] --END-- [ RunTime:0.000556s ]
INFO: [ app_begin ] --START--
INFO: Run Behavior\ReadHtmlCacheBehavior [ RunTime:0.001154s ]
INFO: [ app_begin ] --END-- [ RunTime:0.001263s ]

[ 2017-03-16T15:18:52+08:00 ] ::1 /test/Hospitalsrms/index.php/Admin/Xshd/index.html
INFO: [ app_init ] --START--
INFO: Run Behavior\BuildLiteBehavior [ RunTime:0.000014s ]
INFO: [ app_init ] --END-- [ RunTime:0.000522s ]

[ 2017-03-16T15:18:55+08:00 ] ::1 /test/Hospitalsrms/index.php/Admin/Xshd/index_edit
INFO: [ app_init ] --START--
INFO: Run Behavior\BuildLiteBehavior [ RunTime:0.000038s ]
INFO: [ app_init ] --END-- [ RunTime:0.000981s ]
INFO: [ app_begin ] --START--
INFO: Run Behavior\ReadHtmlCacheBehavior [ RunTime:0.000763s ]
INFO: [ app_begin ] --END-- [ RunTime:0.000844s ]

[ 2017-03-16T15:19:38+08:00 ] ::1 /test/Hospitalsrms/index.php/Admin/Xshd/index.html
INFO: [ app_init ] --START--
INFO: Run Behavior\BuildLiteBehavior [ RunTime:0.000017s ]
INFO: [ app_init ] --END-- [ RunTime:0.000604s ]

[ 2017-03-16T15:19:57+08:00 ] ::1 /test/Hospitalsrms/index.php/Admin/Xshd/index.html
INFO: [ app_init ] --START--
INFO: Run Behavior\BuildLiteBehavior [ RunTime:0.000023s ]
INFO: [ app_init ] --END-- [ RunTime:0.000791s ]

[ 2017-03-16T15:19:59+08:00 ] ::1 /test/Hospitalsrms/index.php/Admin/Xshd/index_edit
INFO: [ app_init ] --START--
INFO: Run Behavior\BuildLiteBehavior [ RunTime:0.000027s ]
INFO: [ app_init ] --END-- [ RunTime:0.002733s ]
INFO: [ app_begin ] --START--
INFO: Run Behavior\ReadHtmlCacheBehavior [ RunTime:0.000818s ]
INFO: [ app_begin ] --END-- [ RunTime:0.000900s ]

[ 2017-03-16T15:21:01+08:00 ] ::1 /test/Hospitalsrms/index.php/Admin/Xshd/index.html
INFO: [ app_init ] --START--
INFO: Run Behavior\BuildLiteBehavior [ RunTime:0.000016s ]
INFO: [ app_init ] --END-- [ RunTime:0.000526s ]

[ 2017-03-16T15:21:03+08:00 ] ::1 /test/Hospitalsrms/index.php/Admin/Xshd/index_edit
INFO: [ app_init ] --START--
INFO: Run Behavior\BuildLiteBehavior [ RunTime:0.000020s ]
INFO: [ app_init ] --END-- [ RunTime:0.000588s ]
INFO: [ app_begin ] --START--
INFO: Run Behavior\ReadHtmlCacheBehavior [ RunTime:0.000806s ]
INFO: [ app_begin ] --END-- [ RunTime:0.000900s ]

[ 2017-03-16T15:21:05+08:00 ] ::1 /test/Hospitalsrms/index.php/Admin/Xshd/index.html
INFO: [ app_init ] --START--
INFO: Run Behavior\BuildLiteBehavior [ RunTime:0.000020s ]
INFO: [ app_init ] --END-- [ RunTime:0.000570s ]

[ 2017-03-16T15:21:08+08:00 ] ::1 /test/Hospitalsrms/index.php/Admin/Xshd/index_edit
INFO: [ app_init ] --START--
INFO: Run Behavior\BuildLiteBehavior [ RunTime:0.000022s ]
INFO: [ app_init ] --END-- [ RunTime:0.000816s ]
INFO: [ app_begin ] --START--
INFO: Run Behavior\ReadHtmlCacheBehavior [ RunTime:0.000715s ]
INFO: [ app_begin ] --END-- [ RunTime:0.000793s ]

[ 2017-03-16T15:21:37+08:00 ] ::1 /test/Hospitalsrms/index.php/Admin/Xshd/index.html
INFO: [ app_init ] --START--
INFO: Run Behavior\BuildLiteBehavior [ RunTime:0.000016s ]
INFO: [ app_init ] --END-- [ RunTime:0.000526s ]

[ 2017-03-16T15:21:41+08:00 ] ::1 /test/Hospitalsrms/index.php/Admin/Xshd/index_edit
INFO: [ app_init ] --START--
INFO: Run Behavior\BuildLiteBehavior [ RunTime:0.000019s ]
INFO: [ app_init ] --END-- [ RunTime:0.000566s ]
INFO: [ app_begin ] --START--
INFO: Run Behavior\ReadHtmlCacheBehavior [ RunTime:0.001145s ]
INFO: [ app_begin ] --END-- [ RunTime:0.001255s ]

[ 2017-03-16T15:22:37+08:00 ] ::1 /test/Hospitalsrms/index.php/Admin/Xshd/index.html
INFO: [ app_init ] --START--
INFO: Run Behavior\BuildLiteBehavior [ RunTime:0.000018s ]
INFO: [ app_init ] --END-- [ RunTime:0.000552s ]

[ 2017-03-16T15:22:40+08:00 ] ::1 /test/Hospitalsrms/index.php/Admin/Xshd/index_edit
INFO: [ app_init ] --START--
INFO: Run Behavior\BuildLiteBehavior [ RunTime:0.000026s ]
INFO: [ app_init ] --END-- [ RunTime:0.000783s ]
INFO: [ app_begin ] --START--
INFO: Run Behavior\ReadHtmlCacheBehavior [ RunTime:0.001017s ]
INFO: [ app_begin ] --END-- [ RunTime:0.001110s ]

[ 2017-03-16T15:23:16+08:00 ] ::1 /test/Hospitalsrms/index.php/Admin/Xshd/index.html
INFO: [ app_init ] --START--
INFO: Run Behavior\BuildLiteBehavior [ RunTime:0.000024s ]
INFO: [ app_init ] --END-- [ RunTime:0.000964s ]

[ 2017-03-16T15:23:32+08:00 ] ::1 /test/Hospitalsrms/index.php/Admin/Xshd/index.html
INFO: [ app_init ] --START--
INFO: Run Behavior\BuildLiteBehavior [ RunTime:0.000015s ]
INFO: [ app_init ] --END-- [ RunTime:0.000585s ]

[ 2017-03-16T15:24:14+08:00 ] ::1 /test/Hospitalsrms/index.php/Admin/Xshd/index.html
INFO: [ app_init ] --START--
INFO: Run Behavior\BuildLiteBehavior [ RunTime:0.000015s ]
INFO: [ app_init ] --END-- [ RunTime:0.000521s ]

[ 2017-03-16T15:24:17+08:00 ] ::1 /test/Hospitalsrms/index.php/Admin/Xshd/index_edit
INFO: [ app_init ] --START--
INFO: Run Behavior\BuildLiteBehavior [ RunTime:0.000020s ]
INFO: [ app_init ] --END-- [ RunTime:0.000556s ]
INFO: [ app_begin ] --START--
INFO: Run Behavior\ReadHtmlCacheBehavior [ RunTime:0.000751s ]
INFO: [ app_begin ] --END-- [ RunTime:0.000815s ]

[ 2017-03-16T15:26:11+08:00 ] ::1 /test/Hospitalsrms/index.php/Admin/Xshd/index.html
INFO: [ app_init ] --START--
INFO: Run Behavior\BuildLiteBehavior [ RunTime:0.000014s ]
INFO: [ app_init ] --END-- [ RunTime:0.000534s ]

[ 2017-03-16T15:26:14+08:00 ] ::1 /test/Hospitalsrms/index.php/Admin/Xshd/index_edit
INFO: [ app_init ] --START--
INFO: Run Behavior\BuildLiteBehavior [ RunTime:0.000016s ]
INFO: [ app_init ] --END-- [ RunTime:0.000571s ]
INFO: [ app_begin ] --START--
INFO: Run Behavior\ReadHtmlCacheBehavior [ RunTime:0.001392s ]
INFO: [ app_begin ] --END-- [ RunTime:0.001500s ]

[ 2017-03-16T15:29:31+08:00 ] ::1 /test/Hospitalsrms/index.php/Admin/Xshd/index.html
INFO: [ app_init ] --START--
INFO: Run Behavior\BuildLiteBehavior [ RunTime:0.000017s ]
INFO: [ app_init ] --END-- [ RunTime:0.000657s ]

[ 2017-03-16T15:29:49+08:00 ] ::1 /test/Hospitalsrms/index.php/Admin/Xshd/index.html
INFO: [ app_init ] --START--
INFO: Run Behavior\BuildLiteBehavior [ RunTime:0.000021s ]
INFO: [ app_init ] --END-- [ RunTime:0.000555s ]

[ 2017-03-16T15:30:01+08:00 ] ::1 /test/Hospitalsrms/index.php/Admin/Xshd/index.html
INFO: [ app_init ] --START--
INFO: Run Behavior\BuildLiteBehavior [ RunTime:0.000014s ]
INFO: [ app_init ] --END-- [ RunTime:0.000675s ]

[ 2017-03-16T15:31:02+08:00 ] ::1 /test/Hospitalsrms/index.php/Admin/Xshd/index.html
INFO: [ app_init ] --START--
INFO: Run Behavior\BuildLiteBehavior [ RunTime:0.000012s ]
INFO: [ app_init ] --END-- [ RunTime:0.000569s ]

[ 2017-03-16T15:31:04+08:00 ] ::1 /test/Hospitalsrms/index.php/Admin/Xshd/index_edit
INFO: [ app_init ] --START--
INFO: Run Behavior\BuildLiteBehavior [ RunTime:0.000020s ]
INFO: [ app_init ] --END-- [ RunTime:0.000675s ]
INFO: [ app_begin ] --START--
INFO: Run Behavior\ReadHtmlCacheBehavior [ RunTime:0.000761s ]
INFO: [ app_begin ] --END-- [ RunTime:0.000830s ]

[ 2017-03-16T15:31:07+08:00 ] ::1 /test/Hospitalsrms/index.php/Admin/Xshd/index_edit
INFO: [ app_init ] --START--
INFO: Run Behavior\BuildLiteBehavior [ RunTime:0.000025s ]
INFO: [ app_init ] --END-- [ RunTime:0.000663s ]
INFO: [ app_begin ] --START--
INFO: Run Behavior\ReadHtmlCacheBehavior [ RunTime:0.001156s ]
INFO: [ app_begin ] --END-- [ RunTime:0.001257s ]

[ 2017-03-16T15:31:31+08:00 ] ::1 /test/Hospitalsrms/index.php/Admin/Xshd/index.html
INFO: [ app_init ] --START--
INFO: Run Behavior\BuildLiteBehavior [ RunTime:0.000027s ]
INFO: [ app_init ] --END-- [ RunTime:0.000903s ]

[ 2017-03-16T15:34:53+08:00 ] ::1 /test/Hospitalsrms/index.php/Admin/Xshd/index.html
INFO: [ app_init ] --START--
INFO: Run Behavior\BuildLiteBehavior [ RunTime:0.000014s ]
INFO: [ app_init ] --END-- [ RunTime:0.000594s ]

[ 2017-03-16T15:34:56+08:00 ] ::1 /test/Hospitalsrms/index.php/Admin/Xshd/index_edit
INFO: [ app_init ] --START--
INFO: Run Behavior\BuildLiteBehavior [ RunTime:0.000026s ]
INFO: [ app_init ] --END-- [ RunTime:0.000583s ]
INFO: [ app_begin ] --START--
INFO: Run Behavior\ReadHtmlCacheBehavior [ RunTime:0.000781s ]
INFO: [ app_begin ] --END-- [ RunTime:0.000854s ]

[ 2017-03-16T15:34:58+08:00 ] ::1 /test/Hospitalsrms/index.php/Admin/Xshd/index_edit
INFO: [ app_init ] --START--
INFO: Run Behavior\BuildLiteBehavior [ RunTime:0.000019s ]
INFO: [ app_init ] --END-- [ RunTime:0.000512s ]
INFO: [ app_begin ] --START--
INFO: Run Behavior\ReadHtmlCacheBehavior [ RunTime:0.000678s ]
INFO: [ app_begin ] --END-- [ RunTime:0.000734s ]

[ 2017-03-16T15:35:30+08:00 ] ::1 /test/Hospitalsrms/index.php/Admin/Xshd/index.html
INFO: [ app_init ] --START--
INFO: Run Behavior\BuildLiteBehavior [ RunTime:0.000015s ]
INFO: [ app_init ] --END-- [ RunTime:0.000608s ]

[ 2017-03-16T15:35:32+08:00 ] ::1 /test/Hospitalsrms/index.php/Admin/Xshd/index_edit
INFO: [ app_init ] --START--
INFO: Run Behavior\BuildLiteBehavior [ RunTime:0.000053s ]
INFO: [ app_init ] --END-- [ RunTime:0.001245s ]
INFO: [ app_begin ] --START--
INFO: Run Behavior\ReadHtmlCacheBehavior [ RunTime:0.000795s ]
INFO: [ app_begin ] --END-- [ RunTime:0.000860s ]

[ 2017-03-16T15:35:44+08:00 ] ::1 /test/Hospitalsrms/index.php/Admin/Xshd/index.html
INFO: [ app_init ] --START--
INFO: Run Behavior\BuildLiteBehavior [ RunTime:0.000017s ]
INFO: [ app_init ] --END-- [ RunTime:0.000549s ]

[ 2017-03-16T15:35:46+08:00 ] ::1 /test/Hospitalsrms/index.php/Admin/Xshd/index_edit
INFO: [ app_init ] --START--
INFO: Run Behavior\BuildLiteBehavior [ RunTime:0.000019s ]
INFO: [ app_init ] --END-- [ RunTime:0.000555s ]
INFO: [ app_begin ] --START--
INFO: Run Behavior\ReadHtmlCacheBehavior [ RunTime:0.000861s ]
INFO: [ app_begin ] --END-- [ RunTime:0.000947s ]

[ 2017-03-16T15:39:50+08:00 ] ::1 /test/Hospitalsrms/index.php/Admin/Xshd/index.html
INFO: [ app_init ] --START--
INFO: Run Behavior\BuildLiteBehavior [ RunTime:0.000028s ]
INFO: [ app_init ] --END-- [ RunTime:0.000711s ]

[ 2017-03-16T15:39:53+08:00 ] ::1 /test/Hospitalsrms/index.php/Admin/Xshd/index_edit
INFO: [ app_init ] --START--
INFO: Run Behavior\BuildLiteBehavior [ RunTime:0.000020s ]
INFO: [ app_init ] --END-- [ RunTime:0.000571s ]
INFO: [ app_begin ] --START--
INFO: Run Behavior\ReadHtmlCacheBehavior [ RunTime:0.000792s ]
INFO: [ app_begin ] --END-- [ RunTime:0.000869s ]

[ 2017-03-16T15:39:55+08:00 ] ::1 /test/Hospitalsrms/index.php/Admin/Xshd/index_edit
INFO: [ app_init ] --START--
INFO: Run Behavior\BuildLiteBehavior [ RunTime:0.000055s ]
INFO: [ app_init ] --END-- [ RunTime:0.000864s ]
INFO: [ app_begin ] --START--
INFO: Run Behavior\ReadHtmlCacheBehavior [ RunTime:0.000879s ]
INFO: [ app_begin ] --END-- [ RunTime:0.000968s ]

[ 2017-03-16T15:41:03+08:00 ] ::1 /test/Hospitalsrms/index.php/Admin/Xshd/index.html
INFO: [ app_init ] --START--
INFO: Run Behavior\BuildLiteBehavior [ RunTime:0.000020s ]
INFO: [ app_init ] --END-- [ RunTime:0.000621s ]

[ 2017-03-16T15:41:20+08:00 ] ::1 /test/Hospitalsrms/index.php/Admin/Xshd/index.html
INFO: [ app_init ] --START--
INFO: Run Behavior\BuildLiteBehavior [ RunTime:0.000016s ]
INFO: [ app_init ] --END-- [ RunTime:0.000645s ]

[ 2017-03-16T15:41:22+08:00 ] ::1 /test/Hospitalsrms/index.php/Admin/Xshd/index_edit
INFO: [ app_init ] --START--
INFO: Run Behavior\BuildLiteBehavior [ RunTime:0.000016s ]
INFO: [ app_init ] --END-- [ RunTime:0.000495s ]
INFO: [ app_begin ] --START--
INFO: Run Behavior\ReadHtmlCacheBehavior [ RunTime:0.000718s ]
INFO: [ app_begin ] --END-- [ RunTime:0.000782s ]
INFO: [ app_end ] --START--
INFO: Run Behavior\ShowPageTraceBehavior [ RunTime:0.001496s ]
INFO: [ app_end ] --END-- [ RunTime:0.001572s ]

[ 2017-03-16T15:46:15+08:00 ] ::1 /test/Hospitalsrms/index.php/Admin/Xshd/index.html
INFO: [ app_init ] --START--
INFO: Run Behavior\BuildLiteBehavior [ RunTime:0.000015s ]
INFO: [ app_init ] --END-- [ RunTime:0.000643s ]

[ 2017-03-16T15:46:29+08:00 ] ::1 /test/Hospitalsrms/index.php/Admin/Xshd/index.html
INFO: [ app_init ] --START--
INFO: Run Behavior\BuildLiteBehavior [ RunTime:0.000029s ]
INFO: [ app_init ] --END-- [ RunTime:0.001212s ]

[ 2017-03-16T15:47:05+08:00 ] ::1 /test/Hospitalsrms/index.php/Admin/Xshd/index.html
INFO: [ app_init ] --START--
INFO: Run Behavior\BuildLiteBehavior [ RunTime:0.000017s ]
INFO: [ app_init ] --END-- [ RunTime:0.000555s ]

[ 2017-03-16T15:47:08+08:00 ] ::1 /test/Hospitalsrms/index.php/Admin/Xshd/index_edit
INFO: [ app_init ] --START--
INFO: Run Behavior\BuildLiteBehavior [ RunTime:0.000017s ]
INFO: [ app_init ] --END-- [ RunTime:0.000516s ]
INFO: [ app_begin ] --START--
INFO: Run Behavior\ReadHtmlCacheBehavior [ RunTime:0.000677s ]
INFO: [ app_begin ] --END-- [ RunTime:0.000735s ]
SQL: SHOW COLUMNS FROM `srms_xs_meet` [ RunTime:0.0101s ]
SQL: UPDATE `srms_xs_meet` SET `status`='1' WHERE `id` = 1 [ RunTime:0.0420s ]

[ 2017-03-16T15:47:56+08:00 ] ::1 /test/Hospitalsrms/index.php/Admin/Xshd/index.html
INFO: [ app_init ] --START--
INFO: Run Behavior\BuildLiteBehavior [ RunTime:0.000015s ]
INFO: [ app_init ] --END-- [ RunTime:0.000528s ]

[ 2017-03-16T15:48:02+08:00 ] ::1 /test/Hospitalsrms/index.php/Admin/Xshd/index_edit
INFO: [ app_init ] --START--
INFO: Run Behavior\BuildLiteBehavior [ RunTime:0.000020s ]
INFO: [ app_init ] --END-- [ RunTime:0.000557s ]
INFO: [ app_begin ] --START--
INFO: Run Behavior\ReadHtmlCacheBehavior [ RunTime:0.000698s ]
INFO: [ app_begin ] --END-- [ RunTime:0.000758s ]
SQL: SHOW COLUMNS FROM `srms_xs_meet` [ RunTime:0.0105s ]
SQL: UPDATE `srms_xs_meet` SET `status`='1' WHERE `id` = 4 [ RunTime:0.0745s ]

[ 2017-03-16T15:49:17+08:00 ] ::1 /test/Hospitalsrms/index.php/Admin/Xshd/index.html
INFO: [ app_init ] --START--
INFO: Run Behavior\BuildLiteBehavior [ RunTime:0.000021s ]
INFO: [ app_init ] --END-- [ RunTime:0.000648s ]

[ 2017-03-16T15:49:36+08:00 ] ::1 /test/Hospitalsrms/index.php/Admin/Xshd/index.html
INFO: [ app_init ] --START--
INFO: Run Behavior\BuildLiteBehavior [ RunTime:0.000026s ]
INFO: [ app_init ] --END-- [ RunTime:0.000828s ]

[ 2017-03-16T15:49:39+08:00 ] ::1 /test/Hospitalsrms/index.php/Admin/Xshd/index_edit
INFO: [ app_init ] --START--
INFO: Run Behavior\BuildLiteBehavior [ RunTime:0.000039s ]
INFO: [ app_init ] --END-- [ RunTime:0.000901s ]
INFO: [ app_begin ] --START--
INFO: Run Behavior\ReadHtmlCacheBehavior [ RunTime:0.000894s ]
INFO: [ app_begin ] --END-- [ RunTime:0.000987s ]
SQL: SHOW COLUMNS FROM `srms_xs_meet` [ RunTime:0.0068s ]
SQL: UPDATE `srms_xs_meet` SET `status`='1' WHERE `id` = 1 [ RunTime:0.0799s ]

[ 2017-03-16T15:49:41+08:00 ] ::1 /test/Hospitalsrms/index.php/Admin/Xshd/index.html
INFO: [ app_init ] --START--
INFO: Run Behavior\BuildLiteBehavior [ RunTime:0.000013s ]
INFO: [ app_init ] --END-- [ RunTime:0.000570s ]

[ 2017-03-16T15:49:45+08:00 ] ::1 /test/Hospitalsrms/index.php/Admin/Xshd/index_edit
INFO: [ app_init ] --START--
INFO: Run Behavior\BuildLiteBehavior [ RunTime:0.000023s ]
INFO: [ app_init ] --END-- [ RunTime:0.000814s ]
INFO: [ app_begin ] --START--
INFO: Run Behavior\ReadHtmlCacheBehavior [ RunTime:0.001130s ]
INFO: [ app_begin ] --END-- [ RunTime:0.001239s ]
SQL: SHOW COLUMNS FROM `srms_xs_meet` [ RunTime:0.0070s ]
SQL: UPDATE `srms_xs_meet` SET `status`='1' WHERE `id` = 4 [ RunTime:0.1241s ]

[ 2017-03-16T15:49:47+08:00 ] ::1 /test/Hospitalsrms/index.php/Admin/Xshd/index.html
INFO: [ app_init ] --START--
INFO: Run Behavior\BuildLiteBehavior [ RunTime:0.000017s ]
INFO: [ app_init ] --END-- [ RunTime:0.000628s ]

[ 2017-03-16T15:51:23+08:00 ] ::1 /test/Hospitalsrms/index.php/Admin/Xshd/index.html
INFO: [ app_init ] --START--
INFO: Run Behavior\BuildLiteBehavior [ RunTime:0.000015s ]
INFO: [ app_init ] --END-- [ RunTime:0.000659s ]

[ 2017-03-16T15:51:41+08:00 ] ::1 /test/Hospitalsrms/index.php/Admin/Xshd/index.html
INFO: [ app_init ] --START--
INFO: Run Behavior\BuildLiteBehavior [ RunTime:0.000016s ]
INFO: [ app_init ] --END-- [ RunTime:0.000572s ]

[ 2017-03-16T15:51:45+08:00 ] ::1 /test/Hospitalsrms/index.php/Admin/Xshd/index_edit
INFO: [ app_init ] --START--
INFO: Run Behavior\BuildLiteBehavior [ RunTime:0.000017s ]
INFO: [ app_init ] --END-- [ RunTime:0.000560s ]
INFO: [ app_begin ] --START--
INFO: Run Behavior\ReadHtmlCacheBehavior [ RunTime:0.001478s ]
INFO: [ app_begin ] --END-- [ RunTime:0.001639s ]
SQL: SHOW COLUMNS FROM `srms_xs_meet` [ RunTime:0.0581s ]
SQL: UPDATE `srms_xs_meet` SET `status`='2' WHERE `id` = 0 [ RunTime:0.0005s ]

[ 2017-03-16T15:51:48+08:00 ] ::1 /test/Hospitalsrms/index.php/Admin/Xshd/index.html
INFO: [ app_init ] --START--
INFO: Run Behavior\BuildLiteBehavior [ RunTime:0.000024s ]
INFO: [ app_init ] --END-- [ RunTime:0.000629s ]

[ 2017-03-16T15:52:05+08:00 ] ::1 /test/Hospitalsrms/index.php/Admin/Xshd/index.html
INFO: [ app_init ] --START--
INFO: Run Behavior\BuildLiteBehavior [ RunTime:0.000018s ]
INFO: [ app_init ] --END-- [ RunTime:0.000523s ]

[ 2017-03-16T15:52:08+08:00 ] ::1 /test/Hospitalsrms/index.php/Admin/Xshd/index_edit
INFO: [ app_init ] --START--
INFO: Run Behavior\BuildLiteBehavior [ RunTime:0.000023s ]
INFO: [ app_init ] --END-- [ RunTime:0.000637s ]
INFO: [ app_begin ] --START--
INFO: Run Behavior\ReadHtmlCacheBehavior [ RunTime:0.000786s ]
INFO: [ app_begin ] --END-- [ RunTime:0.000909s ]
SQL: SHOW COLUMNS FROM `srms_xs_meet` [ RunTime:0.0054s ]
SQL: UPDATE `srms_xs_meet` SET `status`='2' WHERE `id` = 0 [ RunTime:0.0004s ]

[ 2017-03-16T15:52:24+08:00 ] ::1 /test/Hospitalsrms/index.php/Admin/Xshd/index.html
INFO: [ app_init ] --START--
INFO: Run Behavior\BuildLiteBehavior [ RunTime:0.000023s ]
INFO: [ app_init ] --END-- [ RunTime:0.000582s ]

[ 2017-03-16T15:52:27+08:00 ] ::1 /test/Hospitalsrms/index.php/Admin/Xshd/index_edit
INFO: [ app_init ] --START--
INFO: Run Behavior\BuildLiteBehavior [ RunTime:0.000020s ]
INFO: [ app_init ] --END-- [ RunTime:0.000531s ]
INFO: [ app_begin ] --START--
INFO: Run Behavior\ReadHtmlCacheBehavior [ RunTime:0.000773s ]
INFO: [ app_begin ] --END-- [ RunTime:0.000841s ]
SQL: SHOW COLUMNS FROM `srms_xs_meet` [ RunTime:0.0065s ]
SQL: UPDATE `srms_xs_meet` SET `status`='2' WHERE `id` = 1 [ RunTime:0.0906s ]

[ 2017-03-16T15:52:30+08:00 ] ::1 /test/Hospitalsrms/index.php/Admin/Xshd/index.html
INFO: [ app_init ] --START--
INFO: Run Behavior\BuildLiteBehavior [ RunTime:0.000029s ]
INFO: [ app_init ] --END-- [ RunTime:0.000743s ]

[ 2017-03-16T15:54:39+08:00 ] ::1 /test/Hospitalsrms/index.php/Admin/Xshd/lecture.html
INFO: [ app_init ] --START--
INFO: Run Behavior\BuildLiteBehavior [ RunTime:0.000015s ]
INFO: [ app_init ] --END-- [ RunTime:0.000556s ]

[ 2017-03-16T15:54:45+08:00 ] ::1 /test/Hospitalsrms/index.php/Admin/Xshd/index_edit
INFO: [ app_init ] --START--
INFO: Run Behavior\BuildLiteBehavior [ RunTime:0.000014s ]
INFO: [ app_init ] --END-- [ RunTime:0.000464s ]
INFO: [ app_begin ] --START--
INFO: Run Behavior\ReadHtmlCacheBehavior [ RunTime:0.000949s ]
INFO: [ app_begin ] --END-- [ RunTime:0.001032s ]
SQL: SHOW COLUMNS FROM `srms_xs_meet` [ RunTime:0.0047s ]
SQL: UPDATE `srms_xs_meet` SET `status`='1' WHERE `id` = 1 [ RunTime:0.0606s ]

[ 2017-03-16T15:54:47+08:00 ] ::1 /test/Hospitalsrms/index.php/Admin/Xshd/lecture.html
INFO: [ app_init ] --START--
INFO: Run Behavior\BuildLiteBehavior [ RunTime:0.000023s ]
INFO: [ app_init ] --END-- [ RunTime:0.001320s ]

[ 2017-03-16T15:55:05+08:00 ] ::1 /test/Hospitalsrms/index.php/Admin/Xshd/lecture.html
INFO: [ app_init ] --START--
INFO: Run Behavior\BuildLiteBehavior [ RunTime:0.000014s ]
INFO: [ app_init ] --END-- [ RunTime:0.000538s ]

[ 2017-03-16T15:55:07+08:00 ] ::1 /test/Hospitalsrms/index.php/Admin/Xshd/lecture.html
INFO: [ app_init ] --START--
INFO: Run Behavior\BuildLiteBehavior [ RunTime:0.000017s ]
INFO: [ app_init ] --END-- [ RunTime:0.000623s ]

[ 2017-03-16T15:55:08+08:00 ] ::1 /test/Hospitalsrms/index.php/Admin/Xshd/lecture.html
INFO: [ app_init ] --START--
INFO: Run Behavior\BuildLiteBehavior [ RunTime:0.000020s ]
INFO: [ app_init ] --END-- [ RunTime:0.000827s ]

[ 2017-03-16T15:55:11+08:00 ] ::1 /test/Hospitalsrms/index.php/Admin/Xshd/index_edit
INFO: [ app_init ] --START--
INFO: Run Behavior\BuildLiteBehavior [ RunTime:0.000018s ]
INFO: [ app_init ] --END-- [ RunTime:0.000604s ]
INFO: [ app_begin ] --START--
INFO: Run Behavior\ReadHtmlCacheBehavior [ RunTime:0.000741s ]
INFO: [ app_begin ] --END-- [ RunTime:0.000820s ]
SQL: SHOW COLUMNS FROM `srms_xs_meet` [ RunTime:0.0049s ]
SQL: UPDATE `srms_xs_meet` SET `status`='1' WHERE `id` = 1 [ RunTime:0.0814s ]

[ 2017-03-16T15:55:13+08:00 ] ::1 /test/Hospitalsrms/index.php/Admin/Xshd/lecture.html
INFO: [ app_init ] --START--
INFO: Run Behavior\BuildLiteBehavior [ RunTime:0.000016s ]
INFO: [ app_init ] --END-- [ RunTime:0.000576s ]

[ 2017-03-16T15:55:25+08:00 ] ::1 /test/Hospitalsrms/index.php/Admin/Xshd/lecture.html
INFO: [ app_init ] --START--
INFO: Run Behavior\BuildLiteBehavior [ RunTime:0.000016s ]
INFO: [ app_init ] --END-- [ RunTime:0.000577s ]

[ 2017-03-16T15:55:29+08:00 ] ::1 /test/Hospitalsrms/index.php/Admin/Xshd/index_edit
INFO: [ app_init ] --START--
INFO: Run Behavior\BuildLiteBehavior [ RunTime:0.000020s ]
INFO: [ app_init ] --END-- [ RunTime:0.000567s ]
INFO: [ app_begin ] --START--
INFO: Run Behavior\ReadHtmlCacheBehavior [ RunTime:0.000698s ]
INFO: [ app_begin ] --END-- [ RunTime:0.000761s ]
SQL: SHOW COLUMNS FROM `srms_xs_meet` [ RunTime:0.0053s ]
SQL: UPDATE `srms_xs_meet` SET `status`='1' WHERE `id` = 1 [ RunTime:0.0849s ]

[ 2017-03-16T15:55:38+08:00 ] ::1 /test/Hospitalsrms/index.php/Admin/Xshd/lecture.html
INFO: [ app_init ] --START--
INFO: Run Behavior\BuildLiteBehavior [ RunTime:0.000016s ]
INFO: [ app_init ] --END-- [ RunTime:0.000476s ]

[ 2017-03-16T15:56:19+08:00 ] ::1 /test/Hospitalsrms/index.php/Admin/Xshd/lecture.html
INFO: [ app_init ] --START--
INFO: Run Behavior\BuildLiteBehavior [ RunTime:0.000016s ]
INFO: [ app_init ] --END-- [ RunTime:0.000531s ]

[ 2017-03-16T15:56:22+08:00 ] ::1 /test/Hospitalsrms/index.php/Admin/Xshd/lecture_edit
INFO: [ app_init ] --START--
INFO: Run Behavior\BuildLiteBehavior [ RunTime:0.000017s ]
INFO: [ app_init ] --END-- [ RunTime:0.000515s ]
INFO: [ app_begin ] --START--
INFO: Run Behavior\ReadHtmlCacheBehavior [ RunTime:0.000722s ]
INFO: [ app_begin ] --END-- [ RunTime:0.000787s ]
SQL: SHOW COLUMNS FROM `srms_xs_lecture` [ RunTime:0.0048s ]
SQL: UPDATE `srms_xs_lecture` SET `status`='1' WHERE `id` = 1 [ RunTime:0.0827s ]

[ 2017-03-16T15:56:24+08:00 ] ::1 /test/Hospitalsrms/index.php/Admin/Xshd/lecture.html
INFO: [ app_init ] --START--
INFO: Run Behavior\BuildLiteBehavior [ RunTime:0.000015s ]
INFO: [ app_init ] --END-- [ RunTime:0.000529s ]

[ 2017-03-16T15:57:01+08:00 ] ::1 /test/Hospitalsrms/index.php/Admin/Xshd/lecture.html
INFO: [ app_init ] --START--
INFO: Run Behavior\BuildLiteBehavior [ RunTime:0.000015s ]
INFO: [ app_init ] --END-- [ RunTime:0.000592s ]

[ 2017-03-16T15:57:06+08:00 ] ::1 /test/Hospitalsrms/index.php/Admin/Xshd/lecture_edit
INFO: [ app_init ] --START--
INFO: Run Behavior\BuildLiteBehavior [ RunTime:0.000016s ]
INFO: [ app_init ] --END-- [ RunTime:0.000486s ]
INFO: [ app_begin ] --START--
INFO: Run Behavior\ReadHtmlCacheBehavior [ RunTime:0.000862s ]
INFO: [ app_begin ] --END-- [ RunTime:0.000934s ]
SQL: SHOW COLUMNS FROM `srms_xs_lecture` [ RunTime:0.0055s ]
SQL: UPDATE `srms_xs_lecture` SET `status`='2' WHERE `id` = 2 [ RunTime:0.0605s ]

[ 2017-03-16T15:57:08+08:00 ] ::1 /test/Hospitalsrms/index.php/Admin/Xshd/lecture.html
INFO: [ app_init ] --START--
INFO: Run Behavior\BuildLiteBehavior [ RunTime:0.000015s ]
INFO: [ app_init ] --END-- [ RunTime:0.000497s ]

[ 2017-03-16T17:34:16+08:00 ] ::1 /test/Hospitalsrms/index.php/admin
INFO: [ app_init ] --START--
INFO: Run Behavior\BuildLiteBehavior [ RunTime:0.000030s ]
INFO: [ app_init ] --END-- [ RunTime:0.000694s ]

[ 2017-03-16T17:34:22+08:00 ] ::1 /test/Hospitalsrms/index.php/Admin/Xshd/index.html
INFO: [ app_init ] --START--
INFO: Run Behavior\BuildLiteBehavior [ RunTime:0.000013s ]
INFO: [ app_init ] --END-- [ RunTime:0.000534s ]

[ 2017-03-16T17:34:26+08:00 ] ::1 /test/Hospitalsrms/index.php/Admin/Xshd/lecture.html
INFO: [ app_init ] --START--
INFO: Run Behavior\BuildLiteBehavior [ RunTime:0.000013s ]
INFO: [ app_init ] --END-- [ RunTime:0.000518s ]

[ 2017-03-16T17:35:01+08:00 ] ::1 /test/Hospitalsrms/index.php/Admin/Xshd/lecture.html
INFO: [ app_init ] --START--
INFO: Run Behavior\BuildLiteBehavior [ RunTime:0.000034s ]
INFO: [ app_init ] --END-- [ RunTime:0.000751s ]

[ 2017-03-16T17:35:04+08:00 ] ::1 /test/Hospitalsrms/index.php/Admin/Xshd/index.html
INFO: [ app_init ] --START--
INFO: Run Behavior\BuildLiteBehavior [ RunTime:0.000016s ]
INFO: [ app_init ] --END-- [ RunTime:0.000579s ]

[ 2017-03-16T17:35:08+08:00 ] ::1 /test/Hospitalsrms/index.php/Admin/Xshd/index_edit
INFO: [ app_init ] --START--
INFO: Run Behavior\BuildLiteBehavior [ RunTime:0.000042s ]
INFO: [ app_init ] --END-- [ RunTime:0.000953s ]
INFO: [ app_begin ] --START--
INFO: Run Behavior\ReadHtmlCacheBehavior [ RunTime:0.001047s ]
INFO: [ app_begin ] --END-- [ RunTime:0.001151s ]
SQL: SHOW COLUMNS FROM `srms_xs_meet` [ RunTime:0.0061s ]
SQL: UPDATE `srms_xs_meet` SET `status`='1' WHERE `id` = 2 [ RunTime:0.0832s ]

[ 2017-03-16T17:35:11+08:00 ] ::1 /test/Hospitalsrms/index.php/Admin/Xshd/index.html
INFO: [ app_init ] --START--
INFO: Run Behavior\BuildLiteBehavior [ RunTime:0.000031s ]
INFO: [ app_init ] --END-- [ RunTime:0.001933s ]

