[ 2017-03-15T11:44:57+08:00 ] ::1 /test/Hospitalsrms/index.php/admin
INFO: [ app_init ] --START--
INFO: Run Behavior\BuildLiteBehavior [ RunTime:0.000017s ]
INFO: [ app_init ] --END-- [ RunTime:0.000551s ]

[ 2017-03-15T11:45:04+08:00 ] ::1 /test/Hospitalsrms/index.php/Admin/Kytj/index.html
INFO: [ app_init ] --START--
INFO: Run Behavior\BuildLiteBehavior [ RunTime:0.000020s ]
INFO: [ app_init ] --END-- [ RunTime:0.000792s ]

[ 2017-03-15T11:45:08+08:00 ] ::1 /test/Hospitalsrms/index.php/Admin/Kyjf/index.html
INFO: [ app_init ] --START--
INFO: Run Behavior\BuildLiteBehavior [ RunTime:0.000015s ]
INFO: [ app_init ] --END-- [ RunTime:0.000589s ]

[ 2017-03-15T11:45:16+08:00 ] ::1 /test/Hospitalsrms/index.php/Admin/Kyjf/apply.html
INFO: [ app_init ] --START--
INFO: Run Behavior\BuildLiteBehavior [ RunTime:0.000018s ]
INFO: [ app_init ] --END-- [ RunTime:0.000551s ]

[ 2017-03-15T11:45:29+08:00 ] ::1 /test/Hospitalsrms/index.php/Admin/Xshd/index.html
INFO: [ app_init ] --START--
INFO: Run Behavior\BuildLiteBehavior [ RunTime:0.000016s ]
INFO: [ app_init ] --END-- [ RunTime:0.000594s ]

[ 2017-03-15T11:45:33+08:00 ] ::1 /test/Hospitalsrms/index.php/Admin/Xshd/lecture.html
INFO: [ app_init ] --START--
INFO: Run Behavior\BuildLiteBehavior [ RunTime:0.000021s ]
INFO: [ app_init ] --END-- [ RunTime:0.000905s ]
ERR: 1146:Table 'srms.srms_xs_lectrue' doesn't exist
 [ SQL语句 ] : SHOW COLUMNS FROM `srms_xs_lectrue`

[ 2017-03-15T11:45:59+08:00 ] ::1 /test/Hospitalsrms/index.php/Admin/Xshd/lecture.html
INFO: [ app_init ] --START--
INFO: Run Behavior\BuildLiteBehavior [ RunTime:0.000016s ]
INFO: [ app_init ] --END-- [ RunTime:0.000591s ]

[ 2017-03-15T16:07:14+08:00 ] ::1 /test/Hospitalsrms/index.php/Admin/Xmsb/index.html
INFO: [ app_init ] --START--
INFO: Run Behavior\BuildLiteBehavior [ RunTime:0.000039s ]
INFO: [ app_init ] --END-- [ RunTime:0.001379s ]

[ 2017-03-15T16:08:46+08:00 ] ::1 /test/Hospitalsrms/index.php/Admin/Xmsb/index.html
INFO: [ app_init ] --START--
INFO: Run Behavior\BuildLiteBehavior [ RunTime:0.000023s ]
INFO: [ app_init ] --END-- [ RunTime:0.000632s ]

[ 2017-03-15T16:08:50+08:00 ] ::1 /test/Hospitalsrms/index.php/Admin/Xshd/index.html
INFO: [ app_init ] --START--
INFO: Run Behavior\BuildLiteBehavior [ RunTime:0.000015s ]
INFO: [ app_init ] --END-- [ RunTime:0.000559s ]

[ 2017-03-15T16:10:41+08:00 ] ::1 /test/Hospitalsrms/index.php/Admin/Xshd/index.html
INFO: [ app_init ] --START--
INFO: Run Behavior\BuildLiteBehavior [ RunTime:0.000016s ]
INFO: [ app_init ] --END-- [ RunTime:0.000606s ]

[ 2017-03-15T16:10:49+08:00 ] ::1 /test/Hospitalsrms/index.php/Admin/Xmsb/index.html
INFO: [ app_init ] --START--
INFO: Run Behavior\BuildLiteBehavior [ RunTime:0.000013s ]
INFO: [ app_init ] --END-- [ RunTime:0.000531s ]

[ 2017-03-15T16:11:15+08:00 ] ::1 /test/Hospitalsrms/index.php/Admin/Xmsb/index.html
INFO: [ app_init ] --START--
INFO: Run Behavior\BuildLiteBehavior [ RunTime:0.000016s ]
INFO: [ app_init ] --END-- [ RunTime:0.000526s ]

[ 2017-03-15T16:11:25+08:00 ] ::1 /test/Hospitalsrms/index.php/Admin/Xmsb/department.html
INFO: [ app_init ] --START--
INFO: Run Behavior\BuildLiteBehavior [ RunTime:0.000016s ]
INFO: [ app_init ] --END-- [ RunTime:0.000549s ]

[ 2017-03-15T16:11:31+08:00 ] ::1 /test/Hospitalsrms/index.php/Admin/Xmsb/index.html
INFO: [ app_init ] --START--
INFO: Run Behavior\BuildLiteBehavior [ RunTime:0.000013s ]
INFO: [ app_init ] --END-- [ RunTime:0.000541s ]

[ 2017-03-15T16:13:37+08:00 ] ::1 /test/Hospitalsrms/index.php/Admin/Xmsb/index.html
INFO: [ app_init ] --START--
INFO: Run Behavior\BuildLiteBehavior [ RunTime:0.000016s ]
INFO: [ app_init ] --END-- [ RunTime:0.000635s ]

[ 2017-03-15T16:14:39+08:00 ] ::1 /test/Hospitalsrms/index.php/Admin/Xmsb/index.html
INFO: [ app_init ] --START--
INFO: Run Behavior\BuildLiteBehavior [ RunTime:0.000016s ]
INFO: [ app_init ] --END-- [ RunTime:0.000640s ]

[ 2017-03-15T16:14:41+08:00 ] ::1 /test/Hospitalsrms/index.php/Admin/Xmsb/index.html
INFO: [ app_init ] --START--
INFO: Run Behavior\BuildLiteBehavior [ RunTime:0.000016s ]
INFO: [ app_init ] --END-- [ RunTime:0.000591s ]

[ 2017-03-15T16:14:44+08:00 ] ::1 /test/Hospitalsrms/index.php/Admin/Xmsb/index.html
INFO: [ app_init ] --START--
INFO: Run Behavior\BuildLiteBehavior [ RunTime:0.000016s ]
INFO: [ app_init ] --END-- [ RunTime:0.000591s ]

[ 2017-03-15T16:15:09+08:00 ] ::1 /test/Hospitalsrms/index.php/Admin/Xmsb/index.html
INFO: [ app_init ] --START--
INFO: Run Behavior\BuildLiteBehavior [ RunTime:0.000017s ]
INFO: [ app_init ] --END-- [ RunTime:0.000614s ]

[ 2017-03-15T16:15:53+08:00 ] ::1 /test/Hospitalsrms/index.php/Admin/Xmsb/index.html
INFO: [ app_init ] --START--
INFO: Run Behavior\BuildLiteBehavior [ RunTime:0.000017s ]
INFO: [ app_init ] --END-- [ RunTime:0.000608s ]

[ 2017-03-15T16:17:20+08:00 ] ::1 /test/Hospitalsrms/index.php/Admin/Xshd/index.html
INFO: [ app_init ] --START--
INFO: Run Behavior\BuildLiteBehavior [ RunTime:0.000013s ]
INFO: [ app_init ] --END-- [ RunTime:0.000545s ]

[ 2017-03-15T17:07:50+08:00 ] ::1 /test/Hospitalsrms/index.php/Admin/Xmsb/index.html
INFO: [ app_init ] --START--
INFO: Run Behavior\BuildLiteBehavior [ RunTime:0.000016s ]
INFO: [ app_init ] --END-- [ RunTime:0.000597s ]

[ 2017-03-15T17:07:56+08:00 ] ::1 /test/Hospitalsrms/index.php/Admin/Kyjf/index.html
INFO: [ app_init ] --START--
INFO: Run Behavior\BuildLiteBehavior [ RunTime:0.000017s ]
INFO: [ app_init ] --END-- [ RunTime:0.000609s ]

[ 2017-03-15T17:08:02+08:00 ] ::1 /test/Hospitalsrms/index.php/Admin/Xmsb/coller.html
INFO: [ app_init ] --START--
INFO: Run Behavior\BuildLiteBehavior [ RunTime:0.000014s ]
INFO: [ app_init ] --END-- [ RunTime:0.000446s ]

[ 2017-03-15T17:16:16+08:00 ] ::1 /test/Hospitalsrms/index.php/Admin/Xmsb/coller.html
INFO: [ app_init ] --START--
INFO: Run Behavior\BuildLiteBehavior [ RunTime:0.000017s ]
INFO: [ app_init ] --END-- [ RunTime:0.000771s ]

[ 2017-03-15T17:16:39+08:00 ] ::1 /test/Hospitalsrms/index.php/Admin/Xmsb/coller.html
INFO: [ app_init ] --START--
INFO: Run Behavior\BuildLiteBehavior [ RunTime:0.000018s ]
INFO: [ app_init ] --END-- [ RunTime:0.000732s ]

[ 2017-03-15T17:16:46+08:00 ] ::1 /test/Hospitalsrms/index.php/Admin/Kyjf/index.html
INFO: [ app_init ] --START--
INFO: Run Behavior\BuildLiteBehavior [ RunTime:0.000014s ]
INFO: [ app_init ] --END-- [ RunTime:0.000564s ]

[ 2017-03-15T17:17:15+08:00 ] ::1 /test/Hospitalsrms/index.php/Admin/Xshd/index.html
INFO: [ app_init ] --START--
INFO: Run Behavior\BuildLiteBehavior [ RunTime:0.000014s ]
INFO: [ app_init ] --END-- [ RunTime:0.000622s ]

[ 2017-03-15T17:17:22+08:00 ] ::1 /test/Hospitalsrms/index.php/Admin/Xshd/composition.html
INFO: [ app_init ] --START--
INFO: Run Behavior\BuildLiteBehavior [ RunTime:0.000027s ]
INFO: [ app_init ] --END-- [ RunTime:0.001290s ]

[ 2017-03-15T17:18:24+08:00 ] ::1 /test/Hospitalsrms/index.php/Admin/Xshd/composition.html
INFO: [ app_init ] --START--
INFO: Run Behavior\BuildLiteBehavior [ RunTime:0.000015s ]
INFO: [ app_init ] --END-- [ RunTime:0.000510s ]

[ 2017-03-15T17:19:06+08:00 ] ::1 /test/Hospitalsrms/index.php/Admin/Xshd/composition.html
INFO: [ app_init ] --START--
INFO: Run Behavior\BuildLiteBehavior [ RunTime:0.000039s ]
INFO: [ app_init ] --END-- [ RunTime:0.000671s ]

[ 2017-03-15T17:19:08+08:00 ] ::1 /test/Hospitalsrms/index.php/Admin/Xshd/composition.html
INFO: [ app_init ] --START--
INFO: Run Behavior\BuildLiteBehavior [ RunTime:0.000017s ]
INFO: [ app_init ] --END-- [ RunTime:0.000619s ]

[ 2017-03-15T17:19:58+08:00 ] ::1 /test/Hospitalsrms/index.php/Admin/Xshd/composition.html
INFO: [ app_init ] --START--
INFO: Run Behavior\BuildLiteBehavior [ RunTime:0.000016s ]
INFO: [ app_init ] --END-- [ RunTime:0.000615s ]

[ 2017-03-15T17:20:01+08:00 ] ::1 /test/Hospitalsrms/index.php/Admin/Xshd/composition.html
INFO: [ app_init ] --START--
INFO: Run Behavior\BuildLiteBehavior [ RunTime:0.000027s ]
INFO: [ app_init ] --END-- [ RunTime:0.000642s ]

[ 2017-03-15T17:20:06+08:00 ] ::1 /test/Hospitalsrms/index.php/Admin/Xshd/lecture.html
INFO: [ app_init ] --START--
INFO: Run Behavior\BuildLiteBehavior [ RunTime:0.000036s ]
INFO: [ app_init ] --END-- [ RunTime:0.001737s ]

[ 2017-03-15T17:20:10+08:00 ] ::1 /test/Hospitalsrms/index.php/Admin/Xshd/index.html
INFO: [ app_init ] --START--
INFO: Run Behavior\BuildLiteBehavior [ RunTime:0.000013s ]
INFO: [ app_init ] --END-- [ RunTime:0.000574s ]

[ 2017-03-15T17:21:59+08:00 ] ::1 /test/Hospitalsrms/index.php/Admin/Xshd/index.html
INFO: [ app_init ] --START--
INFO: Run Behavior\BuildLiteBehavior [ RunTime:0.000015s ]
INFO: [ app_init ] --END-- [ RunTime:0.000603s ]

[ 2017-03-15T17:22:08+08:00 ] ::1 /test/Hospitalsrms/index.php/Admin/Xshd/composition.html
INFO: [ app_init ] --START--
INFO: Run Behavior\BuildLiteBehavior [ RunTime:0.000015s ]
INFO: [ app_init ] --END-- [ RunTime:0.000476s ]

[ 2017-03-15T17:22:30+08:00 ] ::1 /test/Hospitalsrms/index.php/Admin/Xshd/composition.html
INFO: [ app_init ] --START--
INFO: Run Behavior\BuildLiteBehavior [ RunTime:0.000016s ]
INFO: [ app_init ] --END-- [ RunTime:0.000606s ]

[ 2017-03-15T17:22:36+08:00 ] ::1 /test/Hospitalsrms/index.php/Admin/Xshd/lecture.html
INFO: [ app_init ] --START--
INFO: Run Behavior\BuildLiteBehavior [ RunTime:0.000017s ]
INFO: [ app_init ] --END-- [ RunTime:0.000650s ]

[ 2017-03-15T17:22:41+08:00 ] ::1 /test/Hospitalsrms/index.php/Admin/Kyjf/index.html
INFO: [ app_init ] --START--
INFO: Run Behavior\BuildLiteBehavior [ RunTime:0.000047s ]
INFO: [ app_init ] --END-- [ RunTime:0.001188s ]

[ 2017-03-15T17:22:45+08:00 ] ::1 /test/Hospitalsrms/index.php/Admin/Xmsb/department.html
INFO: [ app_init ] --START--
INFO: Run Behavior\BuildLiteBehavior [ RunTime:0.000022s ]
INFO: [ app_init ] --END-- [ RunTime:0.000617s ]

[ 2017-03-15T17:24:56+08:00 ] ::1 /test/Hospitalsrms/index.php/Admin/Xmsb/department.html
INFO: [ app_init ] --START--
INFO: Run Behavior\BuildLiteBehavior [ RunTime:0.000018s ]
INFO: [ app_init ] --END-- [ RunTime:0.000596s ]

[ 2017-03-15T17:25:15+08:00 ] ::1 /test/Hospitalsrms/index.php/Admin/Xmsb/department.html
INFO: [ app_init ] --START--
INFO: Run Behavior\BuildLiteBehavior [ RunTime:0.000013s ]
INFO: [ app_init ] --END-- [ RunTime:0.000570s ]

[ 2017-03-15T17:25:22+08:00 ] ::1 /test/Hospitalsrms/index.php/Admin/Xmsb/index.html
INFO: [ app_init ] --START--
INFO: Run Behavior\BuildLiteBehavior [ RunTime:0.000017s ]
INFO: [ app_init ] --END-- [ RunTime:0.000570s ]

[ 2017-03-15T17:26:54+08:00 ] ::1 /test/Hospitalsrms/index.php/Admin/Xmsb/department.html
INFO: [ app_init ] --START--
INFO: Run Behavior\BuildLiteBehavior [ RunTime:0.000017s ]
INFO: [ app_init ] --END-- [ RunTime:0.000572s ]

[ 2017-03-15T17:26:58+08:00 ] ::1 /test/Hospitalsrms/index.php/Admin/Kyjf/index.html
INFO: [ app_init ] --START--
INFO: Run Behavior\BuildLiteBehavior [ RunTime:0.000015s ]
INFO: [ app_init ] --END-- [ RunTime:0.000481s ]

[ 2017-03-15T17:28:51+08:00 ] ::1 /test/Hospitalsrms/index.php/Admin/Xmsb/index.html
INFO: [ app_init ] --START--
INFO: Run Behavior\BuildLiteBehavior [ RunTime:0.000026s ]
INFO: [ app_init ] --END-- [ RunTime:0.000610s ]

[ 2017-03-15T17:42:03+08:00 ] ::1 /test/Hospitalsrms/index.php/Admin/Xshd/lecture.html
INFO: [ app_init ] --START--
INFO: Run Behavior\BuildLiteBehavior [ RunTime:0.000014s ]
INFO: [ app_init ] --END-- [ RunTime:0.000574s ]

[ 2017-03-15T17:43:30+08:00 ] ::1 /test/Hospitalsrms/index.php/Admin/Xshd/lecture.html
INFO: [ app_init ] --START--
INFO: Run Behavior\BuildLiteBehavior [ RunTime:0.000034s ]
INFO: [ app_init ] --END-- [ RunTime:0.001674s ]

[ 2017-03-15T17:44:33+08:00 ] ::1 /test/Hospitalsrms/index.php/Admin/Xshd/lecture.html
INFO: [ app_init ] --START--
INFO: Run Behavior\BuildLiteBehavior [ RunTime:0.000016s ]
INFO: [ app_init ] --END-- [ RunTime:0.000646s ]

[ 2017-03-15T17:44:37+08:00 ] ::1 /test/Hospitalsrms/index.php/Admin/Xshd/lecture.html
INFO: [ app_init ] --START--
INFO: Run Behavior\BuildLiteBehavior [ RunTime:0.000025s ]
INFO: [ app_init ] --END-- [ RunTime:0.000658s ]

[ 2017-03-15T17:44:43+08:00 ] ::1 /test/Hospitalsrms/index.php/Admin/Xshd/index.html
INFO: [ app_init ] --START--
INFO: Run Behavior\BuildLiteBehavior [ RunTime:0.000014s ]
INFO: [ app_init ] --END-- [ RunTime:0.000592s ]

[ 2017-03-15T17:44:46+08:00 ] ::1 /test/Hospitalsrms/index.php/Admin/Xshd/composition.html
INFO: [ app_init ] --START--
INFO: Run Behavior\BuildLiteBehavior [ RunTime:0.000016s ]
INFO: [ app_init ] --END-- [ RunTime:0.000646s ]

[ 2017-03-15T17:46:36+08:00 ] ::1 /test/Hospitalsrms/index.php/Admin/Kytj/index.html
INFO: [ app_init ] --START--
INFO: Run Behavior\BuildLiteBehavior [ RunTime:0.000015s ]
INFO: [ app_init ] --END-- [ RunTime:0.000637s ]

[ 2017-03-15T17:55:19+08:00 ] ::1 /test/Hospitalsrms/index.php/Admin/Xmsb/index.html
INFO: [ app_init ] --START--
INFO: Run Behavior\BuildLiteBehavior [ RunTime:0.000015s ]
INFO: [ app_init ] --END-- [ RunTime:0.000598s ]

