[ 2017-03-23T13:52:25+08:00 ] ::1 /test/Hospitalsrms/index.php/admin
INFO: [ app_init ] --START--
INFO: Run Behavior\BuildLiteBehavior [ RunTime:0.000024s ]
INFO: [ app_init ] --END-- [ RunTime:0.000810s ]

[ 2017-03-23T13:55:51+08:00 ] ::1 /test/Hospitalsrms/index.php/admin/Login
INFO: [ app_init ] --START--
INFO: Run Behavior\BuildLiteBehavior [ RunTime:0.000020s ]
INFO: [ app_init ] --END-- [ RunTime:0.000710s ]
ERR: 无法加载控制器:Login

[ 2017-03-23T13:58:48+08:00 ] ::1 /test/Hospitalsrms/index.php/admin/Login
INFO: [ app_init ] --START--
INFO: Run Behavior\BuildLiteBehavior [ RunTime:0.000019s ]
INFO: [ app_init ] --END-- [ RunTime:0.000636s ]
ERR: 非法操作:index

[ 2017-03-23T13:59:06+08:00 ] ::1 /test/Hospitalsrms/index.php/admin/Login
INFO: [ app_init ] --START--
INFO: Run Behavior\BuildLiteBehavior [ RunTime:0.000027s ]
INFO: [ app_init ] --END-- [ RunTime:0.000855s ]

[ 2017-03-23T13:59:06+08:00 ] ::1 /test/Hospitalsrms/index.php/admin/css/font-awesome.min.css
INFO: [ app_init ] --START--
INFO: Run Behavior\BuildLiteBehavior [ RunTime:0.000055s ]
INFO: [ app_init ] --END-- [ RunTime:0.001070s ]
ERR: 无法加载控制器:Css

[ 2017-03-23T13:59:06+08:00 ] ::1 /test/Hospitalsrms/index.php/admin/css/templatemo_style.css
INFO: [ app_init ] --START--
INFO: Run Behavior\BuildLiteBehavior [ RunTime:0.000029s ]
INFO: [ app_init ] --END-- [ RunTime:0.000804s ]
ERR: 无法加载控制器:Css

[ 2017-03-23T13:59:06+08:00 ] ::1 /test/Hospitalsrms/index.php/admin/css/bootstrap-theme.min.css
INFO: [ app_init ] --START--
INFO: Run Behavior\BuildLiteBehavior [ RunTime:0.000028s ]
INFO: [ app_init ] --END-- [ RunTime:0.000810s ]
ERR: 无法加载控制器:Css

[ 2017-03-23T14:00:06+08:00 ] ::1 /test/Hospitalsrms/index.php/admin/Login
INFO: [ app_init ] --START--
INFO: Run Behavior\BuildLiteBehavior [ RunTime:0.000020s ]
INFO: [ app_init ] --END-- [ RunTime:0.000538s ]

[ 2017-03-23T14:00:06+08:00 ] ::1 /test/Hospitalsrms/index.php/admin/css/font-awesome.min.css
INFO: [ app_init ] --START--
INFO: Run Behavior\BuildLiteBehavior [ RunTime:0.000029s ]
INFO: [ app_init ] --END-- [ RunTime:0.000807s ]
ERR: 无法加载控制器:Css

[ 2017-03-23T14:00:06+08:00 ] ::1 /test/Hospitalsrms/index.php/admin/css/bootstrap-theme.min.css
INFO: [ app_init ] --START--
INFO: Run Behavior\BuildLiteBehavior [ RunTime:0.000028s ]
INFO: [ app_init ] --END-- [ RunTime:0.000911s ]
ERR: 无法加载控制器:Css

[ 2017-03-23T14:00:06+08:00 ] ::1 /test/Hospitalsrms/index.php/admin/css/templatemo_style.css
INFO: [ app_init ] --START--
INFO: Run Behavior\BuildLiteBehavior [ RunTime:0.000074s ]
INFO: [ app_init ] --END-- [ RunTime:0.001074s ]
ERR: 无法加载控制器:Css

[ 2017-03-23T14:00:35+08:00 ] ::1 /test/Hospitalsrms/index.php/admin/Login
INFO: [ app_init ] --START--
INFO: Run Behavior\BuildLiteBehavior [ RunTime:0.000014s ]
INFO: [ app_init ] --END-- [ RunTime:0.000579s ]

[ 2017-03-23T14:00:35+08:00 ] ::1 /test/Hospitalsrms/index.php/admin/css/font-awesome.min.css
INFO: [ app_init ] --START--
INFO: Run Behavior\BuildLiteBehavior [ RunTime:0.000037s ]
INFO: [ app_init ] --END-- [ RunTime:0.000721s ]
ERR: 无法加载控制器:Css

[ 2017-03-23T14:00:35+08:00 ] ::1 /test/Hospitalsrms/index.php/admin/css/templatemo_style.css
INFO: [ app_init ] --START--
INFO: Run Behavior\BuildLiteBehavior [ RunTime:0.000034s ]
INFO: [ app_init ] --END-- [ RunTime:0.000821s ]
ERR: 无法加载控制器:Css

[ 2017-03-23T14:00:35+08:00 ] ::1 /test/Hospitalsrms/index.php/admin/css/bootstrap-theme.min.css
INFO: [ app_init ] --START--
INFO: Run Behavior\BuildLiteBehavior [ RunTime:0.000022s ]
INFO: [ app_init ] --END-- [ RunTime:0.000760s ]
ERR: 无法加载控制器:Css

[ 2017-03-23T14:00:51+08:00 ] ::1 /test/Hospitalsrms/index.php/admin/Login
INFO: [ app_init ] --START--
INFO: Run Behavior\BuildLiteBehavior [ RunTime:0.000026s ]
INFO: [ app_init ] --END-- [ RunTime:0.000712s ]

[ 2017-03-23T14:00:51+08:00 ] ::1 /test/Hospitalsrms/index.php/admin/css/font-awesome.min.css
INFO: [ app_init ] --START--
INFO: Run Behavior\BuildLiteBehavior [ RunTime:0.000037s ]
INFO: [ app_init ] --END-- [ RunTime:0.000886s ]
ERR: 无法加载控制器:Css

[ 2017-03-23T14:00:51+08:00 ] ::1 /test/Hospitalsrms/index.php/admin/css/templatemo_style.css
INFO: [ app_init ] --START--
INFO: Run Behavior\BuildLiteBehavior [ RunTime:0.000029s ]
INFO: [ app_init ] --END-- [ RunTime:0.000801s ]
ERR: 无法加载控制器:Css

[ 2017-03-23T14:00:51+08:00 ] ::1 /test/Hospitalsrms/index.php/admin/css/bootstrap-theme.min.css
INFO: [ app_init ] --START--
INFO: Run Behavior\BuildLiteBehavior [ RunTime:0.000020s ]
INFO: [ app_init ] --END-- [ RunTime:0.000605s ]
ERR: 无法加载控制器:Css

[ 2017-03-23T14:01:23+08:00 ] ::1 /test/Hospitalsrms/index.php/admin/Login
INFO: [ app_init ] --START--
INFO: Run Behavior\BuildLiteBehavior [ RunTime:0.000015s ]
INFO: [ app_init ] --END-- [ RunTime:0.000580s ]

[ 2017-03-23T14:01:23+08:00 ] ::1 /test/Hospitalsrms/index.php/admin/css/font-awesome.min.css
INFO: [ app_init ] --START--
INFO: Run Behavior\BuildLiteBehavior [ RunTime:0.000024s ]
INFO: [ app_init ] --END-- [ RunTime:0.000714s ]
ERR: 无法加载控制器:Css

[ 2017-03-23T14:01:23+08:00 ] ::1 /test/Hospitalsrms/index.php/admin/css/templatemo_style.css
INFO: [ app_init ] --START--
INFO: Run Behavior\BuildLiteBehavior [ RunTime:0.000021s ]
INFO: [ app_init ] --END-- [ RunTime:0.000790s ]
ERR: 无法加载控制器:Css

[ 2017-03-23T14:01:23+08:00 ] ::1 /test/Hospitalsrms/index.php/admin/css/bootstrap-theme.min.css
INFO: [ app_init ] --START--
INFO: Run Behavior\BuildLiteBehavior [ RunTime:0.000033s ]
INFO: [ app_init ] --END-- [ RunTime:0.000877s ]
ERR: 无法加载控制器:Css

[ 2017-03-23T14:07:48+08:00 ] ::1 /test/Hospitalsrms/index.php/admin
INFO: [ app_init ] --START--
INFO: Run Behavior\BuildLiteBehavior [ RunTime:0.000017s ]
INFO: [ app_init ] --END-- [ RunTime:0.000705s ]

[ 2017-03-23T14:07:59+08:00 ] ::1 /test/Hospitalsrms/index.php/admin/Login
INFO: [ app_init ] --START--
INFO: Run Behavior\BuildLiteBehavior [ RunTime:0.000024s ]
INFO: [ app_init ] --END-- [ RunTime:0.000736s ]

[ 2017-03-23T14:07:59+08:00 ] ::1 /test/Hospitalsrms/index.php/admin/css/font-awesome.min.css
INFO: [ app_init ] --START--
INFO: Run Behavior\BuildLiteBehavior [ RunTime:0.000022s ]
INFO: [ app_init ] --END-- [ RunTime:0.000742s ]
ERR: 无法加载控制器:Css

[ 2017-03-23T14:07:59+08:00 ] ::1 /test/Hospitalsrms/index.php/admin/css/bootstrap-theme.min.css
INFO: [ app_init ] --START--
INFO: Run Behavior\BuildLiteBehavior [ RunTime:0.000022s ]
INFO: [ app_init ] --END-- [ RunTime:0.000691s ]
ERR: 无法加载控制器:Css

[ 2017-03-23T14:07:59+08:00 ] ::1 /test/Hospitalsrms/index.php/admin/css/templatemo_style.css
INFO: [ app_init ] --START--
INFO: Run Behavior\BuildLiteBehavior [ RunTime:0.000032s ]
INFO: [ app_init ] --END-- [ RunTime:0.000644s ]
ERR: 无法加载控制器:Css

[ 2017-03-23T14:10:29+08:00 ] ::1 /test/Hospitalsrms/index.php/admin
INFO: [ app_init ] --START--
INFO: Run Behavior\BuildLiteBehavior [ RunTime:0.000018s ]
INFO: [ app_init ] --END-- [ RunTime:0.000627s ]

[ 2017-03-23T14:11:15+08:00 ] ::1 /test/Hospitalsrms/index.php/admin
INFO: [ app_init ] --START--
INFO: Run Behavior\BuildLiteBehavior [ RunTime:0.000017s ]
INFO: [ app_init ] --END-- [ RunTime:0.000625s ]

[ 2017-03-23T14:11:53+08:00 ] ::1 /test/Hospitalsrms/index.php/admin/css/font-awesome.min.css
INFO: [ app_init ] --START--
INFO: Run Behavior\BuildLiteBehavior [ RunTime:0.000026s ]
INFO: [ app_init ] --END-- [ RunTime:0.000716s ]
ERR: 无法加载控制器:Css

[ 2017-03-23T14:11:53+08:00 ] ::1 /test/Hospitalsrms/index.php/admin/css/bootstrap-theme.min.css
INFO: [ app_init ] --START--
INFO: Run Behavior\BuildLiteBehavior [ RunTime:0.000033s ]
INFO: [ app_init ] --END-- [ RunTime:0.001297s ]
ERR: 无法加载控制器:Css

[ 2017-03-23T14:11:53+08:00 ] ::1 /test/Hospitalsrms/index.php/admin/css/templatemo_style.css
INFO: [ app_init ] --START--
INFO: Run Behavior\BuildLiteBehavior [ RunTime:0.000185s ]
INFO: [ app_init ] --END-- [ RunTime:0.001851s ]
ERR: 无法加载控制器:Css

[ 2017-03-23T14:12:00+08:00 ] ::1 /test/Hospitalsrms/index.php/admin
INFO: [ app_init ] --START--
INFO: Run Behavior\BuildLiteBehavior [ RunTime:0.000025s ]
INFO: [ app_init ] --END-- [ RunTime:0.000588s ]

[ 2017-03-23T14:12:29+08:00 ] ::1 /test/Hospitalsrms/index.php/admin/css/bootstrap-theme.min.css
INFO: [ app_init ] --START--
INFO: Run Behavior\BuildLiteBehavior [ RunTime:0.000023s ]
INFO: [ app_init ] --END-- [ RunTime:0.000682s ]
ERR: 无法加载控制器:Css

[ 2017-03-23T14:12:29+08:00 ] ::1 /test/Hospitalsrms/index.php/admin/css/font-awesome.min.css
INFO: [ app_init ] --START--
INFO: Run Behavior\BuildLiteBehavior [ RunTime:0.000029s ]
INFO: [ app_init ] --END-- [ RunTime:0.000763s ]
ERR: 无法加载控制器:Css

[ 2017-03-23T14:12:29+08:00 ] ::1 /test/Hospitalsrms/index.php/admin/css/templatemo_style.css
INFO: [ app_init ] --START--
INFO: Run Behavior\BuildLiteBehavior [ RunTime:0.000032s ]
INFO: [ app_init ] --END-- [ RunTime:0.000920s ]
ERR: 无法加载控制器:Css

[ 2017-03-23T14:12:32+08:00 ] ::1 /test/Hospitalsrms/index.php/admin
INFO: [ app_init ] --START--
INFO: Run Behavior\BuildLiteBehavior [ RunTime:0.000022s ]
INFO: [ app_init ] --END-- [ RunTime:0.000647s ]

[ 2017-03-23T14:14:15+08:00 ] ::1 /test/Hospitalsrms/index.php/Admin/Login/index
INFO: [ app_init ] --START--
INFO: Run Behavior\BuildLiteBehavior [ RunTime:0.000024s ]
INFO: [ app_init ] --END-- [ RunTime:0.000750s ]

[ 2017-03-23T14:14:15+08:00 ] ::1 /test/Hospitalsrms/index.php/Admin/Login/css/font-awesome.min.css
INFO: [ app_init ] --START--
INFO: Run Behavior\BuildLiteBehavior [ RunTime:0.000026s ]
INFO: [ app_init ] --END-- [ RunTime:0.000900s ]
ERR: 非法操作:css

[ 2017-03-23T14:14:15+08:00 ] ::1 /test/Hospitalsrms/index.php/Admin/Login/css/bootstrap-theme.min.css
INFO: [ app_init ] --START--
INFO: Run Behavior\BuildLiteBehavior [ RunTime:0.000028s ]
INFO: [ app_init ] --END-- [ RunTime:0.000882s ]
ERR: 非法操作:css

[ 2017-03-23T14:14:15+08:00 ] ::1 /test/Hospitalsrms/index.php/Admin/Login/css/templatemo_style.css
INFO: [ app_init ] --START--
INFO: Run Behavior\BuildLiteBehavior [ RunTime:0.000032s ]
INFO: [ app_init ] --END-- [ RunTime:0.000924s ]
ERR: 非法操作:css

[ 2017-03-23T14:14:15+08:00 ] ::1 /test/Hospitalsrms/index.php/Admin/Login/css/font-awesome.min.css
INFO: [ app_init ] --START--
INFO: Run Behavior\BuildLiteBehavior [ RunTime:0.000023s ]
INFO: [ app_init ] --END-- [ RunTime:0.000646s ]
ERR: 非法操作:css

[ 2017-03-23T14:14:15+08:00 ] ::1 /test/Hospitalsrms/index.php/Admin/Login/css/bootstrap-theme.min.css
INFO: [ app_init ] --START--
INFO: Run Behavior\BuildLiteBehavior [ RunTime:0.000031s ]
INFO: [ app_init ] --END-- [ RunTime:0.000817s ]
ERR: 非法操作:css

[ 2017-03-23T14:14:15+08:00 ] ::1 /test/Hospitalsrms/index.php/Admin/Login/css/templatemo_style.css
INFO: [ app_init ] --START--
INFO: Run Behavior\BuildLiteBehavior [ RunTime:0.000030s ]
INFO: [ app_init ] --END-- [ RunTime:0.001059s ]
ERR: 非法操作:css

[ 2017-03-23T14:14:37+08:00 ] ::1 /test/Hospitalsrms/index.php/Admin/Login/index
INFO: [ app_init ] --START--
INFO: Run Behavior\BuildLiteBehavior [ RunTime:0.000030s ]
INFO: [ app_init ] --END-- [ RunTime:0.000582s ]

[ 2017-03-23T14:14:37+08:00 ] ::1 /test/Hospitalsrms/index.php/Admin/Login/css/bootstrap-theme.min.css
INFO: [ app_init ] --START--
INFO: Run Behavior\BuildLiteBehavior [ RunTime:0.000024s ]
INFO: [ app_init ] --END-- [ RunTime:0.000641s ]
ERR: 非法操作:css

[ 2017-03-23T14:14:37+08:00 ] ::1 /test/Hospitalsrms/index.php/Admin/Login/css/font-awesome.min.css
INFO: [ app_init ] --START--
INFO: Run Behavior\BuildLiteBehavior [ RunTime:0.000023s ]
INFO: [ app_init ] --END-- [ RunTime:0.000676s ]
ERR: 非法操作:css

[ 2017-03-23T14:14:37+08:00 ] ::1 /test/Hospitalsrms/index.php/Admin/Login/css/templatemo_style.css
INFO: [ app_init ] --START--
INFO: Run Behavior\BuildLiteBehavior [ RunTime:0.000029s ]
INFO: [ app_init ] --END-- [ RunTime:0.000748s ]
ERR: 非法操作:css

[ 2017-03-23T14:14:47+08:00 ] ::1 /test/Hospitalsrms/index.php/Admin
INFO: [ app_init ] --START--
INFO: Run Behavior\BuildLiteBehavior [ RunTime:0.000025s ]
INFO: [ app_init ] --END-- [ RunTime:0.000879s ]

[ 2017-03-23T14:14:51+08:00 ] ::1 /test/Hospitalsrms/index.php/Admin/Login/index.html
INFO: [ app_init ] --START--
INFO: Run Behavior\BuildLiteBehavior [ RunTime:0.000018s ]
INFO: [ app_init ] --END-- [ RunTime:0.000513s ]

[ 2017-03-23T14:14:51+08:00 ] ::1 /test/Hospitalsrms/index.php/Admin/Login/css/font-awesome.min.css
INFO: [ app_init ] --START--
INFO: Run Behavior\BuildLiteBehavior [ RunTime:0.000025s ]
INFO: [ app_init ] --END-- [ RunTime:0.000735s ]
ERR: 非法操作:css

[ 2017-03-23T14:14:51+08:00 ] ::1 /test/Hospitalsrms/index.php/Admin/Login/css/bootstrap-theme.min.css
INFO: [ app_init ] --START--
INFO: Run Behavior\BuildLiteBehavior [ RunTime:0.000026s ]
INFO: [ app_init ] --END-- [ RunTime:0.000882s ]
ERR: 非法操作:css

[ 2017-03-23T14:14:51+08:00 ] ::1 /test/Hospitalsrms/index.php/Admin/Login/css/templatemo_style.css
INFO: [ app_init ] --START--
INFO: Run Behavior\BuildLiteBehavior [ RunTime:0.000019s ]
INFO: [ app_init ] --END-- [ RunTime:0.000545s ]
ERR: 非法操作:css

[ 2017-03-23T14:16:44+08:00 ] ::1 /test/Hospitalsrms/index.php/Admin/Login/css/font-awesome.min.css
INFO: [ app_init ] --START--
INFO: Run Behavior\BuildLiteBehavior [ RunTime:0.000028s ]
INFO: [ app_init ] --END-- [ RunTime:0.000745s ]
ERR: 非法操作:css

[ 2017-03-23T14:16:44+08:00 ] ::1 /test/Hospitalsrms/index.php/Admin/Login/css/bootstrap-theme.min.css
INFO: [ app_init ] --START--
INFO: Run Behavior\BuildLiteBehavior [ RunTime:0.000026s ]
INFO: [ app_init ] --END-- [ RunTime:0.000786s ]
ERR: 非法操作:css

[ 2017-03-23T14:16:44+08:00 ] ::1 /test/Hospitalsrms/index.php/Admin/Login/css/templatemo_style.css
INFO: [ app_init ] --START--
INFO: Run Behavior\BuildLiteBehavior [ RunTime:0.000038s ]
INFO: [ app_init ] --END-- [ RunTime:0.000941s ]
ERR: 非法操作:css

[ 2017-03-23T14:16:48+08:00 ] ::1 /test/Hospitalsrms/index.php/Admin/Login/index.html
INFO: [ app_init ] --START--
INFO: Run Behavior\BuildLiteBehavior [ RunTime:0.000038s ]
INFO: [ app_init ] --END-- [ RunTime:0.000967s ]

[ 2017-03-23T14:16:48+08:00 ] ::1 /test/Hospitalsrms/index.php/Admin/Login/css/font-awesome.min.css
INFO: [ app_init ] --START--
INFO: Run Behavior\BuildLiteBehavior [ RunTime:0.000027s ]
INFO: [ app_init ] --END-- [ RunTime:0.000744s ]
ERR: 非法操作:css

[ 2017-03-23T14:16:48+08:00 ] ::1 /test/Hospitalsrms/index.php/Admin/Login/css/bootstrap-theme.min.css
INFO: [ app_init ] --START--
INFO: Run Behavior\BuildLiteBehavior [ RunTime:0.000025s ]
INFO: [ app_init ] --END-- [ RunTime:0.000775s ]
ERR: 非法操作:css

[ 2017-03-23T14:16:48+08:00 ] ::1 /test/Hospitalsrms/index.php/Admin/Login/css/templatemo_style.css
INFO: [ app_init ] --START--
INFO: Run Behavior\BuildLiteBehavior [ RunTime:0.000106s ]
INFO: [ app_init ] --END-- [ RunTime:0.000750s ]
ERR: 非法操作:css

[ 2017-03-23T14:16:52+08:00 ] ::1 /test/Hospitalsrms/index.php/Admin/Login/css/bootstrap-theme.min.css
INFO: [ app_init ] --START--
INFO: Run Behavior\BuildLiteBehavior [ RunTime:0.000024s ]
INFO: [ app_init ] --END-- [ RunTime:0.000697s ]
ERR: 非法操作:css

[ 2017-03-23T14:16:52+08:00 ] ::1 /test/Hospitalsrms/index.php/Admin/Login/css/templatemo_style.css
INFO: [ app_init ] --START--
INFO: Run Behavior\BuildLiteBehavior [ RunTime:0.000024s ]
INFO: [ app_init ] --END-- [ RunTime:0.000684s ]
ERR: 非法操作:css

[ 2017-03-23T14:16:52+08:00 ] ::1 /test/Hospitalsrms/index.php/Admin/Login/css/font-awesome.min.css
INFO: [ app_init ] --START--
INFO: Run Behavior\BuildLiteBehavior [ RunTime:0.000034s ]
INFO: [ app_init ] --END-- [ RunTime:0.000756s ]
ERR: 非法操作:css

[ 2017-03-23T14:17:28+08:00 ] ::1 /test/Hospitalsrms/index.php/Admin/Login/index.html
INFO: [ app_init ] --START--
INFO: Run Behavior\BuildLiteBehavior [ RunTime:0.000015s ]
INFO: [ app_init ] --END-- [ RunTime:0.000559s ]

[ 2017-03-23T14:17:28+08:00 ] ::1 /test/Hospitalsrms/index.php/Admin/Login/css/font-awesome.min.css
INFO: [ app_init ] --START--
INFO: Run Behavior\BuildLiteBehavior [ RunTime:0.000034s ]
INFO: [ app_init ] --END-- [ RunTime:0.001044s ]
ERR: 非法操作:css

[ 2017-03-23T14:17:28+08:00 ] ::1 /test/Hospitalsrms/index.php/Admin/Login/css/bootstrap-theme.min.css
INFO: [ app_init ] --START--
INFO: Run Behavior\BuildLiteBehavior [ RunTime:0.000024s ]
INFO: [ app_init ] --END-- [ RunTime:0.000764s ]
ERR: 非法操作:css

[ 2017-03-23T14:17:28+08:00 ] ::1 /test/Hospitalsrms/index.php/Admin/Login/css/templatemo_style.css
INFO: [ app_init ] --START--
INFO: Run Behavior\BuildLiteBehavior [ RunTime:0.000025s ]
INFO: [ app_init ] --END-- [ RunTime:0.000677s ]
ERR: 非法操作:css

[ 2017-03-23T14:17:30+08:00 ] ::1 /test/Hospitalsrms/index.php/Admin/Login/login
INFO: [ app_init ] --START--
INFO: Run Behavior\BuildLiteBehavior [ RunTime:0.000016s ]
INFO: [ app_init ] --END-- [ RunTime:0.000609s ]
ERR: 非法操作:login

[ 2017-03-23T14:17:47+08:00 ] ::1 /test/Hospitalsrms/index.php/Admin/Login/login
INFO: [ app_init ] --START--
INFO: Run Behavior\BuildLiteBehavior [ RunTime:0.000015s ]
INFO: [ app_init ] --END-- [ RunTime:0.000582s ]
ERR: 非法操作:login

[ 2017-03-23T14:17:48+08:00 ] ::1 /test/Hospitalsrms/index.php/Admin/Login/css/font-awesome.min.css
INFO: [ app_init ] --START--
INFO: Run Behavior\BuildLiteBehavior [ RunTime:0.000026s ]
INFO: [ app_init ] --END-- [ RunTime:0.000775s ]
ERR: 非法操作:css

[ 2017-03-23T14:17:48+08:00 ] ::1 /test/Hospitalsrms/index.php/Admin/Login/css/bootstrap-theme.min.css
INFO: [ app_init ] --START--
INFO: Run Behavior\BuildLiteBehavior [ RunTime:0.000022s ]
INFO: [ app_init ] --END-- [ RunTime:0.000717s ]
ERR: 非法操作:css

[ 2017-03-23T14:17:48+08:00 ] ::1 /test/Hospitalsrms/index.php/Admin/Login/css/templatemo_style.css
INFO: [ app_init ] --START--
INFO: Run Behavior\BuildLiteBehavior [ RunTime:0.000026s ]
INFO: [ app_init ] --END-- [ RunTime:0.000608s ]
ERR: 非法操作:css

[ 2017-03-23T14:17:51+08:00 ] ::1 /test/Hospitalsrms/index.php/Admin/Login/index.html
INFO: [ app_init ] --START--
INFO: Run Behavior\BuildLiteBehavior [ RunTime:0.000016s ]
INFO: [ app_init ] --END-- [ RunTime:0.000573s ]

[ 2017-03-23T14:17:51+08:00 ] ::1 /test/Hospitalsrms/index.php/Admin/Login/login
INFO: [ app_init ] --START--
INFO: Run Behavior\BuildLiteBehavior [ RunTime:0.000015s ]
INFO: [ app_init ] --END-- [ RunTime:0.000506s ]
ERR: 非法操作:login

[ 2017-03-23T14:17:52+08:00 ] ::1 /test/Hospitalsrms/index.php/Admin/Login/css/font-awesome.min.css
INFO: [ app_init ] --START--
INFO: Run Behavior\BuildLiteBehavior [ RunTime:0.000023s ]
INFO: [ app_init ] --END-- [ RunTime:0.001718s ]
ERR: 非法操作:css

[ 2017-03-23T14:17:52+08:00 ] ::1 /test/Hospitalsrms/index.php/Admin/Login/css/bootstrap-theme.min.css
INFO: [ app_init ] --START--
INFO: Run Behavior\BuildLiteBehavior [ RunTime:0.000024s ]
INFO: [ app_init ] --END-- [ RunTime:0.001765s ]
ERR: 非法操作:css

[ 2017-03-23T14:17:52+08:00 ] ::1 /test/Hospitalsrms/index.php/Admin/Login/css/templatemo_style.css
INFO: [ app_init ] --START--
INFO: Run Behavior\BuildLiteBehavior [ RunTime:0.000024s ]
INFO: [ app_init ] --END-- [ RunTime:0.000702s ]
ERR: 非法操作:css

[ 2017-03-23T14:17:55+08:00 ] ::1 /test/Hospitalsrms/index.php/Admin/Login/index.html
INFO: [ app_init ] --START--
INFO: Run Behavior\BuildLiteBehavior [ RunTime:0.000017s ]
INFO: [ app_init ] --END-- [ RunTime:0.000589s ]

[ 2017-03-23T14:17:55+08:00 ] ::1 /test/Hospitalsrms/index.php/Admin/Login/css/font-awesome.min.css
INFO: [ app_init ] --START--
INFO: Run Behavior\BuildLiteBehavior [ RunTime:0.000028s ]
INFO: [ app_init ] --END-- [ RunTime:0.000792s ]
ERR: 非法操作:css

[ 2017-03-23T14:17:55+08:00 ] ::1 /test/Hospitalsrms/index.php/Admin/Login/css/bootstrap-theme.min.css
INFO: [ app_init ] --START--
INFO: Run Behavior\BuildLiteBehavior [ RunTime:0.000028s ]
INFO: [ app_init ] --END-- [ RunTime:0.000748s ]
ERR: 非法操作:css

[ 2017-03-23T14:17:55+08:00 ] ::1 /test/Hospitalsrms/index.php/Admin/Login/css/templatemo_style.css
INFO: [ app_init ] --START--
INFO: Run Behavior\BuildLiteBehavior [ RunTime:0.000032s ]
INFO: [ app_init ] --END-- [ RunTime:0.001825s ]
ERR: 非法操作:css

[ 2017-03-23T14:18:09+08:00 ] ::1 /test/Hospitalsrms/index.php/Admin/Login/index.html
INFO: [ app_init ] --START--
INFO: Run Behavior\BuildLiteBehavior [ RunTime:0.000021s ]
INFO: [ app_init ] --END-- [ RunTime:0.000573s ]

[ 2017-03-23T14:18:09+08:00 ] ::1 /test/Hospitalsrms/index.php/Admin/Login/css/font-awesome.min.css
INFO: [ app_init ] --START--
INFO: Run Behavior\BuildLiteBehavior [ RunTime:0.000028s ]
INFO: [ app_init ] --END-- [ RunTime:0.000810s ]
ERR: 非法操作:css

[ 2017-03-23T14:18:09+08:00 ] ::1 /test/Hospitalsrms/index.php/Admin/Login/css/templatemo_style.css
INFO: [ app_init ] --START--
INFO: Run Behavior\BuildLiteBehavior [ RunTime:0.000032s ]
INFO: [ app_init ] --END-- [ RunTime:0.000968s ]
ERR: 非法操作:css

[ 2017-03-23T14:18:09+08:00 ] ::1 /test/Hospitalsrms/index.php/Admin/Login/css/bootstrap-theme.min.css
INFO: [ app_init ] --START--
INFO: Run Behavior\BuildLiteBehavior [ RunTime:0.000017s ]
INFO: [ app_init ] --END-- [ RunTime:0.000549s ]
ERR: 非法操作:css

[ 2017-03-23T14:18:12+08:00 ] ::1 /test/Hospitalsrms/index.php/Admin/Login/index
INFO: [ app_init ] --START--
INFO: Run Behavior\BuildLiteBehavior [ RunTime:0.000015s ]
INFO: [ app_init ] --END-- [ RunTime:0.000551s ]

[ 2017-03-23T14:18:12+08:00 ] ::1 /test/Hospitalsrms/index.php/Admin/Index/index
INFO: [ app_init ] --START--
INFO: Run Behavior\BuildLiteBehavior [ RunTime:0.000098s ]
INFO: [ app_init ] --END-- [ RunTime:0.000823s ]

[ 2017-03-23T14:18:16+08:00 ] ::1 /test/Hospitalsrms/index.php/Admin/Login/index.html
INFO: [ app_init ] --START--
INFO: Run Behavior\BuildLiteBehavior [ RunTime:0.000023s ]
INFO: [ app_init ] --END-- [ RunTime:0.000525s ]

[ 2017-03-23T14:18:16+08:00 ] ::1 /test/Hospitalsrms/index.php/Admin/Login/css/font-awesome.min.css
INFO: [ app_init ] --START--
INFO: Run Behavior\BuildLiteBehavior [ RunTime:0.000024s ]
INFO: [ app_init ] --END-- [ RunTime:0.000634s ]
ERR: 非法操作:css

[ 2017-03-23T14:18:16+08:00 ] ::1 /test/Hospitalsrms/index.php/Admin/Login/css/bootstrap-theme.min.css
INFO: [ app_init ] --START--
INFO: Run Behavior\BuildLiteBehavior [ RunTime:0.000022s ]
INFO: [ app_init ] --END-- [ RunTime:0.000723s ]
ERR: 非法操作:css

[ 2017-03-23T14:18:16+08:00 ] ::1 /test/Hospitalsrms/index.php/Admin/Login/css/templatemo_style.css
INFO: [ app_init ] --START--
INFO: Run Behavior\BuildLiteBehavior [ RunTime:0.000018s ]
INFO: [ app_init ] --END-- [ RunTime:0.000616s ]
ERR: 非法操作:css

[ 2017-03-23T14:18:42+08:00 ] ::1 /test/Hospitalsrms/index.php/Admin/Login/index.html
INFO: [ app_init ] --START--
INFO: Run Behavior\BuildLiteBehavior [ RunTime:0.000016s ]
INFO: [ app_init ] --END-- [ RunTime:0.000618s ]

[ 2017-03-23T14:18:42+08:00 ] ::1 /test/Hospitalsrms/index.php/Admin/Login/css/font-awesome.min.css
INFO: [ app_init ] --START--
INFO: Run Behavior\BuildLiteBehavior [ RunTime:0.000026s ]
INFO: [ app_init ] --END-- [ RunTime:0.000770s ]
ERR: 非法操作:css

[ 2017-03-23T14:18:42+08:00 ] ::1 /test/Hospitalsrms/index.php/Admin/Login/css/templatemo_style.css
INFO: [ app_init ] --START--
INFO: Run Behavior\BuildLiteBehavior [ RunTime:0.000024s ]
INFO: [ app_init ] --END-- [ RunTime:0.000722s ]
ERR: 非法操作:css

[ 2017-03-23T14:18:42+08:00 ] ::1 /test/Hospitalsrms/index.php/Admin/Login/css/bootstrap-theme.min.css
INFO: [ app_init ] --START--
INFO: Run Behavior\BuildLiteBehavior [ RunTime:0.000033s ]
INFO: [ app_init ] --END-- [ RunTime:0.000823s ]
ERR: 非法操作:css

[ 2017-03-23T14:18:48+08:00 ] ::1 /test/Hospitalsrms/index.php/Admin/Login/index
INFO: [ app_init ] --START--
INFO: Run Behavior\BuildLiteBehavior [ RunTime:0.000046s ]
INFO: [ app_init ] --END-- [ RunTime:0.000756s ]

[ 2017-03-23T14:18:48+08:00 ] ::1 /test/Hospitalsrms/index.php/Admin/Index/index
INFO: [ app_init ] --START--
INFO: Run Behavior\BuildLiteBehavior [ RunTime:0.000014s ]
INFO: [ app_init ] --END-- [ RunTime:0.000573s ]

[ 2017-03-23T14:18:52+08:00 ] ::1 /test/Hospitalsrms/index.php/Admin/Kytj/index.html
INFO: [ app_init ] --START--
INFO: Run Behavior\BuildLiteBehavior [ RunTime:0.000017s ]
INFO: [ app_init ] --END-- [ RunTime:0.000626s ]

[ 2017-03-23T14:19:47+08:00 ] ::1 /test/Hospitalsrms/index.php/Admin/Kytj/index.html
INFO: [ app_init ] --START--
INFO: Run Behavior\BuildLiteBehavior [ RunTime:0.000015s ]
INFO: [ app_init ] --END-- [ RunTime:0.000610s ]

[ 2017-03-23T14:20:08+08:00 ] ::1 /test/Hospitalsrms/index.php/Admin/Kytj/index.html
INFO: [ app_init ] --START--
INFO: Run Behavior\BuildLiteBehavior [ RunTime:0.000022s ]
INFO: [ app_init ] --END-- [ RunTime:0.001095s ]

[ 2017-03-23T14:20:50+08:00 ] ::1 /test/Hospitalsrms/index.php/Admin/Kytj/index.html
INFO: [ app_init ] --START--
INFO: Run Behavior\BuildLiteBehavior [ RunTime:0.000023s ]
INFO: [ app_init ] --END-- [ RunTime:0.000666s ]

[ 2017-03-23T14:22:32+08:00 ] ::1 /test/Hospitalsrms/index.php/Admin/Kytj/index.html
INFO: [ app_init ] --START--
INFO: Run Behavior\BuildLiteBehavior [ RunTime:0.000022s ]
INFO: [ app_init ] --END-- [ RunTime:0.000754s ]

[ 2017-03-23T14:22:33+08:00 ] ::1 /test/Hospitalsrms/index.php/Admin/login/logout.html
INFO: [ app_init ] --START--
INFO: Run Behavior\BuildLiteBehavior [ RunTime:0.000018s ]
INFO: [ app_init ] --END-- [ RunTime:0.000642s ]

[ 2017-03-23T14:23:09+08:00 ] ::1 /test/Hospitalsrms/index.php/Admin/Kytj/index.html
INFO: [ app_init ] --START--
INFO: Run Behavior\BuildLiteBehavior [ RunTime:0.000020s ]
INFO: [ app_init ] --END-- [ RunTime:0.000749s ]

[ 2017-03-23T14:23:13+08:00 ] ::1 /test/Hospitalsrms/index.php/Admin/Login/index.html
INFO: [ app_init ] --START--
INFO: Run Behavior\BuildLiteBehavior [ RunTime:0.000019s ]
INFO: [ app_init ] --END-- [ RunTime:0.000719s ]

[ 2017-03-23T14:23:13+08:00 ] ::1 /test/Hospitalsrms/index.php/Admin/Login/css/font-awesome.min.css
INFO: [ app_init ] --START--
INFO: Run Behavior\BuildLiteBehavior [ RunTime:0.000024s ]
INFO: [ app_init ] --END-- [ RunTime:0.000720s ]
ERR: 非法操作:css

[ 2017-03-23T14:23:13+08:00 ] ::1 /test/Hospitalsrms/index.php/Admin/Login/css/bootstrap-theme.min.css
INFO: [ app_init ] --START--
INFO: Run Behavior\BuildLiteBehavior [ RunTime:0.000025s ]
INFO: [ app_init ] --END-- [ RunTime:0.001020s ]
ERR: 非法操作:css

[ 2017-03-23T14:23:13+08:00 ] ::1 /test/Hospitalsrms/index.php/Admin/Login/css/templatemo_style.css
INFO: [ app_init ] --START--
INFO: Run Behavior\BuildLiteBehavior [ RunTime:0.000025s ]
INFO: [ app_init ] --END-- [ RunTime:0.000819s ]
ERR: 非法操作:css

[ 2017-03-23T14:23:17+08:00 ] ::1 /test/Hospitalsrms/index.php/Admin/Login/index
INFO: [ app_init ] --START--
INFO: Run Behavior\BuildLiteBehavior [ RunTime:0.000024s ]
INFO: [ app_init ] --END-- [ RunTime:0.000749s ]

[ 2017-03-23T14:23:17+08:00 ] ::1 /test/Hospitalsrms/index.php/Admin/Index/index
INFO: [ app_init ] --START--
INFO: Run Behavior\BuildLiteBehavior [ RunTime:0.000024s ]
INFO: [ app_init ] --END-- [ RunTime:0.001141s ]

[ 2017-03-23T14:23:20+08:00 ] ::1 /test/Hospitalsrms/index.php/Admin/login/logout.html
INFO: [ app_init ] --START--
INFO: Run Behavior\BuildLiteBehavior [ RunTime:0.000016s ]
INFO: [ app_init ] --END-- [ RunTime:0.000546s ]

[ 2017-03-23T14:23:21+08:00 ] ::1 /test/Hospitalsrms/index.php/Admin/Login/index
INFO: [ app_init ] --START--
INFO: Run Behavior\BuildLiteBehavior [ RunTime:0.000053s ]
INFO: [ app_init ] --END-- [ RunTime:0.001307s ]

[ 2017-03-23T14:23:21+08:00 ] ::1 /test/Hospitalsrms/index.php/Admin/Login/css/font-awesome.min.css
INFO: [ app_init ] --START--
INFO: Run Behavior\BuildLiteBehavior [ RunTime:0.000024s ]
INFO: [ app_init ] --END-- [ RunTime:0.000701s ]
ERR: 非法操作:css

[ 2017-03-23T14:23:21+08:00 ] ::1 /test/Hospitalsrms/index.php/Admin/Login/css/bootstrap-theme.min.css
INFO: [ app_init ] --START--
INFO: Run Behavior\BuildLiteBehavior [ RunTime:0.000023s ]
INFO: [ app_init ] --END-- [ RunTime:0.000699s ]
ERR: 非法操作:css

[ 2017-03-23T14:23:21+08:00 ] ::1 /test/Hospitalsrms/index.php/Admin/Login/css/templatemo_style.css
INFO: [ app_init ] --START--
INFO: Run Behavior\BuildLiteBehavior [ RunTime:0.000021s ]
INFO: [ app_init ] --END-- [ RunTime:0.000554s ]
ERR: 非法操作:css

[ 2017-03-23T14:23:27+08:00 ] ::1 /test/Hospitalsrms/index.php/Admin/Login/index
INFO: [ app_init ] --START--
INFO: Run Behavior\BuildLiteBehavior [ RunTime:0.000030s ]
INFO: [ app_init ] --END-- [ RunTime:0.001630s ]

[ 2017-03-23T14:23:27+08:00 ] ::1 /test/Hospitalsrms/index.php/Admin/Index/index
INFO: [ app_init ] --START--
INFO: Run Behavior\BuildLiteBehavior [ RunTime:0.000044s ]
INFO: [ app_init ] --END-- [ RunTime:0.000642s ]

[ 2017-03-23T14:25:18+08:00 ] ::1 /test/Hospitalsrms/index.php/Admin/Index/index
INFO: [ app_init ] --START--
INFO: Run Behavior\BuildLiteBehavior [ RunTime:0.000020s ]
INFO: [ app_init ] --END-- [ RunTime:0.000654s ]

[ 2017-03-23T14:25:50+08:00 ] ::1 /test/Hospitalsrms/index.php/Admin/Index/index
INFO: [ app_init ] --START--
INFO: Run Behavior\BuildLiteBehavior [ RunTime:0.000019s ]
INFO: [ app_init ] --END-- [ RunTime:0.000608s ]

[ 2017-03-23T14:26:04+08:00 ] ::1 /test/Hospitalsrms/index.php/Admin/Index/index
INFO: [ app_init ] --START--
INFO: Run Behavior\BuildLiteBehavior [ RunTime:0.000154s ]
INFO: [ app_init ] --END-- [ RunTime:0.001261s ]

[ 2017-03-23T14:26:33+08:00 ] ::1 /test/Hospitalsrms/index.php/Admin/Kytj/index.html
INFO: [ app_init ] --START--
INFO: Run Behavior\BuildLiteBehavior [ RunTime:0.000017s ]
INFO: [ app_init ] --END-- [ RunTime:0.000563s ]

[ 2017-03-23T14:27:13+08:00 ] ::1 /test/Hospitalsrms/index.php/Admin/Xmsb/index.html
INFO: [ app_init ] --START--
INFO: Run Behavior\BuildLiteBehavior [ RunTime:0.000014s ]
INFO: [ app_init ] --END-- [ RunTime:0.000567s ]

[ 2017-03-23T14:27:17+08:00 ] ::1 /test/Hospitalsrms/index.php/Admin/Kyjf/index.html
INFO: [ app_init ] --START--
INFO: Run Behavior\BuildLiteBehavior [ RunTime:0.000015s ]
INFO: [ app_init ] --END-- [ RunTime:0.000528s ]

[ 2017-03-23T14:27:21+08:00 ] ::1 /test/Hospitalsrms/index.php/Admin/Xshd/index.html
INFO: [ app_init ] --START--
INFO: Run Behavior\BuildLiteBehavior [ RunTime:0.000018s ]
INFO: [ app_init ] --END-- [ RunTime:0.000749s ]

[ 2017-03-23T14:27:39+08:00 ] ::1 /test/Hospitalsrms/index.php/Admin/Xshd/index.html
INFO: [ app_init ] --START--
INFO: Run Behavior\BuildLiteBehavior [ RunTime:0.000014s ]
INFO: [ app_init ] --END-- [ RunTime:0.000575s ]

[ 2017-03-23T14:27:45+08:00 ] ::1 /test/Hospitalsrms/index.php/Admin/Xtgl/user.html
INFO: [ app_init ] --START--
INFO: Run Behavior\BuildLiteBehavior [ RunTime:0.000035s ]
INFO: [ app_init ] --END-- [ RunTime:0.001058s ]

